[4.541s] Invoking command in '/home/jack/ros2_ws/src/py_srvcli': DEBUGINFOD_URLS=https://debuginfod.ubuntu.com PYTHONPATH=/home/jack/ros2_ws/build/py_srvcli/prefix_override:/usr/lib/python3/dist-packages/colcon_core/task/python/colcon_distutils_commands:/home/jack/ros2_ws/install/py_srvcli/lib/python3.12/site-packages:${PYTHONPATH} /usr/bin/python3 -W ignore:setup.py install is deprecated -W ignore:easy_install command is deprecated setup.py egg_info --egg-base ../../build/py_srvcli build --build-base /home/jack/ros2_ws/build/py_srvcli/build install --record /home/jack/ros2_ws/build/py_srvcli/install.log --single-version-externally-managed install_data
[5.372s] running egg_info
[5.422s] writing ../../build/py_srvcli/py_srvcli.egg-info/PKG-INFO
[5.423s] writing dependency_links to ../../build/py_srvcli/py_srvcli.egg-info/dependency_links.txt
[5.423s] writing entry points to ../../build/py_srvcli/py_srvcli.egg-info/entry_points.txt
[5.424s] writing requirements to ../../build/py_srvcli/py_srvcli.egg-info/requires.txt
[5.424s] writing top-level names to ../../build/py_srvcli/py_srvcli.egg-info/top_level.txt
[5.532s] reading manifest file '../../build/py_srvcli/py_srvcli.egg-info/SOURCES.txt'
[5.536s] adding license file 'LICENSE'
[5.537s] writing manifest file '../../build/py_srvcli/py_srvcli.egg-info/SOURCES.txt'
[5.537s] running build
[5.538s] running build_py
[5.539s] running install
[5.560s] running install_lib
[5.652s] running install_data
[5.652s] running install_egg_info
[5.745s] removing '/home/jack/ros2_ws/install/py_srvcli/lib/python3.12/site-packages/py_srvcli-0.0.0-py3.12.egg-info' (and everything under it)
[5.746s] Copying ../../build/py_srvcli/py_srvcli.egg-info to /home/jack/ros2_ws/install/py_srvcli/lib/python3.12/site-packages/py_srvcli-0.0.0-py3.12.egg-info
[5.752s] running install_scripts
[6.299s] Installing client script to /home/jack/ros2_ws/install/py_srvcli/lib/py_srvcli
[6.302s] Installing service script to /home/jack/ros2_ws/install/py_srvcli/lib/py_srvcli
[6.303s] writing list of installed files to '/home/jack/ros2_ws/build/py_srvcli/install.log'
[6.482s] Invoked command in '/home/jack/ros2_ws/src/py_srvcli' returned '0': DEBUGINFOD_URLS=https://debuginfod.ubuntu.com PYTHONPATH=/home/jack/ros2_ws/build/py_srvcli/prefix_override:/usr/lib/python3/dist-packages/colcon_core/task/python/colcon_distutils_commands:/home/jack/ros2_ws/install/py_srvcli/lib/python3.12/site-packages:${PYTHONPATH} /usr/bin/python3 -W ignore:setup.py install is deprecated -W ignore:easy_install command is deprecated setup.py egg_info --egg-base ../../build/py_srvcli build --build-base /home/jack/ros2_ws/build/py_srvcli/build install --record /home/jack/ros2_ws/build/py_srvcli/install.log --single-version-externally-managed install_data
