running egg_info
writing ../../../build/crazy_turtle/crazy_turtle.egg-info/PKG-INFO
writing dependency_links to ../../../build/crazy_turtle/crazy_turtle.egg-info/dependency_links.txt
writing entry points to ../../../build/crazy_turtle/crazy_turtle.egg-info/entry_points.txt
writing requirements to ../../../build/crazy_turtle/crazy_turtle.egg-info/requires.txt
writing top-level names to ../../../build/crazy_turtle/crazy_turtle.egg-info/top_level.txt
reading manifest file '../../../build/crazy_turtle/crazy_turtle.egg-info/SOURCES.txt'
adding license file 'LICENSE'
writing manifest file '../../../build/crazy_turtle/crazy_turtle.egg-info/SOURCES.txt'
running build
running build_py
running install
running install_lib
running install_data
running install_egg_info
removing '/home/jack/ros2_ws/install/crazy_turtle/lib/python3.12/site-packages/crazy_turtle-0.0.0-py3.12.egg-info' (and everything under it)
Copying ../../../build/crazy_turtle/crazy_turtle.egg-info to /home/jack/ros2_ws/install/crazy_turtle/lib/python3.12/site-packages/crazy_turtle-0.0.0-py3.12.egg-info
running install_scripts
Installing mover script to /home/jack/ros2_ws/install/crazy_turtle/lib/crazy_turtle
writing list of installed files to '/home/jack/ros2_ws/build/crazy_turtle/install.log'
