[0.058s] Invoking command in '/home/jack/ros2_ws/build/my_robot_bringup': CMAKE_PREFIX_PATH=${CMAKE_PREFIX_PATH}:/home/jack/ros2_ws/install/my_robot_controller:/opt/ros/jazzy DEBUGINFOD_URLS=https://debuginfod.ubuntu.com /usr/bin/cmake /home/jack/ros2_ws/src/my_robot_bringup -DCMAKE_INSTALL_PREFIX=/home/jack/ros2_ws/install/my_robot_bringup
[0.592s] -- The C compiler identification is GNU 13.3.0
[0.593s] -- The CXX compiler identification is GNU 13.3.0
[0.593s] -- Detecting C compiler ABI info
[0.593s] -- Detecting C compiler ABI info - done
[0.593s] -- Check for working C compiler: /usr/bin/cc - skipped
[0.593s] -- Detecting C compile features
[0.594s] -- Detecting C compile features - done
[0.594s] -- Detecting CXX compiler ABI info
[0.701s] -- Detecting CXX compiler ABI info - done
[0.724s] -- Check for working CXX compiler: /usr/bin/c++ - skipped
[0.724s] -- Detecting CXX compile features
[0.725s] -- Detecting CXX compile features - done
[0.731s] -- Found ament_cmake: 2.5.3 (/opt/ros/jazzy/share/ament_cmake/cmake)
[1.020s] -- Found Python3: /usr/bin/python3 (found version "3.12.3") found components: Interpreter 
[1.417s] -- Configuring done (1.3s)
[1.425s] -- Generating done (0.0s)
[1.426s] -- Build files have been written to: /home/jack/ros2_ws/build/my_robot_bringup
[1.448s] Invoked command in '/home/jack/ros2_ws/build/my_robot_bringup' returned '0': CMAKE_PREFIX_PATH=${CMAKE_PREFIX_PATH}:/home/jack/ros2_ws/install/my_robot_controller:/opt/ros/jazzy DEBUGINFOD_URLS=https://debuginfod.ubuntu.com /usr/bin/cmake /home/jack/ros2_ws/src/my_robot_bringup -DCMAKE_INSTALL_PREFIX=/home/jack/ros2_ws/install/my_robot_bringup
[1.449s] Invoking command in '/home/jack/ros2_ws/build/my_robot_bringup': CMAKE_PREFIX_PATH=${CMAKE_PREFIX_PATH}:/home/jack/ros2_ws/install/my_robot_controller:/opt/ros/jazzy DEBUGINFOD_URLS=https://debuginfod.ubuntu.com /usr/bin/cmake --build /home/jack/ros2_ws/build/my_robot_bringup -- -j8 -l8
[1.550s] Invoked command in '/home/jack/ros2_ws/build/my_robot_bringup' returned '0': CMAKE_PREFIX_PATH=${CMAKE_PREFIX_PATH}:/home/jack/ros2_ws/install/my_robot_controller:/opt/ros/jazzy DEBUGINFOD_URLS=https://debuginfod.ubuntu.com /usr/bin/cmake --build /home/jack/ros2_ws/build/my_robot_bringup -- -j8 -l8
[1.573s] Invoking command in '/home/jack/ros2_ws/build/my_robot_bringup': CMAKE_PREFIX_PATH=${CMAKE_PREFIX_PATH}:/home/jack/ros2_ws/install/my_robot_controller:/opt/ros/jazzy DEBUGINFOD_URLS=https://debuginfod.ubuntu.com /usr/bin/cmake --install /home/jack/ros2_ws/build/my_robot_bringup
[1.584s] -- Install configuration: ""
[1.585s] -- Installing: /home/jack/ros2_ws/install/my_robot_bringup/share/my_robot_bringup/launch/launch
[1.585s] -- Installing: /home/jack/ros2_ws/install/my_robot_bringup/share/my_robot_bringup/launch/launch/demo.launch.py
[1.585s] -- Installing: /home/jack/ros2_ws/install/my_robot_bringup/share/ament_index/resource_index/package_run_dependencies/my_robot_bringup
[1.585s] -- Installing: /home/jack/ros2_ws/install/my_robot_bringup/share/ament_index/resource_index/parent_prefix_path/my_robot_bringup
[1.586s] -- Installing: /home/jack/ros2_ws/install/my_robot_bringup/share/my_robot_bringup/environment/ament_prefix_path.sh
[1.586s] -- Installing: /home/jack/ros2_ws/install/my_robot_bringup/share/my_robot_bringup/environment/ament_prefix_path.dsv
[1.586s] -- Installing: /home/jack/ros2_ws/install/my_robot_bringup/share/my_robot_bringup/environment/path.sh
[1.587s] -- Installing: /home/jack/ros2_ws/install/my_robot_bringup/share/my_robot_bringup/environment/path.dsv
[1.587s] -- Installing: /home/jack/ros2_ws/install/my_robot_bringup/share/my_robot_bringup/local_setup.bash
[1.587s] -- Installing: /home/jack/ros2_ws/install/my_robot_bringup/share/my_robot_bringup/local_setup.sh
[1.587s] -- Installing: /home/jack/ros2_ws/install/my_robot_bringup/share/my_robot_bringup/local_setup.zsh
[1.588s] -- Installing: /home/jack/ros2_ws/install/my_robot_bringup/share/my_robot_bringup/local_setup.dsv
[1.588s] -- Installing: /home/jack/ros2_ws/install/my_robot_bringup/share/my_robot_bringup/package.dsv
[1.588s] -- Installing: /home/jack/ros2_ws/install/my_robot_bringup/share/ament_index/resource_index/packages/my_robot_bringup
[1.588s] -- Installing: /home/jack/ros2_ws/install/my_robot_bringup/share/my_robot_bringup/cmake/my_robot_bringupConfig.cmake
[1.589s] -- Installing: /home/jack/ros2_ws/install/my_robot_bringup/share/my_robot_bringup/cmake/my_robot_bringupConfig-version.cmake
[1.589s] -- Installing: /home/jack/ros2_ws/install/my_robot_bringup/share/my_robot_bringup/package.xml
[1.591s] Invoked command in '/home/jack/ros2_ws/build/my_robot_bringup' returned '0': CMAKE_PREFIX_PATH=${CMAKE_PREFIX_PATH}:/home/jack/ros2_ws/install/my_robot_controller:/opt/ros/jazzy DEBUGINFOD_URLS=https://debuginfod.ubuntu.com /usr/bin/cmake --install /home/jack/ros2_ws/build/my_robot_bringup
