[2.667s] Invoking command in '/home/jack/ros2_ws/src/turtle_move': DEBUGINFOD_URLS=https://debuginfod.ubuntu.com PYTHONPATH=/home/jack/ros2_ws/build/turtle_move/prefix_override:/usr/lib/python3/dist-packages/colcon_core/task/python/colcon_distutils_commands:/home/jack/ros2_ws/install/turtle_move/lib/python3.12/site-packages:${PYTHONPATH} /usr/bin/python3 -W ignore:setup.py install is deprecated -W ignore:easy_install command is deprecated setup.py egg_info --egg-base ../../build/turtle_move build --build-base /home/jack/ros2_ws/build/turtle_move/build install --record /home/jack/ros2_ws/build/turtle_move/install.log --single-version-externally-managed install_data
[3.255s] running egg_info
[3.256s] creating ../../build/turtle_move/turtle_move.egg-info
[3.305s] writing ../../build/turtle_move/turtle_move.egg-info/PKG-INFO
[3.305s] writing dependency_links to ../../build/turtle_move/turtle_move.egg-info/dependency_links.txt
[3.306s] writing entry points to ../../build/turtle_move/turtle_move.egg-info/entry_points.txt
[3.306s] writing requirements to ../../build/turtle_move/turtle_move.egg-info/requires.txt
[3.307s] writing top-level names to ../../build/turtle_move/turtle_move.egg-info/top_level.txt
[3.307s] writing manifest file '../../build/turtle_move/turtle_move.egg-info/SOURCES.txt'
[3.405s] reading manifest file '../../build/turtle_move/turtle_move.egg-info/SOURCES.txt'
[3.406s] writing manifest file '../../build/turtle_move/turtle_move.egg-info/SOURCES.txt'
[3.406s] running build
[3.407s] running build_py
[3.407s] creating /home/jack/ros2_ws/build/turtle_move/build
[3.407s] creating /home/jack/ros2_ws/build/turtle_move/build/lib
[3.407s] creating /home/jack/ros2_ws/build/turtle_move/build/lib/turtle_move
[3.408s] copying turtle_move/turtle_node.py -> /home/jack/ros2_ws/build/turtle_move/build/lib/turtle_move
[3.408s] copying turtle_move/__init__.py -> /home/jack/ros2_ws/build/turtle_move/build/lib/turtle_move
[3.408s] running install
[3.420s] running install_lib
[3.471s] creating /home/jack/ros2_ws/install/turtle_move/lib/python3.12/site-packages/turtle_move
[3.471s] copying /home/jack/ros2_ws/build/turtle_move/build/lib/turtle_move/turtle_node.py -> /home/jack/ros2_ws/install/turtle_move/lib/python3.12/site-packages/turtle_move
[3.471s] copying /home/jack/ros2_ws/build/turtle_move/build/lib/turtle_move/__init__.py -> /home/jack/ros2_ws/install/turtle_move/lib/python3.12/site-packages/turtle_move
[3.472s] byte-compiling /home/jack/ros2_ws/install/turtle_move/lib/python3.12/site-packages/turtle_move/turtle_node.py to turtle_node.cpython-312.pyc
[3.473s] byte-compiling /home/jack/ros2_ws/install/turtle_move/lib/python3.12/site-packages/turtle_move/__init__.py to __init__.cpython-312.pyc
[3.474s] running install_data
[3.474s] creating /home/jack/ros2_ws/install/turtle_move/share
[3.474s] creating /home/jack/ros2_ws/install/turtle_move/share/ament_index
[3.474s] creating /home/jack/ros2_ws/install/turtle_move/share/ament_index/resource_index
[3.475s] creating /home/jack/ros2_ws/install/turtle_move/share/ament_index/resource_index/packages
[3.475s] copying resource/turtle_move -> /home/jack/ros2_ws/install/turtle_move/share/ament_index/resource_index/packages
[3.475s] creating /home/jack/ros2_ws/install/turtle_move/share/turtle_move
[3.475s] copying package.xml -> /home/jack/ros2_ws/install/turtle_move/share/turtle_move
[3.476s] running install_egg_info
[3.528s] Copying ../../build/turtle_move/turtle_move.egg-info to /home/jack/ros2_ws/install/turtle_move/lib/python3.12/site-packages/turtle_move-0.0.0-py3.12.egg-info
[3.529s] running install_scripts
[3.839s] Installing turtle_node script to /home/jack/ros2_ws/install/turtle_move/lib/turtle_move
[3.840s] writing list of installed files to '/home/jack/ros2_ws/build/turtle_move/install.log'
[3.892s] Invoked command in '/home/jack/ros2_ws/src/turtle_move' returned '0': DEBUGINFOD_URLS=https://debuginfod.ubuntu.com PYTHONPATH=/home/jack/ros2_ws/build/turtle_move/prefix_override:/usr/lib/python3/dist-packages/colcon_core/task/python/colcon_distutils_commands:/home/jack/ros2_ws/install/turtle_move/lib/python3.12/site-packages:${PYTHONPATH} /usr/bin/python3 -W ignore:setup.py install is deprecated -W ignore:easy_install command is deprecated setup.py egg_info --egg-base ../../build/turtle_move build --build-base /home/jack/ros2_ws/build/turtle_move/build install --record /home/jack/ros2_ws/build/turtle_move/install.log --single-version-externally-managed install_data
