[1.743s] Invoking command in '/home/jack/ros2_ws/src/homework1/turtle_control': DEBUGINFOD_URLS=https://debuginfod.ubuntu.com PYTHONPATH=/home/jack/ros2_ws/build/turtle_control/prefix_override:/usr/lib/python3/dist-packages/colcon_core/task/python/colcon_distutils_commands:/home/jack/ros2_ws/install/turtle_control/lib/python3.12/site-packages:/home/jack/ros2_ws/install/turtle_interfaces/lib/python3.12/site-packages:/home/jack/ros2_ws/install/turtle_control/lib/python3.12/site-packages:/home/jack/ros2_ws/install/turtle_controller/lib/python3.12/site-packages:/home/jack/ros2_ws/install/py_srvcli/lib/python3.12/site-packages:/home/jack/ros2_ws/install/pubsub/lib/python3.12/site-packages:/home/jack/ros2_ws/install/my_py_pkg/lib/python3.12/site-packages:/home/jack/ros2_ws/install/my_robot_interfaces/lib/python3.12/site-packages:/home/jack/ros2_ws/install/my_robot_controller/lib/python3.12/site-packages:/home/jack/ros2_ws/install/my_python_pkg1/lib/python3.12/site-packages:/home/jack/ros2_ws/install/my_python_pkg/lib/python3.12/site-packages:/home/jack/ros2_ws/install/crazy_turtle/lib/python3.12/site-packages:/home/jack/ros2_ws/install/crazy_turtle_interfaces/lib/python3.12/site-packages:/opt/ros/jazzy/lib/python3.12/site-packages /usr/bin/python3 -W ignore:setup.py install is deprecated -W ignore:easy_install command is deprecated setup.py egg_info --egg-base ../../../build/turtle_control build --build-base /home/jack/ros2_ws/build/turtle_control/build install --record /home/jack/ros2_ws/build/turtle_control/install.log --single-version-externally-managed install_data
[2.335s] running egg_info
[2.381s] writing ../../../build/turtle_control/turtle_control.egg-info/PKG-INFO
[2.382s] writing dependency_links to ../../../build/turtle_control/turtle_control.egg-info/dependency_links.txt
[2.382s] writing entry points to ../../../build/turtle_control/turtle_control.egg-info/entry_points.txt
[2.383s] writing requirements to ../../../build/turtle_control/turtle_control.egg-info/requires.txt
[2.383s] writing top-level names to ../../../build/turtle_control/turtle_control.egg-info/top_level.txt
[2.475s] reading manifest file '../../../build/turtle_control/turtle_control.egg-info/SOURCES.txt'
[2.476s] writing manifest file '../../../build/turtle_control/turtle_control.egg-info/SOURCES.txt'
[2.476s] running build
[2.477s] running build_py
[2.477s] running install
[2.489s] running install_lib
[2.538s] running install_data
[2.539s] copying config/colors.yaml -> /home/jack/ros2_ws/install/turtle_control/share/turtle_control/config
[2.539s] running install_egg_info
[2.591s] removing '/home/jack/ros2_ws/install/turtle_control/lib/python3.12/site-packages/turtle_control-0.0.0-py3.12.egg-info' (and everything under it)
[2.591s] Copying ../../../build/turtle_control/turtle_control.egg-info to /home/jack/ros2_ws/install/turtle_control/lib/python3.12/site-packages/turtle_control-0.0.0-py3.12.egg-info
[2.593s] running install_scripts
[2.897s] Installing waypoint script to /home/jack/ros2_ws/install/turtle_control/lib/turtle_control
[2.897s] writing list of installed files to '/home/jack/ros2_ws/build/turtle_control/install.log'
[2.948s] Invoked command in '/home/jack/ros2_ws/src/homework1/turtle_control' returned '0': DEBUGINFOD_URLS=https://debuginfod.ubuntu.com PYTHONPATH=/home/jack/ros2_ws/build/turtle_control/prefix_override:/usr/lib/python3/dist-packages/colcon_core/task/python/colcon_distutils_commands:/home/jack/ros2_ws/install/turtle_control/lib/python3.12/site-packages:/home/jack/ros2_ws/install/turtle_interfaces/lib/python3.12/site-packages:/home/jack/ros2_ws/install/turtle_control/lib/python3.12/site-packages:/home/jack/ros2_ws/install/turtle_controller/lib/python3.12/site-packages:/home/jack/ros2_ws/install/py_srvcli/lib/python3.12/site-packages:/home/jack/ros2_ws/install/pubsub/lib/python3.12/site-packages:/home/jack/ros2_ws/install/my_py_pkg/lib/python3.12/site-packages:/home/jack/ros2_ws/install/my_robot_interfaces/lib/python3.12/site-packages:/home/jack/ros2_ws/install/my_robot_controller/lib/python3.12/site-packages:/home/jack/ros2_ws/install/my_python_pkg1/lib/python3.12/site-packages:/home/jack/ros2_ws/install/my_python_pkg/lib/python3.12/site-packages:/home/jack/ros2_ws/install/crazy_turtle/lib/python3.12/site-packages:/home/jack/ros2_ws/install/crazy_turtle_interfaces/lib/python3.12/site-packages:/opt/ros/jazzy/lib/python3.12/site-packages /usr/bin/python3 -W ignore:setup.py install is deprecated -W ignore:easy_install command is deprecated setup.py egg_info --egg-base ../../../build/turtle_control build --build-base /home/jack/ros2_ws/build/turtle_control/build install --record /home/jack/ros2_ws/build/turtle_control/install.log --single-version-externally-managed install_data
