[2.310s] Invoking command in '/home/jack/ros2_ws/build/my_robot_controller': DEBUGINFOD_URLS=https://debuginfod.ubuntu.com PYTHONPATH=/home/jack/ros2_ws/build/my_robot_controller/prefix_override:/usr/lib/python3/dist-packages/colcon_core/task/python/colcon_distutils_commands:/home/jack/ros2_ws/install/my_robot_controller/lib/python3.12/site-packages:${PYTHONPATH} /usr/bin/python3 -W ignore:setup.py install is deprecated -W ignore:easy_install command is deprecated setup.py develop --uninstall --editable --build-directory /home/jack/ros2_ws/build/my_robot_controller/build
[2.988s] running develop
[3.477s] Removing /home/jack/ros2_ws/install/my_robot_controller/lib/python3.12/site-packages/my-robot-controller.egg-link (link to .)
[3.543s] Invoked command in '/home/jack/ros2_ws/build/my_robot_controller' returned '0': DEBUGINFOD_URLS=https://debuginfod.ubuntu.com PYTHONPATH=/home/jack/ros2_ws/build/my_robot_controller/prefix_override:/usr/lib/python3/dist-packages/colcon_core/task/python/colcon_distutils_commands:/home/jack/ros2_ws/install/my_robot_controller/lib/python3.12/site-packages:${PYTHONPATH} /usr/bin/python3 -W ignore:setup.py install is deprecated -W ignore:easy_install command is deprecated setup.py develop --uninstall --editable --build-directory /home/jack/ros2_ws/build/my_robot_controller/build
[3.545s] Invoking command in '/home/jack/ros2_ws/src/my_robot_controller': DEBUGINFOD_URLS=https://debuginfod.ubuntu.com PYTHONPATH=/home/jack/ros2_ws/build/my_robot_controller/prefix_override:/usr/lib/python3/dist-packages/colcon_core/task/python/colcon_distutils_commands:/home/jack/ros2_ws/install/my_robot_controller/lib/python3.12/site-packages:${PYTHONPATH} /usr/bin/python3 -W ignore:setup.py install is deprecated -W ignore:easy_install command is deprecated setup.py egg_info --egg-base ../../build/my_robot_controller build --build-base /home/jack/ros2_ws/build/my_robot_controller/build install --record /home/jack/ros2_ws/build/my_robot_controller/install.log --single-version-externally-managed install_data --force
[4.147s] running egg_info
[4.194s] writing ../../build/my_robot_controller/my_robot_controller.egg-info/PKG-INFO
[4.195s] writing dependency_links to ../../build/my_robot_controller/my_robot_controller.egg-info/dependency_links.txt
[4.195s] writing entry points to ../../build/my_robot_controller/my_robot_controller.egg-info/entry_points.txt
[4.196s] writing requirements to ../../build/my_robot_controller/my_robot_controller.egg-info/requires.txt
[4.196s] writing top-level names to ../../build/my_robot_controller/my_robot_controller.egg-info/top_level.txt
[4.294s] reading manifest file '../../build/my_robot_controller/my_robot_controller.egg-info/SOURCES.txt'
[4.295s] writing manifest file '../../build/my_robot_controller/my_robot_controller.egg-info/SOURCES.txt'
[4.295s] running build
[4.296s] running build_py
[4.296s] running install
[4.309s] running install_lib
[4.359s] creating /home/jack/ros2_ws/install/my_robot_controller/lib/python3.12/site-packages/my_robot_controller
[4.359s] copying /home/jack/ros2_ws/build/my_robot_controller/build/lib/my_robot_controller/draw_circle.py -> /home/jack/ros2_ws/install/my_robot_controller/lib/python3.12/site-packages/my_robot_controller
[4.368s] copying /home/jack/ros2_ws/build/my_robot_controller/build/lib/my_robot_controller/__init__.py -> /home/jack/ros2_ws/install/my_robot_controller/lib/python3.12/site-packages/my_robot_controller
[4.368s] copying /home/jack/ros2_ws/build/my_robot_controller/build/lib/my_robot_controller/turtle_controller.py -> /home/jack/ros2_ws/install/my_robot_controller/lib/python3.12/site-packages/my_robot_controller
[4.368s] copying /home/jack/ros2_ws/build/my_robot_controller/build/lib/my_robot_controller/pose_subscriber.py -> /home/jack/ros2_ws/install/my_robot_controller/lib/python3.12/site-packages/my_robot_controller
[4.369s] copying /home/jack/ros2_ws/build/my_robot_controller/build/lib/my_robot_controller/my_first_node.py -> /home/jack/ros2_ws/install/my_robot_controller/lib/python3.12/site-packages/my_robot_controller
[4.370s] byte-compiling /home/jack/ros2_ws/install/my_robot_controller/lib/python3.12/site-packages/my_robot_controller/draw_circle.py to draw_circle.cpython-312.pyc
[4.371s] byte-compiling /home/jack/ros2_ws/install/my_robot_controller/lib/python3.12/site-packages/my_robot_controller/__init__.py to __init__.cpython-312.pyc
[4.371s] byte-compiling /home/jack/ros2_ws/install/my_robot_controller/lib/python3.12/site-packages/my_robot_controller/turtle_controller.py to turtle_controller.cpython-312.pyc
[4.373s] byte-compiling /home/jack/ros2_ws/install/my_robot_controller/lib/python3.12/site-packages/my_robot_controller/pose_subscriber.py to pose_subscriber.cpython-312.pyc
[4.374s] byte-compiling /home/jack/ros2_ws/install/my_robot_controller/lib/python3.12/site-packages/my_robot_controller/my_first_node.py to my_first_node.cpython-312.pyc
[4.375s] running install_data
[4.375s] copying resource/my_robot_controller -> /home/jack/ros2_ws/install/my_robot_controller/share/ament_index/resource_index/packages
[4.375s] copying package.xml -> /home/jack/ros2_ws/install/my_robot_controller/share/my_robot_controller
[4.376s] running install_egg_info
[4.428s] Copying ../../build/my_robot_controller/my_robot_controller.egg-info to /home/jack/ros2_ws/install/my_robot_controller/lib/python3.12/site-packages/my_robot_controller-0.0.0-py3.12.egg-info
[4.430s] running install_scripts
[4.753s] Installing draw_circle script to /home/jack/ros2_ws/install/my_robot_controller/lib/my_robot_controller
[4.754s] Installing pose_subscriber script to /home/jack/ros2_ws/install/my_robot_controller/lib/my_robot_controller
[4.754s] Installing test_node script to /home/jack/ros2_ws/install/my_robot_controller/lib/my_robot_controller
[4.754s] Installing turtle_controller script to /home/jack/ros2_ws/install/my_robot_controller/lib/my_robot_controller
[4.755s] writing list of installed files to '/home/jack/ros2_ws/build/my_robot_controller/install.log'
[4.807s] Invoked command in '/home/jack/ros2_ws/src/my_robot_controller' returned '0': DEBUGINFOD_URLS=https://debuginfod.ubuntu.com PYTHONPATH=/home/jack/ros2_ws/build/my_robot_controller/prefix_override:/usr/lib/python3/dist-packages/colcon_core/task/python/colcon_distutils_commands:/home/jack/ros2_ws/install/my_robot_controller/lib/python3.12/site-packages:${PYTHONPATH} /usr/bin/python3 -W ignore:setup.py install is deprecated -W ignore:easy_install command is deprecated setup.py egg_info --egg-base ../../build/my_robot_controller build --build-base /home/jack/ros2_ws/build/my_robot_controller/build install --record /home/jack/ros2_ws/build/my_robot_controller/install.log --single-version-externally-managed install_data --force
