[2.512s] Invoking command in '/home/jack/ros2_ws/src/pubsub': DEBUGINFOD_URLS=https://debuginfod.ubuntu.com PYTHONPATH=/home/jack/ros2_ws/build/pubsub/prefix_override:/usr/lib/python3/dist-packages/colcon_core/task/python/colcon_distutils_commands:/home/jack/ros2_ws/install/pubsub/lib/python3.12/site-packages:${PYTHONPATH} /usr/bin/python3 -W ignore:setup.py install is deprecated -W ignore:easy_install command is deprecated setup.py egg_info --egg-base ../../build/pubsub build --build-base /home/jack/ros2_ws/build/pubsub/build install --record /home/jack/ros2_ws/build/pubsub/install.log --single-version-externally-managed install_data
[2.935s] running egg_info
[2.970s] writing ../../build/pubsub/pubsub.egg-info/PKG-INFO
[2.970s] writing dependency_links to ../../build/pubsub/pubsub.egg-info/dependency_links.txt
[2.971s] writing entry points to ../../build/pubsub/pubsub.egg-info/entry_points.txt
[2.971s] writing requirements to ../../build/pubsub/pubsub.egg-info/requires.txt
[2.971s] writing top-level names to ../../build/pubsub/pubsub.egg-info/top_level.txt
[3.042s] reading manifest file '../../build/pubsub/pubsub.egg-info/SOURCES.txt'
[3.043s] writing manifest file '../../build/pubsub/pubsub.egg-info/SOURCES.txt'
[3.043s] running build
[3.043s] running build_py
[3.043s] running install
[3.052s] running install_lib
[3.088s] running install_data
[3.088s] running install_egg_info
[3.112s] removing '/home/jack/ros2_ws/install/pubsub/lib/python3.12/site-packages/pubsub-0.0.0-py3.12.egg-info' (and everything under it)
[3.112s] Copying ../../build/pubsub/pubsub.egg-info to /home/jack/ros2_ws/install/pubsub/lib/python3.12/site-packages/pubsub-0.0.0-py3.12.egg-info
[3.113s] running install_scripts
[3.236s] Installing Pubsub_node script to /home/jack/ros2_ws/install/pubsub/lib/pubsub
[3.236s] writing list of installed files to '/home/jack/ros2_ws/build/pubsub/install.log'
[3.265s] Invoked command in '/home/jack/ros2_ws/src/pubsub' returned '0': DEBUGINFOD_URLS=https://debuginfod.ubuntu.com PYTHONPATH=/home/jack/ros2_ws/build/pubsub/prefix_override:/usr/lib/python3/dist-packages/colcon_core/task/python/colcon_distutils_commands:/home/jack/ros2_ws/install/pubsub/lib/python3.12/site-packages:${PYTHONPATH} /usr/bin/python3 -W ignore:setup.py install is deprecated -W ignore:easy_install command is deprecated setup.py egg_info --egg-base ../../build/pubsub build --build-base /home/jack/ros2_ws/build/pubsub/build install --record /home/jack/ros2_ws/build/pubsub/install.log --single-version-externally-managed install_data
