[2.206s] Invoking command in '/home/jack/ros2_ws/build/turtle_move': DEBUGINFOD_URLS=https://debuginfod.ubuntu.com PYTHONPATH=/home/jack/ros2_ws/build/turtle_move/prefix_override:/usr/lib/python3/dist-packages/colcon_core/task/python/colcon_distutils_commands:/home/jack/ros2_ws/install/turtle_move/lib/python3.12/site-packages:${PYTHONPATH} /usr/bin/python3 -W ignore:setup.py install is deprecated -W ignore:easy_install command is deprecated setup.py develop --uninstall --editable --build-directory /home/jack/ros2_ws/build/turtle_move/build
[2.850s] running develop
[3.322s] Removing /home/jack/ros2_ws/install/turtle_move/lib/python3.12/site-packages/turtle-move.egg-link (link to .)
[3.386s] Invoked command in '/home/jack/ros2_ws/build/turtle_move' returned '0': DEBUGINFOD_URLS=https://debuginfod.ubuntu.com PYTHONPATH=/home/jack/ros2_ws/build/turtle_move/prefix_override:/usr/lib/python3/dist-packages/colcon_core/task/python/colcon_distutils_commands:/home/jack/ros2_ws/install/turtle_move/lib/python3.12/site-packages:${PYTHONPATH} /usr/bin/python3 -W ignore:setup.py install is deprecated -W ignore:easy_install command is deprecated setup.py develop --uninstall --editable --build-directory /home/jack/ros2_ws/build/turtle_move/build
[3.389s] Invoking command in '/home/jack/ros2_ws/src/turtle_move': DEBUGINFOD_URLS=https://debuginfod.ubuntu.com PYTHONPATH=/home/jack/ros2_ws/build/turtle_move/prefix_override:/usr/lib/python3/dist-packages/colcon_core/task/python/colcon_distutils_commands:/home/jack/ros2_ws/install/turtle_move/lib/python3.12/site-packages:${PYTHONPATH} /usr/bin/python3 -W ignore:setup.py install is deprecated -W ignore:easy_install command is deprecated setup.py egg_info --egg-base ../../build/turtle_move build --build-base /home/jack/ros2_ws/build/turtle_move/build install --record /home/jack/ros2_ws/build/turtle_move/install.log --single-version-externally-managed install_data --force
[3.980s] running egg_info
[4.028s] writing ../../build/turtle_move/turtle_move.egg-info/PKG-INFO
[4.029s] writing dependency_links to ../../build/turtle_move/turtle_move.egg-info/dependency_links.txt
[4.030s] writing entry points to ../../build/turtle_move/turtle_move.egg-info/entry_points.txt
[4.030s] writing requirements to ../../build/turtle_move/turtle_move.egg-info/requires.txt
[4.030s] writing top-level names to ../../build/turtle_move/turtle_move.egg-info/top_level.txt
[4.123s] reading manifest file '../../build/turtle_move/turtle_move.egg-info/SOURCES.txt'
[4.125s] writing manifest file '../../build/turtle_move/turtle_move.egg-info/SOURCES.txt'
[4.125s] running build
[4.125s] running build_py
[4.126s] copying turtle_move/turtle_node.py -> /home/jack/ros2_ws/build/turtle_move/build/lib/turtle_move
[4.126s] running install
[4.138s] running install_lib
[4.186s] creating /home/jack/ros2_ws/install/turtle_move/lib/python3.12/site-packages/turtle_move
[4.186s] copying /home/jack/ros2_ws/build/turtle_move/build/lib/turtle_move/turtle_node.py -> /home/jack/ros2_ws/install/turtle_move/lib/python3.12/site-packages/turtle_move
[4.187s] copying /home/jack/ros2_ws/build/turtle_move/build/lib/turtle_move/__init__.py -> /home/jack/ros2_ws/install/turtle_move/lib/python3.12/site-packages/turtle_move
[4.187s] byte-compiling /home/jack/ros2_ws/install/turtle_move/lib/python3.12/site-packages/turtle_move/turtle_node.py to turtle_node.cpython-312.pyc
[4.189s] byte-compiling /home/jack/ros2_ws/install/turtle_move/lib/python3.12/site-packages/turtle_move/__init__.py to __init__.cpython-312.pyc
[4.189s] running install_data
[4.189s] copying resource/turtle_move -> /home/jack/ros2_ws/install/turtle_move/share/ament_index/resource_index/packages
[4.190s] copying package.xml -> /home/jack/ros2_ws/install/turtle_move/share/turtle_move
[4.190s] copying launch/pubsub.launch.xml -> /home/jack/ros2_ws/install/turtle_move/share/turtle_move/launch
[4.190s] running install_egg_info
[4.241s] Copying ../../build/turtle_move/turtle_move.egg-info to /home/jack/ros2_ws/install/turtle_move/lib/python3.12/site-packages/turtle_move-0.0.0-py3.12.egg-info
[4.242s] running install_scripts
[4.540s] Installing turtle_node script to /home/jack/ros2_ws/install/turtle_move/lib/turtle_move
[4.541s] writing list of installed files to '/home/jack/ros2_ws/build/turtle_move/install.log'
[4.590s] Invoked command in '/home/jack/ros2_ws/src/turtle_move' returned '0': DEBUGINFOD_URLS=https://debuginfod.ubuntu.com PYTHONPATH=/home/jack/ros2_ws/build/turtle_move/prefix_override:/usr/lib/python3/dist-packages/colcon_core/task/python/colcon_distutils_commands:/home/jack/ros2_ws/install/turtle_move/lib/python3.12/site-packages:${PYTHONPATH} /usr/bin/python3 -W ignore:setup.py install is deprecated -W ignore:easy_install command is deprecated setup.py egg_info --egg-base ../../build/turtle_move build --build-base /home/jack/ros2_ws/build/turtle_move/build install --record /home/jack/ros2_ws/build/turtle_move/install.log --single-version-externally-managed install_data --force
