[0.030s] Invoking command in '/home/jack/ros2_ws/build/my_robot_interfaces': CMAKE_PREFIX_PATH=${CMAKE_PREFIX_PATH}:/home/jack/ros2_ws/install/turtle_control:/home/jack/ros2_ws/install/turtle_controller:/home/jack/ros2_ws/install/py_srvcli:/home/jack/ros2_ws/install/pubsub:/home/jack/ros2_ws/install/my_py_pkg:/home/jack/ros2_ws/install/my_robot_controller:/home/jack/ros2_ws/install/my_python_pkg:/home/jack/ros2_ws/install/crazy_turtle:/opt/ros/jazzy DEBUGINFOD_URLS=https://debuginfod.ubuntu.com /usr/bin/cmake --build /home/jack/ros2_ws/build/my_robot_interfaces -- -j8 -l8
[0.924s] [  1%] Built target my_robot_interfaces__rosidl_generator_type_description
[0.924s] [  1%] Built target ament_cmake_python_copy_my_robot_interfaces
[0.924s] [  3%] Built target my_robot_interfaces__cpp
[0.924s] [ 24%] Built target my_robot_interfaces__rosidl_generator_c
[0.924s] [ 33%] Built target my_robot_interfaces__rosidl_typesupport_c
[0.924s] [ 42%] Built target my_robot_interfaces__rosidl_typesupport_introspection_c
[0.924s] [ 51%] Built target my_robot_interfaces__rosidl_typesupport_fastrtps_c
[0.924s] [ 61%] Built target my_robot_interfaces__rosidl_typesupport_cpp
[0.924s] [ 70%] Built target my_robot_interfaces__rosidl_typesupport_introspection_cpp
[0.924s] [ 79%] Built target my_robot_interfaces__rosidl_typesupport_fastrtps_cpp
[0.924s] [ 79%] Built target my_robot_interfaces
[0.924s] [ 81%] Built target my_robot_interfaces__py
[0.924s] [ 88%] Built target my_robot_interfaces__rosidl_generator_py
[0.924s] [100%] Built target my_robot_interfaces_s__rosidl_typesupport_c
[0.924s] [100%] Built target my_robot_interfaces_s__rosidl_typesupport_fastrtps_c
[0.924s] [100%] Built target my_robot_interfaces_s__rosidl_typesupport_introspection_c
[0.924s] running egg_info
[0.925s] writing my_robot_interfaces.egg-info/PKG-INFO
[0.925s] writing dependency_links to my_robot_interfaces.egg-info/dependency_links.txt
[0.925s] writing top-level names to my_robot_interfaces.egg-info/top_level.txt
[0.925s] reading manifest file 'my_robot_interfaces.egg-info/SOURCES.txt'
[0.925s] writing manifest file 'my_robot_interfaces.egg-info/SOURCES.txt'
[0.925s] [100%] Built target ament_cmake_python_build_my_robot_interfaces_egg
[1.111s] Invoked command in '/home/jack/ros2_ws/build/my_robot_interfaces' returned '0': CMAKE_PREFIX_PATH=${CMAKE_PREFIX_PATH}:/home/jack/ros2_ws/install/turtle_control:/home/jack/ros2_ws/install/turtle_controller:/home/jack/ros2_ws/install/py_srvcli:/home/jack/ros2_ws/install/pubsub:/home/jack/ros2_ws/install/my_py_pkg:/home/jack/ros2_ws/install/my_robot_controller:/home/jack/ros2_ws/install/my_python_pkg:/home/jack/ros2_ws/install/crazy_turtle:/opt/ros/jazzy DEBUGINFOD_URLS=https://debuginfod.ubuntu.com /usr/bin/cmake --build /home/jack/ros2_ws/build/my_robot_interfaces -- -j8 -l8
[1.117s] Invoking command in '/home/jack/ros2_ws/build/my_robot_interfaces': CMAKE_PREFIX_PATH=${CMAKE_PREFIX_PATH}:/home/jack/ros2_ws/install/turtle_control:/home/jack/ros2_ws/install/turtle_controller:/home/jack/ros2_ws/install/py_srvcli:/home/jack/ros2_ws/install/pubsub:/home/jack/ros2_ws/install/my_py_pkg:/home/jack/ros2_ws/install/my_robot_controller:/home/jack/ros2_ws/install/my_python_pkg:/home/jack/ros2_ws/install/crazy_turtle:/opt/ros/jazzy DEBUGINFOD_URLS=https://debuginfod.ubuntu.com /usr/bin/cmake --install /home/jack/ros2_ws/build/my_robot_interfaces
[1.124s] -- Install configuration: ""
[1.124s] -- Up-to-date: /home/jack/ros2_ws/install/my_robot_interfaces/share/ament_index/resource_index/rosidl_interfaces/my_robot_interfaces
[1.125s] -- Up-to-date: /home/jack/ros2_ws/install/my_robot_interfaces/share/my_robot_interfaces/msg/HardwareStatus.json
[1.125s] -- Up-to-date: /home/jack/ros2_ws/install/my_robot_interfaces/share/my_robot_interfaces/srv/ResetCounter.json
[1.125s] -- Up-to-date: /home/jack/ros2_ws/install/my_robot_interfaces/share/my_robot_interfaces/srv/ActivateTurtle.json
[1.125s] -- Up-to-date: /home/jack/ros2_ws/install/my_robot_interfaces/include/my_robot_interfaces/my_robot_interfaces
[1.125s] -- Up-to-date: /home/jack/ros2_ws/install/my_robot_interfaces/include/my_robot_interfaces/my_robot_interfaces/srv
[1.125s] -- Up-to-date: /home/jack/ros2_ws/install/my_robot_interfaces/include/my_robot_interfaces/my_robot_interfaces/srv/detail
[1.125s] -- Up-to-date: /home/jack/ros2_ws/install/my_robot_interfaces/include/my_robot_interfaces/my_robot_interfaces/srv/detail/activate_turtle__type_support.h
[1.125s] -- Installing: /home/jack/ros2_ws/install/my_robot_interfaces/include/my_robot_interfaces/my_robot_interfaces/srv/detail/activate_turtle__type_support.c
[1.125s] -- Up-to-date: /home/jack/ros2_ws/install/my_robot_interfaces/include/my_robot_interfaces/my_robot_interfaces/srv/detail/activate_turtle__struct.h
[1.126s] -- Up-to-date: /home/jack/ros2_ws/install/my_robot_interfaces/include/my_robot_interfaces/my_robot_interfaces/srv/detail/reset_counter__type_support.h
[1.126s] -- Up-to-date: /home/jack/ros2_ws/install/my_robot_interfaces/include/my_robot_interfaces/my_robot_interfaces/srv/detail/reset_counter__struct.h
[1.126s] -- Up-to-date: /home/jack/ros2_ws/install/my_robot_interfaces/include/my_robot_interfaces/my_robot_interfaces/srv/detail/reset_counter__functions.c
[1.126s] -- Up-to-date: /home/jack/ros2_ws/install/my_robot_interfaces/include/my_robot_interfaces/my_robot_interfaces/srv/detail/reset_counter__description.c
[1.126s] -- Up-to-date: /home/jack/ros2_ws/install/my_robot_interfaces/include/my_robot_interfaces/my_robot_interfaces/srv/detail/activate_turtle__functions.c
[1.126s] -- Up-to-date: /home/jack/ros2_ws/install/my_robot_interfaces/include/my_robot_interfaces/my_robot_interfaces/srv/detail/reset_counter__functions.h
[1.127s] -- Up-to-date: /home/jack/ros2_ws/install/my_robot_interfaces/include/my_robot_interfaces/my_robot_interfaces/srv/detail/activate_turtle__functions.h
[1.127s] -- Up-to-date: /home/jack/ros2_ws/install/my_robot_interfaces/include/my_robot_interfaces/my_robot_interfaces/srv/detail/activate_turtle__description.c
[1.127s] -- Up-to-date: /home/jack/ros2_ws/install/my_robot_interfaces/include/my_robot_interfaces/my_robot_interfaces/srv/detail/reset_counter__type_support.c
[1.127s] -- Up-to-date: /home/jack/ros2_ws/install/my_robot_interfaces/include/my_robot_interfaces/my_robot_interfaces/srv/reset_counter.h
[1.127s] -- Up-to-date: /home/jack/ros2_ws/install/my_robot_interfaces/include/my_robot_interfaces/my_robot_interfaces/srv/activate_turtle.h
[1.127s] -- Up-to-date: /home/jack/ros2_ws/install/my_robot_interfaces/include/my_robot_interfaces/my_robot_interfaces/msg
[1.128s] -- Up-to-date: /home/jack/ros2_ws/install/my_robot_interfaces/include/my_robot_interfaces/my_robot_interfaces/msg/detail
[1.128s] -- Up-to-date: /home/jack/ros2_ws/install/my_robot_interfaces/include/my_robot_interfaces/my_robot_interfaces/msg/detail/hardware_status__type_support.h
[1.133s] -- Up-to-date: /home/jack/ros2_ws/install/my_robot_interfaces/include/my_robot_interfaces/my_robot_interfaces/msg/detail/hardware_status__description.c
[1.133s] -- Up-to-date: /home/jack/ros2_ws/install/my_robot_interfaces/include/my_robot_interfaces/my_robot_interfaces/msg/detail/hardware_status__functions.h
[1.133s] -- Up-to-date: /home/jack/ros2_ws/install/my_robot_interfaces/include/my_robot_interfaces/my_robot_interfaces/msg/detail/hardware_status__functions.c
[1.133s] -- Up-to-date: /home/jack/ros2_ws/install/my_robot_interfaces/include/my_robot_interfaces/my_robot_interfaces/msg/detail/hardware_status__struct.h
[1.133s] -- Up-to-date: /home/jack/ros2_ws/install/my_robot_interfaces/include/my_robot_interfaces/my_robot_interfaces/msg/detail/hardware_status__type_support.c
[1.134s] -- Up-to-date: /home/jack/ros2_ws/install/my_robot_interfaces/include/my_robot_interfaces/my_robot_interfaces/msg/rosidl_generator_c__visibility_control.h
[1.134s] -- Up-to-date: /home/jack/ros2_ws/install/my_robot_interfaces/include/my_robot_interfaces/my_robot_interfaces/msg/hardware_status.h
[1.134s] -- Up-to-date: /home/jack/ros2_ws/install/my_robot_interfaces/share/my_robot_interfaces/environment/library_path.sh
[1.134s] -- Up-to-date: /home/jack/ros2_ws/install/my_robot_interfaces/share/my_robot_interfaces/environment/library_path.dsv
[1.134s] -- Up-to-date: /home/jack/ros2_ws/install/my_robot_interfaces/lib/libmy_robot_interfaces__rosidl_generator_c.so
[1.134s] -- Up-to-date: /home/jack/ros2_ws/install/my_robot_interfaces/include/my_robot_interfaces/my_robot_interfaces
[1.134s] -- Up-to-date: /home/jack/ros2_ws/install/my_robot_interfaces/include/my_robot_interfaces/my_robot_interfaces/srv
[1.134s] -- Up-to-date: /home/jack/ros2_ws/install/my_robot_interfaces/include/my_robot_interfaces/my_robot_interfaces/srv/detail
[1.134s] -- Up-to-date: /home/jack/ros2_ws/install/my_robot_interfaces/include/my_robot_interfaces/my_robot_interfaces/srv/detail/activate_turtle__rosidl_typesupport_fastrtps_c.h
[1.134s] -- Up-to-date: /home/jack/ros2_ws/install/my_robot_interfaces/include/my_robot_interfaces/my_robot_interfaces/srv/detail/reset_counter__rosidl_typesupport_fastrtps_c.h
[1.134s] -- Up-to-date: /home/jack/ros2_ws/install/my_robot_interfaces/include/my_robot_interfaces/my_robot_interfaces/msg
[1.134s] -- Up-to-date: /home/jack/ros2_ws/install/my_robot_interfaces/include/my_robot_interfaces/my_robot_interfaces/msg/detail
[1.134s] -- Up-to-date: /home/jack/ros2_ws/install/my_robot_interfaces/include/my_robot_interfaces/my_robot_interfaces/msg/detail/hardware_status__rosidl_typesupport_fastrtps_c.h
[1.135s] -- Up-to-date: /home/jack/ros2_ws/install/my_robot_interfaces/include/my_robot_interfaces/my_robot_interfaces/msg/rosidl_typesupport_fastrtps_c__visibility_control.h
[1.135s] -- Up-to-date: /home/jack/ros2_ws/install/my_robot_interfaces/lib/libmy_robot_interfaces__rosidl_typesupport_fastrtps_c.so
[1.135s] -- Up-to-date: /home/jack/ros2_ws/install/my_robot_interfaces/include/my_robot_interfaces/my_robot_interfaces
[1.135s] -- Up-to-date: /home/jack/ros2_ws/install/my_robot_interfaces/include/my_robot_interfaces/my_robot_interfaces/srv
[1.135s] -- Up-to-date: /home/jack/ros2_ws/install/my_robot_interfaces/include/my_robot_interfaces/my_robot_interfaces/srv/detail
[1.135s] -- Installing: /home/jack/ros2_ws/install/my_robot_interfaces/include/my_robot_interfaces/my_robot_interfaces/srv/detail/activate_turtle__type_support.c
[1.135s] -- Up-to-date: /home/jack/ros2_ws/install/my_robot_interfaces/include/my_robot_interfaces/my_robot_interfaces/srv/detail/activate_turtle__rosidl_typesupport_introspection_c.h
[1.135s] -- Up-to-date: /home/jack/ros2_ws/install/my_robot_interfaces/include/my_robot_interfaces/my_robot_interfaces/srv/detail/reset_counter__type_support.c
[1.136s] -- Up-to-date: /home/jack/ros2_ws/install/my_robot_interfaces/include/my_robot_interfaces/my_robot_interfaces/srv/detail/reset_counter__rosidl_typesupport_introspection_c.h
[1.137s] -- Up-to-date: /home/jack/ros2_ws/install/my_robot_interfaces/include/my_robot_interfaces/my_robot_interfaces/msg
[1.137s] -- Up-to-date: /home/jack/ros2_ws/install/my_robot_interfaces/include/my_robot_interfaces/my_robot_interfaces/msg/detail
[1.137s] -- Up-to-date: /home/jack/ros2_ws/install/my_robot_interfaces/include/my_robot_interfaces/my_robot_interfaces/msg/detail/hardware_status__rosidl_typesupport_introspection_c.h
[1.137s] -- Up-to-date: /home/jack/ros2_ws/install/my_robot_interfaces/include/my_robot_interfaces/my_robot_interfaces/msg/detail/hardware_status__type_support.c
[1.137s] -- Up-to-date: /home/jack/ros2_ws/install/my_robot_interfaces/include/my_robot_interfaces/my_robot_interfaces/msg/rosidl_typesupport_introspection_c__visibility_control.h
[1.138s] -- Up-to-date: /home/jack/ros2_ws/install/my_robot_interfaces/lib/libmy_robot_interfaces__rosidl_typesupport_introspection_c.so
[1.138s] -- Up-to-date: /home/jack/ros2_ws/install/my_robot_interfaces/lib/libmy_robot_interfaces__rosidl_typesupport_c.so
[1.138s] -- Up-to-date: /home/jack/ros2_ws/install/my_robot_interfaces/include/my_robot_interfaces/my_robot_interfaces
[1.138s] -- Up-to-date: /home/jack/ros2_ws/install/my_robot_interfaces/include/my_robot_interfaces/my_robot_interfaces/srv
[1.139s] -- Up-to-date: /home/jack/ros2_ws/install/my_robot_interfaces/include/my_robot_interfaces/my_robot_interfaces/srv/reset_counter.hpp
[1.139s] -- Up-to-date: /home/jack/ros2_ws/install/my_robot_interfaces/include/my_robot_interfaces/my_robot_interfaces/srv/detail
[1.139s] -- Up-to-date: /home/jack/ros2_ws/install/my_robot_interfaces/include/my_robot_interfaces/my_robot_interfaces/srv/detail/activate_turtle__struct.hpp
[1.139s] -- Up-to-date: /home/jack/ros2_ws/install/my_robot_interfaces/include/my_robot_interfaces/my_robot_interfaces/srv/detail/reset_counter__traits.hpp
[1.139s] -- Up-to-date: /home/jack/ros2_ws/install/my_robot_interfaces/include/my_robot_interfaces/my_robot_interfaces/srv/detail/activate_turtle__builder.hpp
[1.139s] -- Up-to-date: /home/jack/ros2_ws/install/my_robot_interfaces/include/my_robot_interfaces/my_robot_interfaces/srv/detail/activate_turtle__type_support.hpp
[1.139s] -- Up-to-date: /home/jack/ros2_ws/install/my_robot_interfaces/include/my_robot_interfaces/my_robot_interfaces/srv/detail/reset_counter__type_support.hpp
[1.139s] -- Up-to-date: /home/jack/ros2_ws/install/my_robot_interfaces/include/my_robot_interfaces/my_robot_interfaces/srv/detail/reset_counter__struct.hpp
[1.139s] -- Up-to-date: /home/jack/ros2_ws/install/my_robot_interfaces/include/my_robot_interfaces/my_robot_interfaces/srv/detail/reset_counter__builder.hpp
[1.140s] -- Up-to-date: /home/jack/ros2_ws/install/my_robot_interfaces/include/my_robot_interfaces/my_robot_interfaces/srv/detail/activate_turtle__traits.hpp
[1.140s] -- Up-to-date: /home/jack/ros2_ws/install/my_robot_interfaces/include/my_robot_interfaces/my_robot_interfaces/srv/activate_turtle.hpp
[1.140s] -- Up-to-date: /home/jack/ros2_ws/install/my_robot_interfaces/include/my_robot_interfaces/my_robot_interfaces/msg
[1.141s] -- Up-to-date: /home/jack/ros2_ws/install/my_robot_interfaces/include/my_robot_interfaces/my_robot_interfaces/msg/detail
[1.141s] -- Up-to-date: /home/jack/ros2_ws/install/my_robot_interfaces/include/my_robot_interfaces/my_robot_interfaces/msg/detail/hardware_status__struct.hpp
[1.141s] -- Up-to-date: /home/jack/ros2_ws/install/my_robot_interfaces/include/my_robot_interfaces/my_robot_interfaces/msg/detail/hardware_status__traits.hpp
[1.141s] -- Up-to-date: /home/jack/ros2_ws/install/my_robot_interfaces/include/my_robot_interfaces/my_robot_interfaces/msg/detail/hardware_status__builder.hpp
[1.141s] -- Up-to-date: /home/jack/ros2_ws/install/my_robot_interfaces/include/my_robot_interfaces/my_robot_interfaces/msg/detail/hardware_status__type_support.hpp
[1.141s] -- Up-to-date: /home/jack/ros2_ws/install/my_robot_interfaces/include/my_robot_interfaces/my_robot_interfaces/msg/rosidl_generator_cpp__visibility_control.hpp
[1.141s] -- Up-to-date: /home/jack/ros2_ws/install/my_robot_interfaces/include/my_robot_interfaces/my_robot_interfaces/msg/hardware_status.hpp
[1.142s] -- Up-to-date: /home/jack/ros2_ws/install/my_robot_interfaces/include/my_robot_interfaces/my_robot_interfaces
[1.142s] -- Up-to-date: /home/jack/ros2_ws/install/my_robot_interfaces/include/my_robot_interfaces/my_robot_interfaces/srv
[1.142s] -- Up-to-date: /home/jack/ros2_ws/install/my_robot_interfaces/include/my_robot_interfaces/my_robot_interfaces/srv/detail
[1.142s] -- Up-to-date: /home/jack/ros2_ws/install/my_robot_interfaces/include/my_robot_interfaces/my_robot_interfaces/srv/detail/reset_counter__rosidl_typesupport_fastrtps_cpp.hpp
[1.142s] -- Up-to-date: /home/jack/ros2_ws/install/my_robot_interfaces/include/my_robot_interfaces/my_robot_interfaces/srv/detail/activate_turtle__rosidl_typesupport_fastrtps_cpp.hpp
[1.142s] -- Up-to-date: /home/jack/ros2_ws/install/my_robot_interfaces/include/my_robot_interfaces/my_robot_interfaces/srv/detail/dds_fastrtps
[1.142s] -- Up-to-date: /home/jack/ros2_ws/install/my_robot_interfaces/include/my_robot_interfaces/my_robot_interfaces/msg
[1.142s] -- Up-to-date: /home/jack/ros2_ws/install/my_robot_interfaces/include/my_robot_interfaces/my_robot_interfaces/msg/detail
[1.142s] -- Up-to-date: /home/jack/ros2_ws/install/my_robot_interfaces/include/my_robot_interfaces/my_robot_interfaces/msg/detail/dds_fastrtps
[1.143s] -- Up-to-date: /home/jack/ros2_ws/install/my_robot_interfaces/include/my_robot_interfaces/my_robot_interfaces/msg/detail/hardware_status__rosidl_typesupport_fastrtps_cpp.hpp
[1.143s] -- Up-to-date: /home/jack/ros2_ws/install/my_robot_interfaces/include/my_robot_interfaces/my_robot_interfaces/msg/rosidl_typesupport_fastrtps_cpp__visibility_control.h
[1.143s] -- Up-to-date: /home/jack/ros2_ws/install/my_robot_interfaces/lib/libmy_robot_interfaces__rosidl_typesupport_fastrtps_cpp.so
[1.143s] -- Up-to-date: /home/jack/ros2_ws/install/my_robot_interfaces/include/my_robot_interfaces/my_robot_interfaces
[1.143s] -- Up-to-date: /home/jack/ros2_ws/install/my_robot_interfaces/include/my_robot_interfaces/my_robot_interfaces/srv
[1.144s] -- Up-to-date: /home/jack/ros2_ws/install/my_robot_interfaces/include/my_robot_interfaces/my_robot_interfaces/srv/detail
[1.144s] -- Up-to-date: /home/jack/ros2_ws/install/my_robot_interfaces/include/my_robot_interfaces/my_robot_interfaces/srv/detail/reset_counter__rosidl_typesupport_introspection_cpp.hpp
[1.144s] -- Up-to-date: /home/jack/ros2_ws/install/my_robot_interfaces/include/my_robot_interfaces/my_robot_interfaces/srv/detail/activate_turtle__type_support.cpp
[1.144s] -- Up-to-date: /home/jack/ros2_ws/install/my_robot_interfaces/include/my_robot_interfaces/my_robot_interfaces/srv/detail/activate_turtle__rosidl_typesupport_introspection_cpp.hpp
[1.144s] -- Up-to-date: /home/jack/ros2_ws/install/my_robot_interfaces/include/my_robot_interfaces/my_robot_interfaces/srv/detail/reset_counter__type_support.cpp
[1.144s] -- Up-to-date: /home/jack/ros2_ws/install/my_robot_interfaces/include/my_robot_interfaces/my_robot_interfaces/msg
[1.144s] -- Up-to-date: /home/jack/ros2_ws/install/my_robot_interfaces/include/my_robot_interfaces/my_robot_interfaces/msg/detail
[1.144s] -- Up-to-date: /home/jack/ros2_ws/install/my_robot_interfaces/include/my_robot_interfaces/my_robot_interfaces/msg/detail/hardware_status__rosidl_typesupport_introspection_cpp.hpp
[1.144s] -- Up-to-date: /home/jack/ros2_ws/install/my_robot_interfaces/include/my_robot_interfaces/my_robot_interfaces/msg/detail/hardware_status__type_support.cpp
[1.145s] -- Up-to-date: /home/jack/ros2_ws/install/my_robot_interfaces/lib/libmy_robot_interfaces__rosidl_typesupport_introspection_cpp.so
[1.146s] -- Up-to-date: /home/jack/ros2_ws/install/my_robot_interfaces/lib/libmy_robot_interfaces__rosidl_typesupport_cpp.so
[1.146s] -- Up-to-date: /home/jack/ros2_ws/install/my_robot_interfaces/share/my_robot_interfaces/environment/pythonpath.sh
[1.146s] -- Up-to-date: /home/jack/ros2_ws/install/my_robot_interfaces/share/my_robot_interfaces/environment/pythonpath.dsv
[1.147s] -- Up-to-date: /home/jack/ros2_ws/install/my_robot_interfaces/lib/python3.12/site-packages/my_robot_interfaces-0.0.0-py3.12.egg-info
[1.147s] -- Installing: /home/jack/ros2_ws/install/my_robot_interfaces/lib/python3.12/site-packages/my_robot_interfaces-0.0.0-py3.12.egg-info/top_level.txt
[1.147s] -- Installing: /home/jack/ros2_ws/install/my_robot_interfaces/lib/python3.12/site-packages/my_robot_interfaces-0.0.0-py3.12.egg-info/dependency_links.txt
[1.147s] -- Installing: /home/jack/ros2_ws/install/my_robot_interfaces/lib/python3.12/site-packages/my_robot_interfaces-0.0.0-py3.12.egg-info/SOURCES.txt
[1.147s] -- Installing: /home/jack/ros2_ws/install/my_robot_interfaces/lib/python3.12/site-packages/my_robot_interfaces-0.0.0-py3.12.egg-info/PKG-INFO
[1.147s] -- Up-to-date: /home/jack/ros2_ws/install/my_robot_interfaces/lib/python3.12/site-packages/my_robot_interfaces
[1.147s] -- Up-to-date: /home/jack/ros2_ws/install/my_robot_interfaces/lib/python3.12/site-packages/my_robot_interfaces/my_robot_interfaces_s__rosidl_typesupport_introspection_c.so
[1.147s] -- Up-to-date: /home/jack/ros2_ws/install/my_robot_interfaces/lib/python3.12/site-packages/my_robot_interfaces/_my_robot_interfaces_s.ep.rosidl_typesupport_introspection_c.c
[1.147s] -- Up-to-date: /home/jack/ros2_ws/install/my_robot_interfaces/lib/python3.12/site-packages/my_robot_interfaces/_my_robot_interfaces_s.ep.rosidl_typesupport_c.c
[1.147s] -- Up-to-date: /home/jack/ros2_ws/install/my_robot_interfaces/lib/python3.12/site-packages/my_robot_interfaces/srv
[1.148s] -- Up-to-date: /home/jack/ros2_ws/install/my_robot_interfaces/lib/python3.12/site-packages/my_robot_interfaces/srv/_activate_turtle_s.c
[1.148s] -- Up-to-date: /home/jack/ros2_ws/install/my_robot_interfaces/lib/python3.12/site-packages/my_robot_interfaces/srv/_activate_turtle.py
[1.148s] -- Up-to-date: /home/jack/ros2_ws/install/my_robot_interfaces/lib/python3.12/site-packages/my_robot_interfaces/srv/__init__.py
[1.148s] -- Up-to-date: /home/jack/ros2_ws/install/my_robot_interfaces/lib/python3.12/site-packages/my_robot_interfaces/srv/_reset_counter_s.c
[1.148s] -- Up-to-date: /home/jack/ros2_ws/install/my_robot_interfaces/lib/python3.12/site-packages/my_robot_interfaces/srv/_reset_counter.py
[1.148s] -- Up-to-date: /home/jack/ros2_ws/install/my_robot_interfaces/lib/python3.12/site-packages/my_robot_interfaces/_my_robot_interfaces_s.ep.rosidl_typesupport_fastrtps_c.c
[1.148s] -- Up-to-date: /home/jack/ros2_ws/install/my_robot_interfaces/lib/python3.12/site-packages/my_robot_interfaces/__init__.py
[1.148s] -- Up-to-date: /home/jack/ros2_ws/install/my_robot_interfaces/lib/python3.12/site-packages/my_robot_interfaces/my_robot_interfaces_s__rosidl_typesupport_fastrtps_c.so
[1.148s] -- Up-to-date: /home/jack/ros2_ws/install/my_robot_interfaces/lib/python3.12/site-packages/my_robot_interfaces/my_robot_interfaces_s__rosidl_typesupport_c.so
[1.148s] -- Up-to-date: /home/jack/ros2_ws/install/my_robot_interfaces/lib/python3.12/site-packages/my_robot_interfaces/msg
[1.148s] -- Up-to-date: /home/jack/ros2_ws/install/my_robot_interfaces/lib/python3.12/site-packages/my_robot_interfaces/msg/_hardware_status.py
[1.148s] -- Up-to-date: /home/jack/ros2_ws/install/my_robot_interfaces/lib/python3.12/site-packages/my_robot_interfaces/msg/__init__.py
[1.149s] -- Up-to-date: /home/jack/ros2_ws/install/my_robot_interfaces/lib/python3.12/site-packages/my_robot_interfaces/msg/_hardware_status_s.c
[1.177s] Listing '/home/jack/ros2_ws/install/my_robot_interfaces/lib/python3.12/site-packages/my_robot_interfaces'...
[1.177s] Listing '/home/jack/ros2_ws/install/my_robot_interfaces/lib/python3.12/site-packages/my_robot_interfaces/msg'...
[1.177s] Listing '/home/jack/ros2_ws/install/my_robot_interfaces/lib/python3.12/site-packages/my_robot_interfaces/srv'...
[1.184s] -- Up-to-date: /home/jack/ros2_ws/install/my_robot_interfaces/lib/python3.12/site-packages/my_robot_interfaces/my_robot_interfaces_s__rosidl_typesupport_fastrtps_c.so
[1.184s] -- Up-to-date: /home/jack/ros2_ws/install/my_robot_interfaces/lib/python3.12/site-packages/my_robot_interfaces/my_robot_interfaces_s__rosidl_typesupport_introspection_c.so
[1.184s] -- Up-to-date: /home/jack/ros2_ws/install/my_robot_interfaces/lib/python3.12/site-packages/my_robot_interfaces/my_robot_interfaces_s__rosidl_typesupport_c.so
[1.185s] -- Up-to-date: /home/jack/ros2_ws/install/my_robot_interfaces/lib/libmy_robot_interfaces__rosidl_generator_py.so
[1.185s] -- Up-to-date: /home/jack/ros2_ws/install/my_robot_interfaces/share/my_robot_interfaces/msg/HardwareStatus.idl
[1.188s] -- Up-to-date: /home/jack/ros2_ws/install/my_robot_interfaces/share/my_robot_interfaces/srv/ResetCounter.idl
[1.188s] -- Up-to-date: /home/jack/ros2_ws/install/my_robot_interfaces/share/my_robot_interfaces/srv/ActivateTurtle.idl
[1.188s] -- Up-to-date: /home/jack/ros2_ws/install/my_robot_interfaces/share/my_robot_interfaces/msg/HardwareStatus.msg
[1.188s] -- Up-to-date: /home/jack/ros2_ws/install/my_robot_interfaces/share/my_robot_interfaces/srv/ResetCounter.srv
[1.188s] -- Up-to-date: /home/jack/ros2_ws/install/my_robot_interfaces/share/my_robot_interfaces/srv/ActivateTurtle.srv
[1.188s] -- Up-to-date: /home/jack/ros2_ws/install/my_robot_interfaces/share/ament_index/resource_index/package_run_dependencies/my_robot_interfaces
[1.188s] -- Up-to-date: /home/jack/ros2_ws/install/my_robot_interfaces/share/ament_index/resource_index/parent_prefix_path/my_robot_interfaces
[1.188s] -- Up-to-date: /home/jack/ros2_ws/install/my_robot_interfaces/share/my_robot_interfaces/environment/ament_prefix_path.sh
[1.189s] -- Up-to-date: /home/jack/ros2_ws/install/my_robot_interfaces/share/my_robot_interfaces/environment/ament_prefix_path.dsv
[1.189s] -- Up-to-date: /home/jack/ros2_ws/install/my_robot_interfaces/share/my_robot_interfaces/environment/path.sh
[1.189s] -- Up-to-date: /home/jack/ros2_ws/install/my_robot_interfaces/share/my_robot_interfaces/environment/path.dsv
[1.189s] -- Up-to-date: /home/jack/ros2_ws/install/my_robot_interfaces/share/my_robot_interfaces/local_setup.bash
[1.189s] -- Up-to-date: /home/jack/ros2_ws/install/my_robot_interfaces/share/my_robot_interfaces/local_setup.sh
[1.189s] -- Up-to-date: /home/jack/ros2_ws/install/my_robot_interfaces/share/my_robot_interfaces/local_setup.zsh
[1.189s] -- Up-to-date: /home/jack/ros2_ws/install/my_robot_interfaces/share/my_robot_interfaces/local_setup.dsv
[1.189s] -- Installing: /home/jack/ros2_ws/install/my_robot_interfaces/share/my_robot_interfaces/package.dsv
[1.189s] -- Up-to-date: /home/jack/ros2_ws/install/my_robot_interfaces/share/ament_index/resource_index/packages/my_robot_interfaces
[1.189s] -- Up-to-date: /home/jack/ros2_ws/install/my_robot_interfaces/share/my_robot_interfaces/cmake/export_my_robot_interfaces__rosidl_generator_cExport.cmake
[1.190s] -- Up-to-date: /home/jack/ros2_ws/install/my_robot_interfaces/share/my_robot_interfaces/cmake/export_my_robot_interfaces__rosidl_generator_cExport-noconfig.cmake
[1.190s] -- Up-to-date: /home/jack/ros2_ws/install/my_robot_interfaces/share/my_robot_interfaces/cmake/export_my_robot_interfaces__rosidl_typesupport_fastrtps_cExport.cmake
[1.190s] -- Up-to-date: /home/jack/ros2_ws/install/my_robot_interfaces/share/my_robot_interfaces/cmake/export_my_robot_interfaces__rosidl_typesupport_fastrtps_cExport-noconfig.cmake
[1.190s] -- Up-to-date: /home/jack/ros2_ws/install/my_robot_interfaces/share/my_robot_interfaces/cmake/my_robot_interfaces__rosidl_typesupport_introspection_cExport.cmake
[1.190s] -- Up-to-date: /home/jack/ros2_ws/install/my_robot_interfaces/share/my_robot_interfaces/cmake/my_robot_interfaces__rosidl_typesupport_introspection_cExport-noconfig.cmake
[1.190s] -- Up-to-date: /home/jack/ros2_ws/install/my_robot_interfaces/share/my_robot_interfaces/cmake/my_robot_interfaces__rosidl_typesupport_cExport.cmake
[1.190s] -- Up-to-date: /home/jack/ros2_ws/install/my_robot_interfaces/share/my_robot_interfaces/cmake/my_robot_interfaces__rosidl_typesupport_cExport-noconfig.cmake
[1.190s] -- Up-to-date: /home/jack/ros2_ws/install/my_robot_interfaces/share/my_robot_interfaces/cmake/export_my_robot_interfaces__rosidl_generator_cppExport.cmake
[1.190s] -- Up-to-date: /home/jack/ros2_ws/install/my_robot_interfaces/share/my_robot_interfaces/cmake/export_my_robot_interfaces__rosidl_typesupport_fastrtps_cppExport.cmake
[1.190s] -- Up-to-date: /home/jack/ros2_ws/install/my_robot_interfaces/share/my_robot_interfaces/cmake/export_my_robot_interfaces__rosidl_typesupport_fastrtps_cppExport-noconfig.cmake
[1.190s] -- Up-to-date: /home/jack/ros2_ws/install/my_robot_interfaces/share/my_robot_interfaces/cmake/my_robot_interfaces__rosidl_typesupport_introspection_cppExport.cmake
[1.190s] -- Up-to-date: /home/jack/ros2_ws/install/my_robot_interfaces/share/my_robot_interfaces/cmake/my_robot_interfaces__rosidl_typesupport_introspection_cppExport-noconfig.cmake
[1.194s] -- Up-to-date: /home/jack/ros2_ws/install/my_robot_interfaces/share/my_robot_interfaces/cmake/my_robot_interfaces__rosidl_typesupport_cppExport.cmake
[1.195s] -- Up-to-date: /home/jack/ros2_ws/install/my_robot_interfaces/share/my_robot_interfaces/cmake/my_robot_interfaces__rosidl_typesupport_cppExport-noconfig.cmake
[1.195s] -- Up-to-date: /home/jack/ros2_ws/install/my_robot_interfaces/share/my_robot_interfaces/cmake/export_my_robot_interfaces__rosidl_generator_pyExport.cmake
[1.195s] -- Up-to-date: /home/jack/ros2_ws/install/my_robot_interfaces/share/my_robot_interfaces/cmake/export_my_robot_interfaces__rosidl_generator_pyExport-noconfig.cmake
[1.195s] -- Up-to-date: /home/jack/ros2_ws/install/my_robot_interfaces/share/my_robot_interfaces/cmake/rosidl_cmake-extras.cmake
[1.197s] -- Up-to-date: /home/jack/ros2_ws/install/my_robot_interfaces/share/my_robot_interfaces/cmake/ament_cmake_export_dependencies-extras.cmake
[1.197s] -- Up-to-date: /home/jack/ros2_ws/install/my_robot_interfaces/share/my_robot_interfaces/cmake/ament_cmake_export_include_directories-extras.cmake
[1.197s] -- Up-to-date: /home/jack/ros2_ws/install/my_robot_interfaces/share/my_robot_interfaces/cmake/ament_cmake_export_libraries-extras.cmake
[1.197s] -- Up-to-date: /home/jack/ros2_ws/install/my_robot_interfaces/share/my_robot_interfaces/cmake/ament_cmake_export_targets-extras.cmake
[1.197s] -- Up-to-date: /home/jack/ros2_ws/install/my_robot_interfaces/share/my_robot_interfaces/cmake/rosidl_cmake_export_typesupport_targets-extras.cmake
[1.198s] -- Up-to-date: /home/jack/ros2_ws/install/my_robot_interfaces/share/my_robot_interfaces/cmake/rosidl_cmake_export_typesupport_libraries-extras.cmake
[1.198s] -- Up-to-date: /home/jack/ros2_ws/install/my_robot_interfaces/share/my_robot_interfaces/cmake/my_robot_interfacesConfig.cmake
[1.198s] -- Up-to-date: /home/jack/ros2_ws/install/my_robot_interfaces/share/my_robot_interfaces/cmake/my_robot_interfacesConfig-version.cmake
[1.198s] -- Up-to-date: /home/jack/ros2_ws/install/my_robot_interfaces/share/my_robot_interfaces/package.xml
[1.213s] Invoked command in '/home/jack/ros2_ws/build/my_robot_interfaces' returned '0': CMAKE_PREFIX_PATH=${CMAKE_PREFIX_PATH}:/home/jack/ros2_ws/install/turtle_control:/home/jack/ros2_ws/install/turtle_controller:/home/jack/ros2_ws/install/py_srvcli:/home/jack/ros2_ws/install/pubsub:/home/jack/ros2_ws/install/my_py_pkg:/home/jack/ros2_ws/install/my_robot_controller:/home/jack/ros2_ws/install/my_python_pkg:/home/jack/ros2_ws/install/crazy_turtle:/opt/ros/jazzy DEBUGINFOD_URLS=https://debuginfod.ubuntu.com /usr/bin/cmake --install /home/jack/ros2_ws/build/my_robot_interfaces
