[1.783s] Invoking command in '/home/jack/ros2_ws/src/pubsub': DEBUGINFOD_URLS=https://debuginfod.ubuntu.com PYTHONPATH=/home/jack/ros2_ws/build/pubsub/prefix_override:/usr/lib/python3/dist-packages/colcon_core/task/python/colcon_distutils_commands:/home/jack/ros2_ws/install/pubsub/lib/python3.12/site-packages:${PYTHONPATH} /usr/bin/python3 -W ignore:setup.py install is deprecated -W ignore:easy_install command is deprecated setup.py egg_info --egg-base ../../build/pubsub build --build-base /home/jack/ros2_ws/build/pubsub/build install --record /home/jack/ros2_ws/build/pubsub/install.log --single-version-externally-managed install_data
[2.198s] running egg_info
[2.232s] writing ../../build/pubsub/pubsub.egg-info/PKG-INFO
[2.232s] writing dependency_links to ../../build/pubsub/pubsub.egg-info/dependency_links.txt
[2.232s] writing entry points to ../../build/pubsub/pubsub.egg-info/entry_points.txt
[2.232s] writing requirements to ../../build/pubsub/pubsub.egg-info/requires.txt
[2.232s] writing top-level names to ../../build/pubsub/pubsub.egg-info/top_level.txt
[2.302s] reading manifest file '../../build/pubsub/pubsub.egg-info/SOURCES.txt'
[2.302s] writing manifest file '../../build/pubsub/pubsub.egg-info/SOURCES.txt'
[2.303s] running build
[2.303s] running build_py
[2.303s] running install
[2.312s] running install_lib
[2.347s] running install_data
[2.348s] running install_egg_info
[2.384s] removing '/home/jack/ros2_ws/install/pubsub/lib/python3.12/site-packages/pubsub-0.0.0-py3.12.egg-info' (and everything under it)
[2.384s] Copying ../../build/pubsub/pubsub.egg-info to /home/jack/ros2_ws/install/pubsub/lib/python3.12/site-packages/pubsub-0.0.0-py3.12.egg-info
[2.385s] running install_scripts
[2.598s] Installing Pubsub_node script to /home/jack/ros2_ws/install/pubsub/lib/pubsub
[2.598s] writing list of installed files to '/home/jack/ros2_ws/build/pubsub/install.log'
[2.640s] Invoked command in '/home/jack/ros2_ws/src/pubsub' returned '0': DEBUGINFOD_URLS=https://debuginfod.ubuntu.com PYTHONPATH=/home/jack/ros2_ws/build/pubsub/prefix_override:/usr/lib/python3/dist-packages/colcon_core/task/python/colcon_distutils_commands:/home/jack/ros2_ws/install/pubsub/lib/python3.12/site-packages:${PYTHONPATH} /usr/bin/python3 -W ignore:setup.py install is deprecated -W ignore:easy_install command is deprecated setup.py egg_info --egg-base ../../build/pubsub build --build-base /home/jack/ros2_ws/build/pubsub/build install --record /home/jack/ros2_ws/build/pubsub/install.log --single-version-externally-managed install_data
