[1.684s] Invoking command in '/home/jack/ros2_ws/src/my_robot_controller': DEBUGINFOD_URLS=https://debuginfod.ubuntu.com PYTHONPATH=/home/jack/ros2_ws/build/my_robot_controller/prefix_override:/usr/lib/python3/dist-packages/colcon_core/task/python/colcon_distutils_commands:/home/jack/ros2_ws/install/my_robot_controller/lib/python3.12/site-packages:${PYTHONPATH} /usr/bin/python3 -W ignore:setup.py install is deprecated -W ignore:easy_install command is deprecated setup.py egg_info --egg-base ../../build/my_robot_controller build --build-base /home/jack/ros2_ws/build/my_robot_controller/build install --record /home/jack/ros2_ws/build/my_robot_controller/install.log --single-version-externally-managed install_data
[2.270s] running egg_info
[2.270s] creating ../../build/my_robot_controller/my_robot_controller.egg-info
[2.319s] writing ../../build/my_robot_controller/my_robot_controller.egg-info/PKG-INFO
[2.320s] writing dependency_links to ../../build/my_robot_controller/my_robot_controller.egg-info/dependency_links.txt
[2.320s] writing requirements to ../../build/my_robot_controller/my_robot_controller.egg-info/requires.txt
[2.320s] writing top-level names to ../../build/my_robot_controller/my_robot_controller.egg-info/top_level.txt
[2.321s] writing manifest file '../../build/my_robot_controller/my_robot_controller.egg-info/SOURCES.txt'
[2.414s] reading manifest file '../../build/my_robot_controller/my_robot_controller.egg-info/SOURCES.txt'
[2.415s] writing manifest file '../../build/my_robot_controller/my_robot_controller.egg-info/SOURCES.txt'
[2.416s] running build
[2.416s] running build_py
[2.416s] creating /home/jack/ros2_ws/build/my_robot_controller/build
[2.416s] creating /home/jack/ros2_ws/build/my_robot_controller/build/lib
[2.416s] creating /home/jack/ros2_ws/build/my_robot_controller/build/lib/my_robot_controller
[2.416s] copying my_robot_controller/__init__.py -> /home/jack/ros2_ws/build/my_robot_controller/build/lib/my_robot_controller
[2.417s] running install
[2.429s] running install_lib
[2.478s] creating /home/jack/ros2_ws/install/my_robot_controller/lib/python3.12/site-packages/my_robot_controller
[2.478s] copying /home/jack/ros2_ws/build/my_robot_controller/build/lib/my_robot_controller/__init__.py -> /home/jack/ros2_ws/install/my_robot_controller/lib/python3.12/site-packages/my_robot_controller
[2.479s] byte-compiling /home/jack/ros2_ws/install/my_robot_controller/lib/python3.12/site-packages/my_robot_controller/__init__.py to __init__.cpython-312.pyc
[2.479s] running install_data
[2.479s] creating /home/jack/ros2_ws/install/my_robot_controller/share
[2.479s] creating /home/jack/ros2_ws/install/my_robot_controller/share/ament_index
[2.480s] creating /home/jack/ros2_ws/install/my_robot_controller/share/ament_index/resource_index
[2.480s] creating /home/jack/ros2_ws/install/my_robot_controller/share/ament_index/resource_index/packages
[2.480s] copying resource/my_robot_controller -> /home/jack/ros2_ws/install/my_robot_controller/share/ament_index/resource_index/packages
[2.480s] creating /home/jack/ros2_ws/install/my_robot_controller/share/my_robot_controller
[2.480s] copying package.xml -> /home/jack/ros2_ws/install/my_robot_controller/share/my_robot_controller
[2.480s] running install_egg_info
[2.558s] Copying ../../build/my_robot_controller/my_robot_controller.egg-info to /home/jack/ros2_ws/install/my_robot_controller/lib/python3.12/site-packages/my_robot_controller-0.0.0-py3.12.egg-info
[2.560s] running install_scripts
[2.866s] writing list of installed files to '/home/jack/ros2_ws/build/my_robot_controller/install.log'
[2.914s] Invoked command in '/home/jack/ros2_ws/src/my_robot_controller' returned '0': DEBUGINFOD_URLS=https://debuginfod.ubuntu.com PYTHONPATH=/home/jack/ros2_ws/build/my_robot_controller/prefix_override:/usr/lib/python3/dist-packages/colcon_core/task/python/colcon_distutils_commands:/home/jack/ros2_ws/install/my_robot_controller/lib/python3.12/site-packages:${PYTHONPATH} /usr/bin/python3 -W ignore:setup.py install is deprecated -W ignore:easy_install command is deprecated setup.py egg_info --egg-base ../../build/my_robot_controller build --build-base /home/jack/ros2_ws/build/my_robot_controller/build install --record /home/jack/ros2_ws/build/my_robot_controller/install.log --single-version-externally-managed install_data
