[0.251s] DEBUG:colcon:Command line arguments: ['/usr/bin/colcon', 'build']
[0.251s] DEBUG:colcon:Parsed command line arguments: Namespace(log_base=None, log_level=None, verb_name='build', build_base='build', install_base='install', merge_install=False, symlink_install=False, test_result_base=None, continue_on_error=False, executor='parallel', parallel_workers=8, event_handlers=None, ignore_user_meta=False, metas=['./colcon.meta'], base_paths=['.'], packages_ignore=None, packages_ignore_regex=None, paths=None, packages_up_to=None, packages_up_to_regex=None, packages_above=None, packages_above_and_dependencies=None, packages_above_depth=None, packages_select_by_dep=None, packages_skip_by_dep=None, packages_skip_up_to=None, packages_select_build_failed=False, packages_skip_build_finished=False, packages_select_test_failures=False, packages_skip_test_passed=False, packages_select=None, packages_skip=None, packages_select_regex=None, packages_skip_regex=None, packages_start=None, packages_end=None, allow_overriding=[], cmake_args=None, cmake_target=None, cmake_target_skip_unavailable=False, cmake_clean_cache=False, cmake_clean_first=False, cmake_force_configure=False, ament_cmake_args=None, catkin_cmake_args=None, catkin_skip_building_tests=False, mixin_files=None, mixin=None, verb_parser=<colcon_mixin.mixin.mixin_argument.MixinArgumentDecorator object at 0x732b7b511be0>, verb_extension=<colcon_core.verb.build.BuildVerb object at 0x732b7b511790>, main=<bound method BuildVerb.main of <colcon_core.verb.build.BuildVerb object at 0x732b7b511790>>, mixin_verb=('build',))
[0.315s] Level 1:colcon.colcon_core.package_discovery:discover_packages(colcon_meta) check parameters
[0.315s] Level 1:colcon.colcon_core.package_discovery:discover_packages(recursive) check parameters
[0.315s] Level 1:colcon.colcon_core.package_discovery:discover_packages(ignore) check parameters
[0.315s] Level 1:colcon.colcon_core.package_discovery:discover_packages(path) check parameters
[0.315s] Level 1:colcon.colcon_core.package_discovery:discover_packages(colcon_meta) discover
[0.315s] Level 1:colcon.colcon_core.package_discovery:discover_packages(recursive) discover
[0.315s] INFO:colcon.colcon_core.package_discovery:Crawling recursively for packages in '/home/jack/ros2_ws'
[0.315s] Level 1:colcon.colcon_core.package_identification:_identify(.) by extensions ['ignore', 'ignore_ament_install']
[0.315s] Level 1:colcon.colcon_core.package_identification:_identify(.) by extension 'ignore'
[0.316s] Level 1:colcon.colcon_core.package_identification:_identify(.) by extension 'ignore_ament_install'
[0.316s] Level 1:colcon.colcon_core.package_identification:_identify(.) by extensions ['colcon_pkg']
[0.316s] Level 1:colcon.colcon_core.package_identification:_identify(.) by extension 'colcon_pkg'
[0.316s] Level 1:colcon.colcon_core.package_identification:_identify(.) by extensions ['colcon_meta']
[0.316s] Level 1:colcon.colcon_core.package_identification:_identify(.) by extension 'colcon_meta'
[0.316s] Level 1:colcon.colcon_core.package_identification:_identify(.) by extensions ['ros']
[0.316s] Level 1:colcon.colcon_core.package_identification:_identify(.) by extension 'ros'
[0.362s] Level 1:colcon.colcon_core.package_identification:_identify(.) by extensions ['cmake', 'python']
[0.362s] Level 1:colcon.colcon_core.package_identification:_identify(.) by extension 'cmake'
[0.362s] Level 1:colcon.colcon_core.package_identification:_identify(.) by extension 'python'
[0.362s] Level 1:colcon.colcon_core.package_identification:_identify(.) by extensions ['python_setup_py']
[0.362s] Level 1:colcon.colcon_core.package_identification:_identify(.) by extension 'python_setup_py'
[0.362s] Level 1:colcon.colcon_core.package_identification:_identify(build) by extensions ['ignore', 'ignore_ament_install']
[0.362s] Level 1:colcon.colcon_core.package_identification:_identify(build) by extension 'ignore'
[0.363s] Level 1:colcon.colcon_core.package_identification:_identify(build) ignored
[0.363s] Level 1:colcon.colcon_core.package_identification:_identify(install) by extensions ['ignore', 'ignore_ament_install']
[0.363s] Level 1:colcon.colcon_core.package_identification:_identify(install) by extension 'ignore'
[0.363s] Level 1:colcon.colcon_core.package_identification:_identify(install) ignored
[0.363s] Level 1:colcon.colcon_core.package_identification:_identify(log) by extensions ['ignore', 'ignore_ament_install']
[0.363s] Level 1:colcon.colcon_core.package_identification:_identify(log) by extension 'ignore'
[0.363s] Level 1:colcon.colcon_core.package_identification:_identify(log) ignored
[0.363s] Level 1:colcon.colcon_core.package_identification:_identify(src) by extensions ['ignore', 'ignore_ament_install']
[0.364s] Level 1:colcon.colcon_core.package_identification:_identify(src) by extension 'ignore'
[0.364s] Level 1:colcon.colcon_core.package_identification:_identify(src) by extension 'ignore_ament_install'
[0.364s] Level 1:colcon.colcon_core.package_identification:_identify(src) by extensions ['colcon_pkg']
[0.364s] Level 1:colcon.colcon_core.package_identification:_identify(src) by extension 'colcon_pkg'
[0.364s] Level 1:colcon.colcon_core.package_identification:_identify(src) by extensions ['colcon_meta']
[0.364s] Level 1:colcon.colcon_core.package_identification:_identify(src) by extension 'colcon_meta'
[0.364s] Level 1:colcon.colcon_core.package_identification:_identify(src) by extensions ['ros']
[0.364s] Level 1:colcon.colcon_core.package_identification:_identify(src) by extension 'ros'
[0.364s] Level 1:colcon.colcon_core.package_identification:_identify(src) by extensions ['cmake', 'python']
[0.364s] Level 1:colcon.colcon_core.package_identification:_identify(src) by extension 'cmake'
[0.364s] Level 1:colcon.colcon_core.package_identification:_identify(src) by extension 'python'
[0.364s] Level 1:colcon.colcon_core.package_identification:_identify(src) by extensions ['python_setup_py']
[0.364s] Level 1:colcon.colcon_core.package_identification:_identify(src) by extension 'python_setup_py'
[0.365s] Level 1:colcon.colcon_core.package_identification:_identify(src/my_robot_bringup) by extensions ['ignore', 'ignore_ament_install']
[0.365s] Level 1:colcon.colcon_core.package_identification:_identify(src/my_robot_bringup) by extension 'ignore'
[0.365s] Level 1:colcon.colcon_core.package_identification:_identify(src/my_robot_bringup) by extension 'ignore_ament_install'
[0.365s] Level 1:colcon.colcon_core.package_identification:_identify(src/my_robot_bringup) by extensions ['colcon_pkg']
[0.365s] Level 1:colcon.colcon_core.package_identification:_identify(src/my_robot_bringup) by extension 'colcon_pkg'
[0.365s] Level 1:colcon.colcon_core.package_identification:_identify(src/my_robot_bringup) by extensions ['colcon_meta']
[0.365s] Level 1:colcon.colcon_core.package_identification:_identify(src/my_robot_bringup) by extension 'colcon_meta'
[0.365s] Level 1:colcon.colcon_core.package_identification:_identify(src/my_robot_bringup) by extensions ['ros']
[0.365s] Level 1:colcon.colcon_core.package_identification:_identify(src/my_robot_bringup) by extension 'ros'
[0.369s] DEBUG:colcon.colcon_core.package_identification:Package 'src/my_robot_bringup' with type 'ros.ament_cmake' and name 'my_robot_bringup'
[0.369s] Level 1:colcon.colcon_core.package_identification:_identify(src/my_robot_controller) by extensions ['ignore', 'ignore_ament_install']
[0.369s] Level 1:colcon.colcon_core.package_identification:_identify(src/my_robot_controller) by extension 'ignore'
[0.369s] Level 1:colcon.colcon_core.package_identification:_identify(src/my_robot_controller) by extension 'ignore_ament_install'
[0.370s] Level 1:colcon.colcon_core.package_identification:_identify(src/my_robot_controller) by extensions ['colcon_pkg']
[0.370s] Level 1:colcon.colcon_core.package_identification:_identify(src/my_robot_controller) by extension 'colcon_pkg'
[0.370s] Level 1:colcon.colcon_core.package_identification:_identify(src/my_robot_controller) by extensions ['colcon_meta']
[0.370s] Level 1:colcon.colcon_core.package_identification:_identify(src/my_robot_controller) by extension 'colcon_meta'
[0.370s] Level 1:colcon.colcon_core.package_identification:_identify(src/my_robot_controller) by extensions ['ros']
[0.370s] Level 1:colcon.colcon_core.package_identification:_identify(src/my_robot_controller) by extension 'ros'
[0.371s] DEBUG:colcon.colcon_core.package_identification:Package 'src/my_robot_controller' with type 'ros.ament_python' and name 'my_robot_controller'
[0.371s] Level 1:colcon.colcon_core.package_identification:_identify(src/turtle_move) by extensions ['ignore', 'ignore_ament_install']
[0.371s] Level 1:colcon.colcon_core.package_identification:_identify(src/turtle_move) by extension 'ignore'
[0.371s] Level 1:colcon.colcon_core.package_identification:_identify(src/turtle_move) by extension 'ignore_ament_install'
[0.371s] Level 1:colcon.colcon_core.package_identification:_identify(src/turtle_move) by extensions ['colcon_pkg']
[0.372s] Level 1:colcon.colcon_core.package_identification:_identify(src/turtle_move) by extension 'colcon_pkg'
[0.372s] Level 1:colcon.colcon_core.package_identification:_identify(src/turtle_move) by extensions ['colcon_meta']
[0.372s] Level 1:colcon.colcon_core.package_identification:_identify(src/turtle_move) by extension 'colcon_meta'
[0.372s] Level 1:colcon.colcon_core.package_identification:_identify(src/turtle_move) by extensions ['ros']
[0.372s] Level 1:colcon.colcon_core.package_identification:_identify(src/turtle_move) by extension 'ros'
[0.373s] DEBUG:colcon.colcon_core.package_identification:Package 'src/turtle_move' with type 'ros.ament_python' and name 'turtle_move'
[0.373s] Level 1:colcon.colcon_core.package_discovery:discover_packages(recursive) using defaults
[0.373s] Level 1:colcon.colcon_core.package_discovery:discover_packages(ignore) discover
[0.373s] Level 1:colcon.colcon_core.package_discovery:discover_packages(ignore) using defaults
[0.373s] Level 1:colcon.colcon_core.package_discovery:discover_packages(path) discover
[0.373s] Level 1:colcon.colcon_core.package_discovery:discover_packages(path) using defaults
[0.405s] Level 1:colcon.colcon_core.package_discovery:discover_packages(prefix_path) check parameters
[0.405s] Level 1:colcon.colcon_core.package_discovery:discover_packages(prefix_path) discover
[0.408s] DEBUG:colcon.colcon_installed_package_information.package_discovery:Found 3 installed packages in /home/jack/ros2_ws/install
[0.411s] DEBUG:colcon.colcon_installed_package_information.package_discovery:Found 389 installed packages in /opt/ros/jazzy
[0.413s] Level 1:colcon.colcon_core.package_discovery:discover_packages(prefix_path) using defaults
[0.502s] Level 5:colcon.colcon_core.verb:set package 'my_robot_bringup' build argument 'cmake_args' from command line to 'None'
[0.502s] Level 5:colcon.colcon_core.verb:set package 'my_robot_bringup' build argument 'cmake_target' from command line to 'None'
[0.502s] Level 5:colcon.colcon_core.verb:set package 'my_robot_bringup' build argument 'cmake_target_skip_unavailable' from command line to 'False'
[0.502s] Level 5:colcon.colcon_core.verb:set package 'my_robot_bringup' build argument 'cmake_clean_cache' from command line to 'False'
[0.502s] Level 5:colcon.colcon_core.verb:set package 'my_robot_bringup' build argument 'cmake_clean_first' from command line to 'False'
[0.502s] Level 5:colcon.colcon_core.verb:set package 'my_robot_bringup' build argument 'cmake_force_configure' from command line to 'False'
[0.502s] Level 5:colcon.colcon_core.verb:set package 'my_robot_bringup' build argument 'ament_cmake_args' from command line to 'None'
[0.502s] Level 5:colcon.colcon_core.verb:set package 'my_robot_bringup' build argument 'catkin_cmake_args' from command line to 'None'
[0.502s] Level 5:colcon.colcon_core.verb:set package 'my_robot_bringup' build argument 'catkin_skip_building_tests' from command line to 'False'
[0.502s] DEBUG:colcon.colcon_core.verb:Building package 'my_robot_bringup' with the following arguments: {'ament_cmake_args': None, 'build_base': '/home/jack/ros2_ws/build/my_robot_bringup', 'catkin_cmake_args': None, 'catkin_skip_building_tests': False, 'cmake_args': None, 'cmake_clean_cache': False, 'cmake_clean_first': False, 'cmake_force_configure': False, 'cmake_target': None, 'cmake_target_skip_unavailable': False, 'install_base': '/home/jack/ros2_ws/install/my_robot_bringup', 'merge_install': False, 'path': '/home/jack/ros2_ws/src/my_robot_bringup', 'symlink_install': False, 'test_result_base': None}
[0.503s] Level 5:colcon.colcon_core.verb:set package 'my_robot_controller' build argument 'cmake_args' from command line to 'None'
[0.503s] Level 5:colcon.colcon_core.verb:set package 'my_robot_controller' build argument 'cmake_target' from command line to 'None'
[0.503s] Level 5:colcon.colcon_core.verb:set package 'my_robot_controller' build argument 'cmake_target_skip_unavailable' from command line to 'False'
[0.503s] Level 5:colcon.colcon_core.verb:set package 'my_robot_controller' build argument 'cmake_clean_cache' from command line to 'False'
[0.503s] Level 5:colcon.colcon_core.verb:set package 'my_robot_controller' build argument 'cmake_clean_first' from command line to 'False'
[0.503s] Level 5:colcon.colcon_core.verb:set package 'my_robot_controller' build argument 'cmake_force_configure' from command line to 'False'
[0.503s] Level 5:colcon.colcon_core.verb:set package 'my_robot_controller' build argument 'ament_cmake_args' from command line to 'None'
[0.503s] Level 5:colcon.colcon_core.verb:set package 'my_robot_controller' build argument 'catkin_cmake_args' from command line to 'None'
[0.503s] Level 5:colcon.colcon_core.verb:set package 'my_robot_controller' build argument 'catkin_skip_building_tests' from command line to 'False'
[0.503s] DEBUG:colcon.colcon_core.verb:Building package 'my_robot_controller' with the following arguments: {'ament_cmake_args': None, 'build_base': '/home/jack/ros2_ws/build/my_robot_controller', 'catkin_cmake_args': None, 'catkin_skip_building_tests': False, 'cmake_args': None, 'cmake_clean_cache': False, 'cmake_clean_first': False, 'cmake_force_configure': False, 'cmake_target': None, 'cmake_target_skip_unavailable': False, 'install_base': '/home/jack/ros2_ws/install/my_robot_controller', 'merge_install': False, 'path': '/home/jack/ros2_ws/src/my_robot_controller', 'symlink_install': False, 'test_result_base': None}
[0.504s] Level 5:colcon.colcon_core.verb:set package 'turtle_move' build argument 'cmake_args' from command line to 'None'
[0.504s] Level 5:colcon.colcon_core.verb:set package 'turtle_move' build argument 'cmake_target' from command line to 'None'
[0.504s] Level 5:colcon.colcon_core.verb:set package 'turtle_move' build argument 'cmake_target_skip_unavailable' from command line to 'False'
[0.504s] Level 5:colcon.colcon_core.verb:set package 'turtle_move' build argument 'cmake_clean_cache' from command line to 'False'
[0.504s] Level 5:colcon.colcon_core.verb:set package 'turtle_move' build argument 'cmake_clean_first' from command line to 'False'
[0.504s] Level 5:colcon.colcon_core.verb:set package 'turtle_move' build argument 'cmake_force_configure' from command line to 'False'
[0.504s] Level 5:colcon.colcon_core.verb:set package 'turtle_move' build argument 'ament_cmake_args' from command line to 'None'
[0.504s] Level 5:colcon.colcon_core.verb:set package 'turtle_move' build argument 'catkin_cmake_args' from command line to 'None'
[0.504s] Level 5:colcon.colcon_core.verb:set package 'turtle_move' build argument 'catkin_skip_building_tests' from command line to 'False'
[0.504s] DEBUG:colcon.colcon_core.verb:Building package 'turtle_move' with the following arguments: {'ament_cmake_args': None, 'build_base': '/home/jack/ros2_ws/build/turtle_move', 'catkin_cmake_args': None, 'catkin_skip_building_tests': False, 'cmake_args': None, 'cmake_clean_cache': False, 'cmake_clean_first': False, 'cmake_force_configure': False, 'cmake_target': None, 'cmake_target_skip_unavailable': False, 'install_base': '/home/jack/ros2_ws/install/turtle_move', 'merge_install': False, 'path': '/home/jack/ros2_ws/src/turtle_move', 'symlink_install': False, 'test_result_base': None}
[0.504s] INFO:colcon.colcon_core.executor:Executing jobs using 'parallel' executor
[0.506s] DEBUG:colcon.colcon_parallel_executor.executor.parallel:run_until_complete
[0.506s] INFO:colcon.colcon_ros.task.ament_cmake.build:Building ROS package in '/home/jack/ros2_ws/src/my_robot_bringup' with build type 'ament_cmake'
[0.507s] INFO:colcon.colcon_cmake.task.cmake.build:Building CMake package in '/home/jack/ros2_ws/src/my_robot_bringup'
[0.510s] INFO:colcon.colcon_core.plugin_system:Skipping extension 'colcon_core.shell.bat': Not used on non-Windows systems
[0.510s] INFO:colcon.colcon_core.shell:Skip shell extension 'powershell' for command environment: Not usable outside of PowerShell
[0.510s] DEBUG:colcon.colcon_core.shell:Skip shell extension 'dsv' for command environment
[0.516s] INFO:colcon.colcon_ros.task.ament_python.build:Building ROS package in '/home/jack/ros2_ws/src/my_robot_controller' with build type 'ament_python'
[0.517s] Level 1:colcon.colcon_core.shell:create_environment_hook('my_robot_controller', 'ament_prefix_path')
[0.517s] INFO:colcon.colcon_core.shell:Creating environment hook '/home/jack/ros2_ws/install/my_robot_controller/share/my_robot_controller/hook/ament_prefix_path.ps1'
[0.518s] INFO:colcon.colcon_core.shell:Creating environment descriptor '/home/jack/ros2_ws/install/my_robot_controller/share/my_robot_controller/hook/ament_prefix_path.dsv'
[0.518s] INFO:colcon.colcon_core.shell:Creating environment hook '/home/jack/ros2_ws/install/my_robot_controller/share/my_robot_controller/hook/ament_prefix_path.sh'
[0.519s] INFO:colcon.colcon_core.shell:Skip shell extension 'powershell' for command environment: Not usable outside of PowerShell
[0.519s] DEBUG:colcon.colcon_core.shell:Skip shell extension 'dsv' for command environment
[0.525s] INFO:colcon.colcon_ros.task.ament_python.build:Building ROS package in '/home/jack/ros2_ws/src/turtle_move' with build type 'ament_python'
[0.525s] Level 1:colcon.colcon_core.shell:create_environment_hook('turtle_move', 'ament_prefix_path')
[0.525s] INFO:colcon.colcon_core.shell:Creating environment hook '/home/jack/ros2_ws/install/turtle_move/share/turtle_move/hook/ament_prefix_path.ps1'
[0.526s] INFO:colcon.colcon_core.shell:Creating environment descriptor '/home/jack/ros2_ws/install/turtle_move/share/turtle_move/hook/ament_prefix_path.dsv'
[0.527s] INFO:colcon.colcon_core.shell:Creating environment hook '/home/jack/ros2_ws/install/turtle_move/share/turtle_move/hook/ament_prefix_path.sh'
[0.527s] INFO:colcon.colcon_core.shell:Skip shell extension 'powershell' for command environment: Not usable outside of PowerShell
[0.527s] DEBUG:colcon.colcon_core.shell:Skip shell extension 'dsv' for command environment
[0.562s] DEBUG:colcon.colcon_core.event_handler.log_command:Invoking command in '/home/jack/ros2_ws/build/my_robot_bringup': CMAKE_PREFIX_PATH=${CMAKE_PREFIX_PATH}:/home/jack/ros2_ws/install/turtle_move:/home/jack/ros2_ws/install/my_robot_controller:/opt/ros/jazzy DEBUGINFOD_URLS=https://debuginfod.ubuntu.com /usr/bin/cmake --build /home/jack/ros2_ws/build/my_robot_bringup -- -j8 -l8
[1.001s] INFO:colcon.colcon_core.task.python.build:Building Python package in '/home/jack/ros2_ws/src/my_robot_controller'
[1.001s] INFO:colcon.colcon_core.shell:Skip shell extension 'powershell' for command environment: Not usable outside of PowerShell
[1.001s] DEBUG:colcon.colcon_core.shell:Skip shell extension 'dsv' for command environment
[1.444s] INFO:colcon.colcon_core.task.python.build:Building Python package in '/home/jack/ros2_ws/src/turtle_move'
[1.445s] INFO:colcon.colcon_core.shell:Skip shell extension 'powershell' for command environment: Not usable outside of PowerShell
[1.445s] DEBUG:colcon.colcon_core.shell:Skip shell extension 'dsv' for command environment
[1.455s] DEBUG:colcon.colcon_core.event_handler.log_command:Invoked command in '/home/jack/ros2_ws/build/my_robot_bringup' returned '0': CMAKE_PREFIX_PATH=${CMAKE_PREFIX_PATH}:/home/jack/ros2_ws/install/turtle_move:/home/jack/ros2_ws/install/my_robot_controller:/opt/ros/jazzy DEBUGINFOD_URLS=https://debuginfod.ubuntu.com /usr/bin/cmake --build /home/jack/ros2_ws/build/my_robot_bringup -- -j8 -l8
[1.470s] DEBUG:colcon.colcon_core.event_handler.log_command:Invoking command in '/home/jack/ros2_ws/build/my_robot_bringup': CMAKE_PREFIX_PATH=${CMAKE_PREFIX_PATH}:/home/jack/ros2_ws/install/turtle_move:/home/jack/ros2_ws/install/my_robot_controller:/opt/ros/jazzy DEBUGINFOD_URLS=https://debuginfod.ubuntu.com /usr/bin/cmake --install /home/jack/ros2_ws/build/my_robot_bringup
[1.504s] Level 1:colcon.colcon_core.environment:create_environment_scripts_only(my_robot_bringup)
[1.505s] DEBUG:colcon.colcon_core.event_handler.log_command:Invoked command in '/home/jack/ros2_ws/build/my_robot_bringup' returned '0': CMAKE_PREFIX_PATH=${CMAKE_PREFIX_PATH}:/home/jack/ros2_ws/install/turtle_move:/home/jack/ros2_ws/install/my_robot_controller:/opt/ros/jazzy DEBUGINFOD_URLS=https://debuginfod.ubuntu.com /usr/bin/cmake --install /home/jack/ros2_ws/build/my_robot_bringup
[1.508s] Level 1:colcon.colcon_core.environment:checking '/home/jack/ros2_ws/install/my_robot_bringup' for CMake module files
[1.510s] Level 1:colcon.colcon_core.environment:checking '/home/jack/ros2_ws/install/my_robot_bringup' for CMake config files
[1.510s] Level 1:colcon.colcon_core.shell:create_environment_hook('my_robot_bringup', 'cmake_prefix_path')
[1.511s] INFO:colcon.colcon_core.shell:Creating environment hook '/home/jack/ros2_ws/install/my_robot_bringup/share/my_robot_bringup/hook/cmake_prefix_path.ps1'
[1.511s] INFO:colcon.colcon_core.shell:Creating environment descriptor '/home/jack/ros2_ws/install/my_robot_bringup/share/my_robot_bringup/hook/cmake_prefix_path.dsv'
[1.512s] INFO:colcon.colcon_core.shell:Creating environment hook '/home/jack/ros2_ws/install/my_robot_bringup/share/my_robot_bringup/hook/cmake_prefix_path.sh'
[1.514s] Level 1:colcon.colcon_core.environment:checking '/home/jack/ros2_ws/install/my_robot_bringup/bin'
[1.514s] Level 1:colcon.colcon_core.environment:checking '/home/jack/ros2_ws/install/my_robot_bringup/lib/pkgconfig/my_robot_bringup.pc'
[1.514s] Level 1:colcon.colcon_core.environment:checking '/home/jack/ros2_ws/install/my_robot_bringup/lib/python3.12/site-packages'
[1.515s] Level 1:colcon.colcon_core.environment:checking '/home/jack/ros2_ws/install/my_robot_bringup/bin'
[1.515s] INFO:colcon.colcon_core.shell:Creating package script '/home/jack/ros2_ws/install/my_robot_bringup/share/my_robot_bringup/package.ps1'
[1.516s] INFO:colcon.colcon_core.shell:Creating package descriptor '/home/jack/ros2_ws/install/my_robot_bringup/share/my_robot_bringup/package.dsv'
[1.517s] INFO:colcon.colcon_core.shell:Creating package script '/home/jack/ros2_ws/install/my_robot_bringup/share/my_robot_bringup/package.sh'
[1.519s] INFO:colcon.colcon_core.shell:Creating package script '/home/jack/ros2_ws/install/my_robot_bringup/share/my_robot_bringup/package.bash'
[1.520s] INFO:colcon.colcon_core.shell:Creating package script '/home/jack/ros2_ws/install/my_robot_bringup/share/my_robot_bringup/package.zsh'
[1.520s] Level 1:colcon.colcon_core.environment:create_file_with_runtime_dependencies(/home/jack/ros2_ws/install/my_robot_bringup/share/colcon-core/packages/my_robot_bringup)
[1.521s] Level 1:colcon.colcon_core.environment:create_environment_scripts_only(my_robot_bringup)
[1.522s] Level 1:colcon.colcon_core.environment:checking '/home/jack/ros2_ws/install/my_robot_bringup' for CMake module files
[1.522s] Level 1:colcon.colcon_core.environment:checking '/home/jack/ros2_ws/install/my_robot_bringup' for CMake config files
[1.523s] Level 1:colcon.colcon_core.shell:create_environment_hook('my_robot_bringup', 'cmake_prefix_path')
[1.523s] INFO:colcon.colcon_core.shell:Creating environment hook '/home/jack/ros2_ws/install/my_robot_bringup/share/my_robot_bringup/hook/cmake_prefix_path.ps1'
[1.524s] INFO:colcon.colcon_core.shell:Creating environment descriptor '/home/jack/ros2_ws/install/my_robot_bringup/share/my_robot_bringup/hook/cmake_prefix_path.dsv'
[1.524s] INFO:colcon.colcon_core.shell:Creating environment hook '/home/jack/ros2_ws/install/my_robot_bringup/share/my_robot_bringup/hook/cmake_prefix_path.sh'
[1.525s] Level 1:colcon.colcon_core.environment:checking '/home/jack/ros2_ws/install/my_robot_bringup/bin'
[1.525s] Level 1:colcon.colcon_core.environment:checking '/home/jack/ros2_ws/install/my_robot_bringup/lib/pkgconfig/my_robot_bringup.pc'
[1.526s] Level 1:colcon.colcon_core.environment:checking '/home/jack/ros2_ws/install/my_robot_bringup/lib/python3.12/site-packages'
[1.526s] Level 1:colcon.colcon_core.environment:checking '/home/jack/ros2_ws/install/my_robot_bringup/bin'
[1.526s] INFO:colcon.colcon_core.shell:Creating package script '/home/jack/ros2_ws/install/my_robot_bringup/share/my_robot_bringup/package.ps1'
[1.527s] INFO:colcon.colcon_core.shell:Creating package descriptor '/home/jack/ros2_ws/install/my_robot_bringup/share/my_robot_bringup/package.dsv'
[1.528s] INFO:colcon.colcon_core.shell:Creating package script '/home/jack/ros2_ws/install/my_robot_bringup/share/my_robot_bringup/package.sh'
[1.529s] INFO:colcon.colcon_core.shell:Creating package script '/home/jack/ros2_ws/install/my_robot_bringup/share/my_robot_bringup/package.bash'
[1.529s] INFO:colcon.colcon_core.shell:Creating package script '/home/jack/ros2_ws/install/my_robot_bringup/share/my_robot_bringup/package.zsh'
[1.530s] Level 1:colcon.colcon_core.environment:create_file_with_runtime_dependencies(/home/jack/ros2_ws/install/my_robot_bringup/share/colcon-core/packages/my_robot_bringup)
[2.743s] DEBUG:colcon.colcon_core.event_handler.log_command:Invoking command in '/home/jack/ros2_ws/src/my_robot_controller': DEBUGINFOD_URLS=https://debuginfod.ubuntu.com PYTHONPATH=/home/jack/ros2_ws/build/my_robot_controller/prefix_override:/usr/lib/python3/dist-packages/colcon_core/task/python/colcon_distutils_commands:/home/jack/ros2_ws/install/my_robot_controller/lib/python3.12/site-packages:${PYTHONPATH} /usr/bin/python3 -W ignore:setup.py install is deprecated -W ignore:easy_install command is deprecated setup.py egg_info --egg-base ../../build/my_robot_controller build --build-base /home/jack/ros2_ws/build/my_robot_controller/build install --record /home/jack/ros2_ws/build/my_robot_controller/install.log --single-version-externally-managed install_data
[2.745s] DEBUG:colcon.colcon_core.event_handler.log_command:Invoking command in '/home/jack/ros2_ws/src/turtle_move': DEBUGINFOD_URLS=https://debuginfod.ubuntu.com PYTHONPATH=/home/jack/ros2_ws/build/turtle_move/prefix_override:/usr/lib/python3/dist-packages/colcon_core/task/python/colcon_distutils_commands:/home/jack/ros2_ws/install/turtle_move/lib/python3.12/site-packages:${PYTHONPATH} /usr/bin/python3 -W ignore:setup.py install is deprecated -W ignore:easy_install command is deprecated setup.py egg_info --egg-base ../../build/turtle_move build --build-base /home/jack/ros2_ws/build/turtle_move/build install --record /home/jack/ros2_ws/build/turtle_move/install.log --single-version-externally-managed install_data
[3.938s] Level 1:colcon.colcon_core.environment:checking '/home/jack/ros2_ws/install/my_robot_controller' for CMake module files
[3.939s] DEBUG:colcon.colcon_core.event_handler.log_command:Invoked command in '/home/jack/ros2_ws/src/my_robot_controller' returned '0': DEBUGINFOD_URLS=https://debuginfod.ubuntu.com PYTHONPATH=/home/jack/ros2_ws/build/my_robot_controller/prefix_override:/usr/lib/python3/dist-packages/colcon_core/task/python/colcon_distutils_commands:/home/jack/ros2_ws/install/my_robot_controller/lib/python3.12/site-packages:${PYTHONPATH} /usr/bin/python3 -W ignore:setup.py install is deprecated -W ignore:easy_install command is deprecated setup.py egg_info --egg-base ../../build/my_robot_controller build --build-base /home/jack/ros2_ws/build/my_robot_controller/build install --record /home/jack/ros2_ws/build/my_robot_controller/install.log --single-version-externally-managed install_data
[3.939s] Level 1:colcon.colcon_core.environment:checking '/home/jack/ros2_ws/install/my_robot_controller' for CMake config files
[3.940s] Level 1:colcon.colcon_core.environment:checking '/home/jack/ros2_ws/install/my_robot_controller/lib'
[3.941s] Level 1:colcon.colcon_core.environment:checking '/home/jack/ros2_ws/install/my_robot_controller/bin'
[3.941s] Level 1:colcon.colcon_core.environment:checking '/home/jack/ros2_ws/install/my_robot_controller/lib/pkgconfig/my_robot_controller.pc'
[3.941s] Level 1:colcon.colcon_core.environment:checking '/home/jack/ros2_ws/install/my_robot_controller/lib/python3.12/site-packages'
[3.942s] Level 1:colcon.colcon_core.shell:create_environment_hook('my_robot_controller', 'pythonpath')
[3.942s] INFO:colcon.colcon_core.shell:Creating environment hook '/home/jack/ros2_ws/install/my_robot_controller/share/my_robot_controller/hook/pythonpath.ps1'
[3.943s] INFO:colcon.colcon_core.shell:Creating environment descriptor '/home/jack/ros2_ws/install/my_robot_controller/share/my_robot_controller/hook/pythonpath.dsv'
[3.944s] INFO:colcon.colcon_core.shell:Creating environment hook '/home/jack/ros2_ws/install/my_robot_controller/share/my_robot_controller/hook/pythonpath.sh'
[3.945s] Level 1:colcon.colcon_core.environment:checking '/home/jack/ros2_ws/install/my_robot_controller/bin'
[3.945s] Level 1:colcon.colcon_core.environment:create_environment_scripts_only(my_robot_controller)
[3.945s] INFO:colcon.colcon_core.shell:Creating package script '/home/jack/ros2_ws/install/my_robot_controller/share/my_robot_controller/package.ps1'
[3.946s] INFO:colcon.colcon_core.shell:Creating package descriptor '/home/jack/ros2_ws/install/my_robot_controller/share/my_robot_controller/package.dsv'
[3.947s] INFO:colcon.colcon_core.shell:Creating package script '/home/jack/ros2_ws/install/my_robot_controller/share/my_robot_controller/package.sh'
[3.948s] INFO:colcon.colcon_core.shell:Creating package script '/home/jack/ros2_ws/install/my_robot_controller/share/my_robot_controller/package.bash'
[3.948s] INFO:colcon.colcon_core.shell:Creating package script '/home/jack/ros2_ws/install/my_robot_controller/share/my_robot_controller/package.zsh'
[3.949s] Level 1:colcon.colcon_core.environment:create_file_with_runtime_dependencies(/home/jack/ros2_ws/install/my_robot_controller/share/colcon-core/packages/my_robot_controller)
[3.956s] Level 1:colcon.colcon_core.environment:checking '/home/jack/ros2_ws/install/turtle_move' for CMake module files
[3.957s] DEBUG:colcon.colcon_core.event_handler.log_command:Invoked command in '/home/jack/ros2_ws/src/turtle_move' returned '0': DEBUGINFOD_URLS=https://debuginfod.ubuntu.com PYTHONPATH=/home/jack/ros2_ws/build/turtle_move/prefix_override:/usr/lib/python3/dist-packages/colcon_core/task/python/colcon_distutils_commands:/home/jack/ros2_ws/install/turtle_move/lib/python3.12/site-packages:${PYTHONPATH} /usr/bin/python3 -W ignore:setup.py install is deprecated -W ignore:easy_install command is deprecated setup.py egg_info --egg-base ../../build/turtle_move build --build-base /home/jack/ros2_ws/build/turtle_move/build install --record /home/jack/ros2_ws/build/turtle_move/install.log --single-version-externally-managed install_data
[3.957s] Level 1:colcon.colcon_core.environment:checking '/home/jack/ros2_ws/install/turtle_move' for CMake config files
[3.959s] Level 1:colcon.colcon_core.environment:checking '/home/jack/ros2_ws/install/turtle_move/lib'
[3.959s] Level 1:colcon.colcon_core.environment:checking '/home/jack/ros2_ws/install/turtle_move/bin'
[3.959s] Level 1:colcon.colcon_core.environment:checking '/home/jack/ros2_ws/install/turtle_move/lib/pkgconfig/turtle_move.pc'
[3.959s] Level 1:colcon.colcon_core.environment:checking '/home/jack/ros2_ws/install/turtle_move/lib/python3.12/site-packages'
[3.959s] Level 1:colcon.colcon_core.shell:create_environment_hook('turtle_move', 'pythonpath')
[3.960s] INFO:colcon.colcon_core.shell:Creating environment hook '/home/jack/ros2_ws/install/turtle_move/share/turtle_move/hook/pythonpath.ps1'
[3.961s] INFO:colcon.colcon_core.shell:Creating environment descriptor '/home/jack/ros2_ws/install/turtle_move/share/turtle_move/hook/pythonpath.dsv'
[3.961s] INFO:colcon.colcon_core.shell:Creating environment hook '/home/jack/ros2_ws/install/turtle_move/share/turtle_move/hook/pythonpath.sh'
[3.962s] Level 1:colcon.colcon_core.environment:checking '/home/jack/ros2_ws/install/turtle_move/bin'
[3.962s] Level 1:colcon.colcon_core.environment:create_environment_scripts_only(turtle_move)
[3.963s] INFO:colcon.colcon_core.shell:Creating package script '/home/jack/ros2_ws/install/turtle_move/share/turtle_move/package.ps1'
[3.963s] INFO:colcon.colcon_core.shell:Creating package descriptor '/home/jack/ros2_ws/install/turtle_move/share/turtle_move/package.dsv'
[3.964s] INFO:colcon.colcon_core.shell:Creating package script '/home/jack/ros2_ws/install/turtle_move/share/turtle_move/package.sh'
[3.965s] INFO:colcon.colcon_core.shell:Creating package script '/home/jack/ros2_ws/install/turtle_move/share/turtle_move/package.bash'
[3.966s] INFO:colcon.colcon_core.shell:Creating package script '/home/jack/ros2_ws/install/turtle_move/share/turtle_move/package.zsh'
[3.966s] Level 1:colcon.colcon_core.environment:create_file_with_runtime_dependencies(/home/jack/ros2_ws/install/turtle_move/share/colcon-core/packages/turtle_move)
[3.966s] DEBUG:colcon.colcon_parallel_executor.executor.parallel:closing loop
[3.967s] DEBUG:colcon.colcon_parallel_executor.executor.parallel:loop closed
[3.967s] DEBUG:colcon.colcon_parallel_executor.executor.parallel:run_until_complete finished with '0'
[3.968s] DEBUG:colcon.colcon_core.event_reactor:joining thread
[3.977s] INFO:colcon.colcon_core.plugin_system:Skipping extension 'colcon_notification.desktop_notification.terminal_notifier': Not used on non-Darwin systems
[3.977s] INFO:colcon.colcon_core.plugin_system:Skipping extension 'colcon_notification.desktop_notification.win32': Not used on non-Windows systems
[3.978s] INFO:colcon.colcon_notification.desktop_notification:Sending desktop notification using 'notify2'
[4.010s] DEBUG:colcon.colcon_core.event_reactor:joined thread
[4.010s] INFO:colcon.colcon_core.shell:Creating prefix script '/home/jack/ros2_ws/install/local_setup.ps1'
[4.012s] INFO:colcon.colcon_core.shell:Creating prefix util module '/home/jack/ros2_ws/install/_local_setup_util_ps1.py'
[4.015s] INFO:colcon.colcon_core.shell:Creating prefix chain script '/home/jack/ros2_ws/install/setup.ps1'
[4.017s] INFO:colcon.colcon_core.shell:Creating prefix script '/home/jack/ros2_ws/install/local_setup.sh'
[4.018s] INFO:colcon.colcon_core.shell:Creating prefix util module '/home/jack/ros2_ws/install/_local_setup_util_sh.py'
[4.019s] INFO:colcon.colcon_core.shell:Creating prefix chain script '/home/jack/ros2_ws/install/setup.sh'
[4.022s] INFO:colcon.colcon_core.shell:Creating prefix script '/home/jack/ros2_ws/install/local_setup.bash'
[4.022s] INFO:colcon.colcon_core.shell:Creating prefix chain script '/home/jack/ros2_ws/install/setup.bash'
[4.024s] INFO:colcon.colcon_core.shell:Creating prefix script '/home/jack/ros2_ws/install/local_setup.zsh'
[4.025s] INFO:colcon.colcon_core.shell:Creating prefix chain script '/home/jack/ros2_ws/install/setup.zsh'
