[1.767s] Invoking command in '/home/jack/ros2_ws/src/learning_tf2_py': DEBUGINFOD_URLS=https://debuginfod.ubuntu.com PYTHONPATH=/home/jack/ros2_ws/build/learning_tf2_py/prefix_override:/usr/lib/python3/dist-packages/colcon_core/task/python/colcon_distutils_commands:/home/jack/ros2_ws/install/learning_tf2_py/lib/python3.12/site-packages:${PYTHONPATH} /usr/bin/python3 -W ignore:setup.py install is deprecated -W ignore:easy_install command is deprecated setup.py egg_info --egg-base ../../build/learning_tf2_py build --build-base /home/jack/ros2_ws/build/learning_tf2_py/build install --record /home/jack/ros2_ws/build/learning_tf2_py/install.log --single-version-externally-managed install_data
[2.361s] running egg_info
[2.362s] creating ../../build/learning_tf2_py/learning_tf2_py.egg-info
[2.409s] writing ../../build/learning_tf2_py/learning_tf2_py.egg-info/PKG-INFO
[2.410s] writing dependency_links to ../../build/learning_tf2_py/learning_tf2_py.egg-info/dependency_links.txt
[2.410s] writing entry points to ../../build/learning_tf2_py/learning_tf2_py.egg-info/entry_points.txt
[2.411s] writing requirements to ../../build/learning_tf2_py/learning_tf2_py.egg-info/requires.txt
[2.411s] writing top-level names to ../../build/learning_tf2_py/learning_tf2_py.egg-info/top_level.txt
[2.411s] writing manifest file '../../build/learning_tf2_py/learning_tf2_py.egg-info/SOURCES.txt'
[2.504s] reading manifest file '../../build/learning_tf2_py/learning_tf2_py.egg-info/SOURCES.txt'
[2.504s] adding license file 'LICENSE'
[2.505s] writing manifest file '../../build/learning_tf2_py/learning_tf2_py.egg-info/SOURCES.txt'
[2.505s] running build
[2.505s] running build_py
[2.505s] creating /home/jack/ros2_ws/build/learning_tf2_py/build
[2.505s] creating /home/jack/ros2_ws/build/learning_tf2_py/build/lib
[2.506s] creating /home/jack/ros2_ws/build/learning_tf2_py/build/lib/learning_tf2_py
[2.506s] copying learning_tf2_py/static_turtle_tf2_broadcaster.py -> /home/jack/ros2_ws/build/learning_tf2_py/build/lib/learning_tf2_py
[2.506s] copying learning_tf2_py/__init__.py -> /home/jack/ros2_ws/build/learning_tf2_py/build/lib/learning_tf2_py
[2.506s] running install
[2.518s] running install_lib
[2.563s] creating /home/jack/ros2_ws/install/learning_tf2_py/lib/python3.12/site-packages/learning_tf2_py
[2.564s] copying /home/jack/ros2_ws/build/learning_tf2_py/build/lib/learning_tf2_py/static_turtle_tf2_broadcaster.py -> /home/jack/ros2_ws/install/learning_tf2_py/lib/python3.12/site-packages/learning_tf2_py
[2.564s] copying /home/jack/ros2_ws/build/learning_tf2_py/build/lib/learning_tf2_py/__init__.py -> /home/jack/ros2_ws/install/learning_tf2_py/lib/python3.12/site-packages/learning_tf2_py
[2.565s] byte-compiling /home/jack/ros2_ws/install/learning_tf2_py/lib/python3.12/site-packages/learning_tf2_py/static_turtle_tf2_broadcaster.py to static_turtle_tf2_broadcaster.cpython-312.pyc
[2.567s] byte-compiling /home/jack/ros2_ws/install/learning_tf2_py/lib/python3.12/site-packages/learning_tf2_py/__init__.py to __init__.cpython-312.pyc
[2.567s] running install_data
[2.568s] creating /home/jack/ros2_ws/install/learning_tf2_py/share/ament_index
[2.568s] creating /home/jack/ros2_ws/install/learning_tf2_py/share/ament_index/resource_index
[2.568s] creating /home/jack/ros2_ws/install/learning_tf2_py/share/ament_index/resource_index/packages
[2.568s] copying resource/learning_tf2_py -> /home/jack/ros2_ws/install/learning_tf2_py/share/ament_index/resource_index/packages
[2.568s] copying package.xml -> /home/jack/ros2_ws/install/learning_tf2_py/share/learning_tf2_py
[2.568s] running install_egg_info
[2.628s] Copying ../../build/learning_tf2_py/learning_tf2_py.egg-info to /home/jack/ros2_ws/install/learning_tf2_py/lib/python3.12/site-packages/learning_tf2_py-0.0.0-py3.12.egg-info
[2.629s] running install_scripts
[2.946s] Installing static_turtle_tf2_broadcaster script to /home/jack/ros2_ws/install/learning_tf2_py/lib/learning_tf2_py
[2.946s] writing list of installed files to '/home/jack/ros2_ws/build/learning_tf2_py/install.log'
[2.992s] Invoked command in '/home/jack/ros2_ws/src/learning_tf2_py' returned '0': DEBUGINFOD_URLS=https://debuginfod.ubuntu.com PYTHONPATH=/home/jack/ros2_ws/build/learning_tf2_py/prefix_override:/usr/lib/python3/dist-packages/colcon_core/task/python/colcon_distutils_commands:/home/jack/ros2_ws/install/learning_tf2_py/lib/python3.12/site-packages:${PYTHONPATH} /usr/bin/python3 -W ignore:setup.py install is deprecated -W ignore:easy_install command is deprecated setup.py egg_info --egg-base ../../build/learning_tf2_py build --build-base /home/jack/ros2_ws/build/learning_tf2_py/build install --record /home/jack/ros2_ws/build/learning_tf2_py/install.log --single-version-externally-managed install_data
