running egg_info
creating ../../build/turtle_move/pubsub.egg-info
writing ../../build/turtle_move/pubsub.egg-info/PKG-INFO
writing dependency_links to ../../build/turtle_move/pubsub.egg-info/dependency_links.txt
writing entry points to ../../build/turtle_move/pubsub.egg-info/entry_points.txt
writing requirements to ../../build/turtle_move/pubsub.egg-info/requires.txt
writing top-level names to ../../build/turtle_move/pubsub.egg-info/top_level.txt
writing manifest file '../../build/turtle_move/pubsub.egg-info/SOURCES.txt'
reading manifest file '../../build/turtle_move/pubsub.egg-info/SOURCES.txt'
writing manifest file '../../build/turtle_move/pubsub.egg-info/SOURCES.txt'
running build
running build_py
creating /home/jack/ros2_ws/build/turtle_move/build
creating /home/jack/ros2_ws/build/turtle_move/build/lib
creating /home/jack/ros2_ws/build/turtle_move/build/lib/pubsub
copying pubsub/__init__.py -> /home/jack/ros2_ws/build/turtle_move/build/lib/pubsub
copying pubsub/pubsub.py -> /home/jack/ros2_ws/build/turtle_move/build/lib/pubsub
running install
running install_lib
creating /home/jack/ros2_ws/install/turtle_move/lib/python3.12/site-packages/pubsub
copying /home/jack/ros2_ws/build/turtle_move/build/lib/pubsub/__init__.py -> /home/jack/ros2_ws/install/turtle_move/lib/python3.12/site-packages/pubsub
copying /home/jack/ros2_ws/build/turtle_move/build/lib/pubsub/pubsub.py -> /home/jack/ros2_ws/install/turtle_move/lib/python3.12/site-packages/pubsub
byte-compiling /home/jack/ros2_ws/install/turtle_move/lib/python3.12/site-packages/pubsub/__init__.py to __init__.cpython-312.pyc
byte-compiling /home/jack/ros2_ws/install/turtle_move/lib/python3.12/site-packages/pubsub/pubsub.py to pubsub.cpython-312.pyc
running install_data
copying resource/pubsub -> /home/jack/ros2_ws/install/turtle_move/share/ament_index/resource_index/packages
creating /home/jack/ros2_ws/install/turtle_move/share/pubsub
copying package.xml -> /home/jack/ros2_ws/install/turtle_move/share/pubsub
creating /home/jack/ros2_ws/install/turtle_move/share/pubsub/launch
copying launch/pubsub.launch.xml -> /home/jack/ros2_ws/install/turtle_move/share/pubsub/launch
running install_egg_info
Copying ../../build/turtle_move/pubsub.egg-info to /home/jack/ros2_ws/install/turtle_move/lib/python3.12/site-packages/pubsub-0.0.0-py3.12.egg-info
running install_scripts
Installing Pubsub_node script to /home/jack/ros2_ws/install/turtle_move/lib/pubsub
writing list of installed files to '/home/jack/ros2_ws/build/turtle_move/install.log'
