[1.073s] Invoking command in '/home/jack/ros2_ws/src/homework1/turtle_control': DEBUGINFOD_URLS=https://debuginfod.ubuntu.com PYTHONPATH=/home/jack/ros2_ws/build/turtle_control/prefix_override:/usr/lib/python3/dist-packages/colcon_core/task/python/colcon_distutils_commands:/home/jack/ros2_ws/install/turtle_control/lib/python3.12/site-packages:${PYTHONPATH} /usr/bin/python3 -W ignore:setup.py install is deprecated -W ignore:easy_install command is deprecated setup.py egg_info --egg-base ../../../build/turtle_control build --build-base /home/jack/ros2_ws/build/turtle_control/build install --record /home/jack/ros2_ws/build/turtle_control/install.log --single-version-externally-managed install_data
[1.440s] running egg_info
[1.470s] writing ../../../build/turtle_control/turtle_control.egg-info/PKG-INFO
[1.470s] writing dependency_links to ../../../build/turtle_control/turtle_control.egg-info/dependency_links.txt
[1.470s] writing entry points to ../../../build/turtle_control/turtle_control.egg-info/entry_points.txt
[1.470s] writing requirements to ../../../build/turtle_control/turtle_control.egg-info/requires.txt
[1.470s] writing top-level names to ../../../build/turtle_control/turtle_control.egg-info/top_level.txt
[1.529s] reading manifest file '../../../build/turtle_control/turtle_control.egg-info/SOURCES.txt'
[1.530s] writing manifest file '../../../build/turtle_control/turtle_control.egg-info/SOURCES.txt'
[1.530s] running build
[1.530s] running build_py
[1.530s] copying turtle_control/waypoint.py -> /home/jack/ros2_ws/build/turtle_control/build/lib/turtle_control
[1.530s] running install
[1.537s] running install_lib
[1.565s] copying /home/jack/ros2_ws/build/turtle_control/build/lib/turtle_control/waypoint.py -> /home/jack/ros2_ws/install/turtle_control/lib/python3.12/site-packages/turtle_control
[1.566s] byte-compiling /home/jack/ros2_ws/install/turtle_control/lib/python3.12/site-packages/turtle_control/waypoint.py to waypoint.cpython-312.pyc
[1.567s] running install_data
[1.567s] running install_egg_info
[1.597s] removing '/home/jack/ros2_ws/install/turtle_control/lib/python3.12/site-packages/turtle_control-0.0.0-py3.12.egg-info' (and everything under it)
[1.598s] Copying ../../../build/turtle_control/turtle_control.egg-info to /home/jack/ros2_ws/install/turtle_control/lib/python3.12/site-packages/turtle_control-0.0.0-py3.12.egg-info
[1.598s] running install_scripts
[1.778s] Installing waypoint script to /home/jack/ros2_ws/install/turtle_control/lib/turtle_control
[1.779s] writing list of installed files to '/home/jack/ros2_ws/build/turtle_control/install.log'
[1.809s] Invoked command in '/home/jack/ros2_ws/src/homework1/turtle_control' returned '0': DEBUGINFOD_URLS=https://debuginfod.ubuntu.com PYTHONPATH=/home/jack/ros2_ws/build/turtle_control/prefix_override:/usr/lib/python3/dist-packages/colcon_core/task/python/colcon_distutils_commands:/home/jack/ros2_ws/install/turtle_control/lib/python3.12/site-packages:${PYTHONPATH} /usr/bin/python3 -W ignore:setup.py install is deprecated -W ignore:easy_install command is deprecated setup.py egg_info --egg-base ../../../build/turtle_control build --build-base /home/jack/ros2_ws/build/turtle_control/build install --record /home/jack/ros2_ws/build/turtle_control/install.log --single-version-externally-managed install_data
