[4.561s] Invoking command in '/home/jack/ros2_ws/src/my_robot_controller': DEBUGINFOD_URLS=https://debuginfod.ubuntu.com PYTHONPATH=/home/jack/ros2_ws/build/my_robot_controller/prefix_override:/usr/lib/python3/dist-packages/colcon_core/task/python/colcon_distutils_commands:/home/jack/ros2_ws/install/my_robot_controller/lib/python3.12/site-packages:${PYTHONPATH} /usr/bin/python3 -W ignore:setup.py install is deprecated -W ignore:easy_install command is deprecated setup.py egg_info --egg-base ../../build/my_robot_controller build --build-base /home/jack/ros2_ws/build/my_robot_controller/build install --record /home/jack/ros2_ws/build/my_robot_controller/install.log --single-version-externally-managed install_data
[5.621s] running egg_info
[5.725s] writing ../../build/my_robot_controller/my_robot_controller.egg-info/PKG-INFO
[5.728s] writing dependency_links to ../../build/my_robot_controller/my_robot_controller.egg-info/dependency_links.txt
[5.728s] writing entry points to ../../build/my_robot_controller/my_robot_controller.egg-info/entry_points.txt
[5.728s] writing requirements to ../../build/my_robot_controller/my_robot_controller.egg-info/requires.txt
[5.729s] writing top-level names to ../../build/my_robot_controller/my_robot_controller.egg-info/top_level.txt
[5.923s] reading manifest file '../../build/my_robot_controller/my_robot_controller.egg-info/SOURCES.txt'
[5.934s] writing manifest file '../../build/my_robot_controller/my_robot_controller.egg-info/SOURCES.txt'
[5.934s] running build
[5.934s] running build_py
[5.935s] running install
[5.961s] running install_lib
[6.053s] running install_data
[6.054s] running install_egg_info
[6.149s] removing '/home/jack/ros2_ws/install/my_robot_controller/lib/python3.12/site-packages/my_robot_controller-0.0.0-py3.12.egg-info' (and everything under it)
[6.150s] Copying ../../build/my_robot_controller/my_robot_controller.egg-info to /home/jack/ros2_ws/install/my_robot_controller/lib/python3.12/site-packages/my_robot_controller-0.0.0-py3.12.egg-info
[6.157s] running install_scripts
[6.739s] Installing draw_circle script to /home/jack/ros2_ws/install/my_robot_controller/lib/my_robot_controller
[6.740s] Installing pose_subscriber script to /home/jack/ros2_ws/install/my_robot_controller/lib/my_robot_controller
[6.741s] Installing test_node script to /home/jack/ros2_ws/install/my_robot_controller/lib/my_robot_controller
[6.741s] Installing turtle_controller script to /home/jack/ros2_ws/install/my_robot_controller/lib/my_robot_controller
[6.743s] writing list of installed files to '/home/jack/ros2_ws/build/my_robot_controller/install.log'
[6.827s] Invoked command in '/home/jack/ros2_ws/src/my_robot_controller' returned '0': DEBUGINFOD_URLS=https://debuginfod.ubuntu.com PYTHONPATH=/home/jack/ros2_ws/build/my_robot_controller/prefix_override:/usr/lib/python3/dist-packages/colcon_core/task/python/colcon_distutils_commands:/home/jack/ros2_ws/install/my_robot_controller/lib/python3.12/site-packages:${PYTHONPATH} /usr/bin/python3 -W ignore:setup.py install is deprecated -W ignore:easy_install command is deprecated setup.py egg_info --egg-base ../../build/my_robot_controller build --build-base /home/jack/ros2_ws/build/my_robot_controller/build install --record /home/jack/ros2_ws/build/my_robot_controller/install.log --single-version-externally-managed install_data
