[2.457s] Invoking command in '/home/jack/ros2_ws/src/turtle_move': DEBUGINFOD_URLS=https://debuginfod.ubuntu.com PYTHONPATH=/home/jack/ros2_ws/build/turtle_move/prefix_override:/usr/lib/python3/dist-packages/colcon_core/task/python/colcon_distutils_commands:/home/jack/ros2_ws/install/turtle_move/lib/python3.12/site-packages:${PYTHONPATH} /usr/bin/python3 -W ignore:setup.py install is deprecated -W ignore:easy_install command is deprecated setup.py egg_info --egg-base ../../build/turtle_move build --build-base /home/jack/ros2_ws/build/turtle_move/build install --record /home/jack/ros2_ws/build/turtle_move/install.log --single-version-externally-managed install_data
[3.044s] running egg_info
[3.090s] writing ../../build/turtle_move/turtle_move.egg-info/PKG-INFO
[3.099s] writing dependency_links to ../../build/turtle_move/turtle_move.egg-info/dependency_links.txt
[3.099s] writing entry points to ../../build/turtle_move/turtle_move.egg-info/entry_points.txt
[3.099s] writing requirements to ../../build/turtle_move/turtle_move.egg-info/requires.txt
[3.099s] writing top-level names to ../../build/turtle_move/turtle_move.egg-info/top_level.txt
[3.195s] reading manifest file '../../build/turtle_move/turtle_move.egg-info/SOURCES.txt'
[3.197s] writing manifest file '../../build/turtle_move/turtle_move.egg-info/SOURCES.txt'
[3.198s] running build
[3.198s] running build_py
[3.199s] copying turtle_move/turtle_node.py -> /home/jack/ros2_ws/build/turtle_move/build/lib/turtle_move
[3.199s] running install
[3.211s] running install_lib
[3.259s] copying /home/jack/ros2_ws/build/turtle_move/build/lib/turtle_move/turtle_node.py -> /home/jack/ros2_ws/install/turtle_move/lib/python3.12/site-packages/turtle_move
[3.260s] byte-compiling /home/jack/ros2_ws/install/turtle_move/lib/python3.12/site-packages/turtle_move/turtle_node.py to turtle_node.cpython-312.pyc
[3.261s] running install_data
[3.262s] copying package.xml -> /home/jack/ros2_ws/install/turtle_move/share/turtle_move
[3.262s] running install_egg_info
[3.312s] removing '/home/jack/ros2_ws/install/turtle_move/lib/python3.12/site-packages/turtle_move-0.0.0-py3.12.egg-info' (and everything under it)
[3.313s] Copying ../../build/turtle_move/turtle_move.egg-info to /home/jack/ros2_ws/install/turtle_move/lib/python3.12/site-packages/turtle_move-0.0.0-py3.12.egg-info
[3.315s] running install_scripts
[3.642s] Installing turtle_node script to /home/jack/ros2_ws/install/turtle_move/lib/turtle_move
[3.643s] writing list of installed files to '/home/jack/ros2_ws/build/turtle_move/install.log'
[3.696s] Invoked command in '/home/jack/ros2_ws/src/turtle_move' returned '0': DEBUGINFOD_URLS=https://debuginfod.ubuntu.com PYTHONPATH=/home/jack/ros2_ws/build/turtle_move/prefix_override:/usr/lib/python3/dist-packages/colcon_core/task/python/colcon_distutils_commands:/home/jack/ros2_ws/install/turtle_move/lib/python3.12/site-packages:${PYTHONPATH} /usr/bin/python3 -W ignore:setup.py install is deprecated -W ignore:easy_install command is deprecated setup.py egg_info --egg-base ../../build/turtle_move build --build-base /home/jack/ros2_ws/build/turtle_move/build install --record /home/jack/ros2_ws/build/turtle_move/install.log --single-version-externally-managed install_data
