running egg_info
writing ../../../build/turtle_control/turtle_control.egg-info/PKG-INFO
writing dependency_links to ../../../build/turtle_control/turtle_control.egg-info/dependency_links.txt
writing entry points to ../../../build/turtle_control/turtle_control.egg-info/entry_points.txt
writing requirements to ../../../build/turtle_control/turtle_control.egg-info/requires.txt
writing top-level names to ../../../build/turtle_control/turtle_control.egg-info/top_level.txt
reading manifest file '../../../build/turtle_control/turtle_control.egg-info/SOURCES.txt'
writing manifest file '../../../build/turtle_control/turtle_control.egg-info/SOURCES.txt'
running build
running build_py
running install
running install_lib
running install_data
copying config/colors.yaml -> /home/jack/ros2_ws/install/turtle_control/share/turtle_control/config
running install_egg_info
removing '/home/jack/ros2_ws/install/turtle_control/lib/python3.12/site-packages/turtle_control-0.0.0-py3.12.egg-info' (and everything under it)
Copying ../../../build/turtle_control/turtle_control.egg-info to /home/jack/ros2_ws/install/turtle_control/lib/python3.12/site-packages/turtle_control-0.0.0-py3.12.egg-info
running install_scripts
Installing waypoint script to /home/jack/ros2_ws/install/turtle_control/lib/turtle_control
writing list of installed files to '/home/jack/ros2_ws/build/turtle_control/install.log'
