[0.663s] Invoking command in '/home/jack/ros2_ws/src/homework1/turtle_control': DEBUGINFOD_URLS=https://debuginfod.ubuntu.com PYTHONPATH=/home/jack/ros2_ws/build/turtle_control/prefix_override:/usr/lib/python3/dist-packages/colcon_core/task/python/colcon_distutils_commands:/home/jack/ros2_ws/install/turtle_control/lib/python3.12/site-packages:/home/jack/ros2_ws/install/turtle_interfaces/lib/python3.12/site-packages:/home/jack/ros2_ws/install/turtle_control/lib/python3.12/site-packages:/home/jack/ros2_ws/install/turtle_controller/lib/python3.12/site-packages:/home/jack/ros2_ws/install/py_srvcli/lib/python3.12/site-packages:/home/jack/ros2_ws/install/pubsub/lib/python3.12/site-packages:/home/jack/ros2_ws/install/my_py_pkg/lib/python3.12/site-packages:/home/jack/ros2_ws/install/my_robot_interfaces/lib/python3.12/site-packages:/home/jack/ros2_ws/install/my_robot_controller/lib/python3.12/site-packages:/home/jack/ros2_ws/install/my_python_pkg1/lib/python3.12/site-packages:/home/jack/ros2_ws/install/my_python_pkg/lib/python3.12/site-packages:/home/jack/ros2_ws/install/crazy_turtle/lib/python3.12/site-packages:/home/jack/ros2_ws/install/crazy_turtle_interfaces/lib/python3.12/site-packages:/opt/ros/jazzy/lib/python3.12/site-packages /usr/bin/python3 -W ignore:setup.py install is deprecated -W ignore:easy_install command is deprecated setup.py egg_info --egg-base ../../../build/turtle_control build --build-base /home/jack/ros2_ws/build/turtle_control/build install --record /home/jack/ros2_ws/build/turtle_control/install.log --single-version-externally-managed install_data
[0.884s] running egg_info
[0.901s] writing ../../../build/turtle_control/turtle_control.egg-info/PKG-INFO
[0.901s] writing dependency_links to ../../../build/turtle_control/turtle_control.egg-info/dependency_links.txt
[0.901s] writing entry points to ../../../build/turtle_control/turtle_control.egg-info/entry_points.txt
[0.902s] writing requirements to ../../../build/turtle_control/turtle_control.egg-info/requires.txt
[0.902s] writing top-level names to ../../../build/turtle_control/turtle_control.egg-info/top_level.txt
[0.938s] reading manifest file '../../../build/turtle_control/turtle_control.egg-info/SOURCES.txt'
[0.938s] writing manifest file '../../../build/turtle_control/turtle_control.egg-info/SOURCES.txt'
[0.938s] running build
[0.938s] running build_py
[0.938s] copying turtle_control/waypoint.py -> /home/jack/ros2_ws/build/turtle_control/build/lib/turtle_control
[0.939s] running install
[0.943s] running install_lib
[0.961s] copying /home/jack/ros2_ws/build/turtle_control/build/lib/turtle_control/waypoint.py -> /home/jack/ros2_ws/install/turtle_control/lib/python3.12/site-packages/turtle_control
[0.961s] byte-compiling /home/jack/ros2_ws/install/turtle_control/lib/python3.12/site-packages/turtle_control/waypoint.py to waypoint.cpython-312.pyc
[0.963s] running install_data
[0.963s] running install_egg_info
[0.983s] removing '/home/jack/ros2_ws/install/turtle_control/lib/python3.12/site-packages/turtle_control-0.0.0-py3.12.egg-info' (and everything under it)
[0.983s] Copying ../../../build/turtle_control/turtle_control.egg-info to /home/jack/ros2_ws/install/turtle_control/lib/python3.12/site-packages/turtle_control-0.0.0-py3.12.egg-info
[0.983s] running install_scripts
[1.095s] Installing waypoint script to /home/jack/ros2_ws/install/turtle_control/lib/turtle_control
[1.095s] writing list of installed files to '/home/jack/ros2_ws/build/turtle_control/install.log'
[1.117s] Invoked command in '/home/jack/ros2_ws/src/homework1/turtle_control' returned '0': DEBUGINFOD_URLS=https://debuginfod.ubuntu.com PYTHONPATH=/home/jack/ros2_ws/build/turtle_control/prefix_override:/usr/lib/python3/dist-packages/colcon_core/task/python/colcon_distutils_commands:/home/jack/ros2_ws/install/turtle_control/lib/python3.12/site-packages:/home/jack/ros2_ws/install/turtle_interfaces/lib/python3.12/site-packages:/home/jack/ros2_ws/install/turtle_control/lib/python3.12/site-packages:/home/jack/ros2_ws/install/turtle_controller/lib/python3.12/site-packages:/home/jack/ros2_ws/install/py_srvcli/lib/python3.12/site-packages:/home/jack/ros2_ws/install/pubsub/lib/python3.12/site-packages:/home/jack/ros2_ws/install/my_py_pkg/lib/python3.12/site-packages:/home/jack/ros2_ws/install/my_robot_interfaces/lib/python3.12/site-packages:/home/jack/ros2_ws/install/my_robot_controller/lib/python3.12/site-packages:/home/jack/ros2_ws/install/my_python_pkg1/lib/python3.12/site-packages:/home/jack/ros2_ws/install/my_python_pkg/lib/python3.12/site-packages:/home/jack/ros2_ws/install/crazy_turtle/lib/python3.12/site-packages:/home/jack/ros2_ws/install/crazy_turtle_interfaces/lib/python3.12/site-packages:/opt/ros/jazzy/lib/python3.12/site-packages /usr/bin/python3 -W ignore:setup.py install is deprecated -W ignore:easy_install command is deprecated setup.py egg_info --egg-base ../../../build/turtle_control build --build-base /home/jack/ros2_ws/build/turtle_control/build install --record /home/jack/ros2_ws/build/turtle_control/install.log --single-version-externally-managed install_data
