[0.945s] Invoking command in '/home/jack/ros2_ws/src/turtle_controller': CMAKE_PREFIX_PATH=/home/jack/ros2_ws/install/my_robot_interfaces:/home/jack/ros2_ws/install/turtle_interfaces:/home/jack/ros2_ws/install/my_robot_bringup:/home/jack/ros2_ws/install/my_cpp_pkg:/home/jack/ros2_ws/install/crazy_turtle_interfaces:/opt/ros/jazzy/opt/sdformat_vendor:/opt/ros/jazzy/opt/gz_math_vendor:/opt/ros/jazzy/opt/gz_utils_vendor:/opt/ros/jazzy/opt/gz_tools_vendor:/opt/ros/jazzy/opt/gz_cmake_vendor DEBUGINFOD_URLS=https://debuginfod.ubuntu.com LD_LIBRARY_PATH=/home/jack/ros2_ws/install/my_robot_interfaces/lib:/home/jack/ros2_ws/install/turtle_interfaces/lib:/home/jack/ros2_ws/install/crazy_turtle_interfaces/lib:/opt/ros/jazzy/opt/sdformat_vendor/lib:/opt/ros/jazzy/opt/rviz_ogre_vendor/lib:/opt/ros/jazzy/lib/x86_64-linux-gnu:/opt/ros/jazzy/opt/gz_math_vendor/lib:/opt/ros/jazzy/opt/gz_utils_vendor/lib:/opt/ros/jazzy/opt/gz_tools_vendor/lib:/opt/ros/jazzy/opt/gz_cmake_vendor/lib:/opt/ros/jazzy/lib PYTHONPATH=/home/jack/ros2_ws/build/turtle_controller/prefix_override:/usr/lib/python3/dist-packages/colcon_core/task/python/colcon_distutils_commands:/home/jack/ros2_ws/install/turtle_controller/lib/python3.12/site-packages:/home/jack/ros2_ws/install/my_robot_interfaces/lib/python3.12/site-packages:/home/jack/ros2_ws/install/turtle_control/lib/python3.12/site-packages:/home/jack/ros2_ws/install/turtle_interfaces/lib/python3.12/site-packages:/home/jack/ros2_ws/install/turtle_controller/lib/python3.12/site-packages:/home/jack/ros2_ws/install/py_srvcli/lib/python3.12/site-packages:/home/jack/ros2_ws/install/pubsub/lib/python3.12/site-packages:/home/jack/ros2_ws/install/my_py_pkg/lib/python3.12/site-packages:/home/jack/ros2_ws/install/my_robot_controller/lib/python3.12/site-packages:/home/jack/ros2_ws/install/my_python_pkg1/lib/python3.12/site-packages:/home/jack/ros2_ws/install/my_python_pkg/lib/python3.12/site-packages:/home/jack/ros2_ws/install/crazy_turtle/lib/python3.12/site-packages:/home/jack/ros2_ws/install/crazy_turtle_interfaces/lib/python3.12/site-packages:/opt/ros/jazzy/lib/python3.12/site-packages /usr/bin/python3 -W ignore:setup.py install is deprecated -W ignore:easy_install command is deprecated setup.py egg_info --egg-base ../../build/turtle_controller build --build-base /home/jack/ros2_ws/build/turtle_controller/build install --record /home/jack/ros2_ws/build/turtle_controller/install.log --single-version-externally-managed install_data
[1.194s] running egg_info
[1.194s] creating ../../build/turtle_controller/turtle_controller.egg-info
[1.223s] writing ../../build/turtle_controller/turtle_controller.egg-info/PKG-INFO
[1.223s] writing dependency_links to ../../build/turtle_controller/turtle_controller.egg-info/dependency_links.txt
[1.223s] writing entry points to ../../build/turtle_controller/turtle_controller.egg-info/entry_points.txt
[1.223s] writing requirements to ../../build/turtle_controller/turtle_controller.egg-info/requires.txt
[1.223s] writing top-level names to ../../build/turtle_controller/turtle_controller.egg-info/top_level.txt
[1.224s] writing manifest file '../../build/turtle_controller/turtle_controller.egg-info/SOURCES.txt'
[1.290s] reading manifest file '../../build/turtle_controller/turtle_controller.egg-info/SOURCES.txt'
[1.291s] writing manifest file '../../build/turtle_controller/turtle_controller.egg-info/SOURCES.txt'
[1.291s] running build
[1.291s] running build_py
[1.291s] creating /home/jack/ros2_ws/build/turtle_controller/build
[1.291s] creating /home/jack/ros2_ws/build/turtle_controller/build/lib
[1.291s] creating /home/jack/ros2_ws/build/turtle_controller/build/lib/turtle_controller
[1.291s] copying turtle_controller/__init__.py -> /home/jack/ros2_ws/build/turtle_controller/build/lib/turtle_controller
[1.291s] copying turtle_controller/turtle_controller.py -> /home/jack/ros2_ws/build/turtle_controller/build/lib/turtle_controller
[1.291s] running install
[1.301s] running install_lib
[1.335s] creating /home/jack/ros2_ws/install/turtle_controller/lib/python3.12/site-packages/turtle_controller
[1.335s] copying /home/jack/ros2_ws/build/turtle_controller/build/lib/turtle_controller/__init__.py -> /home/jack/ros2_ws/install/turtle_controller/lib/python3.12/site-packages/turtle_controller
[1.335s] copying /home/jack/ros2_ws/build/turtle_controller/build/lib/turtle_controller/turtle_controller.py -> /home/jack/ros2_ws/install/turtle_controller/lib/python3.12/site-packages/turtle_controller
[1.335s] byte-compiling /home/jack/ros2_ws/install/turtle_controller/lib/python3.12/site-packages/turtle_controller/__init__.py to __init__.cpython-312.pyc
[1.336s] byte-compiling /home/jack/ros2_ws/install/turtle_controller/lib/python3.12/site-packages/turtle_controller/turtle_controller.py to turtle_controller.cpython-312.pyc
[1.337s] running install_data
[1.337s] creating /home/jack/ros2_ws/install/turtle_controller/share/ament_index
[1.337s] creating /home/jack/ros2_ws/install/turtle_controller/share/ament_index/resource_index
[1.337s] creating /home/jack/ros2_ws/install/turtle_controller/share/ament_index/resource_index/packages
[1.338s] copying resource/turtle_controller -> /home/jack/ros2_ws/install/turtle_controller/share/ament_index/resource_index/packages
[1.338s] copying package.xml -> /home/jack/ros2_ws/install/turtle_controller/share/turtle_controller
[1.338s] running install_egg_info
[1.374s] Copying ../../build/turtle_controller/turtle_controller.egg-info to /home/jack/ros2_ws/install/turtle_controller/lib/python3.12/site-packages/turtle_controller-0.0.0-py3.12.egg-info
[1.374s] running install_scripts
[1.592s] Installing turtle_controller script to /home/jack/ros2_ws/install/turtle_controller/lib/turtle_controller
[1.593s] writing list of installed files to '/home/jack/ros2_ws/build/turtle_controller/install.log'
[1.637s] Invoked command in '/home/jack/ros2_ws/src/turtle_controller' returned '0': CMAKE_PREFIX_PATH=/home/jack/ros2_ws/install/my_robot_interfaces:/home/jack/ros2_ws/install/turtle_interfaces:/home/jack/ros2_ws/install/my_robot_bringup:/home/jack/ros2_ws/install/my_cpp_pkg:/home/jack/ros2_ws/install/crazy_turtle_interfaces:/opt/ros/jazzy/opt/sdformat_vendor:/opt/ros/jazzy/opt/gz_math_vendor:/opt/ros/jazzy/opt/gz_utils_vendor:/opt/ros/jazzy/opt/gz_tools_vendor:/opt/ros/jazzy/opt/gz_cmake_vendor DEBUGINFOD_URLS=https://debuginfod.ubuntu.com LD_LIBRARY_PATH=/home/jack/ros2_ws/install/my_robot_interfaces/lib:/home/jack/ros2_ws/install/turtle_interfaces/lib:/home/jack/ros2_ws/install/crazy_turtle_interfaces/lib:/opt/ros/jazzy/opt/sdformat_vendor/lib:/opt/ros/jazzy/opt/rviz_ogre_vendor/lib:/opt/ros/jazzy/lib/x86_64-linux-gnu:/opt/ros/jazzy/opt/gz_math_vendor/lib:/opt/ros/jazzy/opt/gz_utils_vendor/lib:/opt/ros/jazzy/opt/gz_tools_vendor/lib:/opt/ros/jazzy/opt/gz_cmake_vendor/lib:/opt/ros/jazzy/lib PYTHONPATH=/home/jack/ros2_ws/build/turtle_controller/prefix_override:/usr/lib/python3/dist-packages/colcon_core/task/python/colcon_distutils_commands:/home/jack/ros2_ws/install/turtle_controller/lib/python3.12/site-packages:/home/jack/ros2_ws/install/my_robot_interfaces/lib/python3.12/site-packages:/home/jack/ros2_ws/install/turtle_control/lib/python3.12/site-packages:/home/jack/ros2_ws/install/turtle_interfaces/lib/python3.12/site-packages:/home/jack/ros2_ws/install/turtle_controller/lib/python3.12/site-packages:/home/jack/ros2_ws/install/py_srvcli/lib/python3.12/site-packages:/home/jack/ros2_ws/install/pubsub/lib/python3.12/site-packages:/home/jack/ros2_ws/install/my_py_pkg/lib/python3.12/site-packages:/home/jack/ros2_ws/install/my_robot_controller/lib/python3.12/site-packages:/home/jack/ros2_ws/install/my_python_pkg1/lib/python3.12/site-packages:/home/jack/ros2_ws/install/my_python_pkg/lib/python3.12/site-packages:/home/jack/ros2_ws/install/crazy_turtle/lib/python3.12/site-packages:/home/jack/ros2_ws/install/crazy_turtle_interfaces/lib/python3.12/site-packages:/opt/ros/jazzy/lib/python3.12/site-packages /usr/bin/python3 -W ignore:setup.py install is deprecated -W ignore:easy_install command is deprecated setup.py egg_info --egg-base ../../build/turtle_controller build --build-base /home/jack/ros2_ws/build/turtle_controller/build install --record /home/jack/ros2_ws/build/turtle_controller/install.log --single-version-externally-managed install_data
