[1.824s] Invoking command in '/home/jack/ros2_ws/src/pubsub': DEBUGINFOD_URLS=https://debuginfod.ubuntu.com PYTHONPATH=/home/jack/ros2_ws/build/pubsub/prefix_override:/usr/lib/python3/dist-packages/colcon_core/task/python/colcon_distutils_commands:/home/jack/ros2_ws/install/pubsub/lib/python3.12/site-packages:${PYTHONPATH} /usr/bin/python3 -W ignore:setup.py install is deprecated -W ignore:easy_install command is deprecated setup.py egg_info --egg-base ../../build/pubsub build --build-base /home/jack/ros2_ws/build/pubsub/build install --record /home/jack/ros2_ws/build/pubsub/install.log --single-version-externally-managed install_data
[2.256s] running egg_info
[2.292s] writing ../../build/pubsub/pubsub.egg-info/PKG-INFO
[2.292s] writing dependency_links to ../../build/pubsub/pubsub.egg-info/dependency_links.txt
[2.292s] writing entry points to ../../build/pubsub/pubsub.egg-info/entry_points.txt
[2.295s] writing requirements to ../../build/pubsub/pubsub.egg-info/requires.txt
[2.295s] writing top-level names to ../../build/pubsub/pubsub.egg-info/top_level.txt
[2.364s] reading manifest file '../../build/pubsub/pubsub.egg-info/SOURCES.txt'
[2.368s] writing manifest file '../../build/pubsub/pubsub.egg-info/SOURCES.txt'
[2.368s] running build
[2.369s] running build_py
[2.369s] running install
[2.375s] running install_lib
[2.411s] running install_data
[2.411s] running install_egg_info
[2.449s] removing '/home/jack/ros2_ws/install/pubsub/lib/python3.12/site-packages/pubsub-0.0.0-py3.12.egg-info' (and everything under it)
[2.449s] Copying ../../build/pubsub/pubsub.egg-info to /home/jack/ros2_ws/install/pubsub/lib/python3.12/site-packages/pubsub-0.0.0-py3.12.egg-info
[2.452s] running install_scripts
[2.671s] Installing Pubsub_node script to /home/jack/ros2_ws/install/pubsub/lib/pubsub
[2.672s] writing list of installed files to '/home/jack/ros2_ws/build/pubsub/install.log'
[2.720s] Invoked command in '/home/jack/ros2_ws/src/pubsub' returned '0': DEBUGINFOD_URLS=https://debuginfod.ubuntu.com PYTHONPATH=/home/jack/ros2_ws/build/pubsub/prefix_override:/usr/lib/python3/dist-packages/colcon_core/task/python/colcon_distutils_commands:/home/jack/ros2_ws/install/pubsub/lib/python3.12/site-packages:${PYTHONPATH} /usr/bin/python3 -W ignore:setup.py install is deprecated -W ignore:easy_install command is deprecated setup.py egg_info --egg-base ../../build/pubsub build --build-base /home/jack/ros2_ws/build/pubsub/build install --record /home/jack/ros2_ws/build/pubsub/install.log --single-version-externally-managed install_data
