[0.259s] DEBUG:colcon:Command line arguments: ['/usr/bin/colcon', 'build', '--packages-select', 'turtle_control']
[0.259s] DEBUG:colcon:Parsed command line arguments: Namespace(log_base=None, log_level=None, verb_name='build', build_base='build', install_base='install', merge_install=False, symlink_install=False, test_result_base=None, continue_on_error=False, executor='parallel', parallel_workers=8, event_handlers=None, ignore_user_meta=False, metas=['./colcon.meta'], base_paths=['.'], packages_ignore=None, packages_ignore_regex=None, paths=None, packages_up_to=None, packages_up_to_regex=None, packages_above=None, packages_above_and_dependencies=None, packages_above_depth=None, packages_select_by_dep=None, packages_skip_by_dep=None, packages_skip_up_to=None, packages_select_build_failed=False, packages_skip_build_finished=False, packages_select_test_failures=False, packages_skip_test_passed=False, packages_select=['turtle_control'], packages_skip=None, packages_select_regex=None, packages_skip_regex=None, packages_start=None, packages_end=None, allow_overriding=[], cmake_args=None, cmake_target=None, cmake_target_skip_unavailable=False, cmake_clean_cache=False, cmake_clean_first=False, cmake_force_configure=False, ament_cmake_args=None, catkin_cmake_args=None, catkin_skip_building_tests=False, mixin_files=None, mixin=None, verb_parser=<colcon_mixin.mixin.mixin_argument.MixinArgumentDecorator object at 0x7d1d17e278c0>, verb_extension=<colcon_core.verb.build.BuildVerb object at 0x7d1d1801e1e0>, main=<bound method BuildVerb.main of <colcon_core.verb.build.BuildVerb object at 0x7d1d1801e1e0>>, mixin_verb=('build',))
[0.326s] Level 1:colcon.colcon_core.package_discovery:discover_packages(colcon_meta) check parameters
[0.327s] Level 1:colcon.colcon_core.package_discovery:discover_packages(recursive) check parameters
[0.327s] Level 1:colcon.colcon_core.package_discovery:discover_packages(ignore) check parameters
[0.327s] Level 1:colcon.colcon_core.package_discovery:discover_packages(path) check parameters
[0.327s] Level 1:colcon.colcon_core.package_discovery:discover_packages(colcon_meta) discover
[0.327s] Level 1:colcon.colcon_core.package_discovery:discover_packages(recursive) discover
[0.327s] INFO:colcon.colcon_core.package_discovery:Crawling recursively for packages in '/home/jack/ros2_ws'
[0.327s] Level 1:colcon.colcon_core.package_identification:_identify(.) by extensions ['ignore', 'ignore_ament_install']
[0.327s] Level 1:colcon.colcon_core.package_identification:_identify(.) by extension 'ignore'
[0.328s] Level 1:colcon.colcon_core.package_identification:_identify(.) by extension 'ignore_ament_install'
[0.328s] Level 1:colcon.colcon_core.package_identification:_identify(.) by extensions ['colcon_pkg']
[0.328s] Level 1:colcon.colcon_core.package_identification:_identify(.) by extension 'colcon_pkg'
[0.328s] Level 1:colcon.colcon_core.package_identification:_identify(.) by extensions ['colcon_meta']
[0.328s] Level 1:colcon.colcon_core.package_identification:_identify(.) by extension 'colcon_meta'
[0.328s] Level 1:colcon.colcon_core.package_identification:_identify(.) by extensions ['ros']
[0.328s] Level 1:colcon.colcon_core.package_identification:_identify(.) by extension 'ros'
[0.377s] Level 1:colcon.colcon_core.package_identification:_identify(.) by extensions ['cmake', 'python']
[0.377s] Level 1:colcon.colcon_core.package_identification:_identify(.) by extension 'cmake'
[0.377s] Level 1:colcon.colcon_core.package_identification:_identify(.) by extension 'python'
[0.377s] Level 1:colcon.colcon_core.package_identification:_identify(.) by extensions ['python_setup_py']
[0.378s] Level 1:colcon.colcon_core.package_identification:_identify(.) by extension 'python_setup_py'
[0.378s] Level 1:colcon.colcon_core.package_identification:_identify(build) by extensions ['ignore', 'ignore_ament_install']
[0.378s] Level 1:colcon.colcon_core.package_identification:_identify(build) by extension 'ignore'
[0.378s] Level 1:colcon.colcon_core.package_identification:_identify(build) ignored
[0.379s] Level 1:colcon.colcon_core.package_identification:_identify(install) by extensions ['ignore', 'ignore_ament_install']
[0.379s] Level 1:colcon.colcon_core.package_identification:_identify(install) by extension 'ignore'
[0.379s] Level 1:colcon.colcon_core.package_identification:_identify(install) ignored
[0.379s] Level 1:colcon.colcon_core.package_identification:_identify(log) by extensions ['ignore', 'ignore_ament_install']
[0.379s] Level 1:colcon.colcon_core.package_identification:_identify(log) by extension 'ignore'
[0.379s] Level 1:colcon.colcon_core.package_identification:_identify(log) ignored
[0.380s] Level 1:colcon.colcon_core.package_identification:_identify(src) by extensions ['ignore', 'ignore_ament_install']
[0.380s] Level 1:colcon.colcon_core.package_identification:_identify(src) by extension 'ignore'
[0.380s] Level 1:colcon.colcon_core.package_identification:_identify(src) by extension 'ignore_ament_install'
[0.380s] Level 1:colcon.colcon_core.package_identification:_identify(src) by extensions ['colcon_pkg']
[0.380s] Level 1:colcon.colcon_core.package_identification:_identify(src) by extension 'colcon_pkg'
[0.380s] Level 1:colcon.colcon_core.package_identification:_identify(src) by extensions ['colcon_meta']
[0.380s] Level 1:colcon.colcon_core.package_identification:_identify(src) by extension 'colcon_meta'
[0.380s] Level 1:colcon.colcon_core.package_identification:_identify(src) by extensions ['ros']
[0.380s] Level 1:colcon.colcon_core.package_identification:_identify(src) by extension 'ros'
[0.381s] Level 1:colcon.colcon_core.package_identification:_identify(src) by extensions ['cmake', 'python']
[0.381s] Level 1:colcon.colcon_core.package_identification:_identify(src) by extension 'cmake'
[0.381s] Level 1:colcon.colcon_core.package_identification:_identify(src) by extension 'python'
[0.381s] Level 1:colcon.colcon_core.package_identification:_identify(src) by extensions ['python_setup_py']
[0.381s] Level 1:colcon.colcon_core.package_identification:_identify(src) by extension 'python_setup_py'
[0.381s] Level 1:colcon.colcon_core.package_identification:_identify(src/crazy_turtle) by extensions ['ignore', 'ignore_ament_install']
[0.381s] Level 1:colcon.colcon_core.package_identification:_identify(src/crazy_turtle) by extension 'ignore'
[0.381s] Level 1:colcon.colcon_core.package_identification:_identify(src/crazy_turtle) by extension 'ignore_ament_install'
[0.381s] Level 1:colcon.colcon_core.package_identification:_identify(src/crazy_turtle) by extensions ['colcon_pkg']
[0.381s] Level 1:colcon.colcon_core.package_identification:_identify(src/crazy_turtle) by extension 'colcon_pkg'
[0.381s] Level 1:colcon.colcon_core.package_identification:_identify(src/crazy_turtle) by extensions ['colcon_meta']
[0.381s] Level 1:colcon.colcon_core.package_identification:_identify(src/crazy_turtle) by extension 'colcon_meta'
[0.382s] Level 1:colcon.colcon_core.package_identification:_identify(src/crazy_turtle) by extensions ['ros']
[0.382s] Level 1:colcon.colcon_core.package_identification:_identify(src/crazy_turtle) by extension 'ros'
[0.382s] Level 1:colcon.colcon_core.package_identification:_identify(src/crazy_turtle) by extensions ['cmake', 'python']
[0.382s] Level 1:colcon.colcon_core.package_identification:_identify(src/crazy_turtle) by extension 'cmake'
[0.382s] Level 1:colcon.colcon_core.package_identification:_identify(src/crazy_turtle) by extension 'python'
[0.382s] Level 1:colcon.colcon_core.package_identification:_identify(src/crazy_turtle) by extensions ['python_setup_py']
[0.382s] Level 1:colcon.colcon_core.package_identification:_identify(src/crazy_turtle) by extension 'python_setup_py'
[0.382s] Level 1:colcon.colcon_core.package_identification:_identify(src/crazy_turtle/crazy_turtle) by extensions ['ignore', 'ignore_ament_install']
[0.382s] Level 1:colcon.colcon_core.package_identification:_identify(src/crazy_turtle/crazy_turtle) by extension 'ignore'
[0.382s] Level 1:colcon.colcon_core.package_identification:_identify(src/crazy_turtle/crazy_turtle) by extension 'ignore_ament_install'
[0.383s] Level 1:colcon.colcon_core.package_identification:_identify(src/crazy_turtle/crazy_turtle) by extensions ['colcon_pkg']
[0.383s] Level 1:colcon.colcon_core.package_identification:_identify(src/crazy_turtle/crazy_turtle) by extension 'colcon_pkg'
[0.383s] Level 1:colcon.colcon_core.package_identification:_identify(src/crazy_turtle/crazy_turtle) by extensions ['colcon_meta']
[0.383s] Level 1:colcon.colcon_core.package_identification:_identify(src/crazy_turtle/crazy_turtle) by extension 'colcon_meta'
[0.383s] Level 1:colcon.colcon_core.package_identification:_identify(src/crazy_turtle/crazy_turtle) by extensions ['ros']
[0.383s] Level 1:colcon.colcon_core.package_identification:_identify(src/crazy_turtle/crazy_turtle) by extension 'ros'
[0.387s] DEBUG:colcon.colcon_core.package_identification:Package 'src/crazy_turtle/crazy_turtle' with type 'ros.ament_python' and name 'crazy_turtle'
[0.387s] Level 1:colcon.colcon_core.package_identification:_identify(src/crazy_turtle/crazy_turtle_interfaces) by extensions ['ignore', 'ignore_ament_install']
[0.387s] Level 1:colcon.colcon_core.package_identification:_identify(src/crazy_turtle/crazy_turtle_interfaces) by extension 'ignore'
[0.387s] Level 1:colcon.colcon_core.package_identification:_identify(src/crazy_turtle/crazy_turtle_interfaces) by extension 'ignore_ament_install'
[0.387s] Level 1:colcon.colcon_core.package_identification:_identify(src/crazy_turtle/crazy_turtle_interfaces) by extensions ['colcon_pkg']
[0.387s] Level 1:colcon.colcon_core.package_identification:_identify(src/crazy_turtle/crazy_turtle_interfaces) by extension 'colcon_pkg'
[0.387s] Level 1:colcon.colcon_core.package_identification:_identify(src/crazy_turtle/crazy_turtle_interfaces) by extensions ['colcon_meta']
[0.387s] Level 1:colcon.colcon_core.package_identification:_identify(src/crazy_turtle/crazy_turtle_interfaces) by extension 'colcon_meta'
[0.388s] Level 1:colcon.colcon_core.package_identification:_identify(src/crazy_turtle/crazy_turtle_interfaces) by extensions ['ros']
[0.388s] Level 1:colcon.colcon_core.package_identification:_identify(src/crazy_turtle/crazy_turtle_interfaces) by extension 'ros'
[0.388s] DEBUG:colcon.colcon_core.package_identification:Package 'src/crazy_turtle/crazy_turtle_interfaces' with type 'ros.ament_cmake' and name 'crazy_turtle_interfaces'
[0.389s] Level 1:colcon.colcon_core.package_identification:_identify(src/homework1) by extensions ['ignore', 'ignore_ament_install']
[0.389s] Level 1:colcon.colcon_core.package_identification:_identify(src/homework1) by extension 'ignore'
[0.389s] Level 1:colcon.colcon_core.package_identification:_identify(src/homework1) by extension 'ignore_ament_install'
[0.389s] Level 1:colcon.colcon_core.package_identification:_identify(src/homework1) by extensions ['colcon_pkg']
[0.389s] Level 1:colcon.colcon_core.package_identification:_identify(src/homework1) by extension 'colcon_pkg'
[0.389s] Level 1:colcon.colcon_core.package_identification:_identify(src/homework1) by extensions ['colcon_meta']
[0.389s] Level 1:colcon.colcon_core.package_identification:_identify(src/homework1) by extension 'colcon_meta'
[0.389s] Level 1:colcon.colcon_core.package_identification:_identify(src/homework1) by extensions ['ros']
[0.389s] Level 1:colcon.colcon_core.package_identification:_identify(src/homework1) by extension 'ros'
[0.389s] Level 1:colcon.colcon_core.package_identification:_identify(src/homework1) by extensions ['cmake', 'python']
[0.390s] Level 1:colcon.colcon_core.package_identification:_identify(src/homework1) by extension 'cmake'
[0.390s] Level 1:colcon.colcon_core.package_identification:_identify(src/homework1) by extension 'python'
[0.390s] Level 1:colcon.colcon_core.package_identification:_identify(src/homework1) by extensions ['python_setup_py']
[0.390s] Level 1:colcon.colcon_core.package_identification:_identify(src/homework1) by extension 'python_setup_py'
[0.390s] Level 1:colcon.colcon_core.package_identification:_identify(src/homework1/turtle_control) by extensions ['ignore', 'ignore_ament_install']
[0.390s] Level 1:colcon.colcon_core.package_identification:_identify(src/homework1/turtle_control) by extension 'ignore'
[0.390s] Level 1:colcon.colcon_core.package_identification:_identify(src/homework1/turtle_control) by extension 'ignore_ament_install'
[0.390s] Level 1:colcon.colcon_core.package_identification:_identify(src/homework1/turtle_control) by extensions ['colcon_pkg']
[0.390s] Level 1:colcon.colcon_core.package_identification:_identify(src/homework1/turtle_control) by extension 'colcon_pkg'
[0.390s] Level 1:colcon.colcon_core.package_identification:_identify(src/homework1/turtle_control) by extensions ['colcon_meta']
[0.390s] Level 1:colcon.colcon_core.package_identification:_identify(src/homework1/turtle_control) by extension 'colcon_meta'
[0.391s] Level 1:colcon.colcon_core.package_identification:_identify(src/homework1/turtle_control) by extensions ['ros']
[0.391s] Level 1:colcon.colcon_core.package_identification:_identify(src/homework1/turtle_control) by extension 'ros'
[0.392s] DEBUG:colcon.colcon_core.package_identification:Package 'src/homework1/turtle_control' with type 'ros.ament_python' and name 'turtle_control'
[0.392s] Level 1:colcon.colcon_core.package_identification:_identify(src/homework1/turtle_interfaces) by extensions ['ignore', 'ignore_ament_install']
[0.392s] Level 1:colcon.colcon_core.package_identification:_identify(src/homework1/turtle_interfaces) by extension 'ignore'
[0.392s] Level 1:colcon.colcon_core.package_identification:_identify(src/homework1/turtle_interfaces) by extension 'ignore_ament_install'
[0.393s] Level 1:colcon.colcon_core.package_identification:_identify(src/homework1/turtle_interfaces) by extensions ['colcon_pkg']
[0.393s] Level 1:colcon.colcon_core.package_identification:_identify(src/homework1/turtle_interfaces) by extension 'colcon_pkg'
[0.393s] Level 1:colcon.colcon_core.package_identification:_identify(src/homework1/turtle_interfaces) by extensions ['colcon_meta']
[0.393s] Level 1:colcon.colcon_core.package_identification:_identify(src/homework1/turtle_interfaces) by extension 'colcon_meta'
[0.393s] Level 1:colcon.colcon_core.package_identification:_identify(src/homework1/turtle_interfaces) by extensions ['ros']
[0.393s] Level 1:colcon.colcon_core.package_identification:_identify(src/homework1/turtle_interfaces) by extension 'ros'
[0.395s] DEBUG:colcon.colcon_core.package_identification:Package 'src/homework1/turtle_interfaces' with type 'ros.ament_cmake' and name 'turtle_interfaces'
[0.396s] Level 1:colcon.colcon_core.package_identification:_identify(src/my_cpp_pkg) by extensions ['ignore', 'ignore_ament_install']
[0.396s] Level 1:colcon.colcon_core.package_identification:_identify(src/my_cpp_pkg) by extension 'ignore'
[0.396s] Level 1:colcon.colcon_core.package_identification:_identify(src/my_cpp_pkg) by extension 'ignore_ament_install'
[0.396s] Level 1:colcon.colcon_core.package_identification:_identify(src/my_cpp_pkg) by extensions ['colcon_pkg']
[0.396s] Level 1:colcon.colcon_core.package_identification:_identify(src/my_cpp_pkg) by extension 'colcon_pkg'
[0.396s] Level 1:colcon.colcon_core.package_identification:_identify(src/my_cpp_pkg) by extensions ['colcon_meta']
[0.396s] Level 1:colcon.colcon_core.package_identification:_identify(src/my_cpp_pkg) by extension 'colcon_meta'
[0.396s] Level 1:colcon.colcon_core.package_identification:_identify(src/my_cpp_pkg) by extensions ['ros']
[0.396s] Level 1:colcon.colcon_core.package_identification:_identify(src/my_cpp_pkg) by extension 'ros'
[0.397s] DEBUG:colcon.colcon_core.package_identification:Package 'src/my_cpp_pkg' with type 'ros.ament_cmake' and name 'my_cpp_pkg'
[0.398s] Level 1:colcon.colcon_core.package_identification:_identify(src/my_py_pkg) by extensions ['ignore', 'ignore_ament_install']
[0.398s] Level 1:colcon.colcon_core.package_identification:_identify(src/my_py_pkg) by extension 'ignore'
[0.398s] Level 1:colcon.colcon_core.package_identification:_identify(src/my_py_pkg) by extension 'ignore_ament_install'
[0.398s] Level 1:colcon.colcon_core.package_identification:_identify(src/my_py_pkg) by extensions ['colcon_pkg']
[0.398s] Level 1:colcon.colcon_core.package_identification:_identify(src/my_py_pkg) by extension 'colcon_pkg'
[0.398s] Level 1:colcon.colcon_core.package_identification:_identify(src/my_py_pkg) by extensions ['colcon_meta']
[0.398s] Level 1:colcon.colcon_core.package_identification:_identify(src/my_py_pkg) by extension 'colcon_meta'
[0.398s] Level 1:colcon.colcon_core.package_identification:_identify(src/my_py_pkg) by extensions ['ros']
[0.398s] Level 1:colcon.colcon_core.package_identification:_identify(src/my_py_pkg) by extension 'ros'
[0.399s] DEBUG:colcon.colcon_core.package_identification:Package 'src/my_py_pkg' with type 'ros.ament_python' and name 'my_py_pkg'
[0.399s] Level 1:colcon.colcon_core.package_identification:_identify(src/my_python_pkg) by extensions ['ignore', 'ignore_ament_install']
[0.400s] Level 1:colcon.colcon_core.package_identification:_identify(src/my_python_pkg) by extension 'ignore'
[0.400s] Level 1:colcon.colcon_core.package_identification:_identify(src/my_python_pkg) by extension 'ignore_ament_install'
[0.400s] Level 1:colcon.colcon_core.package_identification:_identify(src/my_python_pkg) by extensions ['colcon_pkg']
[0.400s] Level 1:colcon.colcon_core.package_identification:_identify(src/my_python_pkg) by extension 'colcon_pkg'
[0.400s] Level 1:colcon.colcon_core.package_identification:_identify(src/my_python_pkg) by extensions ['colcon_meta']
[0.400s] Level 1:colcon.colcon_core.package_identification:_identify(src/my_python_pkg) by extension 'colcon_meta'
[0.400s] Level 1:colcon.colcon_core.package_identification:_identify(src/my_python_pkg) by extensions ['ros']
[0.400s] Level 1:colcon.colcon_core.package_identification:_identify(src/my_python_pkg) by extension 'ros'
[0.401s] DEBUG:colcon.colcon_core.package_identification:Package 'src/my_python_pkg' with type 'ros.ament_python' and name 'my_python_pkg'
[0.401s] Level 1:colcon.colcon_core.package_identification:_identify(src/my_python_pkg1) by extensions ['ignore', 'ignore_ament_install']
[0.401s] Level 1:colcon.colcon_core.package_identification:_identify(src/my_python_pkg1) by extension 'ignore'
[0.401s] Level 1:colcon.colcon_core.package_identification:_identify(src/my_python_pkg1) by extension 'ignore_ament_install'
[0.401s] Level 1:colcon.colcon_core.package_identification:_identify(src/my_python_pkg1) by extensions ['colcon_pkg']
[0.401s] Level 1:colcon.colcon_core.package_identification:_identify(src/my_python_pkg1) by extension 'colcon_pkg'
[0.401s] Level 1:colcon.colcon_core.package_identification:_identify(src/my_python_pkg1) by extensions ['colcon_meta']
[0.402s] Level 1:colcon.colcon_core.package_identification:_identify(src/my_python_pkg1) by extension 'colcon_meta'
[0.402s] Level 1:colcon.colcon_core.package_identification:_identify(src/my_python_pkg1) by extensions ['ros']
[0.402s] Level 1:colcon.colcon_core.package_identification:_identify(src/my_python_pkg1) by extension 'ros'
[0.402s] DEBUG:colcon.colcon_core.package_identification:Failed to parse potential ROS package manifest in'src/my_python_pkg1': Error(s) in package 'src/my_python_pkg1/package.xml':
The manifest contains invalid XML:
not well-formed (invalid token): line 7, column 21
[0.402s] Level 1:colcon.colcon_core.package_identification:_identify(src/my_python_pkg1) by extensions ['cmake', 'python']
[0.402s] Level 1:colcon.colcon_core.package_identification:_identify(src/my_python_pkg1) by extension 'cmake'
[0.402s] Level 1:colcon.colcon_core.package_identification:_identify(src/my_python_pkg1) by extension 'python'
[0.402s] DEBUG:colcon.colcon_core.package_identification:Python package in 'src/my_python_pkg1' passes arguments to the setup() function which requires a different identification extension than 'python'
[0.403s] Level 1:colcon.colcon_core.package_identification:_identify(src/my_python_pkg1) by extensions ['python_setup_py']
[0.403s] Level 1:colcon.colcon_core.package_identification:_identify(src/my_python_pkg1) by extension 'python_setup_py'
[0.865s] DEBUG:colcon.colcon_core.package_identification:Package 'src/my_python_pkg1' with type 'python' and name 'my_python_pkg1'
[0.865s] Level 1:colcon.colcon_core.package_identification:_identify(src/my_robot_bringup) by extensions ['ignore', 'ignore_ament_install']
[0.866s] Level 1:colcon.colcon_core.package_identification:_identify(src/my_robot_bringup) by extension 'ignore'
[0.866s] Level 1:colcon.colcon_core.package_identification:_identify(src/my_robot_bringup) by extension 'ignore_ament_install'
[0.866s] Level 1:colcon.colcon_core.package_identification:_identify(src/my_robot_bringup) by extensions ['colcon_pkg']
[0.866s] Level 1:colcon.colcon_core.package_identification:_identify(src/my_robot_bringup) by extension 'colcon_pkg'
[0.866s] Level 1:colcon.colcon_core.package_identification:_identify(src/my_robot_bringup) by extensions ['colcon_meta']
[0.866s] Level 1:colcon.colcon_core.package_identification:_identify(src/my_robot_bringup) by extension 'colcon_meta'
[0.866s] Level 1:colcon.colcon_core.package_identification:_identify(src/my_robot_bringup) by extensions ['ros']
[0.866s] Level 1:colcon.colcon_core.package_identification:_identify(src/my_robot_bringup) by extension 'ros'
[0.867s] DEBUG:colcon.colcon_core.package_identification:Package 'src/my_robot_bringup' with type 'ros.ament_cmake' and name 'my_robot_bringup'
[0.867s] Level 1:colcon.colcon_core.package_identification:_identify(src/my_robot_controller) by extensions ['ignore', 'ignore_ament_install']
[0.867s] Level 1:colcon.colcon_core.package_identification:_identify(src/my_robot_controller) by extension 'ignore'
[0.868s] Level 1:colcon.colcon_core.package_identification:_identify(src/my_robot_controller) by extension 'ignore_ament_install'
[0.868s] Level 1:colcon.colcon_core.package_identification:_identify(src/my_robot_controller) by extensions ['colcon_pkg']
[0.868s] Level 1:colcon.colcon_core.package_identification:_identify(src/my_robot_controller) by extension 'colcon_pkg'
[0.868s] Level 1:colcon.colcon_core.package_identification:_identify(src/my_robot_controller) by extensions ['colcon_meta']
[0.868s] Level 1:colcon.colcon_core.package_identification:_identify(src/my_robot_controller) by extension 'colcon_meta'
[0.868s] Level 1:colcon.colcon_core.package_identification:_identify(src/my_robot_controller) by extensions ['ros']
[0.868s] Level 1:colcon.colcon_core.package_identification:_identify(src/my_robot_controller) by extension 'ros'
[0.869s] DEBUG:colcon.colcon_core.package_identification:Package 'src/my_robot_controller' with type 'ros.ament_python' and name 'my_robot_controller'
[0.869s] Level 1:colcon.colcon_core.package_identification:_identify(src/my_robot_interfaces) by extensions ['ignore', 'ignore_ament_install']
[0.869s] Level 1:colcon.colcon_core.package_identification:_identify(src/my_robot_interfaces) by extension 'ignore'
[0.870s] Level 1:colcon.colcon_core.package_identification:_identify(src/my_robot_interfaces) by extension 'ignore_ament_install'
[0.870s] Level 1:colcon.colcon_core.package_identification:_identify(src/my_robot_interfaces) by extensions ['colcon_pkg']
[0.870s] Level 1:colcon.colcon_core.package_identification:_identify(src/my_robot_interfaces) by extension 'colcon_pkg'
[0.870s] Level 1:colcon.colcon_core.package_identification:_identify(src/my_robot_interfaces) by extensions ['colcon_meta']
[0.870s] Level 1:colcon.colcon_core.package_identification:_identify(src/my_robot_interfaces) by extension 'colcon_meta'
[0.870s] Level 1:colcon.colcon_core.package_identification:_identify(src/my_robot_interfaces) by extensions ['ros']
[0.870s] Level 1:colcon.colcon_core.package_identification:_identify(src/my_robot_interfaces) by extension 'ros'
[0.871s] DEBUG:colcon.colcon_core.package_identification:Package 'src/my_robot_interfaces' with type 'ros.ament_cmake' and name 'my_robot_interfaces'
[0.871s] Level 1:colcon.colcon_core.package_identification:_identify(src/pubsub) by extensions ['ignore', 'ignore_ament_install']
[0.871s] Level 1:colcon.colcon_core.package_identification:_identify(src/pubsub) by extension 'ignore'
[0.871s] Level 1:colcon.colcon_core.package_identification:_identify(src/pubsub) by extension 'ignore_ament_install'
[0.871s] Level 1:colcon.colcon_core.package_identification:_identify(src/pubsub) by extensions ['colcon_pkg']
[0.871s] Level 1:colcon.colcon_core.package_identification:_identify(src/pubsub) by extension 'colcon_pkg'
[0.871s] Level 1:colcon.colcon_core.package_identification:_identify(src/pubsub) by extensions ['colcon_meta']
[0.871s] Level 1:colcon.colcon_core.package_identification:_identify(src/pubsub) by extension 'colcon_meta'
[0.872s] Level 1:colcon.colcon_core.package_identification:_identify(src/pubsub) by extensions ['ros']
[0.872s] Level 1:colcon.colcon_core.package_identification:_identify(src/pubsub) by extension 'ros'
[0.873s] DEBUG:colcon.colcon_core.package_identification:Package 'src/pubsub' with type 'ros.ament_python' and name 'pubsub'
[0.873s] Level 1:colcon.colcon_core.package_identification:_identify(src/py_srvcli) by extensions ['ignore', 'ignore_ament_install']
[0.873s] Level 1:colcon.colcon_core.package_identification:_identify(src/py_srvcli) by extension 'ignore'
[0.873s] Level 1:colcon.colcon_core.package_identification:_identify(src/py_srvcli) by extension 'ignore_ament_install'
[0.873s] Level 1:colcon.colcon_core.package_identification:_identify(src/py_srvcli) by extensions ['colcon_pkg']
[0.873s] Level 1:colcon.colcon_core.package_identification:_identify(src/py_srvcli) by extension 'colcon_pkg'
[0.873s] Level 1:colcon.colcon_core.package_identification:_identify(src/py_srvcli) by extensions ['colcon_meta']
[0.873s] Level 1:colcon.colcon_core.package_identification:_identify(src/py_srvcli) by extension 'colcon_meta'
[0.873s] Level 1:colcon.colcon_core.package_identification:_identify(src/py_srvcli) by extensions ['ros']
[0.874s] Level 1:colcon.colcon_core.package_identification:_identify(src/py_srvcli) by extension 'ros'
[0.874s] DEBUG:colcon.colcon_core.package_identification:Package 'src/py_srvcli' with type 'ros.ament_python' and name 'py_srvcli'
[0.875s] Level 1:colcon.colcon_core.package_identification:_identify(src/turtle_controller) by extensions ['ignore', 'ignore_ament_install']
[0.875s] Level 1:colcon.colcon_core.package_identification:_identify(src/turtle_controller) by extension 'ignore'
[0.875s] Level 1:colcon.colcon_core.package_identification:_identify(src/turtle_controller) by extension 'ignore_ament_install'
[0.875s] Level 1:colcon.colcon_core.package_identification:_identify(src/turtle_controller) by extensions ['colcon_pkg']
[0.875s] Level 1:colcon.colcon_core.package_identification:_identify(src/turtle_controller) by extension 'colcon_pkg'
[0.875s] Level 1:colcon.colcon_core.package_identification:_identify(src/turtle_controller) by extensions ['colcon_meta']
[0.875s] Level 1:colcon.colcon_core.package_identification:_identify(src/turtle_controller) by extension 'colcon_meta'
[0.875s] Level 1:colcon.colcon_core.package_identification:_identify(src/turtle_controller) by extensions ['ros']
[0.875s] Level 1:colcon.colcon_core.package_identification:_identify(src/turtle_controller) by extension 'ros'
[0.877s] DEBUG:colcon.colcon_core.package_identification:Package 'src/turtle_controller' with type 'ros.ament_python' and name 'turtle_controller'
[0.877s] Level 1:colcon.colcon_core.package_discovery:discover_packages(recursive) using defaults
[0.877s] Level 1:colcon.colcon_core.package_discovery:discover_packages(ignore) discover
[0.877s] Level 1:colcon.colcon_core.package_discovery:discover_packages(ignore) using defaults
[0.877s] Level 1:colcon.colcon_core.package_discovery:discover_packages(path) discover
[0.877s] Level 1:colcon.colcon_core.package_discovery:discover_packages(path) using defaults
[0.920s] INFO:colcon.colcon_core.package_selection:Skipping not selected package 'crazy_turtle_interfaces' in 'src/crazy_turtle/crazy_turtle_interfaces'
[0.920s] INFO:colcon.colcon_core.package_selection:Skipping not selected package 'my_python_pkg' in 'src/my_python_pkg'
[0.920s] INFO:colcon.colcon_core.package_selection:Skipping not selected package 'my_python_pkg1' in 'src/my_python_pkg1'
[0.920s] INFO:colcon.colcon_core.package_selection:Skipping not selected package 'my_robot_controller' in 'src/my_robot_controller'
[0.920s] INFO:colcon.colcon_core.package_selection:Skipping not selected package 'my_robot_interfaces' in 'src/my_robot_interfaces'
[0.920s] INFO:colcon.colcon_core.package_selection:Skipping not selected package 'pubsub' in 'src/pubsub'
[0.921s] INFO:colcon.colcon_core.package_selection:Skipping not selected package 'py_srvcli' in 'src/py_srvcli'
[0.921s] INFO:colcon.colcon_core.package_selection:Skipping not selected package 'turtle_interfaces' in 'src/homework1/turtle_interfaces'
[0.921s] INFO:colcon.colcon_core.package_selection:Skipping not selected package 'crazy_turtle' in 'src/crazy_turtle/crazy_turtle'
[0.921s] INFO:colcon.colcon_core.package_selection:Skipping not selected package 'my_cpp_pkg' in 'src/my_cpp_pkg'
[0.921s] INFO:colcon.colcon_core.package_selection:Skipping not selected package 'my_py_pkg' in 'src/my_py_pkg'
[0.921s] INFO:colcon.colcon_core.package_selection:Skipping not selected package 'turtle_controller' in 'src/turtle_controller'
[0.921s] INFO:colcon.colcon_core.package_selection:Skipping not selected package 'my_robot_bringup' in 'src/my_robot_bringup'
[0.921s] Level 1:colcon.colcon_core.package_discovery:discover_packages(prefix_path) check parameters
[0.921s] Level 1:colcon.colcon_core.package_discovery:discover_packages(prefix_path) discover
[0.926s] DEBUG:colcon.colcon_installed_package_information.package_discovery:Found 14 installed packages in /home/jack/ros2_ws/install
[0.929s] DEBUG:colcon.colcon_installed_package_information.package_discovery:Found 393 installed packages in /opt/ros/jazzy
[0.931s] Level 1:colcon.colcon_core.package_discovery:discover_packages(prefix_path) using defaults
[1.054s] Level 5:colcon.colcon_core.verb:set package 'turtle_control' build argument 'cmake_args' from command line to 'None'
[1.055s] Level 5:colcon.colcon_core.verb:set package 'turtle_control' build argument 'cmake_target' from command line to 'None'
[1.055s] Level 5:colcon.colcon_core.verb:set package 'turtle_control' build argument 'cmake_target_skip_unavailable' from command line to 'False'
[1.055s] Level 5:colcon.colcon_core.verb:set package 'turtle_control' build argument 'cmake_clean_cache' from command line to 'False'
[1.055s] Level 5:colcon.colcon_core.verb:set package 'turtle_control' build argument 'cmake_clean_first' from command line to 'False'
[1.055s] Level 5:colcon.colcon_core.verb:set package 'turtle_control' build argument 'cmake_force_configure' from command line to 'False'
[1.055s] Level 5:colcon.colcon_core.verb:set package 'turtle_control' build argument 'ament_cmake_args' from command line to 'None'
[1.055s] Level 5:colcon.colcon_core.verb:set package 'turtle_control' build argument 'catkin_cmake_args' from command line to 'None'
[1.055s] Level 5:colcon.colcon_core.verb:set package 'turtle_control' build argument 'catkin_skip_building_tests' from command line to 'False'
[1.055s] DEBUG:colcon.colcon_core.verb:Building package 'turtle_control' with the following arguments: {'ament_cmake_args': None, 'build_base': '/home/jack/ros2_ws/build/turtle_control', 'catkin_cmake_args': None, 'catkin_skip_building_tests': False, 'cmake_args': None, 'cmake_clean_cache': False, 'cmake_clean_first': False, 'cmake_force_configure': False, 'cmake_target': None, 'cmake_target_skip_unavailable': False, 'install_base': '/home/jack/ros2_ws/install/turtle_control', 'merge_install': False, 'path': '/home/jack/ros2_ws/src/homework1/turtle_control', 'symlink_install': False, 'test_result_base': None}
[1.055s] INFO:colcon.colcon_core.executor:Executing jobs using 'parallel' executor
[1.057s] DEBUG:colcon.colcon_parallel_executor.executor.parallel:run_until_complete
[1.058s] INFO:colcon.colcon_ros.task.ament_python.build:Building ROS package in '/home/jack/ros2_ws/src/homework1/turtle_control' with build type 'ament_python'
[1.058s] Level 1:colcon.colcon_core.shell:create_environment_hook('turtle_control', 'ament_prefix_path')
[1.063s] INFO:colcon.colcon_core.plugin_system:Skipping extension 'colcon_core.shell.bat': Not used on non-Windows systems
[1.064s] INFO:colcon.colcon_core.shell:Creating environment hook '/home/jack/ros2_ws/install/turtle_control/share/turtle_control/hook/ament_prefix_path.ps1'
[1.065s] INFO:colcon.colcon_core.shell:Creating environment descriptor '/home/jack/ros2_ws/install/turtle_control/share/turtle_control/hook/ament_prefix_path.dsv'
[1.066s] INFO:colcon.colcon_core.shell:Creating environment hook '/home/jack/ros2_ws/install/turtle_control/share/turtle_control/hook/ament_prefix_path.sh'
[1.067s] INFO:colcon.colcon_core.shell:Skip shell extension 'powershell' for command environment: Not usable outside of PowerShell
[1.067s] DEBUG:colcon.colcon_core.shell:Skip shell extension 'dsv' for command environment
[1.543s] INFO:colcon.colcon_core.task.python.build:Building Python package in '/home/jack/ros2_ws/src/homework1/turtle_control'
[1.543s] INFO:colcon.colcon_core.shell:Skip shell extension 'powershell' for command environment: Not usable outside of PowerShell
[1.543s] DEBUG:colcon.colcon_core.shell:Skip shell extension 'dsv' for command environment
[2.903s] DEBUG:colcon.colcon_core.event_handler.log_command:Invoking command in '/home/jack/ros2_ws/src/homework1/turtle_control': DEBUGINFOD_URLS=https://debuginfod.ubuntu.com PYTHONPATH=/home/jack/ros2_ws/build/turtle_control/prefix_override:/usr/lib/python3/dist-packages/colcon_core/task/python/colcon_distutils_commands:/home/jack/ros2_ws/install/turtle_control/lib/python3.12/site-packages:/home/jack/ros2_ws/install/turtle_interfaces/lib/python3.12/site-packages:/home/jack/ros2_ws/install/turtle_control/lib/python3.12/site-packages:/home/jack/ros2_ws/install/turtle_controller/lib/python3.12/site-packages:/home/jack/ros2_ws/install/py_srvcli/lib/python3.12/site-packages:/home/jack/ros2_ws/install/pubsub/lib/python3.12/site-packages:/home/jack/ros2_ws/install/my_py_pkg/lib/python3.12/site-packages:/home/jack/ros2_ws/install/my_robot_interfaces/lib/python3.12/site-packages:/home/jack/ros2_ws/install/my_robot_controller/lib/python3.12/site-packages:/home/jack/ros2_ws/install/my_python_pkg1/lib/python3.12/site-packages:/home/jack/ros2_ws/install/my_python_pkg/lib/python3.12/site-packages:/home/jack/ros2_ws/install/crazy_turtle/lib/python3.12/site-packages:/home/jack/ros2_ws/install/crazy_turtle_interfaces/lib/python3.12/site-packages:/opt/ros/jazzy/lib/python3.12/site-packages /usr/bin/python3 -W ignore:setup.py install is deprecated -W ignore:easy_install command is deprecated setup.py egg_info --egg-base ../../../build/turtle_control build --build-base /home/jack/ros2_ws/build/turtle_control/build install --record /home/jack/ros2_ws/build/turtle_control/install.log --single-version-externally-managed install_data
[4.183s] DEBUG:colcon.colcon_core.event_handler.log_command:Invoked command in '/home/jack/ros2_ws/src/homework1/turtle_control' returned '0': DEBUGINFOD_URLS=https://debuginfod.ubuntu.com PYTHONPATH=/home/jack/ros2_ws/build/turtle_control/prefix_override:/usr/lib/python3/dist-packages/colcon_core/task/python/colcon_distutils_commands:/home/jack/ros2_ws/install/turtle_control/lib/python3.12/site-packages:/home/jack/ros2_ws/install/turtle_interfaces/lib/python3.12/site-packages:/home/jack/ros2_ws/install/turtle_control/lib/python3.12/site-packages:/home/jack/ros2_ws/install/turtle_controller/lib/python3.12/site-packages:/home/jack/ros2_ws/install/py_srvcli/lib/python3.12/site-packages:/home/jack/ros2_ws/install/pubsub/lib/python3.12/site-packages:/home/jack/ros2_ws/install/my_py_pkg/lib/python3.12/site-packages:/home/jack/ros2_ws/install/my_robot_interfaces/lib/python3.12/site-packages:/home/jack/ros2_ws/install/my_robot_controller/lib/python3.12/site-packages:/home/jack/ros2_ws/install/my_python_pkg1/lib/python3.12/site-packages:/home/jack/ros2_ws/install/my_python_pkg/lib/python3.12/site-packages:/home/jack/ros2_ws/install/crazy_turtle/lib/python3.12/site-packages:/home/jack/ros2_ws/install/crazy_turtle_interfaces/lib/python3.12/site-packages:/opt/ros/jazzy/lib/python3.12/site-packages /usr/bin/python3 -W ignore:setup.py install is deprecated -W ignore:easy_install command is deprecated setup.py egg_info --egg-base ../../../build/turtle_control build --build-base /home/jack/ros2_ws/build/turtle_control/build install --record /home/jack/ros2_ws/build/turtle_control/install.log --single-version-externally-managed install_data
[4.187s] Level 1:colcon.colcon_core.environment:checking '/home/jack/ros2_ws/install/turtle_control' for CMake module files
[4.188s] Level 1:colcon.colcon_core.environment:checking '/home/jack/ros2_ws/install/turtle_control' for CMake config files
[4.189s] Level 1:colcon.colcon_core.environment:checking '/home/jack/ros2_ws/install/turtle_control/lib'
[4.189s] Level 1:colcon.colcon_core.environment:checking '/home/jack/ros2_ws/install/turtle_control/bin'
[4.189s] Level 1:colcon.colcon_core.environment:checking '/home/jack/ros2_ws/install/turtle_control/lib/pkgconfig/turtle_control.pc'
[4.190s] Level 1:colcon.colcon_core.environment:checking '/home/jack/ros2_ws/install/turtle_control/lib/python3.12/site-packages'
[4.190s] Level 1:colcon.colcon_core.shell:create_environment_hook('turtle_control', 'pythonpath')
[4.190s] INFO:colcon.colcon_core.shell:Creating environment hook '/home/jack/ros2_ws/install/turtle_control/share/turtle_control/hook/pythonpath.ps1'
[4.191s] INFO:colcon.colcon_core.shell:Creating environment descriptor '/home/jack/ros2_ws/install/turtle_control/share/turtle_control/hook/pythonpath.dsv'
[4.192s] INFO:colcon.colcon_core.shell:Creating environment hook '/home/jack/ros2_ws/install/turtle_control/share/turtle_control/hook/pythonpath.sh'
[4.193s] Level 1:colcon.colcon_core.environment:checking '/home/jack/ros2_ws/install/turtle_control/bin'
[4.193s] Level 1:colcon.colcon_core.environment:create_environment_scripts_only(turtle_control)
[4.193s] INFO:colcon.colcon_core.shell:Creating package script '/home/jack/ros2_ws/install/turtle_control/share/turtle_control/package.ps1'
[4.195s] INFO:colcon.colcon_core.shell:Creating package descriptor '/home/jack/ros2_ws/install/turtle_control/share/turtle_control/package.dsv'
[4.196s] INFO:colcon.colcon_core.shell:Creating package script '/home/jack/ros2_ws/install/turtle_control/share/turtle_control/package.sh'
[4.198s] INFO:colcon.colcon_core.shell:Creating package script '/home/jack/ros2_ws/install/turtle_control/share/turtle_control/package.bash'
[4.199s] INFO:colcon.colcon_core.shell:Creating package script '/home/jack/ros2_ws/install/turtle_control/share/turtle_control/package.zsh'
[4.200s] Level 1:colcon.colcon_core.environment:create_file_with_runtime_dependencies(/home/jack/ros2_ws/install/turtle_control/share/colcon-core/packages/turtle_control)
[4.200s] DEBUG:colcon.colcon_parallel_executor.executor.parallel:closing loop
[4.201s] DEBUG:colcon.colcon_parallel_executor.executor.parallel:loop closed
[4.201s] DEBUG:colcon.colcon_parallel_executor.executor.parallel:run_until_complete finished with '0'
[4.201s] DEBUG:colcon.colcon_core.event_reactor:joining thread
[4.212s] INFO:colcon.colcon_core.plugin_system:Skipping extension 'colcon_notification.desktop_notification.terminal_notifier': Not used on non-Darwin systems
[4.212s] INFO:colcon.colcon_core.plugin_system:Skipping extension 'colcon_notification.desktop_notification.win32': Not used on non-Windows systems
[4.212s] INFO:colcon.colcon_notification.desktop_notification:Sending desktop notification using 'notify2'
[4.235s] DEBUG:colcon.colcon_core.event_reactor:joined thread
[4.235s] INFO:colcon.colcon_core.shell:Creating prefix script '/home/jack/ros2_ws/install/local_setup.ps1'
[4.237s] INFO:colcon.colcon_core.shell:Creating prefix util module '/home/jack/ros2_ws/install/_local_setup_util_ps1.py'
[4.239s] INFO:colcon.colcon_core.shell:Creating prefix chain script '/home/jack/ros2_ws/install/setup.ps1'
[4.241s] INFO:colcon.colcon_core.shell:Creating prefix script '/home/jack/ros2_ws/install/local_setup.sh'
[4.242s] INFO:colcon.colcon_core.shell:Creating prefix util module '/home/jack/ros2_ws/install/_local_setup_util_sh.py'
[4.243s] INFO:colcon.colcon_core.shell:Creating prefix chain script '/home/jack/ros2_ws/install/setup.sh'
[4.245s] INFO:colcon.colcon_core.shell:Creating prefix script '/home/jack/ros2_ws/install/local_setup.bash'
[4.246s] INFO:colcon.colcon_core.shell:Creating prefix chain script '/home/jack/ros2_ws/install/setup.bash'
[4.249s] INFO:colcon.colcon_core.shell:Creating prefix script '/home/jack/ros2_ws/install/local_setup.zsh'
[4.250s] INFO:colcon.colcon_core.shell:Creating prefix chain script '/home/jack/ros2_ws/install/setup.zsh'
