[0.249s] DEBUG:colcon:Command line arguments: ['/usr/bin/colcon', 'build', '--symlink-install']
[0.249s] DEBUG:colcon:Parsed command line arguments: Namespace(log_base=None, log_level=None, verb_name='build', build_base='build', install_base='install', merge_install=False, symlink_install=True, test_result_base=None, continue_on_error=False, executor='parallel', parallel_workers=8, event_handlers=None, ignore_user_meta=False, metas=['./colcon.meta'], base_paths=['.'], packages_ignore=None, packages_ignore_regex=None, paths=None, packages_up_to=None, packages_up_to_regex=None, packages_above=None, packages_above_and_dependencies=None, packages_above_depth=None, packages_select_by_dep=None, packages_skip_by_dep=None, packages_skip_up_to=None, packages_select_build_failed=False, packages_skip_build_finished=False, packages_select_test_failures=False, packages_skip_test_passed=False, packages_select=None, packages_skip=None, packages_select_regex=None, packages_skip_regex=None, packages_start=None, packages_end=None, allow_overriding=[], cmake_args=None, cmake_target=None, cmake_target_skip_unavailable=False, cmake_clean_cache=False, cmake_clean_first=False, cmake_force_configure=False, ament_cmake_args=None, catkin_cmake_args=None, catkin_skip_building_tests=False, mixin_files=None, mixin=None, verb_parser=<colcon_mixin.mixin.mixin_argument.MixinArgumentDecorator object at 0x79a5d86c9790>, verb_extension=<colcon_core.verb.build.BuildVerb object at 0x79a5d86c9370>, main=<bound method BuildVerb.main of <colcon_core.verb.build.BuildVerb object at 0x79a5d86c9370>>, mixin_verb=('build',))
[0.316s] Level 1:colcon.colcon_core.package_discovery:discover_packages(colcon_meta) check parameters
[0.316s] Level 1:colcon.colcon_core.package_discovery:discover_packages(recursive) check parameters
[0.316s] Level 1:colcon.colcon_core.package_discovery:discover_packages(ignore) check parameters
[0.316s] Level 1:colcon.colcon_core.package_discovery:discover_packages(path) check parameters
[0.316s] Level 1:colcon.colcon_core.package_discovery:discover_packages(colcon_meta) discover
[0.316s] Level 1:colcon.colcon_core.package_discovery:discover_packages(recursive) discover
[0.317s] INFO:colcon.colcon_core.package_discovery:Crawling recursively for packages in '/home/jack/ros2_ws'
[0.317s] Level 1:colcon.colcon_core.package_identification:_identify(.) by extensions ['ignore', 'ignore_ament_install']
[0.317s] Level 1:colcon.colcon_core.package_identification:_identify(.) by extension 'ignore'
[0.317s] Level 1:colcon.colcon_core.package_identification:_identify(.) by extension 'ignore_ament_install'
[0.317s] Level 1:colcon.colcon_core.package_identification:_identify(.) by extensions ['colcon_pkg']
[0.317s] Level 1:colcon.colcon_core.package_identification:_identify(.) by extension 'colcon_pkg'
[0.318s] Level 1:colcon.colcon_core.package_identification:_identify(.) by extensions ['colcon_meta']
[0.318s] Level 1:colcon.colcon_core.package_identification:_identify(.) by extension 'colcon_meta'
[0.318s] Level 1:colcon.colcon_core.package_identification:_identify(.) by extensions ['ros']
[0.318s] Level 1:colcon.colcon_core.package_identification:_identify(.) by extension 'ros'
[0.365s] Level 1:colcon.colcon_core.package_identification:_identify(.) by extensions ['cmake', 'python']
[0.365s] Level 1:colcon.colcon_core.package_identification:_identify(.) by extension 'cmake'
[0.365s] Level 1:colcon.colcon_core.package_identification:_identify(.) by extension 'python'
[0.365s] Level 1:colcon.colcon_core.package_identification:_identify(.) by extensions ['python_setup_py']
[0.365s] Level 1:colcon.colcon_core.package_identification:_identify(.) by extension 'python_setup_py'
[0.365s] Level 1:colcon.colcon_core.package_identification:_identify(build) by extensions ['ignore', 'ignore_ament_install']
[0.365s] Level 1:colcon.colcon_core.package_identification:_identify(build) by extension 'ignore'
[0.365s] Level 1:colcon.colcon_core.package_identification:_identify(build) ignored
[0.366s] Level 1:colcon.colcon_core.package_identification:_identify(install) by extensions ['ignore', 'ignore_ament_install']
[0.366s] Level 1:colcon.colcon_core.package_identification:_identify(install) by extension 'ignore'
[0.366s] Level 1:colcon.colcon_core.package_identification:_identify(install) ignored
[0.366s] Level 1:colcon.colcon_core.package_identification:_identify(log) by extensions ['ignore', 'ignore_ament_install']
[0.366s] Level 1:colcon.colcon_core.package_identification:_identify(log) by extension 'ignore'
[0.366s] Level 1:colcon.colcon_core.package_identification:_identify(log) ignored
[0.366s] Level 1:colcon.colcon_core.package_identification:_identify(src) by extensions ['ignore', 'ignore_ament_install']
[0.366s] Level 1:colcon.colcon_core.package_identification:_identify(src) by extension 'ignore'
[0.367s] Level 1:colcon.colcon_core.package_identification:_identify(src) by extension 'ignore_ament_install'
[0.367s] Level 1:colcon.colcon_core.package_identification:_identify(src) by extensions ['colcon_pkg']
[0.367s] Level 1:colcon.colcon_core.package_identification:_identify(src) by extension 'colcon_pkg'
[0.367s] Level 1:colcon.colcon_core.package_identification:_identify(src) by extensions ['colcon_meta']
[0.367s] Level 1:colcon.colcon_core.package_identification:_identify(src) by extension 'colcon_meta'
[0.367s] Level 1:colcon.colcon_core.package_identification:_identify(src) by extensions ['ros']
[0.367s] Level 1:colcon.colcon_core.package_identification:_identify(src) by extension 'ros'
[0.367s] Level 1:colcon.colcon_core.package_identification:_identify(src) by extensions ['cmake', 'python']
[0.367s] Level 1:colcon.colcon_core.package_identification:_identify(src) by extension 'cmake'
[0.367s] Level 1:colcon.colcon_core.package_identification:_identify(src) by extension 'python'
[0.367s] Level 1:colcon.colcon_core.package_identification:_identify(src) by extensions ['python_setup_py']
[0.367s] Level 1:colcon.colcon_core.package_identification:_identify(src) by extension 'python_setup_py'
[0.367s] Level 1:colcon.colcon_core.package_identification:_identify(src/my_robot_bringup) by extensions ['ignore', 'ignore_ament_install']
[0.368s] Level 1:colcon.colcon_core.package_identification:_identify(src/my_robot_bringup) by extension 'ignore'
[0.368s] Level 1:colcon.colcon_core.package_identification:_identify(src/my_robot_bringup) by extension 'ignore_ament_install'
[0.368s] Level 1:colcon.colcon_core.package_identification:_identify(src/my_robot_bringup) by extensions ['colcon_pkg']
[0.368s] Level 1:colcon.colcon_core.package_identification:_identify(src/my_robot_bringup) by extension 'colcon_pkg'
[0.368s] Level 1:colcon.colcon_core.package_identification:_identify(src/my_robot_bringup) by extensions ['colcon_meta']
[0.368s] Level 1:colcon.colcon_core.package_identification:_identify(src/my_robot_bringup) by extension 'colcon_meta'
[0.368s] Level 1:colcon.colcon_core.package_identification:_identify(src/my_robot_bringup) by extensions ['ros']
[0.368s] Level 1:colcon.colcon_core.package_identification:_identify(src/my_robot_bringup) by extension 'ros'
[0.372s] DEBUG:colcon.colcon_core.package_identification:Package 'src/my_robot_bringup' with type 'ros.ament_cmake' and name 'my_robot_bringup'
[0.372s] Level 1:colcon.colcon_core.package_identification:_identify(src/my_robot_controller) by extensions ['ignore', 'ignore_ament_install']
[0.372s] Level 1:colcon.colcon_core.package_identification:_identify(src/my_robot_controller) by extension 'ignore'
[0.372s] Level 1:colcon.colcon_core.package_identification:_identify(src/my_robot_controller) by extension 'ignore_ament_install'
[0.373s] Level 1:colcon.colcon_core.package_identification:_identify(src/my_robot_controller) by extensions ['colcon_pkg']
[0.373s] Level 1:colcon.colcon_core.package_identification:_identify(src/my_robot_controller) by extension 'colcon_pkg'
[0.373s] Level 1:colcon.colcon_core.package_identification:_identify(src/my_robot_controller) by extensions ['colcon_meta']
[0.373s] Level 1:colcon.colcon_core.package_identification:_identify(src/my_robot_controller) by extension 'colcon_meta'
[0.373s] Level 1:colcon.colcon_core.package_identification:_identify(src/my_robot_controller) by extensions ['ros']
[0.373s] Level 1:colcon.colcon_core.package_identification:_identify(src/my_robot_controller) by extension 'ros'
[0.374s] DEBUG:colcon.colcon_core.package_identification:Package 'src/my_robot_controller' with type 'ros.ament_python' and name 'my_robot_controller'
[0.374s] Level 1:colcon.colcon_core.package_identification:_identify(src/turtle_move) by extensions ['ignore', 'ignore_ament_install']
[0.374s] Level 1:colcon.colcon_core.package_identification:_identify(src/turtle_move) by extension 'ignore'
[0.374s] Level 1:colcon.colcon_core.package_identification:_identify(src/turtle_move) by extension 'ignore_ament_install'
[0.374s] Level 1:colcon.colcon_core.package_identification:_identify(src/turtle_move) by extensions ['colcon_pkg']
[0.374s] Level 1:colcon.colcon_core.package_identification:_identify(src/turtle_move) by extension 'colcon_pkg'
[0.375s] Level 1:colcon.colcon_core.package_identification:_identify(src/turtle_move) by extensions ['colcon_meta']
[0.375s] Level 1:colcon.colcon_core.package_identification:_identify(src/turtle_move) by extension 'colcon_meta'
[0.375s] Level 1:colcon.colcon_core.package_identification:_identify(src/turtle_move) by extensions ['ros']
[0.375s] Level 1:colcon.colcon_core.package_identification:_identify(src/turtle_move) by extension 'ros'
[0.376s] DEBUG:colcon.colcon_core.package_identification:Package 'src/turtle_move' with type 'ros.ament_python' and name 'turtle_move'
[0.376s] Level 1:colcon.colcon_core.package_discovery:discover_packages(recursive) using defaults
[0.376s] Level 1:colcon.colcon_core.package_discovery:discover_packages(ignore) discover
[0.376s] Level 1:colcon.colcon_core.package_discovery:discover_packages(ignore) using defaults
[0.376s] Level 1:colcon.colcon_core.package_discovery:discover_packages(path) discover
[0.376s] Level 1:colcon.colcon_core.package_discovery:discover_packages(path) using defaults
[0.408s] Level 1:colcon.colcon_core.package_discovery:discover_packages(prefix_path) check parameters
[0.408s] Level 1:colcon.colcon_core.package_discovery:discover_packages(prefix_path) discover
[0.411s] DEBUG:colcon.colcon_installed_package_information.package_discovery:Found 3 installed packages in /home/jack/ros2_ws/install
[0.414s] DEBUG:colcon.colcon_installed_package_information.package_discovery:Found 389 installed packages in /opt/ros/jazzy
[0.416s] Level 1:colcon.colcon_core.package_discovery:discover_packages(prefix_path) using defaults
[0.505s] Level 5:colcon.colcon_core.verb:set package 'my_robot_bringup' build argument 'cmake_args' from command line to 'None'
[0.505s] Level 5:colcon.colcon_core.verb:set package 'my_robot_bringup' build argument 'cmake_target' from command line to 'None'
[0.505s] Level 5:colcon.colcon_core.verb:set package 'my_robot_bringup' build argument 'cmake_target_skip_unavailable' from command line to 'False'
[0.505s] Level 5:colcon.colcon_core.verb:set package 'my_robot_bringup' build argument 'cmake_clean_cache' from command line to 'False'
[0.505s] Level 5:colcon.colcon_core.verb:set package 'my_robot_bringup' build argument 'cmake_clean_first' from command line to 'False'
[0.505s] Level 5:colcon.colcon_core.verb:set package 'my_robot_bringup' build argument 'cmake_force_configure' from command line to 'False'
[0.505s] Level 5:colcon.colcon_core.verb:set package 'my_robot_bringup' build argument 'ament_cmake_args' from command line to 'None'
[0.505s] Level 5:colcon.colcon_core.verb:set package 'my_robot_bringup' build argument 'catkin_cmake_args' from command line to 'None'
[0.505s] Level 5:colcon.colcon_core.verb:set package 'my_robot_bringup' build argument 'catkin_skip_building_tests' from command line to 'False'
[0.505s] DEBUG:colcon.colcon_core.verb:Building package 'my_robot_bringup' with the following arguments: {'ament_cmake_args': None, 'build_base': '/home/jack/ros2_ws/build/my_robot_bringup', 'catkin_cmake_args': None, 'catkin_skip_building_tests': False, 'cmake_args': None, 'cmake_clean_cache': False, 'cmake_clean_first': False, 'cmake_force_configure': False, 'cmake_target': None, 'cmake_target_skip_unavailable': False, 'install_base': '/home/jack/ros2_ws/install/my_robot_bringup', 'merge_install': False, 'path': '/home/jack/ros2_ws/src/my_robot_bringup', 'symlink_install': True, 'test_result_base': None}
[0.505s] Level 5:colcon.colcon_core.verb:set package 'my_robot_controller' build argument 'cmake_args' from command line to 'None'
[0.505s] Level 5:colcon.colcon_core.verb:set package 'my_robot_controller' build argument 'cmake_target' from command line to 'None'
[0.506s] Level 5:colcon.colcon_core.verb:set package 'my_robot_controller' build argument 'cmake_target_skip_unavailable' from command line to 'False'
[0.506s] Level 5:colcon.colcon_core.verb:set package 'my_robot_controller' build argument 'cmake_clean_cache' from command line to 'False'
[0.506s] Level 5:colcon.colcon_core.verb:set package 'my_robot_controller' build argument 'cmake_clean_first' from command line to 'False'
[0.506s] Level 5:colcon.colcon_core.verb:set package 'my_robot_controller' build argument 'cmake_force_configure' from command line to 'False'
[0.506s] Level 5:colcon.colcon_core.verb:set package 'my_robot_controller' build argument 'ament_cmake_args' from command line to 'None'
[0.506s] Level 5:colcon.colcon_core.verb:set package 'my_robot_controller' build argument 'catkin_cmake_args' from command line to 'None'
[0.506s] Level 5:colcon.colcon_core.verb:set package 'my_robot_controller' build argument 'catkin_skip_building_tests' from command line to 'False'
[0.506s] DEBUG:colcon.colcon_core.verb:Building package 'my_robot_controller' with the following arguments: {'ament_cmake_args': None, 'build_base': '/home/jack/ros2_ws/build/my_robot_controller', 'catkin_cmake_args': None, 'catkin_skip_building_tests': False, 'cmake_args': None, 'cmake_clean_cache': False, 'cmake_clean_first': False, 'cmake_force_configure': False, 'cmake_target': None, 'cmake_target_skip_unavailable': False, 'install_base': '/home/jack/ros2_ws/install/my_robot_controller', 'merge_install': False, 'path': '/home/jack/ros2_ws/src/my_robot_controller', 'symlink_install': True, 'test_result_base': None}
[0.506s] Level 5:colcon.colcon_core.verb:set package 'turtle_move' build argument 'cmake_args' from command line to 'None'
[0.506s] Level 5:colcon.colcon_core.verb:set package 'turtle_move' build argument 'cmake_target' from command line to 'None'
[0.506s] Level 5:colcon.colcon_core.verb:set package 'turtle_move' build argument 'cmake_target_skip_unavailable' from command line to 'False'
[0.506s] Level 5:colcon.colcon_core.verb:set package 'turtle_move' build argument 'cmake_clean_cache' from command line to 'False'
[0.506s] Level 5:colcon.colcon_core.verb:set package 'turtle_move' build argument 'cmake_clean_first' from command line to 'False'
[0.506s] Level 5:colcon.colcon_core.verb:set package 'turtle_move' build argument 'cmake_force_configure' from command line to 'False'
[0.506s] Level 5:colcon.colcon_core.verb:set package 'turtle_move' build argument 'ament_cmake_args' from command line to 'None'
[0.506s] Level 5:colcon.colcon_core.verb:set package 'turtle_move' build argument 'catkin_cmake_args' from command line to 'None'
[0.506s] Level 5:colcon.colcon_core.verb:set package 'turtle_move' build argument 'catkin_skip_building_tests' from command line to 'False'
[0.506s] DEBUG:colcon.colcon_core.verb:Building package 'turtle_move' with the following arguments: {'ament_cmake_args': None, 'build_base': '/home/jack/ros2_ws/build/turtle_move', 'catkin_cmake_args': None, 'catkin_skip_building_tests': False, 'cmake_args': None, 'cmake_clean_cache': False, 'cmake_clean_first': False, 'cmake_force_configure': False, 'cmake_target': None, 'cmake_target_skip_unavailable': False, 'install_base': '/home/jack/ros2_ws/install/turtle_move', 'merge_install': False, 'path': '/home/jack/ros2_ws/src/turtle_move', 'symlink_install': True, 'test_result_base': None}
[0.507s] INFO:colcon.colcon_core.executor:Executing jobs using 'parallel' executor
[0.508s] DEBUG:colcon.colcon_parallel_executor.executor.parallel:run_until_complete
[0.508s] INFO:colcon.colcon_ros.task.ament_cmake.build:Building ROS package in '/home/jack/ros2_ws/src/my_robot_bringup' with build type 'ament_cmake'
[0.509s] INFO:colcon.colcon_cmake.task.cmake.build:Building CMake package in '/home/jack/ros2_ws/src/my_robot_bringup'
[0.512s] INFO:colcon.colcon_core.plugin_system:Skipping extension 'colcon_core.shell.bat': Not used on non-Windows systems
[0.512s] INFO:colcon.colcon_core.shell:Skip shell extension 'powershell' for command environment: Not usable outside of PowerShell
[0.512s] DEBUG:colcon.colcon_core.shell:Skip shell extension 'dsv' for command environment
[0.519s] INFO:colcon.colcon_ros.task.ament_python.build:Building ROS package in '/home/jack/ros2_ws/src/my_robot_controller' with build type 'ament_python'
[0.519s] Level 1:colcon.colcon_core.shell:create_environment_hook('my_robot_controller', 'ament_prefix_path')
[0.520s] INFO:colcon.colcon_core.shell:Creating environment hook '/home/jack/ros2_ws/install/my_robot_controller/share/my_robot_controller/hook/ament_prefix_path.ps1'
[0.521s] INFO:colcon.colcon_core.shell:Creating environment descriptor '/home/jack/ros2_ws/install/my_robot_controller/share/my_robot_controller/hook/ament_prefix_path.dsv'
[0.521s] INFO:colcon.colcon_core.shell:Creating environment hook '/home/jack/ros2_ws/install/my_robot_controller/share/my_robot_controller/hook/ament_prefix_path.sh'
[0.522s] INFO:colcon.colcon_core.shell:Skip shell extension 'powershell' for command environment: Not usable outside of PowerShell
[0.522s] DEBUG:colcon.colcon_core.shell:Skip shell extension 'dsv' for command environment
[0.528s] INFO:colcon.colcon_ros.task.ament_python.build:Building ROS package in '/home/jack/ros2_ws/src/turtle_move' with build type 'ament_python'
[0.528s] Level 1:colcon.colcon_core.shell:create_environment_hook('turtle_move', 'ament_prefix_path')
[0.528s] INFO:colcon.colcon_core.shell:Creating environment hook '/home/jack/ros2_ws/install/turtle_move/share/turtle_move/hook/ament_prefix_path.ps1'
[0.529s] INFO:colcon.colcon_core.shell:Creating environment descriptor '/home/jack/ros2_ws/install/turtle_move/share/turtle_move/hook/ament_prefix_path.dsv'
[0.530s] INFO:colcon.colcon_core.shell:Creating environment hook '/home/jack/ros2_ws/install/turtle_move/share/turtle_move/hook/ament_prefix_path.sh'
[0.530s] INFO:colcon.colcon_core.shell:Skip shell extension 'powershell' for command environment: Not usable outside of PowerShell
[0.531s] DEBUG:colcon.colcon_core.shell:Skip shell extension 'dsv' for command environment
[0.571s] DEBUG:colcon.colcon_core.event_handler.log_command:Invoking command in '/home/jack/ros2_ws/build/my_robot_bringup': CMAKE_PREFIX_PATH=${CMAKE_PREFIX_PATH}:/home/jack/ros2_ws/install/turtle_move:/home/jack/ros2_ws/install/my_robot_controller:/opt/ros/jazzy DEBUGINFOD_URLS=https://debuginfod.ubuntu.com /usr/bin/cmake /home/jack/ros2_ws/src/my_robot_bringup -DAMENT_CMAKE_SYMLINK_INSTALL=1 -DCMAKE_INSTALL_PREFIX=/home/jack/ros2_ws/install/my_robot_bringup
[1.023s] INFO:colcon.colcon_core.task.python.build:Building Python package in '/home/jack/ros2_ws/src/my_robot_controller'
[1.023s] INFO:colcon.colcon_core.shell:Skip shell extension 'powershell' for command environment: Not usable outside of PowerShell
[1.024s] DEBUG:colcon.colcon_core.shell:Skip shell extension 'dsv' for command environment
[1.462s] INFO:colcon.colcon_core.task.python.build:Building Python package in '/home/jack/ros2_ws/src/turtle_move'
[1.462s] INFO:colcon.colcon_core.shell:Skip shell extension 'powershell' for command environment: Not usable outside of PowerShell
[1.462s] DEBUG:colcon.colcon_core.shell:Skip shell extension 'dsv' for command environment
[1.472s] DEBUG:colcon.colcon_core.event_handler.log_command:Invoked command in '/home/jack/ros2_ws/build/my_robot_bringup' returned '0': CMAKE_PREFIX_PATH=${CMAKE_PREFIX_PATH}:/home/jack/ros2_ws/install/turtle_move:/home/jack/ros2_ws/install/my_robot_controller:/opt/ros/jazzy DEBUGINFOD_URLS=https://debuginfod.ubuntu.com /usr/bin/cmake /home/jack/ros2_ws/src/my_robot_bringup -DAMENT_CMAKE_SYMLINK_INSTALL=1 -DCMAKE_INSTALL_PREFIX=/home/jack/ros2_ws/install/my_robot_bringup
[1.475s] DEBUG:colcon.colcon_core.event_handler.log_command:Invoking command in '/home/jack/ros2_ws/build/my_robot_bringup': CMAKE_PREFIX_PATH=${CMAKE_PREFIX_PATH}:/home/jack/ros2_ws/install/turtle_move:/home/jack/ros2_ws/install/my_robot_controller:/opt/ros/jazzy DEBUGINFOD_URLS=https://debuginfod.ubuntu.com /usr/bin/cmake --build /home/jack/ros2_ws/build/my_robot_bringup -- -j8 -l8
[1.537s] DEBUG:colcon.colcon_core.event_handler.log_command:Invoked command in '/home/jack/ros2_ws/build/my_robot_bringup' returned '0': CMAKE_PREFIX_PATH=${CMAKE_PREFIX_PATH}:/home/jack/ros2_ws/install/turtle_move:/home/jack/ros2_ws/install/my_robot_controller:/opt/ros/jazzy DEBUGINFOD_URLS=https://debuginfod.ubuntu.com /usr/bin/cmake --build /home/jack/ros2_ws/build/my_robot_bringup -- -j8 -l8
[1.553s] DEBUG:colcon.colcon_core.event_handler.log_command:Invoking command in '/home/jack/ros2_ws/build/my_robot_bringup': CMAKE_PREFIX_PATH=${CMAKE_PREFIX_PATH}:/home/jack/ros2_ws/install/turtle_move:/home/jack/ros2_ws/install/my_robot_controller:/opt/ros/jazzy DEBUGINFOD_URLS=https://debuginfod.ubuntu.com /usr/bin/cmake --install /home/jack/ros2_ws/build/my_robot_bringup
[1.803s] Level 1:colcon.colcon_core.environment:create_environment_scripts_only(my_robot_bringup)
[1.804s] DEBUG:colcon.colcon_core.event_handler.log_command:Invoked command in '/home/jack/ros2_ws/build/my_robot_bringup' returned '0': CMAKE_PREFIX_PATH=${CMAKE_PREFIX_PATH}:/home/jack/ros2_ws/install/turtle_move:/home/jack/ros2_ws/install/my_robot_controller:/opt/ros/jazzy DEBUGINFOD_URLS=https://debuginfod.ubuntu.com /usr/bin/cmake --install /home/jack/ros2_ws/build/my_robot_bringup
[1.809s] Level 1:colcon.colcon_core.environment:checking '/home/jack/ros2_ws/install/my_robot_bringup' for CMake module files
[1.811s] Level 1:colcon.colcon_core.environment:checking '/home/jack/ros2_ws/install/my_robot_bringup' for CMake config files
[1.812s] Level 1:colcon.colcon_core.shell:create_environment_hook('my_robot_bringup', 'cmake_prefix_path')
[1.812s] INFO:colcon.colcon_core.shell:Creating environment hook '/home/jack/ros2_ws/install/my_robot_bringup/share/my_robot_bringup/hook/cmake_prefix_path.ps1'
[1.813s] INFO:colcon.colcon_core.shell:Creating environment descriptor '/home/jack/ros2_ws/install/my_robot_bringup/share/my_robot_bringup/hook/cmake_prefix_path.dsv'
[1.814s] INFO:colcon.colcon_core.shell:Creating environment hook '/home/jack/ros2_ws/install/my_robot_bringup/share/my_robot_bringup/hook/cmake_prefix_path.sh'
[1.816s] Level 1:colcon.colcon_core.environment:checking '/home/jack/ros2_ws/install/my_robot_bringup/bin'
[1.816s] Level 1:colcon.colcon_core.environment:checking '/home/jack/ros2_ws/install/my_robot_bringup/lib/pkgconfig/my_robot_bringup.pc'
[1.817s] Level 1:colcon.colcon_core.environment:checking '/home/jack/ros2_ws/install/my_robot_bringup/lib/python3.12/site-packages'
[1.817s] Level 1:colcon.colcon_core.environment:checking '/home/jack/ros2_ws/install/my_robot_bringup/bin'
[1.818s] INFO:colcon.colcon_core.shell:Creating package script '/home/jack/ros2_ws/install/my_robot_bringup/share/my_robot_bringup/package.ps1'
[1.820s] INFO:colcon.colcon_core.shell:Creating package descriptor '/home/jack/ros2_ws/install/my_robot_bringup/share/my_robot_bringup/package.dsv'
[1.821s] INFO:colcon.colcon_core.shell:Creating package script '/home/jack/ros2_ws/install/my_robot_bringup/share/my_robot_bringup/package.sh'
[1.823s] INFO:colcon.colcon_core.shell:Creating package script '/home/jack/ros2_ws/install/my_robot_bringup/share/my_robot_bringup/package.bash'
[1.825s] INFO:colcon.colcon_core.shell:Creating package script '/home/jack/ros2_ws/install/my_robot_bringup/share/my_robot_bringup/package.zsh'
[1.826s] Level 1:colcon.colcon_core.environment:create_file_with_runtime_dependencies(/home/jack/ros2_ws/install/my_robot_bringup/share/colcon-core/packages/my_robot_bringup)
[1.828s] Level 1:colcon.colcon_core.environment:create_environment_scripts_only(my_robot_bringup)
[1.828s] Level 1:colcon.colcon_core.environment:checking '/home/jack/ros2_ws/install/my_robot_bringup' for CMake module files
[1.830s] Level 1:colcon.colcon_core.environment:checking '/home/jack/ros2_ws/install/my_robot_bringup' for CMake config files
[1.831s] Level 1:colcon.colcon_core.shell:create_environment_hook('my_robot_bringup', 'cmake_prefix_path')
[1.831s] INFO:colcon.colcon_core.shell:Creating environment hook '/home/jack/ros2_ws/install/my_robot_bringup/share/my_robot_bringup/hook/cmake_prefix_path.ps1'
[1.832s] INFO:colcon.colcon_core.shell:Creating environment descriptor '/home/jack/ros2_ws/install/my_robot_bringup/share/my_robot_bringup/hook/cmake_prefix_path.dsv'
[1.833s] INFO:colcon.colcon_core.shell:Creating environment hook '/home/jack/ros2_ws/install/my_robot_bringup/share/my_robot_bringup/hook/cmake_prefix_path.sh'
[1.834s] Level 1:colcon.colcon_core.environment:checking '/home/jack/ros2_ws/install/my_robot_bringup/bin'
[1.835s] Level 1:colcon.colcon_core.environment:checking '/home/jack/ros2_ws/install/my_robot_bringup/lib/pkgconfig/my_robot_bringup.pc'
[1.835s] Level 1:colcon.colcon_core.environment:checking '/home/jack/ros2_ws/install/my_robot_bringup/lib/python3.12/site-packages'
[1.836s] Level 1:colcon.colcon_core.environment:checking '/home/jack/ros2_ws/install/my_robot_bringup/bin'
[1.836s] INFO:colcon.colcon_core.shell:Creating package script '/home/jack/ros2_ws/install/my_robot_bringup/share/my_robot_bringup/package.ps1'
[1.837s] INFO:colcon.colcon_core.shell:Creating package descriptor '/home/jack/ros2_ws/install/my_robot_bringup/share/my_robot_bringup/package.dsv'
[1.839s] INFO:colcon.colcon_core.shell:Creating package script '/home/jack/ros2_ws/install/my_robot_bringup/share/my_robot_bringup/package.sh'
[1.840s] INFO:colcon.colcon_core.shell:Creating package script '/home/jack/ros2_ws/install/my_robot_bringup/share/my_robot_bringup/package.bash'
[1.841s] INFO:colcon.colcon_core.shell:Creating package script '/home/jack/ros2_ws/install/my_robot_bringup/share/my_robot_bringup/package.zsh'
[1.842s] Level 1:colcon.colcon_core.environment:create_file_with_runtime_dependencies(/home/jack/ros2_ws/install/my_robot_bringup/share/colcon-core/packages/my_robot_bringup)
[2.754s] DEBUG:colcon.colcon_core.task.python.build:While undoing a previous installation files outside the Python library path are being ignored: /home/jack/ros2_ws/install/my_robot_controller/share/ament_index/resource_index/packages/my_robot_controller
[2.754s] DEBUG:colcon.colcon_core.task.python.build:While undoing a previous installation files outside the Python library path are being ignored: /home/jack/ros2_ws/install/my_robot_controller/share/my_robot_controller/package.xml
[2.754s] DEBUG:colcon.colcon_core.task.python.build:While undoing a previous installation files outside the Python library path are being ignored: /home/jack/ros2_ws/install/my_robot_controller/lib/my_robot_controller/draw_circle
[2.754s] DEBUG:colcon.colcon_core.task.python.build:While undoing a previous installation files outside the Python library path are being ignored: /home/jack/ros2_ws/install/my_robot_controller/lib/my_robot_controller/pose_subscriber
[2.755s] DEBUG:colcon.colcon_core.task.python.build:While undoing a previous installation files outside the Python library path are being ignored: /home/jack/ros2_ws/install/my_robot_controller/lib/my_robot_controller/test_node
[2.755s] DEBUG:colcon.colcon_core.task.python.build:While undoing a previous installation files outside the Python library path are being ignored: /home/jack/ros2_ws/install/my_robot_controller/lib/my_robot_controller/turtle_controller
[2.759s] DEBUG:colcon.colcon_core.event_handler.log_command:Invoking command in '/home/jack/ros2_ws/build/my_robot_controller': DEBUGINFOD_URLS=https://debuginfod.ubuntu.com PYTHONPATH=/home/jack/ros2_ws/build/my_robot_controller/prefix_override:/usr/lib/python3/dist-packages/colcon_core/task/python/colcon_distutils_commands:/home/jack/ros2_ws/install/my_robot_controller/lib/python3.12/site-packages:${PYTHONPATH} /usr/bin/python3 -W ignore:setup.py install is deprecated -W ignore:easy_install command is deprecated setup.py develop --editable --build-directory /home/jack/ros2_ws/build/my_robot_controller/build --no-deps symlink_data --force
[2.761s] DEBUG:colcon.colcon_core.task.python.build:While undoing a previous installation files outside the Python library path are being ignored: /home/jack/ros2_ws/install/turtle_move/share/ament_index/resource_index/packages/turtle_move
[2.761s] DEBUG:colcon.colcon_core.task.python.build:While undoing a previous installation files outside the Python library path are being ignored: /home/jack/ros2_ws/install/turtle_move/share/turtle_move/package.xml
[2.762s] DEBUG:colcon.colcon_core.task.python.build:While undoing a previous installation files outside the Python library path are being ignored: /home/jack/ros2_ws/install/turtle_move/lib/turtle_move/turtle_node
[2.766s] DEBUG:colcon.colcon_core.event_handler.log_command:Invoking command in '/home/jack/ros2_ws/build/turtle_move': DEBUGINFOD_URLS=https://debuginfod.ubuntu.com PYTHONPATH=/home/jack/ros2_ws/build/turtle_move/prefix_override:/usr/lib/python3/dist-packages/colcon_core/task/python/colcon_distutils_commands:/home/jack/ros2_ws/install/turtle_move/lib/python3.12/site-packages:${PYTHONPATH} /usr/bin/python3 -W ignore:setup.py install is deprecated -W ignore:easy_install command is deprecated setup.py develop --editable --build-directory /home/jack/ros2_ws/build/turtle_move/build --no-deps symlink_data --force
[4.199s] Level 1:colcon.colcon_core.shell:create_environment_hook('my_robot_controller', 'pythonpath_develop')
[4.200s] DEBUG:colcon.colcon_core.event_handler.log_command:Invoked command in '/home/jack/ros2_ws/build/my_robot_controller' returned '0': DEBUGINFOD_URLS=https://debuginfod.ubuntu.com PYTHONPATH=/home/jack/ros2_ws/build/my_robot_controller/prefix_override:/usr/lib/python3/dist-packages/colcon_core/task/python/colcon_distutils_commands:/home/jack/ros2_ws/install/my_robot_controller/lib/python3.12/site-packages:${PYTHONPATH} /usr/bin/python3 -W ignore:setup.py install is deprecated -W ignore:easy_install command is deprecated setup.py develop --editable --build-directory /home/jack/ros2_ws/build/my_robot_controller/build --no-deps symlink_data --force
[4.200s] INFO:colcon.colcon_core.shell:Creating environment hook '/home/jack/ros2_ws/build/my_robot_controller/share/my_robot_controller/hook/pythonpath_develop.ps1'
[4.202s] INFO:colcon.colcon_core.shell:Creating environment descriptor '/home/jack/ros2_ws/build/my_robot_controller/share/my_robot_controller/hook/pythonpath_develop.dsv'
[4.202s] INFO:colcon.colcon_core.shell:Creating environment hook '/home/jack/ros2_ws/build/my_robot_controller/share/my_robot_controller/hook/pythonpath_develop.sh'
[4.203s] Level 1:colcon.colcon_core.environment:checking '/home/jack/ros2_ws/install/my_robot_controller' for CMake module files
[4.204s] Level 1:colcon.colcon_core.environment:checking '/home/jack/ros2_ws/install/my_robot_controller' for CMake config files
[4.205s] Level 1:colcon.colcon_core.environment:checking '/home/jack/ros2_ws/install/my_robot_controller/lib'
[4.205s] Level 1:colcon.colcon_core.environment:checking '/home/jack/ros2_ws/install/my_robot_controller/bin'
[4.206s] Level 1:colcon.colcon_core.environment:checking '/home/jack/ros2_ws/install/my_robot_controller/lib/pkgconfig/my_robot_controller.pc'
[4.206s] Level 1:colcon.colcon_core.environment:checking '/home/jack/ros2_ws/install/my_robot_controller/lib/python3.12/site-packages'
[4.206s] Level 1:colcon.colcon_core.shell:create_environment_hook('my_robot_controller', 'pythonpath')
[4.207s] INFO:colcon.colcon_core.shell:Creating environment hook '/home/jack/ros2_ws/install/my_robot_controller/share/my_robot_controller/hook/pythonpath.ps1'
[4.207s] INFO:colcon.colcon_core.shell:Creating environment descriptor '/home/jack/ros2_ws/install/my_robot_controller/share/my_robot_controller/hook/pythonpath.dsv'
[4.208s] INFO:colcon.colcon_core.shell:Creating environment hook '/home/jack/ros2_ws/install/my_robot_controller/share/my_robot_controller/hook/pythonpath.sh'
[4.209s] Level 1:colcon.colcon_core.environment:checking '/home/jack/ros2_ws/install/my_robot_controller/bin'
[4.209s] Level 1:colcon.colcon_core.environment:create_environment_scripts_only(my_robot_controller)
[4.210s] INFO:colcon.colcon_core.shell:Creating package script '/home/jack/ros2_ws/install/my_robot_controller/share/my_robot_controller/package.ps1'
[4.211s] INFO:colcon.colcon_core.shell:Creating package descriptor '/home/jack/ros2_ws/install/my_robot_controller/share/my_robot_controller/package.dsv'
[4.212s] INFO:colcon.colcon_core.shell:Creating package script '/home/jack/ros2_ws/install/my_robot_controller/share/my_robot_controller/package.sh'
[4.213s] INFO:colcon.colcon_core.shell:Creating package script '/home/jack/ros2_ws/install/my_robot_controller/share/my_robot_controller/package.bash'
[4.213s] INFO:colcon.colcon_core.shell:Creating package script '/home/jack/ros2_ws/install/my_robot_controller/share/my_robot_controller/package.zsh'
[4.214s] Level 1:colcon.colcon_core.environment:create_file_with_runtime_dependencies(/home/jack/ros2_ws/install/my_robot_controller/share/colcon-core/packages/my_robot_controller)
[4.216s] Level 1:colcon.colcon_core.shell:create_environment_hook('turtle_move', 'pythonpath_develop')
[4.216s] INFO:colcon.colcon_core.shell:Creating environment hook '/home/jack/ros2_ws/build/turtle_move/share/turtle_move/hook/pythonpath_develop.ps1'
[4.217s] DEBUG:colcon.colcon_core.event_handler.log_command:Invoked command in '/home/jack/ros2_ws/build/turtle_move' returned '0': DEBUGINFOD_URLS=https://debuginfod.ubuntu.com PYTHONPATH=/home/jack/ros2_ws/build/turtle_move/prefix_override:/usr/lib/python3/dist-packages/colcon_core/task/python/colcon_distutils_commands:/home/jack/ros2_ws/install/turtle_move/lib/python3.12/site-packages:${PYTHONPATH} /usr/bin/python3 -W ignore:setup.py install is deprecated -W ignore:easy_install command is deprecated setup.py develop --editable --build-directory /home/jack/ros2_ws/build/turtle_move/build --no-deps symlink_data --force
[4.218s] INFO:colcon.colcon_core.shell:Creating environment descriptor '/home/jack/ros2_ws/build/turtle_move/share/turtle_move/hook/pythonpath_develop.dsv'
[4.219s] INFO:colcon.colcon_core.shell:Creating environment hook '/home/jack/ros2_ws/build/turtle_move/share/turtle_move/hook/pythonpath_develop.sh'
[4.220s] Level 1:colcon.colcon_core.environment:checking '/home/jack/ros2_ws/install/turtle_move' for CMake module files
[4.221s] Level 1:colcon.colcon_core.environment:checking '/home/jack/ros2_ws/install/turtle_move' for CMake config files
[4.222s] Level 1:colcon.colcon_core.environment:checking '/home/jack/ros2_ws/install/turtle_move/lib'
[4.222s] Level 1:colcon.colcon_core.environment:checking '/home/jack/ros2_ws/install/turtle_move/bin'
[4.222s] Level 1:colcon.colcon_core.environment:checking '/home/jack/ros2_ws/install/turtle_move/lib/pkgconfig/turtle_move.pc'
[4.223s] Level 1:colcon.colcon_core.environment:checking '/home/jack/ros2_ws/install/turtle_move/lib/python3.12/site-packages'
[4.223s] Level 1:colcon.colcon_core.shell:create_environment_hook('turtle_move', 'pythonpath')
[4.223s] INFO:colcon.colcon_core.shell:Creating environment hook '/home/jack/ros2_ws/install/turtle_move/share/turtle_move/hook/pythonpath.ps1'
[4.224s] INFO:colcon.colcon_core.shell:Creating environment descriptor '/home/jack/ros2_ws/install/turtle_move/share/turtle_move/hook/pythonpath.dsv'
[4.225s] INFO:colcon.colcon_core.shell:Creating environment hook '/home/jack/ros2_ws/install/turtle_move/share/turtle_move/hook/pythonpath.sh'
[4.226s] Level 1:colcon.colcon_core.environment:checking '/home/jack/ros2_ws/install/turtle_move/bin'
[4.226s] Level 1:colcon.colcon_core.environment:create_environment_scripts_only(turtle_move)
[4.226s] INFO:colcon.colcon_core.shell:Creating package script '/home/jack/ros2_ws/install/turtle_move/share/turtle_move/package.ps1'
[4.227s] INFO:colcon.colcon_core.shell:Creating package descriptor '/home/jack/ros2_ws/install/turtle_move/share/turtle_move/package.dsv'
[4.228s] INFO:colcon.colcon_core.shell:Creating package script '/home/jack/ros2_ws/install/turtle_move/share/turtle_move/package.sh'
[4.229s] INFO:colcon.colcon_core.shell:Creating package script '/home/jack/ros2_ws/install/turtle_move/share/turtle_move/package.bash'
[4.230s] INFO:colcon.colcon_core.shell:Creating package script '/home/jack/ros2_ws/install/turtle_move/share/turtle_move/package.zsh'
[4.230s] Level 1:colcon.colcon_core.environment:create_file_with_runtime_dependencies(/home/jack/ros2_ws/install/turtle_move/share/colcon-core/packages/turtle_move)
[4.231s] DEBUG:colcon.colcon_parallel_executor.executor.parallel:closing loop
[4.231s] DEBUG:colcon.colcon_parallel_executor.executor.parallel:loop closed
[4.231s] DEBUG:colcon.colcon_parallel_executor.executor.parallel:run_until_complete finished with '0'
[4.231s] DEBUG:colcon.colcon_core.event_reactor:joining thread
[4.241s] INFO:colcon.colcon_core.plugin_system:Skipping extension 'colcon_notification.desktop_notification.terminal_notifier': Not used on non-Darwin systems
[4.241s] INFO:colcon.colcon_core.plugin_system:Skipping extension 'colcon_notification.desktop_notification.win32': Not used on non-Windows systems
[4.241s] INFO:colcon.colcon_notification.desktop_notification:Sending desktop notification using 'notify2'
[4.263s] DEBUG:colcon.colcon_core.event_reactor:joined thread
[4.263s] INFO:colcon.colcon_core.shell:Creating prefix script '/home/jack/ros2_ws/install/local_setup.ps1'
[4.265s] INFO:colcon.colcon_core.shell:Creating prefix util module '/home/jack/ros2_ws/install/_local_setup_util_ps1.py'
[4.267s] INFO:colcon.colcon_core.shell:Creating prefix chain script '/home/jack/ros2_ws/install/setup.ps1'
[4.269s] INFO:colcon.colcon_core.shell:Creating prefix script '/home/jack/ros2_ws/install/local_setup.sh'
[4.271s] INFO:colcon.colcon_core.shell:Creating prefix util module '/home/jack/ros2_ws/install/_local_setup_util_sh.py'
[4.272s] INFO:colcon.colcon_core.shell:Creating prefix chain script '/home/jack/ros2_ws/install/setup.sh'
[4.275s] INFO:colcon.colcon_core.shell:Creating prefix script '/home/jack/ros2_ws/install/local_setup.bash'
[4.276s] INFO:colcon.colcon_core.shell:Creating prefix chain script '/home/jack/ros2_ws/install/setup.bash'
[4.278s] INFO:colcon.colcon_core.shell:Creating prefix script '/home/jack/ros2_ws/install/local_setup.zsh'
[4.279s] INFO:colcon.colcon_core.shell:Creating prefix chain script '/home/jack/ros2_ws/install/setup.zsh'
