[0.986s] Invoking command in '/home/jack/ros2_ws/src/my_py_pkg': CMAKE_PREFIX_PATH=/home/jack/ros2_ws/install/my_robot_interfaces:/home/jack/ros2_ws/install/turtle_interfaces:/home/jack/ros2_ws/install/my_robot_bringup:/home/jack/ros2_ws/install/my_cpp_pkg:/home/jack/ros2_ws/install/crazy_turtle_interfaces:/opt/ros/jazzy/opt/sdformat_vendor:/opt/ros/jazzy/opt/gz_math_vendor:/opt/ros/jazzy/opt/gz_utils_vendor:/opt/ros/jazzy/opt/gz_tools_vendor:/opt/ros/jazzy/opt/gz_cmake_vendor DEBUGINFOD_URLS=https://debuginfod.ubuntu.com LD_LIBRARY_PATH=/home/jack/ros2_ws/install/my_robot_interfaces/lib:/home/jack/ros2_ws/install/turtle_interfaces/lib:/home/jack/ros2_ws/install/crazy_turtle_interfaces/lib:/opt/ros/jazzy/opt/sdformat_vendor/lib:/opt/ros/jazzy/opt/rviz_ogre_vendor/lib:/opt/ros/jazzy/lib/x86_64-linux-gnu:/opt/ros/jazzy/opt/gz_math_vendor/lib:/opt/ros/jazzy/opt/gz_utils_vendor/lib:/opt/ros/jazzy/opt/gz_tools_vendor/lib:/opt/ros/jazzy/opt/gz_cmake_vendor/lib:/opt/ros/jazzy/lib PYTHONPATH=/home/jack/ros2_ws/build/my_py_pkg/prefix_override:/usr/lib/python3/dist-packages/colcon_core/task/python/colcon_distutils_commands:/home/jack/ros2_ws/install/my_py_pkg/lib/python3.12/site-packages:/home/jack/ros2_ws/install/my_robot_interfaces/lib/python3.12/site-packages:/home/jack/ros2_ws/install/turtle_control/lib/python3.12/site-packages:/home/jack/ros2_ws/install/turtle_interfaces/lib/python3.12/site-packages:/home/jack/ros2_ws/install/turtle_controller/lib/python3.12/site-packages:/home/jack/ros2_ws/install/py_srvcli/lib/python3.12/site-packages:/home/jack/ros2_ws/install/pubsub/lib/python3.12/site-packages:/home/jack/ros2_ws/install/my_py_pkg/lib/python3.12/site-packages:/home/jack/ros2_ws/install/my_robot_controller/lib/python3.12/site-packages:/home/jack/ros2_ws/install/my_python_pkg1/lib/python3.12/site-packages:/home/jack/ros2_ws/install/my_python_pkg/lib/python3.12/site-packages:/home/jack/ros2_ws/install/crazy_turtle/lib/python3.12/site-packages:/home/jack/ros2_ws/install/crazy_turtle_interfaces/lib/python3.12/site-packages:/opt/ros/jazzy/lib/python3.12/site-packages /usr/bin/python3 -W ignore:setup.py install is deprecated -W ignore:easy_install command is deprecated setup.py egg_info --egg-base ../../build/my_py_pkg build --build-base /home/jack/ros2_ws/build/my_py_pkg/build install --record /home/jack/ros2_ws/build/my_py_pkg/install.log --single-version-externally-managed install_data
[1.242s] running egg_info
[1.243s] creating ../../build/my_py_pkg/my_py_pkg.egg-info
[1.263s] writing ../../build/my_py_pkg/my_py_pkg.egg-info/PKG-INFO
[1.263s] writing dependency_links to ../../build/my_py_pkg/my_py_pkg.egg-info/dependency_links.txt
[1.263s] writing entry points to ../../build/my_py_pkg/my_py_pkg.egg-info/entry_points.txt
[1.263s] writing requirements to ../../build/my_py_pkg/my_py_pkg.egg-info/requires.txt
[1.263s] writing top-level names to ../../build/my_py_pkg/my_py_pkg.egg-info/top_level.txt
[1.263s] writing manifest file '../../build/my_py_pkg/my_py_pkg.egg-info/SOURCES.txt'
[1.307s] reading manifest file '../../build/my_py_pkg/my_py_pkg.egg-info/SOURCES.txt'
[1.308s] writing manifest file '../../build/my_py_pkg/my_py_pkg.egg-info/SOURCES.txt'
[1.308s] running build
[1.308s] running build_py
[1.308s] creating /home/jack/ros2_ws/build/my_py_pkg/build
[1.308s] creating /home/jack/ros2_ws/build/my_py_pkg/build/lib
[1.309s] creating /home/jack/ros2_ws/build/my_py_pkg/build/lib/my_py_pkg
[1.309s] copying my_py_pkg/number_counter.py -> /home/jack/ros2_ws/build/my_py_pkg/build/lib/my_py_pkg
[1.309s] copying my_py_pkg/__init__.py -> /home/jack/ros2_ws/build/my_py_pkg/build/lib/my_py_pkg
[1.309s] copying my_py_pkg/number_publisher.py -> /home/jack/ros2_ws/build/my_py_pkg/build/lib/my_py_pkg
[1.309s] copying my_py_pkg/reset_counter_client.py -> /home/jack/ros2_ws/build/my_py_pkg/build/lib/my_py_pkg
[1.309s] copying my_py_pkg/my_first_node.py -> /home/jack/ros2_ws/build/my_py_pkg/build/lib/my_py_pkg
[1.309s] running install
[1.314s] running install_lib
[1.335s] creating /home/jack/ros2_ws/install/my_py_pkg/lib/python3.12/site-packages/my_py_pkg
[1.336s] copying /home/jack/ros2_ws/build/my_py_pkg/build/lib/my_py_pkg/number_counter.py -> /home/jack/ros2_ws/install/my_py_pkg/lib/python3.12/site-packages/my_py_pkg
[1.336s] copying /home/jack/ros2_ws/build/my_py_pkg/build/lib/my_py_pkg/__init__.py -> /home/jack/ros2_ws/install/my_py_pkg/lib/python3.12/site-packages/my_py_pkg
[1.336s] copying /home/jack/ros2_ws/build/my_py_pkg/build/lib/my_py_pkg/number_publisher.py -> /home/jack/ros2_ws/install/my_py_pkg/lib/python3.12/site-packages/my_py_pkg
[1.336s] copying /home/jack/ros2_ws/build/my_py_pkg/build/lib/my_py_pkg/reset_counter_client.py -> /home/jack/ros2_ws/install/my_py_pkg/lib/python3.12/site-packages/my_py_pkg
[1.336s] copying /home/jack/ros2_ws/build/my_py_pkg/build/lib/my_py_pkg/my_first_node.py -> /home/jack/ros2_ws/install/my_py_pkg/lib/python3.12/site-packages/my_py_pkg
[1.336s] byte-compiling /home/jack/ros2_ws/install/my_py_pkg/lib/python3.12/site-packages/my_py_pkg/number_counter.py to number_counter.cpython-312.pyc
[1.337s] byte-compiling /home/jack/ros2_ws/install/my_py_pkg/lib/python3.12/site-packages/my_py_pkg/__init__.py to __init__.cpython-312.pyc
[1.337s] byte-compiling /home/jack/ros2_ws/install/my_py_pkg/lib/python3.12/site-packages/my_py_pkg/number_publisher.py to number_publisher.cpython-312.pyc
[1.338s] byte-compiling /home/jack/ros2_ws/install/my_py_pkg/lib/python3.12/site-packages/my_py_pkg/reset_counter_client.py to reset_counter_client.cpython-312.pyc
[1.338s] byte-compiling /home/jack/ros2_ws/install/my_py_pkg/lib/python3.12/site-packages/my_py_pkg/my_first_node.py to my_first_node.cpython-312.pyc
[1.338s] running install_data
[1.339s] creating /home/jack/ros2_ws/install/my_py_pkg/share/ament_index
[1.339s] creating /home/jack/ros2_ws/install/my_py_pkg/share/ament_index/resource_index
[1.339s] creating /home/jack/ros2_ws/install/my_py_pkg/share/ament_index/resource_index/packages
[1.339s] copying resource/my_py_pkg -> /home/jack/ros2_ws/install/my_py_pkg/share/ament_index/resource_index/packages
[1.339s] copying package.xml -> /home/jack/ros2_ws/install/my_py_pkg/share/my_py_pkg
[1.339s] running install_egg_info
[1.361s] Copying ../../build/my_py_pkg/my_py_pkg.egg-info to /home/jack/ros2_ws/install/my_py_pkg/lib/python3.12/site-packages/my_py_pkg-0.0.0-py3.12.egg-info
[1.362s] running install_scripts
[1.492s] Installing number_counter script to /home/jack/ros2_ws/install/my_py_pkg/lib/my_py_pkg
[1.493s] Installing number_publisher script to /home/jack/ros2_ws/install/my_py_pkg/lib/my_py_pkg
[1.493s] Installing reset_counter_client script to /home/jack/ros2_ws/install/my_py_pkg/lib/my_py_pkg
[1.493s] Installing test_node script to /home/jack/ros2_ws/install/my_py_pkg/lib/my_py_pkg
[1.493s] writing list of installed files to '/home/jack/ros2_ws/build/my_py_pkg/install.log'
[1.522s] Invoked command in '/home/jack/ros2_ws/src/my_py_pkg' returned '0': CMAKE_PREFIX_PATH=/home/jack/ros2_ws/install/my_robot_interfaces:/home/jack/ros2_ws/install/turtle_interfaces:/home/jack/ros2_ws/install/my_robot_bringup:/home/jack/ros2_ws/install/my_cpp_pkg:/home/jack/ros2_ws/install/crazy_turtle_interfaces:/opt/ros/jazzy/opt/sdformat_vendor:/opt/ros/jazzy/opt/gz_math_vendor:/opt/ros/jazzy/opt/gz_utils_vendor:/opt/ros/jazzy/opt/gz_tools_vendor:/opt/ros/jazzy/opt/gz_cmake_vendor DEBUGINFOD_URLS=https://debuginfod.ubuntu.com LD_LIBRARY_PATH=/home/jack/ros2_ws/install/my_robot_interfaces/lib:/home/jack/ros2_ws/install/turtle_interfaces/lib:/home/jack/ros2_ws/install/crazy_turtle_interfaces/lib:/opt/ros/jazzy/opt/sdformat_vendor/lib:/opt/ros/jazzy/opt/rviz_ogre_vendor/lib:/opt/ros/jazzy/lib/x86_64-linux-gnu:/opt/ros/jazzy/opt/gz_math_vendor/lib:/opt/ros/jazzy/opt/gz_utils_vendor/lib:/opt/ros/jazzy/opt/gz_tools_vendor/lib:/opt/ros/jazzy/opt/gz_cmake_vendor/lib:/opt/ros/jazzy/lib PYTHONPATH=/home/jack/ros2_ws/build/my_py_pkg/prefix_override:/usr/lib/python3/dist-packages/colcon_core/task/python/colcon_distutils_commands:/home/jack/ros2_ws/install/my_py_pkg/lib/python3.12/site-packages:/home/jack/ros2_ws/install/my_robot_interfaces/lib/python3.12/site-packages:/home/jack/ros2_ws/install/turtle_control/lib/python3.12/site-packages:/home/jack/ros2_ws/install/turtle_interfaces/lib/python3.12/site-packages:/home/jack/ros2_ws/install/turtle_controller/lib/python3.12/site-packages:/home/jack/ros2_ws/install/py_srvcli/lib/python3.12/site-packages:/home/jack/ros2_ws/install/pubsub/lib/python3.12/site-packages:/home/jack/ros2_ws/install/my_py_pkg/lib/python3.12/site-packages:/home/jack/ros2_ws/install/my_robot_controller/lib/python3.12/site-packages:/home/jack/ros2_ws/install/my_python_pkg1/lib/python3.12/site-packages:/home/jack/ros2_ws/install/my_python_pkg/lib/python3.12/site-packages:/home/jack/ros2_ws/install/crazy_turtle/lib/python3.12/site-packages:/home/jack/ros2_ws/install/crazy_turtle_interfaces/lib/python3.12/site-packages:/opt/ros/jazzy/lib/python3.12/site-packages /usr/bin/python3 -W ignore:setup.py install is deprecated -W ignore:easy_install command is deprecated setup.py egg_info --egg-base ../../build/my_py_pkg build --build-base /home/jack/ros2_ws/build/my_py_pkg/build install --record /home/jack/ros2_ws/build/my_py_pkg/install.log --single-version-externally-managed install_data
