[1.753s] Invoking command in '/home/jack/ros2_ws/src/learning_tf2_py': DEBUGINFOD_URLS=https://debuginfod.ubuntu.com PYTHONPATH=/home/jack/ros2_ws/build/learning_tf2_py/prefix_override:/usr/lib/python3/dist-packages/colcon_core/task/python/colcon_distutils_commands:/home/jack/ros2_ws/install/learning_tf2_py/lib/python3.12/site-packages:${PYTHONPATH} /usr/bin/python3 -W ignore:setup.py install is deprecated -W ignore:easy_install command is deprecated setup.py egg_info --egg-base ../../build/learning_tf2_py build --build-base /home/jack/ros2_ws/build/learning_tf2_py/build install --record /home/jack/ros2_ws/build/learning_tf2_py/install.log --single-version-externally-managed install_data
[2.352s] running egg_info
[2.401s] writing ../../build/learning_tf2_py/learning_tf2_py.egg-info/PKG-INFO
[2.401s] writing dependency_links to ../../build/learning_tf2_py/learning_tf2_py.egg-info/dependency_links.txt
[2.402s] writing entry points to ../../build/learning_tf2_py/learning_tf2_py.egg-info/entry_points.txt
[2.403s] writing requirements to ../../build/learning_tf2_py/learning_tf2_py.egg-info/requires.txt
[2.403s] writing top-level names to ../../build/learning_tf2_py/learning_tf2_py.egg-info/top_level.txt
[2.497s] reading manifest file '../../build/learning_tf2_py/learning_tf2_py.egg-info/SOURCES.txt'
[2.497s] adding license file 'LICENSE'
[2.499s] writing manifest file '../../build/learning_tf2_py/learning_tf2_py.egg-info/SOURCES.txt'
[2.499s] running build
[2.499s] running build_py
[2.499s] copying learning_tf2_py/fixed_frame_tf2_broadcaster.py -> /home/jack/ros2_ws/build/learning_tf2_py/build/lib/learning_tf2_py
[2.500s] running install
[2.512s] running install_lib
[2.561s] copying /home/jack/ros2_ws/build/learning_tf2_py/build/lib/learning_tf2_py/fixed_frame_tf2_broadcaster.py -> /home/jack/ros2_ws/install/learning_tf2_py/lib/python3.12/site-packages/learning_tf2_py
[2.562s] byte-compiling /home/jack/ros2_ws/install/learning_tf2_py/lib/python3.12/site-packages/learning_tf2_py/fixed_frame_tf2_broadcaster.py to fixed_frame_tf2_broadcaster.cpython-312.pyc
[2.563s] running install_data
[2.564s] copying launch/turtle_tf2_fixed_frame_demo_launch.py -> /home/jack/ros2_ws/install/learning_tf2_py/share/learning_tf2_py/launch
[2.564s] running install_egg_info
[2.615s] removing '/home/jack/ros2_ws/install/learning_tf2_py/lib/python3.12/site-packages/learning_tf2_py-0.0.0-py3.12.egg-info' (and everything under it)
[2.615s] Copying ../../build/learning_tf2_py/learning_tf2_py.egg-info to /home/jack/ros2_ws/install/learning_tf2_py/lib/python3.12/site-packages/learning_tf2_py-0.0.0-py3.12.egg-info
[2.617s] running install_scripts
[2.928s] Installing fixed_frame_tf2_broadcaster script to /home/jack/ros2_ws/install/learning_tf2_py/lib/learning_tf2_py
[2.928s] Installing static_turtle_tf2_broadcaster script to /home/jack/ros2_ws/install/learning_tf2_py/lib/learning_tf2_py
[2.928s] Installing turtle_tf2_broadcaster script to /home/jack/ros2_ws/install/learning_tf2_py/lib/learning_tf2_py
[2.928s] Installing turtle_tf2_listener script to /home/jack/ros2_ws/install/learning_tf2_py/lib/learning_tf2_py
[2.929s] writing list of installed files to '/home/jack/ros2_ws/build/learning_tf2_py/install.log'
[2.983s] Invoked command in '/home/jack/ros2_ws/src/learning_tf2_py' returned '0': DEBUGINFOD_URLS=https://debuginfod.ubuntu.com PYTHONPATH=/home/jack/ros2_ws/build/learning_tf2_py/prefix_override:/usr/lib/python3/dist-packages/colcon_core/task/python/colcon_distutils_commands:/home/jack/ros2_ws/install/learning_tf2_py/lib/python3.12/site-packages:${PYTHONPATH} /usr/bin/python3 -W ignore:setup.py install is deprecated -W ignore:easy_install command is deprecated setup.py egg_info --egg-base ../../build/learning_tf2_py build --build-base /home/jack/ros2_ws/build/learning_tf2_py/build install --record /home/jack/ros2_ws/build/learning_tf2_py/install.log --single-version-externally-managed install_data
