running develop
Removing /home/jack/ros2_ws/install/turtle_move/lib/python3.12/site-packages/turtle-move.egg-link (link to .)
running egg_info
writing ../../build/turtle_move/turtle_move.egg-info/PKG-INFO
writing dependency_links to ../../build/turtle_move/turtle_move.egg-info/dependency_links.txt
writing entry points to ../../build/turtle_move/turtle_move.egg-info/entry_points.txt
writing requirements to ../../build/turtle_move/turtle_move.egg-info/requires.txt
writing top-level names to ../../build/turtle_move/turtle_move.egg-info/top_level.txt
reading manifest file '../../build/turtle_move/turtle_move.egg-info/SOURCES.txt'
writing manifest file '../../build/turtle_move/turtle_move.egg-info/SOURCES.txt'
running build
running install
running install_data
copying resource/turtle_move -> /home/jack/ros2_ws/install/turtle_move/share/ament_index/resource_index/packages
copying package.xml -> /home/jack/ros2_ws/install/turtle_move/share/turtle_move
running install_egg_info
Copying ../../build/turtle_move/turtle_move.egg-info to /home/jack/ros2_ws/install/turtle_move/lib/python3.12/site-packages/turtle_move-0.0.0-py3.12.egg-info
running install_scripts
Installing turtle_move script to /home/jack/ros2_ws/install/turtle_move/lib/turtle_move
writing list of installed files to '/home/jack/ros2_ws/build/turtle_move/install.log'
