[2.179s] Invoking command in '/home/jack/ros2_ws/build/turtle_move': DEBUGINFOD_URLS=https://debuginfod.ubuntu.com PYTHONPATH=/home/jack/ros2_ws/build/turtle_move/prefix_override:/usr/lib/python3/dist-packages/colcon_core/task/python/colcon_distutils_commands:/home/jack/ros2_ws/install/turtle_move/lib/python3.12/site-packages:${PYTHONPATH} /usr/bin/python3 -W ignore:setup.py install is deprecated -W ignore:easy_install command is deprecated setup.py develop --uninstall --editable --build-directory /home/jack/ros2_ws/build/turtle_move/build
[2.815s] running develop
[3.289s] Removing /home/jack/ros2_ws/install/turtle_move/lib/python3.12/site-packages/turtle-move.egg-link (link to .)
[3.354s] Invoked command in '/home/jack/ros2_ws/build/turtle_move' returned '0': DEBUGINFOD_URLS=https://debuginfod.ubuntu.com PYTHONPATH=/home/jack/ros2_ws/build/turtle_move/prefix_override:/usr/lib/python3/dist-packages/colcon_core/task/python/colcon_distutils_commands:/home/jack/ros2_ws/install/turtle_move/lib/python3.12/site-packages:${PYTHONPATH} /usr/bin/python3 -W ignore:setup.py install is deprecated -W ignore:easy_install command is deprecated setup.py develop --uninstall --editable --build-directory /home/jack/ros2_ws/build/turtle_move/build
[3.356s] Invoking command in '/home/jack/ros2_ws/src/turtle_move': DEBUGINFOD_URLS=https://debuginfod.ubuntu.com PYTHONPATH=/home/jack/ros2_ws/build/turtle_move/prefix_override:/usr/lib/python3/dist-packages/colcon_core/task/python/colcon_distutils_commands:/home/jack/ros2_ws/install/turtle_move/lib/python3.12/site-packages:${PYTHONPATH} /usr/bin/python3 -W ignore:setup.py install is deprecated -W ignore:easy_install command is deprecated setup.py egg_info --egg-base ../../build/turtle_move build --build-base /home/jack/ros2_ws/build/turtle_move/build install --record /home/jack/ros2_ws/build/turtle_move/install.log --single-version-externally-managed install_data --force
[3.932s] running egg_info
[3.979s] writing ../../build/turtle_move/turtle_move.egg-info/PKG-INFO
[3.979s] writing dependency_links to ../../build/turtle_move/turtle_move.egg-info/dependency_links.txt
[3.979s] writing entry points to ../../build/turtle_move/turtle_move.egg-info/entry_points.txt
[3.980s] writing requirements to ../../build/turtle_move/turtle_move.egg-info/requires.txt
[3.980s] writing top-level names to ../../build/turtle_move/turtle_move.egg-info/top_level.txt
[4.026s] reading manifest file '../../build/turtle_move/turtle_move.egg-info/SOURCES.txt'
[4.028s] writing manifest file '../../build/turtle_move/turtle_move.egg-info/SOURCES.txt'
[4.028s] running build
[4.028s] running install
[4.040s] running install_data
[4.040s] copying resource/turtle_move -> /home/jack/ros2_ws/install/turtle_move/share/ament_index/resource_index/packages
[4.040s] copying package.xml -> /home/jack/ros2_ws/install/turtle_move/share/turtle_move
[4.040s] running install_egg_info
[4.138s] Copying ../../build/turtle_move/turtle_move.egg-info to /home/jack/ros2_ws/install/turtle_move/lib/python3.12/site-packages/turtle_move-0.0.0-py3.12.egg-info
[4.139s] running install_scripts
[4.438s] Installing turtle_move script to /home/jack/ros2_ws/install/turtle_move/lib/turtle_move
[4.438s] writing list of installed files to '/home/jack/ros2_ws/build/turtle_move/install.log'
[4.482s] Invoked command in '/home/jack/ros2_ws/src/turtle_move' returned '0': DEBUGINFOD_URLS=https://debuginfod.ubuntu.com PYTHONPATH=/home/jack/ros2_ws/build/turtle_move/prefix_override:/usr/lib/python3/dist-packages/colcon_core/task/python/colcon_distutils_commands:/home/jack/ros2_ws/install/turtle_move/lib/python3.12/site-packages:${PYTHONPATH} /usr/bin/python3 -W ignore:setup.py install is deprecated -W ignore:easy_install command is deprecated setup.py egg_info --egg-base ../../build/turtle_move build --build-base /home/jack/ros2_ws/build/turtle_move/build install --record /home/jack/ros2_ws/build/turtle_move/install.log --single-version-externally-managed install_data --force
