[0.144s] DEBUG:colcon:Command line arguments: ['/usr/bin/colcon', 'build']
[0.144s] DEBUG:colcon:Parsed command line arguments: Namespace(log_base=None, log_level=None, verb_name='build', build_base='build', install_base='install', merge_install=False, symlink_install=False, test_result_base=None, continue_on_error=False, executor='parallel', parallel_workers=8, event_handlers=None, ignore_user_meta=False, metas=['./colcon.meta'], base_paths=['.'], packages_ignore=None, packages_ignore_regex=None, paths=None, packages_up_to=None, packages_up_to_regex=None, packages_above=None, packages_above_and_dependencies=None, packages_above_depth=None, packages_select_by_dep=None, packages_skip_by_dep=None, packages_skip_up_to=None, packages_select_build_failed=False, packages_skip_build_finished=False, packages_select_test_failures=False, packages_skip_test_passed=False, packages_select=None, packages_skip=None, packages_select_regex=None, packages_skip_regex=None, packages_start=None, packages_end=None, allow_overriding=[], cmake_args=None, cmake_target=None, cmake_target_skip_unavailable=False, cmake_clean_cache=False, cmake_clean_first=False, cmake_force_configure=False, ament_cmake_args=None, catkin_cmake_args=None, catkin_skip_building_tests=False, mixin_files=None, mixin=None, verb_parser=<colcon_mixin.mixin.mixin_argument.MixinArgumentDecorator object at 0x7840244c9580>, verb_extension=<colcon_core.verb.build.BuildVerb object at 0x7840244c9220>, main=<bound method BuildVerb.main of <colcon_core.verb.build.BuildVerb object at 0x7840244c9220>>, mixin_verb=('build',))
[0.181s] Level 1:colcon.colcon_core.package_discovery:discover_packages(colcon_meta) check parameters
[0.182s] Level 1:colcon.colcon_core.package_discovery:discover_packages(recursive) check parameters
[0.182s] Level 1:colcon.colcon_core.package_discovery:discover_packages(ignore) check parameters
[0.182s] Level 1:colcon.colcon_core.package_discovery:discover_packages(path) check parameters
[0.182s] Level 1:colcon.colcon_core.package_discovery:discover_packages(colcon_meta) discover
[0.182s] Level 1:colcon.colcon_core.package_discovery:discover_packages(recursive) discover
[0.182s] INFO:colcon.colcon_core.package_discovery:Crawling recursively for packages in '/home/jack/ros2_ws'
[0.182s] Level 1:colcon.colcon_core.package_identification:_identify(.) by extensions ['ignore', 'ignore_ament_install']
[0.182s] Level 1:colcon.colcon_core.package_identification:_identify(.) by extension 'ignore'
[0.182s] Level 1:colcon.colcon_core.package_identification:_identify(.) by extension 'ignore_ament_install'
[0.182s] Level 1:colcon.colcon_core.package_identification:_identify(.) by extensions ['colcon_pkg']
[0.182s] Level 1:colcon.colcon_core.package_identification:_identify(.) by extension 'colcon_pkg'
[0.182s] Level 1:colcon.colcon_core.package_identification:_identify(.) by extensions ['colcon_meta']
[0.182s] Level 1:colcon.colcon_core.package_identification:_identify(.) by extension 'colcon_meta'
[0.182s] Level 1:colcon.colcon_core.package_identification:_identify(.) by extensions ['ros']
[0.182s] Level 1:colcon.colcon_core.package_identification:_identify(.) by extension 'ros'
[0.207s] Level 1:colcon.colcon_core.package_identification:_identify(.) by extensions ['cmake', 'python']
[0.207s] Level 1:colcon.colcon_core.package_identification:_identify(.) by extension 'cmake'
[0.207s] Level 1:colcon.colcon_core.package_identification:_identify(.) by extension 'python'
[0.208s] Level 1:colcon.colcon_core.package_identification:_identify(.) by extensions ['python_setup_py']
[0.208s] Level 1:colcon.colcon_core.package_identification:_identify(.) by extension 'python_setup_py'
[0.208s] Level 1:colcon.colcon_core.package_identification:_identify(build) by extensions ['ignore', 'ignore_ament_install']
[0.208s] Level 1:colcon.colcon_core.package_identification:_identify(build) by extension 'ignore'
[0.208s] Level 1:colcon.colcon_core.package_identification:_identify(build) ignored
[0.208s] Level 1:colcon.colcon_core.package_identification:_identify(install) by extensions ['ignore', 'ignore_ament_install']
[0.208s] Level 1:colcon.colcon_core.package_identification:_identify(install) by extension 'ignore'
[0.208s] Level 1:colcon.colcon_core.package_identification:_identify(install) ignored
[0.208s] Level 1:colcon.colcon_core.package_identification:_identify(log) by extensions ['ignore', 'ignore_ament_install']
[0.208s] Level 1:colcon.colcon_core.package_identification:_identify(log) by extension 'ignore'
[0.208s] Level 1:colcon.colcon_core.package_identification:_identify(log) ignored
[0.208s] Level 1:colcon.colcon_core.package_identification:_identify(src) by extensions ['ignore', 'ignore_ament_install']
[0.208s] Level 1:colcon.colcon_core.package_identification:_identify(src) by extension 'ignore'
[0.209s] Level 1:colcon.colcon_core.package_identification:_identify(src) by extension 'ignore_ament_install'
[0.209s] Level 1:colcon.colcon_core.package_identification:_identify(src) by extensions ['colcon_pkg']
[0.209s] Level 1:colcon.colcon_core.package_identification:_identify(src) by extension 'colcon_pkg'
[0.209s] Level 1:colcon.colcon_core.package_identification:_identify(src) by extensions ['colcon_meta']
[0.209s] Level 1:colcon.colcon_core.package_identification:_identify(src) by extension 'colcon_meta'
[0.209s] Level 1:colcon.colcon_core.package_identification:_identify(src) by extensions ['ros']
[0.209s] Level 1:colcon.colcon_core.package_identification:_identify(src) by extension 'ros'
[0.209s] Level 1:colcon.colcon_core.package_identification:_identify(src) by extensions ['cmake', 'python']
[0.209s] Level 1:colcon.colcon_core.package_identification:_identify(src) by extension 'cmake'
[0.209s] Level 1:colcon.colcon_core.package_identification:_identify(src) by extension 'python'
[0.209s] Level 1:colcon.colcon_core.package_identification:_identify(src) by extensions ['python_setup_py']
[0.209s] Level 1:colcon.colcon_core.package_identification:_identify(src) by extension 'python_setup_py'
[0.209s] Level 1:colcon.colcon_core.package_identification:_identify(src/my_robot_bringup) by extensions ['ignore', 'ignore_ament_install']
[0.209s] Level 1:colcon.colcon_core.package_identification:_identify(src/my_robot_bringup) by extension 'ignore'
[0.209s] Level 1:colcon.colcon_core.package_identification:_identify(src/my_robot_bringup) by extension 'ignore_ament_install'
[0.209s] Level 1:colcon.colcon_core.package_identification:_identify(src/my_robot_bringup) by extensions ['colcon_pkg']
[0.209s] Level 1:colcon.colcon_core.package_identification:_identify(src/my_robot_bringup) by extension 'colcon_pkg'
[0.209s] Level 1:colcon.colcon_core.package_identification:_identify(src/my_robot_bringup) by extensions ['colcon_meta']
[0.209s] Level 1:colcon.colcon_core.package_identification:_identify(src/my_robot_bringup) by extension 'colcon_meta'
[0.209s] Level 1:colcon.colcon_core.package_identification:_identify(src/my_robot_bringup) by extensions ['ros']
[0.209s] Level 1:colcon.colcon_core.package_identification:_identify(src/my_robot_bringup) by extension 'ros'
[0.211s] DEBUG:colcon.colcon_core.package_identification:Package 'src/my_robot_bringup' with type 'ros.ament_cmake' and name 'my_robot_bringup'
[0.212s] Level 1:colcon.colcon_core.package_identification:_identify(src/my_robot_controller) by extensions ['ignore', 'ignore_ament_install']
[0.212s] Level 1:colcon.colcon_core.package_identification:_identify(src/my_robot_controller) by extension 'ignore'
[0.212s] Level 1:colcon.colcon_core.package_identification:_identify(src/my_robot_controller) by extension 'ignore_ament_install'
[0.212s] Level 1:colcon.colcon_core.package_identification:_identify(src/my_robot_controller) by extensions ['colcon_pkg']
[0.212s] Level 1:colcon.colcon_core.package_identification:_identify(src/my_robot_controller) by extension 'colcon_pkg'
[0.212s] Level 1:colcon.colcon_core.package_identification:_identify(src/my_robot_controller) by extensions ['colcon_meta']
[0.212s] Level 1:colcon.colcon_core.package_identification:_identify(src/my_robot_controller) by extension 'colcon_meta'
[0.212s] Level 1:colcon.colcon_core.package_identification:_identify(src/my_robot_controller) by extensions ['ros']
[0.212s] Level 1:colcon.colcon_core.package_identification:_identify(src/my_robot_controller) by extension 'ros'
[0.213s] DEBUG:colcon.colcon_core.package_identification:Package 'src/my_robot_controller' with type 'ros.ament_python' and name 'my_robot_controller'
[0.213s] Level 1:colcon.colcon_core.package_discovery:discover_packages(recursive) using defaults
[0.213s] Level 1:colcon.colcon_core.package_discovery:discover_packages(ignore) discover
[0.213s] Level 1:colcon.colcon_core.package_discovery:discover_packages(ignore) using defaults
[0.213s] Level 1:colcon.colcon_core.package_discovery:discover_packages(path) discover
[0.213s] Level 1:colcon.colcon_core.package_discovery:discover_packages(path) using defaults
[0.231s] Level 1:colcon.colcon_core.package_discovery:discover_packages(prefix_path) check parameters
[0.231s] Level 1:colcon.colcon_core.package_discovery:discover_packages(prefix_path) discover
[0.232s] DEBUG:colcon.colcon_installed_package_information.package_discovery:Found 2 installed packages in /home/jack/ros2_ws/install
[0.234s] DEBUG:colcon.colcon_installed_package_information.package_discovery:Found 388 installed packages in /opt/ros/jazzy
[0.235s] Level 1:colcon.colcon_core.package_discovery:discover_packages(prefix_path) using defaults
[0.285s] Level 5:colcon.colcon_core.verb:set package 'my_robot_bringup' build argument 'cmake_args' from command line to 'None'
[0.285s] Level 5:colcon.colcon_core.verb:set package 'my_robot_bringup' build argument 'cmake_target' from command line to 'None'
[0.285s] Level 5:colcon.colcon_core.verb:set package 'my_robot_bringup' build argument 'cmake_target_skip_unavailable' from command line to 'False'
[0.285s] Level 5:colcon.colcon_core.verb:set package 'my_robot_bringup' build argument 'cmake_clean_cache' from command line to 'False'
[0.285s] Level 5:colcon.colcon_core.verb:set package 'my_robot_bringup' build argument 'cmake_clean_first' from command line to 'False'
[0.285s] Level 5:colcon.colcon_core.verb:set package 'my_robot_bringup' build argument 'cmake_force_configure' from command line to 'False'
[0.285s] Level 5:colcon.colcon_core.verb:set package 'my_robot_bringup' build argument 'ament_cmake_args' from command line to 'None'
[0.285s] Level 5:colcon.colcon_core.verb:set package 'my_robot_bringup' build argument 'catkin_cmake_args' from command line to 'None'
[0.285s] Level 5:colcon.colcon_core.verb:set package 'my_robot_bringup' build argument 'catkin_skip_building_tests' from command line to 'False'
[0.285s] DEBUG:colcon.colcon_core.verb:Building package 'my_robot_bringup' with the following arguments: {'ament_cmake_args': None, 'build_base': '/home/jack/ros2_ws/build/my_robot_bringup', 'catkin_cmake_args': None, 'catkin_skip_building_tests': False, 'cmake_args': None, 'cmake_clean_cache': False, 'cmake_clean_first': False, 'cmake_force_configure': False, 'cmake_target': None, 'cmake_target_skip_unavailable': False, 'install_base': '/home/jack/ros2_ws/install/my_robot_bringup', 'merge_install': False, 'path': '/home/jack/ros2_ws/src/my_robot_bringup', 'symlink_install': False, 'test_result_base': None}
[0.285s] Level 5:colcon.colcon_core.verb:set package 'my_robot_controller' build argument 'cmake_args' from command line to 'None'
[0.285s] Level 5:colcon.colcon_core.verb:set package 'my_robot_controller' build argument 'cmake_target' from command line to 'None'
[0.286s] Level 5:colcon.colcon_core.verb:set package 'my_robot_controller' build argument 'cmake_target_skip_unavailable' from command line to 'False'
[0.286s] Level 5:colcon.colcon_core.verb:set package 'my_robot_controller' build argument 'cmake_clean_cache' from command line to 'False'
[0.286s] Level 5:colcon.colcon_core.verb:set package 'my_robot_controller' build argument 'cmake_clean_first' from command line to 'False'
[0.286s] Level 5:colcon.colcon_core.verb:set package 'my_robot_controller' build argument 'cmake_force_configure' from command line to 'False'
[0.286s] Level 5:colcon.colcon_core.verb:set package 'my_robot_controller' build argument 'ament_cmake_args' from command line to 'None'
[0.286s] Level 5:colcon.colcon_core.verb:set package 'my_robot_controller' build argument 'catkin_cmake_args' from command line to 'None'
[0.286s] Level 5:colcon.colcon_core.verb:set package 'my_robot_controller' build argument 'catkin_skip_building_tests' from command line to 'False'
[0.286s] DEBUG:colcon.colcon_core.verb:Building package 'my_robot_controller' with the following arguments: {'ament_cmake_args': None, 'build_base': '/home/jack/ros2_ws/build/my_robot_controller', 'catkin_cmake_args': None, 'catkin_skip_building_tests': False, 'cmake_args': None, 'cmake_clean_cache': False, 'cmake_clean_first': False, 'cmake_force_configure': False, 'cmake_target': None, 'cmake_target_skip_unavailable': False, 'install_base': '/home/jack/ros2_ws/install/my_robot_controller', 'merge_install': False, 'path': '/home/jack/ros2_ws/src/my_robot_controller', 'symlink_install': False, 'test_result_base': None}
[0.286s] INFO:colcon.colcon_core.executor:Executing jobs using 'parallel' executor
[0.287s] DEBUG:colcon.colcon_parallel_executor.executor.parallel:run_until_complete
[0.287s] INFO:colcon.colcon_ros.task.ament_cmake.build:Building ROS package in '/home/jack/ros2_ws/src/my_robot_bringup' with build type 'ament_cmake'
[0.287s] INFO:colcon.colcon_cmake.task.cmake.build:Building CMake package in '/home/jack/ros2_ws/src/my_robot_bringup'
[0.289s] INFO:colcon.colcon_core.plugin_system:Skipping extension 'colcon_core.shell.bat': Not used on non-Windows systems
[0.290s] INFO:colcon.colcon_core.shell:Skip shell extension 'powershell' for command environment: Not usable outside of PowerShell
[0.290s] DEBUG:colcon.colcon_core.shell:Skip shell extension 'dsv' for command environment
[0.294s] INFO:colcon.colcon_ros.task.ament_python.build:Building ROS package in '/home/jack/ros2_ws/src/my_robot_controller' with build type 'ament_python'
[0.294s] Level 1:colcon.colcon_core.shell:create_environment_hook('my_robot_controller', 'ament_prefix_path')
[0.295s] INFO:colcon.colcon_core.shell:Creating environment hook '/home/jack/ros2_ws/install/my_robot_controller/share/my_robot_controller/hook/ament_prefix_path.ps1'
[0.295s] INFO:colcon.colcon_core.shell:Creating environment descriptor '/home/jack/ros2_ws/install/my_robot_controller/share/my_robot_controller/hook/ament_prefix_path.dsv'
[0.296s] INFO:colcon.colcon_core.shell:Creating environment hook '/home/jack/ros2_ws/install/my_robot_controller/share/my_robot_controller/hook/ament_prefix_path.sh'
[0.296s] INFO:colcon.colcon_core.shell:Skip shell extension 'powershell' for command environment: Not usable outside of PowerShell
[0.296s] DEBUG:colcon.colcon_core.shell:Skip shell extension 'dsv' for command environment
[0.317s] DEBUG:colcon.colcon_core.event_handler.log_command:Invoking command in '/home/jack/ros2_ws/build/my_robot_bringup': CMAKE_PREFIX_PATH=${CMAKE_PREFIX_PATH}:/home/jack/ros2_ws/install/my_robot_controller:/opt/ros/jazzy DEBUGINFOD_URLS=https://debuginfod.ubuntu.com /usr/bin/cmake --build /home/jack/ros2_ws/build/my_robot_bringup -- -j8 -l8
[0.580s] INFO:colcon.colcon_core.task.python.build:Building Python package in '/home/jack/ros2_ws/src/my_robot_controller'
[0.580s] INFO:colcon.colcon_core.shell:Skip shell extension 'powershell' for command environment: Not usable outside of PowerShell
[0.580s] DEBUG:colcon.colcon_core.shell:Skip shell extension 'dsv' for command environment
[0.584s] DEBUG:colcon.colcon_core.event_handler.log_command:Invoked command in '/home/jack/ros2_ws/build/my_robot_bringup' returned '0': CMAKE_PREFIX_PATH=${CMAKE_PREFIX_PATH}:/home/jack/ros2_ws/install/my_robot_controller:/opt/ros/jazzy DEBUGINFOD_URLS=https://debuginfod.ubuntu.com /usr/bin/cmake --build /home/jack/ros2_ws/build/my_robot_bringup -- -j8 -l8
[0.594s] DEBUG:colcon.colcon_core.event_handler.log_command:Invoking command in '/home/jack/ros2_ws/build/my_robot_bringup': CMAKE_PREFIX_PATH=${CMAKE_PREFIX_PATH}:/home/jack/ros2_ws/install/my_robot_controller:/opt/ros/jazzy DEBUGINFOD_URLS=https://debuginfod.ubuntu.com /usr/bin/cmake --install /home/jack/ros2_ws/build/my_robot_bringup
[0.604s] Level 1:colcon.colcon_core.environment:create_environment_scripts_only(my_robot_bringup)
[0.605s] DEBUG:colcon.colcon_core.event_handler.log_command:Invoked command in '/home/jack/ros2_ws/build/my_robot_bringup' returned '0': CMAKE_PREFIX_PATH=${CMAKE_PREFIX_PATH}:/home/jack/ros2_ws/install/my_robot_controller:/opt/ros/jazzy DEBUGINFOD_URLS=https://debuginfod.ubuntu.com /usr/bin/cmake --install /home/jack/ros2_ws/build/my_robot_bringup
[0.606s] Level 1:colcon.colcon_core.environment:checking '/home/jack/ros2_ws/install/my_robot_bringup' for CMake module files
[0.607s] Level 1:colcon.colcon_core.environment:checking '/home/jack/ros2_ws/install/my_robot_bringup' for CMake config files
[0.607s] Level 1:colcon.colcon_core.shell:create_environment_hook('my_robot_bringup', 'cmake_prefix_path')
[0.607s] INFO:colcon.colcon_core.shell:Creating environment hook '/home/jack/ros2_ws/install/my_robot_bringup/share/my_robot_bringup/hook/cmake_prefix_path.ps1'
[0.608s] INFO:colcon.colcon_core.shell:Creating environment descriptor '/home/jack/ros2_ws/install/my_robot_bringup/share/my_robot_bringup/hook/cmake_prefix_path.dsv'
[0.608s] INFO:colcon.colcon_core.shell:Creating environment hook '/home/jack/ros2_ws/install/my_robot_bringup/share/my_robot_bringup/hook/cmake_prefix_path.sh'
[0.609s] Level 1:colcon.colcon_core.environment:checking '/home/jack/ros2_ws/install/my_robot_bringup/bin'
[0.609s] Level 1:colcon.colcon_core.environment:checking '/home/jack/ros2_ws/install/my_robot_bringup/lib/pkgconfig/my_robot_bringup.pc'
[0.609s] Level 1:colcon.colcon_core.environment:checking '/home/jack/ros2_ws/install/my_robot_bringup/lib/python3.12/site-packages'
[0.609s] Level 1:colcon.colcon_core.environment:checking '/home/jack/ros2_ws/install/my_robot_bringup/bin'
[0.609s] INFO:colcon.colcon_core.shell:Creating package script '/home/jack/ros2_ws/install/my_robot_bringup/share/my_robot_bringup/package.ps1'
[0.610s] INFO:colcon.colcon_core.shell:Creating package descriptor '/home/jack/ros2_ws/install/my_robot_bringup/share/my_robot_bringup/package.dsv'
[0.611s] INFO:colcon.colcon_core.shell:Creating package script '/home/jack/ros2_ws/install/my_robot_bringup/share/my_robot_bringup/package.sh'
[0.611s] INFO:colcon.colcon_core.shell:Creating package script '/home/jack/ros2_ws/install/my_robot_bringup/share/my_robot_bringup/package.bash'
[0.612s] INFO:colcon.colcon_core.shell:Creating package script '/home/jack/ros2_ws/install/my_robot_bringup/share/my_robot_bringup/package.zsh'
[0.612s] Level 1:colcon.colcon_core.environment:create_file_with_runtime_dependencies(/home/jack/ros2_ws/install/my_robot_bringup/share/colcon-core/packages/my_robot_bringup)
[0.612s] Level 1:colcon.colcon_core.environment:create_environment_scripts_only(my_robot_bringup)
[0.613s] Level 1:colcon.colcon_core.environment:checking '/home/jack/ros2_ws/install/my_robot_bringup' for CMake module files
[0.613s] Level 1:colcon.colcon_core.environment:checking '/home/jack/ros2_ws/install/my_robot_bringup' for CMake config files
[0.613s] Level 1:colcon.colcon_core.shell:create_environment_hook('my_robot_bringup', 'cmake_prefix_path')
[0.613s] INFO:colcon.colcon_core.shell:Creating environment hook '/home/jack/ros2_ws/install/my_robot_bringup/share/my_robot_bringup/hook/cmake_prefix_path.ps1'
[0.614s] INFO:colcon.colcon_core.shell:Creating environment descriptor '/home/jack/ros2_ws/install/my_robot_bringup/share/my_robot_bringup/hook/cmake_prefix_path.dsv'
[0.614s] INFO:colcon.colcon_core.shell:Creating environment hook '/home/jack/ros2_ws/install/my_robot_bringup/share/my_robot_bringup/hook/cmake_prefix_path.sh'
[0.614s] Level 1:colcon.colcon_core.environment:checking '/home/jack/ros2_ws/install/my_robot_bringup/bin'
[0.614s] Level 1:colcon.colcon_core.environment:checking '/home/jack/ros2_ws/install/my_robot_bringup/lib/pkgconfig/my_robot_bringup.pc'
[0.615s] Level 1:colcon.colcon_core.environment:checking '/home/jack/ros2_ws/install/my_robot_bringup/lib/python3.12/site-packages'
[0.615s] Level 1:colcon.colcon_core.environment:checking '/home/jack/ros2_ws/install/my_robot_bringup/bin'
[0.615s] INFO:colcon.colcon_core.shell:Creating package script '/home/jack/ros2_ws/install/my_robot_bringup/share/my_robot_bringup/package.ps1'
[0.615s] INFO:colcon.colcon_core.shell:Creating package descriptor '/home/jack/ros2_ws/install/my_robot_bringup/share/my_robot_bringup/package.dsv'
[0.616s] INFO:colcon.colcon_core.shell:Creating package script '/home/jack/ros2_ws/install/my_robot_bringup/share/my_robot_bringup/package.sh'
[0.616s] INFO:colcon.colcon_core.shell:Creating package script '/home/jack/ros2_ws/install/my_robot_bringup/share/my_robot_bringup/package.bash'
[0.617s] INFO:colcon.colcon_core.shell:Creating package script '/home/jack/ros2_ws/install/my_robot_bringup/share/my_robot_bringup/package.zsh'
[0.617s] Level 1:colcon.colcon_core.environment:create_file_with_runtime_dependencies(/home/jack/ros2_ws/install/my_robot_bringup/share/colcon-core/packages/my_robot_bringup)
[1.318s] DEBUG:colcon.colcon_core.event_handler.log_command:Invoking command in '/home/jack/ros2_ws/src/my_robot_controller': DEBUGINFOD_URLS=https://debuginfod.ubuntu.com PYTHONPATH=/home/jack/ros2_ws/build/my_robot_controller/prefix_override:/usr/lib/python3/dist-packages/colcon_core/task/python/colcon_distutils_commands:/home/jack/ros2_ws/install/my_robot_controller/lib/python3.12/site-packages:${PYTHONPATH} /usr/bin/python3 -W ignore:setup.py install is deprecated -W ignore:easy_install command is deprecated setup.py egg_info --egg-base ../../build/my_robot_controller build --build-base /home/jack/ros2_ws/build/my_robot_controller/build install --record /home/jack/ros2_ws/build/my_robot_controller/install.log --single-version-externally-managed install_data
[2.033s] Level 1:colcon.colcon_core.environment:checking '/home/jack/ros2_ws/install/my_robot_controller' for CMake module files
[2.033s] DEBUG:colcon.colcon_core.event_handler.log_command:Invoked command in '/home/jack/ros2_ws/src/my_robot_controller' returned '0': DEBUGINFOD_URLS=https://debuginfod.ubuntu.com PYTHONPATH=/home/jack/ros2_ws/build/my_robot_controller/prefix_override:/usr/lib/python3/dist-packages/colcon_core/task/python/colcon_distutils_commands:/home/jack/ros2_ws/install/my_robot_controller/lib/python3.12/site-packages:${PYTHONPATH} /usr/bin/python3 -W ignore:setup.py install is deprecated -W ignore:easy_install command is deprecated setup.py egg_info --egg-base ../../build/my_robot_controller build --build-base /home/jack/ros2_ws/build/my_robot_controller/build install --record /home/jack/ros2_ws/build/my_robot_controller/install.log --single-version-externally-managed install_data
[2.033s] Level 1:colcon.colcon_core.environment:checking '/home/jack/ros2_ws/install/my_robot_controller' for CMake config files
[2.034s] Level 1:colcon.colcon_core.environment:checking '/home/jack/ros2_ws/install/my_robot_controller/lib'
[2.034s] Level 1:colcon.colcon_core.environment:checking '/home/jack/ros2_ws/install/my_robot_controller/bin'
[2.034s] Level 1:colcon.colcon_core.environment:checking '/home/jack/ros2_ws/install/my_robot_controller/lib/pkgconfig/my_robot_controller.pc'
[2.034s] Level 1:colcon.colcon_core.environment:checking '/home/jack/ros2_ws/install/my_robot_controller/lib/python3.12/site-packages'
[2.035s] Level 1:colcon.colcon_core.shell:create_environment_hook('my_robot_controller', 'pythonpath')
[2.035s] INFO:colcon.colcon_core.shell:Creating environment hook '/home/jack/ros2_ws/install/my_robot_controller/share/my_robot_controller/hook/pythonpath.ps1'
[2.035s] INFO:colcon.colcon_core.shell:Creating environment descriptor '/home/jack/ros2_ws/install/my_robot_controller/share/my_robot_controller/hook/pythonpath.dsv'
[2.035s] INFO:colcon.colcon_core.shell:Creating environment hook '/home/jack/ros2_ws/install/my_robot_controller/share/my_robot_controller/hook/pythonpath.sh'
[2.036s] Level 1:colcon.colcon_core.environment:checking '/home/jack/ros2_ws/install/my_robot_controller/bin'
[2.036s] Level 1:colcon.colcon_core.environment:create_environment_scripts_only(my_robot_controller)
[2.036s] INFO:colcon.colcon_core.shell:Creating package script '/home/jack/ros2_ws/install/my_robot_controller/share/my_robot_controller/package.ps1'
[2.037s] INFO:colcon.colcon_core.shell:Creating package descriptor '/home/jack/ros2_ws/install/my_robot_controller/share/my_robot_controller/package.dsv'
[2.037s] INFO:colcon.colcon_core.shell:Creating package script '/home/jack/ros2_ws/install/my_robot_controller/share/my_robot_controller/package.sh'
[2.037s] INFO:colcon.colcon_core.shell:Creating package script '/home/jack/ros2_ws/install/my_robot_controller/share/my_robot_controller/package.bash'
[2.038s] INFO:colcon.colcon_core.shell:Creating package script '/home/jack/ros2_ws/install/my_robot_controller/share/my_robot_controller/package.zsh'
[2.038s] Level 1:colcon.colcon_core.environment:create_file_with_runtime_dependencies(/home/jack/ros2_ws/install/my_robot_controller/share/colcon-core/packages/my_robot_controller)
[2.038s] DEBUG:colcon.colcon_parallel_executor.executor.parallel:closing loop
[2.039s] DEBUG:colcon.colcon_parallel_executor.executor.parallel:loop closed
[2.039s] DEBUG:colcon.colcon_parallel_executor.executor.parallel:run_until_complete finished with '0'
[2.039s] DEBUG:colcon.colcon_core.event_reactor:joining thread
[2.044s] INFO:colcon.colcon_core.plugin_system:Skipping extension 'colcon_notification.desktop_notification.terminal_notifier': Not used on non-Darwin systems
[2.044s] INFO:colcon.colcon_core.plugin_system:Skipping extension 'colcon_notification.desktop_notification.win32': Not used on non-Windows systems
[2.044s] INFO:colcon.colcon_notification.desktop_notification:Sending desktop notification using 'notify2'
[2.059s] DEBUG:colcon.colcon_core.event_reactor:joined thread
[2.059s] INFO:colcon.colcon_core.shell:Creating prefix script '/home/jack/ros2_ws/install/local_setup.ps1'
[2.060s] INFO:colcon.colcon_core.shell:Creating prefix util module '/home/jack/ros2_ws/install/_local_setup_util_ps1.py'
[2.062s] INFO:colcon.colcon_core.shell:Creating prefix chain script '/home/jack/ros2_ws/install/setup.ps1'
[2.065s] INFO:colcon.colcon_core.shell:Creating prefix script '/home/jack/ros2_ws/install/local_setup.sh'
[2.066s] INFO:colcon.colcon_core.shell:Creating prefix util module '/home/jack/ros2_ws/install/_local_setup_util_sh.py'
[2.068s] INFO:colcon.colcon_core.shell:Creating prefix chain script '/home/jack/ros2_ws/install/setup.sh'
[2.070s] INFO:colcon.colcon_core.shell:Creating prefix script '/home/jack/ros2_ws/install/local_setup.bash'
[2.071s] INFO:colcon.colcon_core.shell:Creating prefix chain script '/home/jack/ros2_ws/install/setup.bash'
[2.072s] INFO:colcon.colcon_core.shell:Creating prefix script '/home/jack/ros2_ws/install/local_setup.zsh'
[2.073s] INFO:colcon.colcon_core.shell:Creating prefix chain script '/home/jack/ros2_ws/install/setup.zsh'
