[0.054s] Invoking command in '/home/jack/ros2_ws/build/my_robot_bringup': CMAKE_PREFIX_PATH=${CMAKE_PREFIX_PATH}:/home/jack/ros2_ws/install/turtle_move:/home/jack/ros2_ws/install/my_robot_controller:/opt/ros/jazzy DEBUGINFOD_URLS=https://debuginfod.ubuntu.com /usr/bin/cmake --build /home/jack/ros2_ws/build/my_robot_bringup -- -j8 -l8
[0.935s] Invoked command in '/home/jack/ros2_ws/build/my_robot_bringup' returned '0': CMAKE_PREFIX_PATH=${CMAKE_PREFIX_PATH}:/home/jack/ros2_ws/install/turtle_move:/home/jack/ros2_ws/install/my_robot_controller:/opt/ros/jazzy DEBUGINFOD_URLS=https://debuginfod.ubuntu.com /usr/bin/cmake --build /home/jack/ros2_ws/build/my_robot_bringup -- -j8 -l8
[0.951s] Invoking command in '/home/jack/ros2_ws/build/my_robot_bringup': CMAKE_PREFIX_PATH=${CMAKE_PREFIX_PATH}:/home/jack/ros2_ws/install/turtle_move:/home/jack/ros2_ws/install/my_robot_controller:/opt/ros/jazzy DEBUGINFOD_URLS=https://debuginfod.ubuntu.com /usr/bin/cmake --install /home/jack/ros2_ws/build/my_robot_bringup
[0.964s] -- Install configuration: ""
[0.964s] -- Execute custom install script
[0.965s] -- Up-to-date symlink: /home/jack/ros2_ws/install/my_robot_bringup/share/my_robot_bringup/launch/launch/demo.launch.py
[0.965s] -- Up-to-date symlink: /home/jack/ros2_ws/install/my_robot_bringup/share/ament_index/resource_index/package_run_dependencies/my_robot_bringup
[0.966s] -- Up-to-date symlink: /home/jack/ros2_ws/install/my_robot_bringup/share/ament_index/resource_index/parent_prefix_path/my_robot_bringup
[0.966s] -- Up-to-date symlink: /home/jack/ros2_ws/install/my_robot_bringup/share/my_robot_bringup/environment/ament_prefix_path.sh
[0.966s] -- Up-to-date symlink: /home/jack/ros2_ws/install/my_robot_bringup/share/my_robot_bringup/environment/ament_prefix_path.dsv
[0.967s] -- Up-to-date symlink: /home/jack/ros2_ws/install/my_robot_bringup/share/my_robot_bringup/environment/path.sh
[0.967s] -- Up-to-date symlink: /home/jack/ros2_ws/install/my_robot_bringup/share/my_robot_bringup/environment/path.dsv
[0.967s] -- Up-to-date symlink: /home/jack/ros2_ws/install/my_robot_bringup/share/my_robot_bringup/local_setup.bash
[0.967s] -- Up-to-date symlink: /home/jack/ros2_ws/install/my_robot_bringup/share/my_robot_bringup/local_setup.sh
[0.968s] -- Up-to-date symlink: /home/jack/ros2_ws/install/my_robot_bringup/share/my_robot_bringup/local_setup.zsh
[0.968s] -- Up-to-date symlink: /home/jack/ros2_ws/install/my_robot_bringup/share/my_robot_bringup/local_setup.dsv
[0.968s] -- Symlinking: /home/jack/ros2_ws/install/my_robot_bringup/share/my_robot_bringup/package.dsv
[0.982s] -- Up-to-date symlink: /home/jack/ros2_ws/install/my_robot_bringup/share/ament_index/resource_index/packages/my_robot_bringup
[0.983s] -- Up-to-date symlink: /home/jack/ros2_ws/install/my_robot_bringup/share/my_robot_bringup/cmake/my_robot_bringupConfig.cmake
[0.983s] -- Up-to-date symlink: /home/jack/ros2_ws/install/my_robot_bringup/share/my_robot_bringup/cmake/my_robot_bringupConfig-version.cmake
[0.983s] -- Up-to-date symlink: /home/jack/ros2_ws/install/my_robot_bringup/share/my_robot_bringup/package.xml
[0.986s] Invoked command in '/home/jack/ros2_ws/build/my_robot_bringup' returned '0': CMAKE_PREFIX_PATH=${CMAKE_PREFIX_PATH}:/home/jack/ros2_ws/install/turtle_move:/home/jack/ros2_ws/install/my_robot_controller:/opt/ros/jazzy DEBUGINFOD_URLS=https://debuginfod.ubuntu.com /usr/bin/cmake --install /home/jack/ros2_ws/build/my_robot_bringup
