[2.275s] Invoking command in '/home/jack/ros2_ws/src/py_srvcli': DEBUGINFOD_URLS=https://debuginfod.ubuntu.com PYTHONPATH=/home/jack/ros2_ws/build/py_srvcli/prefix_override:/usr/lib/python3/dist-packages/colcon_core/task/python/colcon_distutils_commands:/home/jack/ros2_ws/install/py_srvcli/lib/python3.12/site-packages:${PYTHONPATH} /usr/bin/python3 -W ignore:setup.py install is deprecated -W ignore:easy_install command is deprecated setup.py egg_info --egg-base ../../build/py_srvcli build --build-base /home/jack/ros2_ws/build/py_srvcli/build install --record /home/jack/ros2_ws/build/py_srvcli/install.log --single-version-externally-managed install_data
[2.696s] running egg_info
[2.731s] writing ../../build/py_srvcli/py_srvcli.egg-info/PKG-INFO
[2.731s] writing dependency_links to ../../build/py_srvcli/py_srvcli.egg-info/dependency_links.txt
[2.731s] writing entry points to ../../build/py_srvcli/py_srvcli.egg-info/entry_points.txt
[2.731s] writing requirements to ../../build/py_srvcli/py_srvcli.egg-info/requires.txt
[2.731s] writing top-level names to ../../build/py_srvcli/py_srvcli.egg-info/top_level.txt
[2.811s] reading manifest file '../../build/py_srvcli/py_srvcli.egg-info/SOURCES.txt'
[2.811s] adding license file 'LICENSE'
[2.812s] writing manifest file '../../build/py_srvcli/py_srvcli.egg-info/SOURCES.txt'
[2.812s] running build
[2.812s] running build_py
[2.812s] running install
[2.821s] running install_lib
[2.859s] running install_data
[2.859s] running install_egg_info
[2.897s] removing '/home/jack/ros2_ws/install/py_srvcli/lib/python3.12/site-packages/py_srvcli-0.0.0-py3.12.egg-info' (and everything under it)
[2.898s] Copying ../../build/py_srvcli/py_srvcli.egg-info to /home/jack/ros2_ws/install/py_srvcli/lib/python3.12/site-packages/py_srvcli-0.0.0-py3.12.egg-info
[2.899s] running install_scripts
[3.100s] Installing client script to /home/jack/ros2_ws/install/py_srvcli/lib/py_srvcli
[3.100s] Installing service script to /home/jack/ros2_ws/install/py_srvcli/lib/py_srvcli
[3.100s] writing list of installed files to '/home/jack/ros2_ws/build/py_srvcli/install.log'
[3.132s] Invoked command in '/home/jack/ros2_ws/src/py_srvcli' returned '0': DEBUGINFOD_URLS=https://debuginfod.ubuntu.com PYTHONPATH=/home/jack/ros2_ws/build/py_srvcli/prefix_override:/usr/lib/python3/dist-packages/colcon_core/task/python/colcon_distutils_commands:/home/jack/ros2_ws/install/py_srvcli/lib/python3.12/site-packages:${PYTHONPATH} /usr/bin/python3 -W ignore:setup.py install is deprecated -W ignore:easy_install command is deprecated setup.py egg_info --egg-base ../../build/py_srvcli build --build-base /home/jack/ros2_ws/build/py_srvcli/build install --record /home/jack/ros2_ws/build/py_srvcli/install.log --single-version-externally-managed install_data
