[2.199s] Invoking command in '/home/jack/ros2_ws/src/pubsub': DEBUGINFOD_URLS=https://debuginfod.ubuntu.com PYTHONPATH=/home/jack/ros2_ws/build/turtle_move/prefix_override:/usr/lib/python3/dist-packages/colcon_core/task/python/colcon_distutils_commands:/home/jack/ros2_ws/install/turtle_move/lib/python3.12/site-packages:${PYTHONPATH} /usr/bin/python3 -W ignore:setup.py install is deprecated -W ignore:easy_install command is deprecated setup.py egg_info --egg-base ../../build/turtle_move build --build-base /home/jack/ros2_ws/build/turtle_move/build install --record /home/jack/ros2_ws/build/turtle_move/install.log --single-version-externally-managed install_data
[2.787s] running egg_info
[2.835s] writing ../../build/turtle_move/pubsub.egg-info/PKG-INFO
[2.836s] writing dependency_links to ../../build/turtle_move/pubsub.egg-info/dependency_links.txt
[2.836s] writing entry points to ../../build/turtle_move/pubsub.egg-info/entry_points.txt
[2.836s] writing requirements to ../../build/turtle_move/pubsub.egg-info/requires.txt
[2.836s] writing top-level names to ../../build/turtle_move/pubsub.egg-info/top_level.txt
[2.933s] reading manifest file '../../build/turtle_move/pubsub.egg-info/SOURCES.txt'
[2.934s] writing manifest file '../../build/turtle_move/pubsub.egg-info/SOURCES.txt'
[2.935s] running build
[2.935s] running build_py
[2.935s] running install
[2.947s] running install_lib
[2.997s] running install_data
[2.997s] running install_egg_info
[3.047s] removing '/home/jack/ros2_ws/install/turtle_move/lib/python3.12/site-packages/pubsub-0.0.0-py3.12.egg-info' (and everything under it)
[3.047s] Copying ../../build/turtle_move/pubsub.egg-info to /home/jack/ros2_ws/install/turtle_move/lib/python3.12/site-packages/pubsub-0.0.0-py3.12.egg-info
[3.048s] running install_scripts
[3.345s] Installing Pubsub_node script to /home/jack/ros2_ws/install/turtle_move/lib/pubsub
[3.345s] writing list of installed files to '/home/jack/ros2_ws/build/turtle_move/install.log'
[3.394s] Invoked command in '/home/jack/ros2_ws/src/pubsub' returned '0': DEBUGINFOD_URLS=https://debuginfod.ubuntu.com PYTHONPATH=/home/jack/ros2_ws/build/turtle_move/prefix_override:/usr/lib/python3/dist-packages/colcon_core/task/python/colcon_distutils_commands:/home/jack/ros2_ws/install/turtle_move/lib/python3.12/site-packages:${PYTHONPATH} /usr/bin/python3 -W ignore:setup.py install is deprecated -W ignore:easy_install command is deprecated setup.py egg_info --egg-base ../../build/turtle_move build --build-base /home/jack/ros2_ws/build/turtle_move/build install --record /home/jack/ros2_ws/build/turtle_move/install.log --single-version-externally-managed install_data
