[1.071s] Invoking command in '/home/jack/ros2_ws/src/homework1/turtle_control': DEBUGINFOD_URLS=https://debuginfod.ubuntu.com PYTHONPATH=/home/jack/ros2_ws/build/turtle_control/prefix_override:/usr/lib/python3/dist-packages/colcon_core/task/python/colcon_distutils_commands:/home/jack/ros2_ws/install/turtle_control/lib/python3.12/site-packages:${PYTHONPATH} /usr/bin/python3 -W ignore:setup.py install is deprecated -W ignore:easy_install command is deprecated setup.py egg_info --egg-base ../../../build/turtle_control build --build-base /home/jack/ros2_ws/build/turtle_control/build install --record /home/jack/ros2_ws/build/turtle_control/install.log --single-version-externally-managed install_data
[1.419s] running egg_info
[1.448s] writing ../../../build/turtle_control/turtle_control.egg-info/PKG-INFO
[1.448s] writing dependency_links to ../../../build/turtle_control/turtle_control.egg-info/dependency_links.txt
[1.448s] writing entry points to ../../../build/turtle_control/turtle_control.egg-info/entry_points.txt
[1.448s] writing requirements to ../../../build/turtle_control/turtle_control.egg-info/requires.txt
[1.448s] writing top-level names to ../../../build/turtle_control/turtle_control.egg-info/top_level.txt
[1.506s] reading manifest file '../../../build/turtle_control/turtle_control.egg-info/SOURCES.txt'
[1.506s] writing manifest file '../../../build/turtle_control/turtle_control.egg-info/SOURCES.txt'
[1.506s] running build
[1.507s] running build_py
[1.507s] copying turtle_control/waypoint.py -> /home/jack/ros2_ws/build/turtle_control/build/lib/turtle_control
[1.507s] running install
[1.514s] running install_lib
[1.542s] copying /home/jack/ros2_ws/build/turtle_control/build/lib/turtle_control/waypoint.py -> /home/jack/ros2_ws/install/turtle_control/lib/python3.12/site-packages/turtle_control
[1.543s] byte-compiling /home/jack/ros2_ws/install/turtle_control/lib/python3.12/site-packages/turtle_control/waypoint.py to waypoint.cpython-312.pyc
[1.544s] running install_data
[1.544s] running install_egg_info
[1.573s] removing '/home/jack/ros2_ws/install/turtle_control/lib/python3.12/site-packages/turtle_control-0.0.0-py3.12.egg-info' (and everything under it)
[1.573s] Copying ../../../build/turtle_control/turtle_control.egg-info to /home/jack/ros2_ws/install/turtle_control/lib/python3.12/site-packages/turtle_control-0.0.0-py3.12.egg-info
[1.574s] running install_scripts
[1.750s] Installing waypoint script to /home/jack/ros2_ws/install/turtle_control/lib/turtle_control
[1.750s] writing list of installed files to '/home/jack/ros2_ws/build/turtle_control/install.log'
[1.779s] Invoked command in '/home/jack/ros2_ws/src/homework1/turtle_control' returned '0': DEBUGINFOD_URLS=https://debuginfod.ubuntu.com PYTHONPATH=/home/jack/ros2_ws/build/turtle_control/prefix_override:/usr/lib/python3/dist-packages/colcon_core/task/python/colcon_distutils_commands:/home/jack/ros2_ws/install/turtle_control/lib/python3.12/site-packages:${PYTHONPATH} /usr/bin/python3 -W ignore:setup.py install is deprecated -W ignore:easy_install command is deprecated setup.py egg_info --egg-base ../../../build/turtle_control build --build-base /home/jack/ros2_ws/build/turtle_control/build install --record /home/jack/ros2_ws/build/turtle_control/install.log --single-version-externally-managed install_data
