[0.028s] Invoking command in '/home/jack/ros2_ws/build/crazy_turtle_interfaces': CMAKE_PREFIX_PATH=${CMAKE_PREFIX_PATH}:/home/jack/ros2_ws/install/turtle_control:/home/jack/ros2_ws/install/turtle_controller:/home/jack/ros2_ws/install/py_srvcli:/home/jack/ros2_ws/install/pubsub:/home/jack/ros2_ws/install/my_py_pkg:/home/jack/ros2_ws/install/my_robot_controller:/home/jack/ros2_ws/install/my_python_pkg:/home/jack/ros2_ws/install/crazy_turtle:/opt/ros/jazzy DEBUGINFOD_URLS=https://debuginfod.ubuntu.com /usr/bin/cmake --build /home/jack/ros2_ws/build/crazy_turtle_interfaces -- -j8 -l8
[0.850s] [  2%] Built target crazy_turtle_interfaces__rosidl_generator_type_description
[0.850s] [  2%] Built target ament_cmake_python_copy_crazy_turtle_interfaces
[0.850s] [  5%] Built target crazy_turtle_interfaces__cpp
[0.850s] [ 20%] Built target crazy_turtle_interfaces__rosidl_generator_c
[0.850s] [ 29%] Built target crazy_turtle_interfaces__rosidl_typesupport_introspection_c
[0.850s] [ 38%] Built target crazy_turtle_interfaces__rosidl_typesupport_fastrtps_c
[0.851s] [ 47%] Built target crazy_turtle_interfaces__rosidl_typesupport_c
[0.851s] [ 55%] Built target crazy_turtle_interfaces__rosidl_typesupport_cpp
[0.851s] [ 64%] Built target crazy_turtle_interfaces__rosidl_typesupport_introspection_cpp
[0.851s] [ 73%] Built target crazy_turtle_interfaces__rosidl_typesupport_fastrtps_cpp
[0.851s] [ 73%] Built target crazy_turtle_interfaces
[0.851s] [ 76%] Built target crazy_turtle_interfaces__py
[0.851s] [ 82%] Built target crazy_turtle_interfaces__rosidl_generator_py
[0.851s] [ 88%] Built target crazy_turtle_interfaces_s__rosidl_typesupport_introspection_c
[0.851s] [ 94%] Built target crazy_turtle_interfaces_s__rosidl_typesupport_fastrtps_c
[0.851s] [100%] Built target crazy_turtle_interfaces_s__rosidl_typesupport_c
[0.851s] running egg_info
[0.851s] writing crazy_turtle_interfaces.egg-info/PKG-INFO
[0.851s] writing dependency_links to crazy_turtle_interfaces.egg-info/dependency_links.txt
[0.851s] writing top-level names to crazy_turtle_interfaces.egg-info/top_level.txt
[0.851s] reading manifest file 'crazy_turtle_interfaces.egg-info/SOURCES.txt'
[0.851s] writing manifest file 'crazy_turtle_interfaces.egg-info/SOURCES.txt'
[0.851s] [100%] Built target ament_cmake_python_build_crazy_turtle_interfaces_egg
[1.030s] Invoked command in '/home/jack/ros2_ws/build/crazy_turtle_interfaces' returned '0': CMAKE_PREFIX_PATH=${CMAKE_PREFIX_PATH}:/home/jack/ros2_ws/install/turtle_control:/home/jack/ros2_ws/install/turtle_controller:/home/jack/ros2_ws/install/py_srvcli:/home/jack/ros2_ws/install/pubsub:/home/jack/ros2_ws/install/my_py_pkg:/home/jack/ros2_ws/install/my_robot_controller:/home/jack/ros2_ws/install/my_python_pkg:/home/jack/ros2_ws/install/crazy_turtle:/opt/ros/jazzy DEBUGINFOD_URLS=https://debuginfod.ubuntu.com /usr/bin/cmake --build /home/jack/ros2_ws/build/crazy_turtle_interfaces -- -j8 -l8
[1.031s] Invoking command in '/home/jack/ros2_ws/build/crazy_turtle_interfaces': CMAKE_PREFIX_PATH=${CMAKE_PREFIX_PATH}:/home/jack/ros2_ws/install/turtle_control:/home/jack/ros2_ws/install/turtle_controller:/home/jack/ros2_ws/install/py_srvcli:/home/jack/ros2_ws/install/pubsub:/home/jack/ros2_ws/install/my_py_pkg:/home/jack/ros2_ws/install/my_robot_controller:/home/jack/ros2_ws/install/my_python_pkg:/home/jack/ros2_ws/install/crazy_turtle:/opt/ros/jazzy DEBUGINFOD_URLS=https://debuginfod.ubuntu.com /usr/bin/cmake --install /home/jack/ros2_ws/build/crazy_turtle_interfaces
[1.041s] -- Install configuration: ""
[1.042s] -- Up-to-date: /home/jack/ros2_ws/install/crazy_turtle_interfaces/share/ament_index/resource_index/rosidl_interfaces/crazy_turtle_interfaces
[1.042s] -- Up-to-date: /home/jack/ros2_ws/install/crazy_turtle_interfaces/share/crazy_turtle_interfaces/srv/Switch.json
[1.042s] -- Up-to-date: /home/jack/ros2_ws/install/crazy_turtle_interfaces/include/crazy_turtle_interfaces/crazy_turtle_interfaces
[1.042s] -- Up-to-date: /home/jack/ros2_ws/install/crazy_turtle_interfaces/include/crazy_turtle_interfaces/crazy_turtle_interfaces/srv
[1.042s] -- Up-to-date: /home/jack/ros2_ws/install/crazy_turtle_interfaces/include/crazy_turtle_interfaces/crazy_turtle_interfaces/srv/detail
[1.042s] -- Up-to-date: /home/jack/ros2_ws/install/crazy_turtle_interfaces/include/crazy_turtle_interfaces/crazy_turtle_interfaces/srv/detail/switch__description.c
[1.042s] -- Up-to-date: /home/jack/ros2_ws/install/crazy_turtle_interfaces/include/crazy_turtle_interfaces/crazy_turtle_interfaces/srv/detail/switch__type_support.c
[1.042s] -- Up-to-date: /home/jack/ros2_ws/install/crazy_turtle_interfaces/include/crazy_turtle_interfaces/crazy_turtle_interfaces/srv/detail/switch__functions.c
[1.042s] -- Up-to-date: /home/jack/ros2_ws/install/crazy_turtle_interfaces/include/crazy_turtle_interfaces/crazy_turtle_interfaces/srv/detail/switch__struct.h
[1.043s] -- Up-to-date: /home/jack/ros2_ws/install/crazy_turtle_interfaces/include/crazy_turtle_interfaces/crazy_turtle_interfaces/srv/detail/switch__functions.h
[1.043s] -- Up-to-date: /home/jack/ros2_ws/install/crazy_turtle_interfaces/include/crazy_turtle_interfaces/crazy_turtle_interfaces/srv/detail/switch__type_support.h
[1.043s] -- Up-to-date: /home/jack/ros2_ws/install/crazy_turtle_interfaces/include/crazy_turtle_interfaces/crazy_turtle_interfaces/srv/switch.h
[1.043s] -- Up-to-date: /home/jack/ros2_ws/install/crazy_turtle_interfaces/include/crazy_turtle_interfaces/crazy_turtle_interfaces/msg
[1.043s] -- Up-to-date: /home/jack/ros2_ws/install/crazy_turtle_interfaces/include/crazy_turtle_interfaces/crazy_turtle_interfaces/msg/rosidl_generator_c__visibility_control.h
[1.043s] -- Up-to-date: /home/jack/ros2_ws/install/crazy_turtle_interfaces/share/crazy_turtle_interfaces/environment/library_path.sh
[1.043s] -- Up-to-date: /home/jack/ros2_ws/install/crazy_turtle_interfaces/share/crazy_turtle_interfaces/environment/library_path.dsv
[1.043s] -- Up-to-date: /home/jack/ros2_ws/install/crazy_turtle_interfaces/lib/libcrazy_turtle_interfaces__rosidl_generator_c.so
[1.043s] -- Up-to-date: /home/jack/ros2_ws/install/crazy_turtle_interfaces/include/crazy_turtle_interfaces/crazy_turtle_interfaces
[1.043s] -- Up-to-date: /home/jack/ros2_ws/install/crazy_turtle_interfaces/include/crazy_turtle_interfaces/crazy_turtle_interfaces/srv
[1.043s] -- Up-to-date: /home/jack/ros2_ws/install/crazy_turtle_interfaces/include/crazy_turtle_interfaces/crazy_turtle_interfaces/srv/detail
[1.043s] -- Up-to-date: /home/jack/ros2_ws/install/crazy_turtle_interfaces/include/crazy_turtle_interfaces/crazy_turtle_interfaces/srv/detail/switch__rosidl_typesupport_fastrtps_c.h
[1.044s] -- Up-to-date: /home/jack/ros2_ws/install/crazy_turtle_interfaces/include/crazy_turtle_interfaces/crazy_turtle_interfaces/msg
[1.044s] -- Up-to-date: /home/jack/ros2_ws/install/crazy_turtle_interfaces/include/crazy_turtle_interfaces/crazy_turtle_interfaces/msg/rosidl_typesupport_fastrtps_c__visibility_control.h
[1.047s] -- Up-to-date: /home/jack/ros2_ws/install/crazy_turtle_interfaces/lib/libcrazy_turtle_interfaces__rosidl_typesupport_fastrtps_c.so
[1.047s] -- Up-to-date: /home/jack/ros2_ws/install/crazy_turtle_interfaces/include/crazy_turtle_interfaces/crazy_turtle_interfaces
[1.047s] -- Up-to-date: /home/jack/ros2_ws/install/crazy_turtle_interfaces/include/crazy_turtle_interfaces/crazy_turtle_interfaces/srv
[1.047s] -- Up-to-date: /home/jack/ros2_ws/install/crazy_turtle_interfaces/include/crazy_turtle_interfaces/crazy_turtle_interfaces/srv/detail
[1.047s] -- Up-to-date: /home/jack/ros2_ws/install/crazy_turtle_interfaces/include/crazy_turtle_interfaces/crazy_turtle_interfaces/srv/detail/switch__type_support.c
[1.047s] -- Up-to-date: /home/jack/ros2_ws/install/crazy_turtle_interfaces/include/crazy_turtle_interfaces/crazy_turtle_interfaces/srv/detail/switch__rosidl_typesupport_introspection_c.h
[1.047s] -- Up-to-date: /home/jack/ros2_ws/install/crazy_turtle_interfaces/include/crazy_turtle_interfaces/crazy_turtle_interfaces/msg
[1.047s] -- Up-to-date: /home/jack/ros2_ws/install/crazy_turtle_interfaces/include/crazy_turtle_interfaces/crazy_turtle_interfaces/msg/rosidl_typesupport_introspection_c__visibility_control.h
[1.048s] -- Up-to-date: /home/jack/ros2_ws/install/crazy_turtle_interfaces/lib/libcrazy_turtle_interfaces__rosidl_typesupport_introspection_c.so
[1.060s] -- Up-to-date: /home/jack/ros2_ws/install/crazy_turtle_interfaces/lib/libcrazy_turtle_interfaces__rosidl_typesupport_c.so
[1.060s] -- Up-to-date: /home/jack/ros2_ws/install/crazy_turtle_interfaces/include/crazy_turtle_interfaces/crazy_turtle_interfaces
[1.060s] -- Up-to-date: /home/jack/ros2_ws/install/crazy_turtle_interfaces/include/crazy_turtle_interfaces/crazy_turtle_interfaces/srv
[1.060s] -- Up-to-date: /home/jack/ros2_ws/install/crazy_turtle_interfaces/include/crazy_turtle_interfaces/crazy_turtle_interfaces/srv/detail
[1.060s] -- Up-to-date: /home/jack/ros2_ws/install/crazy_turtle_interfaces/include/crazy_turtle_interfaces/crazy_turtle_interfaces/srv/detail/switch__builder.hpp
[1.060s] -- Up-to-date: /home/jack/ros2_ws/install/crazy_turtle_interfaces/include/crazy_turtle_interfaces/crazy_turtle_interfaces/srv/detail/switch__type_support.hpp
[1.060s] -- Up-to-date: /home/jack/ros2_ws/install/crazy_turtle_interfaces/include/crazy_turtle_interfaces/crazy_turtle_interfaces/srv/detail/switch__traits.hpp
[1.060s] -- Up-to-date: /home/jack/ros2_ws/install/crazy_turtle_interfaces/include/crazy_turtle_interfaces/crazy_turtle_interfaces/srv/detail/switch__struct.hpp
[1.061s] -- Up-to-date: /home/jack/ros2_ws/install/crazy_turtle_interfaces/include/crazy_turtle_interfaces/crazy_turtle_interfaces/srv/switch.hpp
[1.061s] -- Up-to-date: /home/jack/ros2_ws/install/crazy_turtle_interfaces/include/crazy_turtle_interfaces/crazy_turtle_interfaces/msg
[1.061s] -- Up-to-date: /home/jack/ros2_ws/install/crazy_turtle_interfaces/include/crazy_turtle_interfaces/crazy_turtle_interfaces/msg/rosidl_generator_cpp__visibility_control.hpp
[1.061s] -- Up-to-date: /home/jack/ros2_ws/install/crazy_turtle_interfaces/include/crazy_turtle_interfaces/crazy_turtle_interfaces
[1.061s] -- Up-to-date: /home/jack/ros2_ws/install/crazy_turtle_interfaces/include/crazy_turtle_interfaces/crazy_turtle_interfaces/srv
[1.061s] -- Up-to-date: /home/jack/ros2_ws/install/crazy_turtle_interfaces/include/crazy_turtle_interfaces/crazy_turtle_interfaces/srv/detail
[1.061s] -- Up-to-date: /home/jack/ros2_ws/install/crazy_turtle_interfaces/include/crazy_turtle_interfaces/crazy_turtle_interfaces/srv/detail/dds_fastrtps
[1.061s] -- Up-to-date: /home/jack/ros2_ws/install/crazy_turtle_interfaces/include/crazy_turtle_interfaces/crazy_turtle_interfaces/srv/detail/switch__rosidl_typesupport_fastrtps_cpp.hpp
[1.061s] -- Up-to-date: /home/jack/ros2_ws/install/crazy_turtle_interfaces/include/crazy_turtle_interfaces/crazy_turtle_interfaces/msg
[1.061s] -- Up-to-date: /home/jack/ros2_ws/install/crazy_turtle_interfaces/include/crazy_turtle_interfaces/crazy_turtle_interfaces/msg/rosidl_typesupport_fastrtps_cpp__visibility_control.h
[1.061s] -- Up-to-date: /home/jack/ros2_ws/install/crazy_turtle_interfaces/lib/libcrazy_turtle_interfaces__rosidl_typesupport_fastrtps_cpp.so
[1.061s] -- Up-to-date: /home/jack/ros2_ws/install/crazy_turtle_interfaces/include/crazy_turtle_interfaces/crazy_turtle_interfaces
[1.062s] -- Up-to-date: /home/jack/ros2_ws/install/crazy_turtle_interfaces/include/crazy_turtle_interfaces/crazy_turtle_interfaces/srv
[1.062s] -- Up-to-date: /home/jack/ros2_ws/install/crazy_turtle_interfaces/include/crazy_turtle_interfaces/crazy_turtle_interfaces/srv/detail
[1.062s] -- Up-to-date: /home/jack/ros2_ws/install/crazy_turtle_interfaces/include/crazy_turtle_interfaces/crazy_turtle_interfaces/srv/detail/switch__rosidl_typesupport_introspection_cpp.hpp
[1.062s] -- Up-to-date: /home/jack/ros2_ws/install/crazy_turtle_interfaces/include/crazy_turtle_interfaces/crazy_turtle_interfaces/srv/detail/switch__type_support.cpp
[1.062s] -- Up-to-date: /home/jack/ros2_ws/install/crazy_turtle_interfaces/lib/libcrazy_turtle_interfaces__rosidl_typesupport_introspection_cpp.so
[1.062s] -- Up-to-date: /home/jack/ros2_ws/install/crazy_turtle_interfaces/lib/libcrazy_turtle_interfaces__rosidl_typesupport_cpp.so
[1.062s] -- Up-to-date: /home/jack/ros2_ws/install/crazy_turtle_interfaces/share/crazy_turtle_interfaces/environment/pythonpath.sh
[1.063s] -- Up-to-date: /home/jack/ros2_ws/install/crazy_turtle_interfaces/share/crazy_turtle_interfaces/environment/pythonpath.dsv
[1.063s] -- Up-to-date: /home/jack/ros2_ws/install/crazy_turtle_interfaces/lib/python3.12/site-packages/crazy_turtle_interfaces-0.0.0-py3.12.egg-info
[1.063s] -- Installing: /home/jack/ros2_ws/install/crazy_turtle_interfaces/lib/python3.12/site-packages/crazy_turtle_interfaces-0.0.0-py3.12.egg-info/top_level.txt
[1.063s] -- Installing: /home/jack/ros2_ws/install/crazy_turtle_interfaces/lib/python3.12/site-packages/crazy_turtle_interfaces-0.0.0-py3.12.egg-info/dependency_links.txt
[1.063s] -- Installing: /home/jack/ros2_ws/install/crazy_turtle_interfaces/lib/python3.12/site-packages/crazy_turtle_interfaces-0.0.0-py3.12.egg-info/SOURCES.txt
[1.064s] -- Installing: /home/jack/ros2_ws/install/crazy_turtle_interfaces/lib/python3.12/site-packages/crazy_turtle_interfaces-0.0.0-py3.12.egg-info/PKG-INFO
[1.064s] -- Up-to-date: /home/jack/ros2_ws/install/crazy_turtle_interfaces/lib/python3.12/site-packages/crazy_turtle_interfaces
[1.064s] -- Up-to-date: /home/jack/ros2_ws/install/crazy_turtle_interfaces/lib/python3.12/site-packages/crazy_turtle_interfaces/crazy_turtle_interfaces_s__rosidl_typesupport_introspection_c.so
[1.064s] -- Up-to-date: /home/jack/ros2_ws/install/crazy_turtle_interfaces/lib/python3.12/site-packages/crazy_turtle_interfaces/srv
[1.064s] -- Up-to-date: /home/jack/ros2_ws/install/crazy_turtle_interfaces/lib/python3.12/site-packages/crazy_turtle_interfaces/srv/_switch.py
[1.064s] -- Up-to-date: /home/jack/ros2_ws/install/crazy_turtle_interfaces/lib/python3.12/site-packages/crazy_turtle_interfaces/srv/__init__.py
[1.064s] -- Up-to-date: /home/jack/ros2_ws/install/crazy_turtle_interfaces/lib/python3.12/site-packages/crazy_turtle_interfaces/srv/_switch_s.c
[1.064s] -- Up-to-date: /home/jack/ros2_ws/install/crazy_turtle_interfaces/lib/python3.12/site-packages/crazy_turtle_interfaces/crazy_turtle_interfaces_s__rosidl_typesupport_fastrtps_c.so
[1.064s] -- Up-to-date: /home/jack/ros2_ws/install/crazy_turtle_interfaces/lib/python3.12/site-packages/crazy_turtle_interfaces/_crazy_turtle_interfaces_s.ep.rosidl_typesupport_c.c
[1.064s] -- Up-to-date: /home/jack/ros2_ws/install/crazy_turtle_interfaces/lib/python3.12/site-packages/crazy_turtle_interfaces/_crazy_turtle_interfaces_s.ep.rosidl_typesupport_introspection_c.c
[1.064s] -- Up-to-date: /home/jack/ros2_ws/install/crazy_turtle_interfaces/lib/python3.12/site-packages/crazy_turtle_interfaces/__init__.py
[1.064s] -- Up-to-date: /home/jack/ros2_ws/install/crazy_turtle_interfaces/lib/python3.12/site-packages/crazy_turtle_interfaces/_crazy_turtle_interfaces_s.ep.rosidl_typesupport_fastrtps_c.c
[1.064s] -- Up-to-date: /home/jack/ros2_ws/install/crazy_turtle_interfaces/lib/python3.12/site-packages/crazy_turtle_interfaces/crazy_turtle_interfaces_s__rosidl_typesupport_c.so
[1.088s] Listing '/home/jack/ros2_ws/install/crazy_turtle_interfaces/lib/python3.12/site-packages/crazy_turtle_interfaces'...
[1.089s] Listing '/home/jack/ros2_ws/install/crazy_turtle_interfaces/lib/python3.12/site-packages/crazy_turtle_interfaces/srv'...
[1.094s] -- Up-to-date: /home/jack/ros2_ws/install/crazy_turtle_interfaces/lib/python3.12/site-packages/crazy_turtle_interfaces/crazy_turtle_interfaces_s__rosidl_typesupport_fastrtps_c.so
[1.095s] -- Up-to-date: /home/jack/ros2_ws/install/crazy_turtle_interfaces/lib/python3.12/site-packages/crazy_turtle_interfaces/crazy_turtle_interfaces_s__rosidl_typesupport_introspection_c.so
[1.095s] -- Up-to-date: /home/jack/ros2_ws/install/crazy_turtle_interfaces/lib/python3.12/site-packages/crazy_turtle_interfaces/crazy_turtle_interfaces_s__rosidl_typesupport_c.so
[1.096s] -- Up-to-date: /home/jack/ros2_ws/install/crazy_turtle_interfaces/lib/libcrazy_turtle_interfaces__rosidl_generator_py.so
[1.096s] -- Up-to-date: /home/jack/ros2_ws/install/crazy_turtle_interfaces/share/crazy_turtle_interfaces/srv/Switch.idl
[1.096s] -- Up-to-date: /home/jack/ros2_ws/install/crazy_turtle_interfaces/share/crazy_turtle_interfaces/srv/Switch.srv
[1.097s] -- Up-to-date: /home/jack/ros2_ws/install/crazy_turtle_interfaces/share/ament_index/resource_index/package_run_dependencies/crazy_turtle_interfaces
[1.097s] -- Up-to-date: /home/jack/ros2_ws/install/crazy_turtle_interfaces/share/ament_index/resource_index/parent_prefix_path/crazy_turtle_interfaces
[1.098s] -- Up-to-date: /home/jack/ros2_ws/install/crazy_turtle_interfaces/share/crazy_turtle_interfaces/environment/ament_prefix_path.sh
[1.098s] -- Up-to-date: /home/jack/ros2_ws/install/crazy_turtle_interfaces/share/crazy_turtle_interfaces/environment/ament_prefix_path.dsv
[1.099s] -- Up-to-date: /home/jack/ros2_ws/install/crazy_turtle_interfaces/share/crazy_turtle_interfaces/environment/path.sh
[1.099s] -- Up-to-date: /home/jack/ros2_ws/install/crazy_turtle_interfaces/share/crazy_turtle_interfaces/environment/path.dsv
[1.099s] -- Up-to-date: /home/jack/ros2_ws/install/crazy_turtle_interfaces/share/crazy_turtle_interfaces/local_setup.bash
[1.099s] -- Up-to-date: /home/jack/ros2_ws/install/crazy_turtle_interfaces/share/crazy_turtle_interfaces/local_setup.sh
[1.099s] -- Up-to-date: /home/jack/ros2_ws/install/crazy_turtle_interfaces/share/crazy_turtle_interfaces/local_setup.zsh
[1.099s] -- Up-to-date: /home/jack/ros2_ws/install/crazy_turtle_interfaces/share/crazy_turtle_interfaces/local_setup.dsv
[1.099s] -- Installing: /home/jack/ros2_ws/install/crazy_turtle_interfaces/share/crazy_turtle_interfaces/package.dsv
[1.099s] -- Up-to-date: /home/jack/ros2_ws/install/crazy_turtle_interfaces/share/ament_index/resource_index/packages/crazy_turtle_interfaces
[1.099s] -- Up-to-date: /home/jack/ros2_ws/install/crazy_turtle_interfaces/share/crazy_turtle_interfaces/cmake/export_crazy_turtle_interfaces__rosidl_generator_cExport.cmake
[1.100s] -- Up-to-date: /home/jack/ros2_ws/install/crazy_turtle_interfaces/share/crazy_turtle_interfaces/cmake/export_crazy_turtle_interfaces__rosidl_generator_cExport-noconfig.cmake
[1.100s] -- Up-to-date: /home/jack/ros2_ws/install/crazy_turtle_interfaces/share/crazy_turtle_interfaces/cmake/export_crazy_turtle_interfaces__rosidl_typesupport_fastrtps_cExport.cmake
[1.100s] -- Up-to-date: /home/jack/ros2_ws/install/crazy_turtle_interfaces/share/crazy_turtle_interfaces/cmake/export_crazy_turtle_interfaces__rosidl_typesupport_fastrtps_cExport-noconfig.cmake
[1.100s] -- Up-to-date: /home/jack/ros2_ws/install/crazy_turtle_interfaces/share/crazy_turtle_interfaces/cmake/crazy_turtle_interfaces__rosidl_typesupport_introspection_cExport.cmake
[1.100s] -- Up-to-date: /home/jack/ros2_ws/install/crazy_turtle_interfaces/share/crazy_turtle_interfaces/cmake/crazy_turtle_interfaces__rosidl_typesupport_introspection_cExport-noconfig.cmake
[1.101s] -- Up-to-date: /home/jack/ros2_ws/install/crazy_turtle_interfaces/share/crazy_turtle_interfaces/cmake/crazy_turtle_interfaces__rosidl_typesupport_cExport.cmake
[1.101s] -- Up-to-date: /home/jack/ros2_ws/install/crazy_turtle_interfaces/share/crazy_turtle_interfaces/cmake/crazy_turtle_interfaces__rosidl_typesupport_cExport-noconfig.cmake
[1.101s] -- Up-to-date: /home/jack/ros2_ws/install/crazy_turtle_interfaces/share/crazy_turtle_interfaces/cmake/export_crazy_turtle_interfaces__rosidl_generator_cppExport.cmake
[1.102s] -- Up-to-date: /home/jack/ros2_ws/install/crazy_turtle_interfaces/share/crazy_turtle_interfaces/cmake/export_crazy_turtle_interfaces__rosidl_typesupport_fastrtps_cppExport.cmake
[1.102s] -- Up-to-date: /home/jack/ros2_ws/install/crazy_turtle_interfaces/share/crazy_turtle_interfaces/cmake/export_crazy_turtle_interfaces__rosidl_typesupport_fastrtps_cppExport-noconfig.cmake
[1.102s] -- Up-to-date: /home/jack/ros2_ws/install/crazy_turtle_interfaces/share/crazy_turtle_interfaces/cmake/crazy_turtle_interfaces__rosidl_typesupport_introspection_cppExport.cmake
[1.102s] -- Up-to-date: /home/jack/ros2_ws/install/crazy_turtle_interfaces/share/crazy_turtle_interfaces/cmake/crazy_turtle_interfaces__rosidl_typesupport_introspection_cppExport-noconfig.cmake
[1.106s] -- Up-to-date: /home/jack/ros2_ws/install/crazy_turtle_interfaces/share/crazy_turtle_interfaces/cmake/crazy_turtle_interfaces__rosidl_typesupport_cppExport.cmake
[1.106s] -- Up-to-date: /home/jack/ros2_ws/install/crazy_turtle_interfaces/share/crazy_turtle_interfaces/cmake/crazy_turtle_interfaces__rosidl_typesupport_cppExport-noconfig.cmake
[1.106s] -- Up-to-date: /home/jack/ros2_ws/install/crazy_turtle_interfaces/share/crazy_turtle_interfaces/cmake/export_crazy_turtle_interfaces__rosidl_generator_pyExport.cmake
[1.107s] -- Up-to-date: /home/jack/ros2_ws/install/crazy_turtle_interfaces/share/crazy_turtle_interfaces/cmake/export_crazy_turtle_interfaces__rosidl_generator_pyExport-noconfig.cmake
[1.107s] -- Up-to-date: /home/jack/ros2_ws/install/crazy_turtle_interfaces/share/crazy_turtle_interfaces/cmake/rosidl_cmake-extras.cmake
[1.107s] -- Up-to-date: /home/jack/ros2_ws/install/crazy_turtle_interfaces/share/crazy_turtle_interfaces/cmake/ament_cmake_export_dependencies-extras.cmake
[1.107s] -- Up-to-date: /home/jack/ros2_ws/install/crazy_turtle_interfaces/share/crazy_turtle_interfaces/cmake/ament_cmake_export_include_directories-extras.cmake
[1.107s] -- Up-to-date: /home/jack/ros2_ws/install/crazy_turtle_interfaces/share/crazy_turtle_interfaces/cmake/ament_cmake_export_libraries-extras.cmake
[1.107s] -- Up-to-date: /home/jack/ros2_ws/install/crazy_turtle_interfaces/share/crazy_turtle_interfaces/cmake/ament_cmake_export_targets-extras.cmake
[1.107s] -- Up-to-date: /home/jack/ros2_ws/install/crazy_turtle_interfaces/share/crazy_turtle_interfaces/cmake/rosidl_cmake_export_typesupport_targets-extras.cmake
[1.108s] -- Up-to-date: /home/jack/ros2_ws/install/crazy_turtle_interfaces/share/crazy_turtle_interfaces/cmake/rosidl_cmake_export_typesupport_libraries-extras.cmake
[1.109s] -- Up-to-date: /home/jack/ros2_ws/install/crazy_turtle_interfaces/share/crazy_turtle_interfaces/cmake/crazy_turtle_interfacesConfig.cmake
[1.110s] -- Up-to-date: /home/jack/ros2_ws/install/crazy_turtle_interfaces/share/crazy_turtle_interfaces/cmake/crazy_turtle_interfacesConfig-version.cmake
[1.110s] -- Up-to-date: /home/jack/ros2_ws/install/crazy_turtle_interfaces/share/crazy_turtle_interfaces/package.xml
[1.114s] Invoked command in '/home/jack/ros2_ws/build/crazy_turtle_interfaces' returned '0': CMAKE_PREFIX_PATH=${CMAKE_PREFIX_PATH}:/home/jack/ros2_ws/install/turtle_control:/home/jack/ros2_ws/install/turtle_controller:/home/jack/ros2_ws/install/py_srvcli:/home/jack/ros2_ws/install/pubsub:/home/jack/ros2_ws/install/my_py_pkg:/home/jack/ros2_ws/install/my_robot_controller:/home/jack/ros2_ws/install/my_python_pkg:/home/jack/ros2_ws/install/crazy_turtle:/opt/ros/jazzy DEBUGINFOD_URLS=https://debuginfod.ubuntu.com /usr/bin/cmake --install /home/jack/ros2_ws/build/crazy_turtle_interfaces
