[2.239s] Invoking command in '/home/jack/ros2_ws/build/my_robot_controller': DEBUGINFOD_URLS=https://debuginfod.ubuntu.com PYTHONPATH=/home/jack/ros2_ws/build/my_robot_controller/prefix_override:/usr/lib/python3/dist-packages/colcon_core/task/python/colcon_distutils_commands:/home/jack/ros2_ws/install/my_robot_controller/lib/python3.12/site-packages:${PYTHONPATH} /usr/bin/python3 -W ignore:setup.py install is deprecated -W ignore:easy_install command is deprecated setup.py develop --editable --build-directory /home/jack/ros2_ws/build/my_robot_controller/build --no-deps symlink_data --force
[2.950s] running develop
[3.419s] running egg_info
[3.463s] writing my_robot_controller.egg-info/PKG-INFO
[3.463s] writing dependency_links to my_robot_controller.egg-info/dependency_links.txt
[3.464s] writing entry points to my_robot_controller.egg-info/entry_points.txt
[3.464s] writing requirements to my_robot_controller.egg-info/requires.txt
[3.464s] writing top-level names to my_robot_controller.egg-info/top_level.txt
[3.562s] reading manifest file 'my_robot_controller.egg-info/SOURCES.txt'
[3.563s] writing manifest file 'my_robot_controller.egg-info/SOURCES.txt'
[3.613s] running build_ext
[3.614s] Creating /home/jack/ros2_ws/install/my_robot_controller/lib/python3.12/site-packages/my-robot-controller.egg-link (link to .)
[3.615s] Installing draw_circle script to /home/jack/ros2_ws/install/my_robot_controller/lib/my_robot_controller
[3.616s] Installing pose_subscriber script to /home/jack/ros2_ws/install/my_robot_controller/lib/my_robot_controller
[3.616s] Installing test_node script to /home/jack/ros2_ws/install/my_robot_controller/lib/my_robot_controller
[3.616s] Installing turtle_controller script to /home/jack/ros2_ws/install/my_robot_controller/lib/my_robot_controller
[3.616s] 
[3.616s] Installed /home/jack/ros2_ws/build/my_robot_controller
[3.616s] running symlink_data
[3.617s] symbolically linking /home/jack/ros2_ws/build/my_robot_controller/resource/my_robot_controller -> /home/jack/ros2_ws/install/my_robot_controller/share/ament_index/resource_index/packages
[3.617s] symbolically linking /home/jack/ros2_ws/build/my_robot_controller/package.xml -> /home/jack/ros2_ws/install/my_robot_controller/share/my_robot_controller
[3.680s] Invoked command in '/home/jack/ros2_ws/build/my_robot_controller' returned '0': DEBUGINFOD_URLS=https://debuginfod.ubuntu.com PYTHONPATH=/home/jack/ros2_ws/build/my_robot_controller/prefix_override:/usr/lib/python3/dist-packages/colcon_core/task/python/colcon_distutils_commands:/home/jack/ros2_ws/install/my_robot_controller/lib/python3.12/site-packages:${PYTHONPATH} /usr/bin/python3 -W ignore:setup.py install is deprecated -W ignore:easy_install command is deprecated setup.py develop --editable --build-directory /home/jack/ros2_ws/build/my_robot_controller/build --no-deps symlink_data --force
