[0.011s] Invoking command in '/home/jack/ros2_ws/build/my_robot_bringup': CMAKE_PREFIX_PATH=${CMAKE_PREFIX_PATH}:/home/jack/ros2_ws/install/my_robot_controller:/opt/ros/jazzy DEBUGINFOD_URLS=https://debuginfod.ubuntu.com /usr/bin/cmake --build /home/jack/ros2_ws/build/my_robot_bringup -- -j8 -l8
[0.050s] Invoked command in '/home/jack/ros2_ws/build/my_robot_bringup' returned '0': CMAKE_PREFIX_PATH=${CMAKE_PREFIX_PATH}:/home/jack/ros2_ws/install/my_robot_controller:/opt/ros/jazzy DEBUGINFOD_URLS=https://debuginfod.ubuntu.com /usr/bin/cmake --build /home/jack/ros2_ws/build/my_robot_bringup -- -j8 -l8
[0.065s] Invoking command in '/home/jack/ros2_ws/build/my_robot_bringup': CMAKE_PREFIX_PATH=${CMAKE_PREFIX_PATH}:/home/jack/ros2_ws/install/my_robot_controller:/opt/ros/jazzy DEBUGINFOD_URLS=https://debuginfod.ubuntu.com /usr/bin/cmake --install /home/jack/ros2_ws/build/my_robot_bringup
[0.079s] -- Install configuration: ""
[0.079s] -- Up-to-date: /home/jack/ros2_ws/install/my_robot_bringup/share/ament_index/resource_index/package_run_dependencies/my_robot_bringup
[0.080s] -- Up-to-date: /home/jack/ros2_ws/install/my_robot_bringup/share/ament_index/resource_index/parent_prefix_path/my_robot_bringup
[0.080s] -- Up-to-date: /home/jack/ros2_ws/install/my_robot_bringup/share/my_robot_bringup/environment/ament_prefix_path.sh
[0.080s] -- Up-to-date: /home/jack/ros2_ws/install/my_robot_bringup/share/my_robot_bringup/environment/ament_prefix_path.dsv
[0.080s] -- Up-to-date: /home/jack/ros2_ws/install/my_robot_bringup/share/my_robot_bringup/environment/path.sh
[0.081s] -- Up-to-date: /home/jack/ros2_ws/install/my_robot_bringup/share/my_robot_bringup/environment/path.dsv
[0.081s] -- Up-to-date: /home/jack/ros2_ws/install/my_robot_bringup/share/my_robot_bringup/local_setup.bash
[0.081s] -- Up-to-date: /home/jack/ros2_ws/install/my_robot_bringup/share/my_robot_bringup/local_setup.sh
[0.081s] -- Up-to-date: /home/jack/ros2_ws/install/my_robot_bringup/share/my_robot_bringup/local_setup.zsh
[0.081s] -- Up-to-date: /home/jack/ros2_ws/install/my_robot_bringup/share/my_robot_bringup/local_setup.dsv
[0.082s] -- Installing: /home/jack/ros2_ws/install/my_robot_bringup/share/my_robot_bringup/package.dsv
[0.082s] -- Up-to-date: /home/jack/ros2_ws/install/my_robot_bringup/share/ament_index/resource_index/packages/my_robot_bringup
[0.082s] -- Up-to-date: /home/jack/ros2_ws/install/my_robot_bringup/share/my_robot_bringup/cmake/my_robot_bringupConfig.cmake
[0.082s] -- Up-to-date: /home/jack/ros2_ws/install/my_robot_bringup/share/my_robot_bringup/cmake/my_robot_bringupConfig-version.cmake
[0.083s] -- Up-to-date: /home/jack/ros2_ws/install/my_robot_bringup/share/my_robot_bringup/package.xml
[0.084s] Invoked command in '/home/jack/ros2_ws/build/my_robot_bringup' returned '0': CMAKE_PREFIX_PATH=${CMAKE_PREFIX_PATH}:/home/jack/ros2_ws/install/my_robot_controller:/opt/ros/jazzy DEBUGINFOD_URLS=https://debuginfod.ubuntu.com /usr/bin/cmake --install /home/jack/ros2_ws/build/my_robot_bringup
