[2.178s] Invoking command in '/home/jack/ros2_ws/build/my_robot_controller': DEBUGINFOD_URLS=https://debuginfod.ubuntu.com PYTHONPATH=/home/jack/ros2_ws/build/my_robot_controller/prefix_override:/usr/lib/python3/dist-packages/colcon_core/task/python/colcon_distutils_commands:/home/jack/ros2_ws/install/my_robot_controller/lib/python3.12/site-packages:${PYTHONPATH} /usr/bin/python3 -W ignore:setup.py install is deprecated -W ignore:easy_install command is deprecated setup.py develop --editable --build-directory /home/jack/ros2_ws/build/my_robot_controller/build --no-deps symlink_data --force
[2.881s] running develop
[3.357s] running egg_info
[3.403s] writing my_robot_controller.egg-info/PKG-INFO
[3.404s] writing dependency_links to my_robot_controller.egg-info/dependency_links.txt
[3.404s] writing entry points to my_robot_controller.egg-info/entry_points.txt
[3.405s] writing requirements to my_robot_controller.egg-info/requires.txt
[3.405s] writing top-level names to my_robot_controller.egg-info/top_level.txt
[3.499s] reading manifest file 'my_robot_controller.egg-info/SOURCES.txt'
[3.500s] writing manifest file 'my_robot_controller.egg-info/SOURCES.txt'
[3.551s] running build_ext
[3.551s] Creating /home/jack/ros2_ws/install/my_robot_controller/lib/python3.12/site-packages/my-robot-controller.egg-link (link to .)
[3.552s] Installing draw_circle script to /home/jack/ros2_ws/install/my_robot_controller/lib/my_robot_controller
[3.552s] Installing pose_subscriber script to /home/jack/ros2_ws/install/my_robot_controller/lib/my_robot_controller
[3.553s] Installing test_node script to /home/jack/ros2_ws/install/my_robot_controller/lib/my_robot_controller
[3.553s] Installing turtle_controller script to /home/jack/ros2_ws/install/my_robot_controller/lib/my_robot_controller
[3.553s] 
[3.554s] Installed /home/jack/ros2_ws/build/my_robot_controller
[3.554s] running symlink_data
[3.554s] symbolically linking /home/jack/ros2_ws/build/my_robot_controller/resource/my_robot_controller -> /home/jack/ros2_ws/install/my_robot_controller/share/ament_index/resource_index/packages
[3.555s] symbolically linking /home/jack/ros2_ws/build/my_robot_controller/package.xml -> /home/jack/ros2_ws/install/my_robot_controller/share/my_robot_controller
[3.622s] Invoked command in '/home/jack/ros2_ws/build/my_robot_controller' returned '0': DEBUGINFOD_URLS=https://debuginfod.ubuntu.com PYTHONPATH=/home/jack/ros2_ws/build/my_robot_controller/prefix_override:/usr/lib/python3/dist-packages/colcon_core/task/python/colcon_distutils_commands:/home/jack/ros2_ws/install/my_robot_controller/lib/python3.12/site-packages:${PYTHONPATH} /usr/bin/python3 -W ignore:setup.py install is deprecated -W ignore:easy_install command is deprecated setup.py develop --editable --build-directory /home/jack/ros2_ws/build/my_robot_controller/build --no-deps symlink_data --force
