[2.219s] Invoking command in '/home/jack/ros2_ws/src/pubsub': DEBUGINFOD_URLS=https://debuginfod.ubuntu.com PYTHONPATH=/home/jack/ros2_ws/build/pubsub/prefix_override:/usr/lib/python3/dist-packages/colcon_core/task/python/colcon_distutils_commands:/home/jack/ros2_ws/install/pubsub/lib/python3.12/site-packages:${PYTHONPATH} /usr/bin/python3 -W ignore:setup.py install is deprecated -W ignore:easy_install command is deprecated setup.py egg_info --egg-base ../../build/pubsub build --build-base /home/jack/ros2_ws/build/pubsub/build install --record /home/jack/ros2_ws/build/pubsub/install.log --single-version-externally-managed install_data
[2.983s] running egg_info
[2.984s] creating ../../build/pubsub/pubsub.egg-info
[2.984s] writing ../../build/pubsub/pubsub.egg-info/PKG-INFO
[2.984s] writing dependency_links to ../../build/pubsub/pubsub.egg-info/dependency_links.txt
[2.984s] writing entry points to ../../build/pubsub/pubsub.egg-info/entry_points.txt
[2.984s] writing requirements to ../../build/pubsub/pubsub.egg-info/requires.txt
[2.984s] writing top-level names to ../../build/pubsub/pubsub.egg-info/top_level.txt
[2.984s] writing manifest file '../../build/pubsub/pubsub.egg-info/SOURCES.txt'
[2.984s] reading manifest file '../../build/pubsub/pubsub.egg-info/SOURCES.txt'
[2.984s] writing manifest file '../../build/pubsub/pubsub.egg-info/SOURCES.txt'
[2.984s] running build
[2.984s] running build_py
[2.984s] creating /home/jack/ros2_ws/build/pubsub/build
[2.984s] creating /home/jack/ros2_ws/build/pubsub/build/lib
[2.985s] creating /home/jack/ros2_ws/build/pubsub/build/lib/pubsub
[2.985s] copying pubsub/__init__.py -> /home/jack/ros2_ws/build/pubsub/build/lib/pubsub
[2.985s] copying pubsub/pubsub.py -> /home/jack/ros2_ws/build/pubsub/build/lib/pubsub
[2.985s] running install
[2.985s] running install_lib
[2.985s] creating /home/jack/ros2_ws/install/pubsub/lib/python3.12/site-packages/pubsub
[2.985s] copying /home/jack/ros2_ws/build/pubsub/build/lib/pubsub/__init__.py -> /home/jack/ros2_ws/install/pubsub/lib/python3.12/site-packages/pubsub
[2.985s] copying /home/jack/ros2_ws/build/pubsub/build/lib/pubsub/pubsub.py -> /home/jack/ros2_ws/install/pubsub/lib/python3.12/site-packages/pubsub
[2.985s] byte-compiling /home/jack/ros2_ws/install/pubsub/lib/python3.12/site-packages/pubsub/__init__.py to __init__.cpython-312.pyc
[2.985s] byte-compiling /home/jack/ros2_ws/install/pubsub/lib/python3.12/site-packages/pubsub/pubsub.py to pubsub.cpython-312.pyc
[2.985s] running install_data
[2.985s] creating /home/jack/ros2_ws/install/pubsub/share/ament_index
[2.985s] creating /home/jack/ros2_ws/install/pubsub/share/ament_index/resource_index
[2.986s] creating /home/jack/ros2_ws/install/pubsub/share/ament_index/resource_index/packages
[2.986s] copying resource/pubsub -> /home/jack/ros2_ws/install/pubsub/share/ament_index/resource_index/packages
[2.986s] copying package.xml -> /home/jack/ros2_ws/install/pubsub/share/pubsub
[2.986s] creating /home/jack/ros2_ws/install/pubsub/share/pubsub/launch
[2.986s] copying launch/pubsub.launch.xml -> /home/jack/ros2_ws/install/pubsub/share/pubsub/launch
[2.986s] running install_egg_info
[2.986s] Copying ../../build/pubsub/pubsub.egg-info to /home/jack/ros2_ws/install/pubsub/lib/python3.12/site-packages/pubsub-0.0.0-py3.12.egg-info
[2.986s] running install_scripts
[2.986s] Installing Pubsub_node script to /home/jack/ros2_ws/install/pubsub/lib/pubsub
[2.986s] writing list of installed files to '/home/jack/ros2_ws/build/pubsub/install.log'
[2.996s] Invoked command in '/home/jack/ros2_ws/src/pubsub' returned '0': DEBUGINFOD_URLS=https://debuginfod.ubuntu.com PYTHONPATH=/home/jack/ros2_ws/build/pubsub/prefix_override:/usr/lib/python3/dist-packages/colcon_core/task/python/colcon_distutils_commands:/home/jack/ros2_ws/install/pubsub/lib/python3.12/site-packages:${PYTHONPATH} /usr/bin/python3 -W ignore:setup.py install is deprecated -W ignore:easy_install command is deprecated setup.py egg_info --egg-base ../../build/pubsub build --build-base /home/jack/ros2_ws/build/pubsub/build install --record /home/jack/ros2_ws/build/pubsub/install.log --single-version-externally-managed install_data
