[2.499s] Invoking command in '/home/jack/ros2_ws/src/py_srvcli': DEBUGINFOD_URLS=https://debuginfod.ubuntu.com PYTHONPATH=/home/jack/ros2_ws/build/py_srvcli/prefix_override:/usr/lib/python3/dist-packages/colcon_core/task/python/colcon_distutils_commands:/home/jack/ros2_ws/install/py_srvcli/lib/python3.12/site-packages:${PYTHONPATH} /usr/bin/python3 -W ignore:setup.py install is deprecated -W ignore:easy_install command is deprecated setup.py egg_info --egg-base ../../build/py_srvcli build --build-base /home/jack/ros2_ws/build/py_srvcli/build install --record /home/jack/ros2_ws/build/py_srvcli/install.log --single-version-externally-managed install_data
[3.016s] running egg_info
[3.053s] writing ../../build/py_srvcli/py_srvcli.egg-info/PKG-INFO
[3.053s] writing dependency_links to ../../build/py_srvcli/py_srvcli.egg-info/dependency_links.txt
[3.053s] writing entry points to ../../build/py_srvcli/py_srvcli.egg-info/entry_points.txt
[3.053s] writing requirements to ../../build/py_srvcli/py_srvcli.egg-info/requires.txt
[3.053s] writing top-level names to ../../build/py_srvcli/py_srvcli.egg-info/top_level.txt
[3.125s] reading manifest file '../../build/py_srvcli/py_srvcli.egg-info/SOURCES.txt'
[3.125s] adding license file 'LICENSE'
[3.125s] writing manifest file '../../build/py_srvcli/py_srvcli.egg-info/SOURCES.txt'
[3.125s] running build
[3.125s] running build_py
[3.125s] running install
[3.135s] running install_lib
[3.172s] running install_data
[3.172s] running install_egg_info
[3.213s] removing '/home/jack/ros2_ws/install/py_srvcli/lib/python3.12/site-packages/py_srvcli-0.0.0-py3.12.egg-info' (and everything under it)
[3.214s] Copying ../../build/py_srvcli/py_srvcli.egg-info to /home/jack/ros2_ws/install/py_srvcli/lib/python3.12/site-packages/py_srvcli-0.0.0-py3.12.egg-info
[3.218s] running install_scripts
[3.451s] Installing client script to /home/jack/ros2_ws/install/py_srvcli/lib/py_srvcli
[3.451s] Installing service script to /home/jack/ros2_ws/install/py_srvcli/lib/py_srvcli
[3.451s] writing list of installed files to '/home/jack/ros2_ws/build/py_srvcli/install.log'
[3.510s] Invoked command in '/home/jack/ros2_ws/src/py_srvcli' returned '0': DEBUGINFOD_URLS=https://debuginfod.ubuntu.com PYTHONPATH=/home/jack/ros2_ws/build/py_srvcli/prefix_override:/usr/lib/python3/dist-packages/colcon_core/task/python/colcon_distutils_commands:/home/jack/ros2_ws/install/py_srvcli/lib/python3.12/site-packages:${PYTHONPATH} /usr/bin/python3 -W ignore:setup.py install is deprecated -W ignore:easy_install command is deprecated setup.py egg_info --egg-base ../../build/py_srvcli build --build-base /home/jack/ros2_ws/build/py_srvcli/build install --record /home/jack/ros2_ws/build/py_srvcli/install.log --single-version-externally-managed install_data
