running egg_info
creating ../../build/turtle_move/turtle_move.egg-info
writing ../../build/turtle_move/turtle_move.egg-info/PKG-INFO
writing dependency_links to ../../build/turtle_move/turtle_move.egg-info/dependency_links.txt
writing requirements to ../../build/turtle_move/turtle_move.egg-info/requires.txt
writing top-level names to ../../build/turtle_move/turtle_move.egg-info/top_level.txt
writing manifest file '../../build/turtle_move/turtle_move.egg-info/SOURCES.txt'
reading manifest file '../../build/turtle_move/turtle_move.egg-info/SOURCES.txt'
writing manifest file '../../build/turtle_move/turtle_move.egg-info/SOURCES.txt'
running build
running build_py
creating /home/jack/ros2_ws/build/turtle_move/build
creating /home/jack/ros2_ws/build/turtle_move/build/lib
creating /home/jack/ros2_ws/build/turtle_move/build/lib/turtle_move
copying turtle_move/__init__.py -> /home/jack/ros2_ws/build/turtle_move/build/lib/turtle_move
running install
running install_lib
creating /home/jack/ros2_ws/install/turtle_move/lib/python3.12/site-packages/turtle_move
copying /home/jack/ros2_ws/build/turtle_move/build/lib/turtle_move/__init__.py -> /home/jack/ros2_ws/install/turtle_move/lib/python3.12/site-packages/turtle_move
byte-compiling /home/jack/ros2_ws/install/turtle_move/lib/python3.12/site-packages/turtle_move/__init__.py to __init__.cpython-312.pyc
running install_data
creating /home/jack/ros2_ws/install/turtle_move/share
creating /home/jack/ros2_ws/install/turtle_move/share/ament_index
creating /home/jack/ros2_ws/install/turtle_move/share/ament_index/resource_index
creating /home/jack/ros2_ws/install/turtle_move/share/ament_index/resource_index/packages
copying resource/turtle_move -> /home/jack/ros2_ws/install/turtle_move/share/ament_index/resource_index/packages
creating /home/jack/ros2_ws/install/turtle_move/share/turtle_move
copying package.xml -> /home/jack/ros2_ws/install/turtle_move/share/turtle_move
running install_egg_info
Copying ../../build/turtle_move/turtle_move.egg-info to /home/jack/ros2_ws/install/turtle_move/lib/python3.12/site-packages/turtle_move-0.0.0-py3.12.egg-info
running install_scripts
writing list of installed files to '/home/jack/ros2_ws/build/turtle_move/install.log'
