[2.154s] Invoking command in '/home/jack/ros2_ws/src/turtle_move': DEBUGINFOD_URLS=https://debuginfod.ubuntu.com PYTHONPATH=/home/jack/ros2_ws/build/turtle_move/prefix_override:/usr/lib/python3/dist-packages/colcon_core/task/python/colcon_distutils_commands:/home/jack/ros2_ws/install/turtle_move/lib/python3.12/site-packages:${PYTHONPATH} /usr/bin/python3 -W ignore:setup.py install is deprecated -W ignore:easy_install command is deprecated setup.py egg_info --egg-base ../../build/turtle_move build --build-base /home/jack/ros2_ws/build/turtle_move/build install --record /home/jack/ros2_ws/build/turtle_move/install.log --single-version-externally-managed install_data
[2.812s] running egg_info
[2.813s] creating ../../build/turtle_move/turtle_move.egg-info
[2.862s] writing ../../build/turtle_move/turtle_move.egg-info/PKG-INFO
[2.862s] writing dependency_links to ../../build/turtle_move/turtle_move.egg-info/dependency_links.txt
[2.863s] writing requirements to ../../build/turtle_move/turtle_move.egg-info/requires.txt
[2.863s] writing top-level names to ../../build/turtle_move/turtle_move.egg-info/top_level.txt
[2.863s] writing manifest file '../../build/turtle_move/turtle_move.egg-info/SOURCES.txt'
[2.967s] reading manifest file '../../build/turtle_move/turtle_move.egg-info/SOURCES.txt'
[2.968s] writing manifest file '../../build/turtle_move/turtle_move.egg-info/SOURCES.txt'
[2.969s] running build
[2.969s] running build_py
[2.969s] creating /home/jack/ros2_ws/build/turtle_move/build
[2.969s] creating /home/jack/ros2_ws/build/turtle_move/build/lib
[2.970s] creating /home/jack/ros2_ws/build/turtle_move/build/lib/turtle_move
[2.970s] copying turtle_move/__init__.py -> /home/jack/ros2_ws/build/turtle_move/build/lib/turtle_move
[2.970s] running install
[2.981s] running install_lib
[3.030s] creating /home/jack/ros2_ws/install/turtle_move/lib/python3.12/site-packages/turtle_move
[3.031s] copying /home/jack/ros2_ws/build/turtle_move/build/lib/turtle_move/__init__.py -> /home/jack/ros2_ws/install/turtle_move/lib/python3.12/site-packages/turtle_move
[3.031s] byte-compiling /home/jack/ros2_ws/install/turtle_move/lib/python3.12/site-packages/turtle_move/__init__.py to __init__.cpython-312.pyc
[3.032s] running install_data
[3.032s] creating /home/jack/ros2_ws/install/turtle_move/share
[3.032s] creating /home/jack/ros2_ws/install/turtle_move/share/ament_index
[3.033s] creating /home/jack/ros2_ws/install/turtle_move/share/ament_index/resource_index
[3.033s] creating /home/jack/ros2_ws/install/turtle_move/share/ament_index/resource_index/packages
[3.033s] copying resource/turtle_move -> /home/jack/ros2_ws/install/turtle_move/share/ament_index/resource_index/packages
[3.033s] creating /home/jack/ros2_ws/install/turtle_move/share/turtle_move
[3.034s] copying package.xml -> /home/jack/ros2_ws/install/turtle_move/share/turtle_move
[3.034s] running install_egg_info
[3.088s] Copying ../../build/turtle_move/turtle_move.egg-info to /home/jack/ros2_ws/install/turtle_move/lib/python3.12/site-packages/turtle_move-0.0.0-py3.12.egg-info
[3.089s] running install_scripts
[3.431s] writing list of installed files to '/home/jack/ros2_ws/build/turtle_move/install.log'
[3.485s] Invoked command in '/home/jack/ros2_ws/src/turtle_move' returned '0': DEBUGINFOD_URLS=https://debuginfod.ubuntu.com PYTHONPATH=/home/jack/ros2_ws/build/turtle_move/prefix_override:/usr/lib/python3/dist-packages/colcon_core/task/python/colcon_distutils_commands:/home/jack/ros2_ws/install/turtle_move/lib/python3.12/site-packages:${PYTHONPATH} /usr/bin/python3 -W ignore:setup.py install is deprecated -W ignore:easy_install command is deprecated setup.py egg_info --egg-base ../../build/turtle_move build --build-base /home/jack/ros2_ws/build/turtle_move/build install --record /home/jack/ros2_ws/build/turtle_move/install.log --single-version-externally-managed install_data
