[2.178s] Invoking command in '/home/jack/ros2_ws/src/turtle_move': DEBUGINFOD_URLS=https://debuginfod.ubuntu.com PYTHONPATH=/home/jack/ros2_ws/build/turtle_move/prefix_override:/usr/lib/python3/dist-packages/colcon_core/task/python/colcon_distutils_commands:/home/jack/ros2_ws/install/turtle_move/lib/python3.12/site-packages:${PYTHONPATH} /usr/bin/python3 -W ignore:setup.py install is deprecated -W ignore:easy_install command is deprecated setup.py egg_info --egg-base ../../build/turtle_move build --build-base /home/jack/ros2_ws/build/turtle_move/build install --record /home/jack/ros2_ws/build/turtle_move/install.log --single-version-externally-managed install_data
[2.776s] running egg_info
[2.823s] writing ../../build/turtle_move/turtle_move.egg-info/PKG-INFO
[2.824s] writing dependency_links to ../../build/turtle_move/turtle_move.egg-info/dependency_links.txt
[2.824s] writing entry points to ../../build/turtle_move/turtle_move.egg-info/entry_points.txt
[2.824s] writing requirements to ../../build/turtle_move/turtle_move.egg-info/requires.txt
[2.824s] writing top-level names to ../../build/turtle_move/turtle_move.egg-info/top_level.txt
[2.921s] reading manifest file '../../build/turtle_move/turtle_move.egg-info/SOURCES.txt'
[2.923s] writing manifest file '../../build/turtle_move/turtle_move.egg-info/SOURCES.txt'
[2.923s] running build
[2.923s] running build_py
[2.924s] running install
[2.935s] running install_lib
[2.984s] running install_data
[2.984s] copying launch/pubsub.launch.xml -> /home/jack/ros2_ws/install/turtle_move/share/turtle_move/launch
[2.985s] running install_egg_info
[3.036s] removing '/home/jack/ros2_ws/install/turtle_move/lib/python3.12/site-packages/turtle_move-0.0.0-py3.12.egg-info' (and everything under it)
[3.037s] Copying ../../build/turtle_move/turtle_move.egg-info to /home/jack/ros2_ws/install/turtle_move/lib/python3.12/site-packages/turtle_move-0.0.0-py3.12.egg-info
[3.038s] running install_scripts
[3.342s] Installing turtle_node script to /home/jack/ros2_ws/install/turtle_move/lib/turtle_move
[3.343s] writing list of installed files to '/home/jack/ros2_ws/build/turtle_move/install.log'
[3.391s] Invoked command in '/home/jack/ros2_ws/src/turtle_move' returned '0': DEBUGINFOD_URLS=https://debuginfod.ubuntu.com PYTHONPATH=/home/jack/ros2_ws/build/turtle_move/prefix_override:/usr/lib/python3/dist-packages/colcon_core/task/python/colcon_distutils_commands:/home/jack/ros2_ws/install/turtle_move/lib/python3.12/site-packages:${PYTHONPATH} /usr/bin/python3 -W ignore:setup.py install is deprecated -W ignore:easy_install command is deprecated setup.py egg_info --egg-base ../../build/turtle_move build --build-base /home/jack/ros2_ws/build/turtle_move/build install --record /home/jack/ros2_ws/build/turtle_move/install.log --single-version-externally-managed install_data
