[2.155s] Invoking command in '/home/jack/ros2_ws/src/pubsub': DEBUGINFOD_URLS=https://debuginfod.ubuntu.com PYTHONPATH=/home/jack/ros2_ws/build/pubsub/prefix_override:/usr/lib/python3/dist-packages/colcon_core/task/python/colcon_distutils_commands:/home/jack/ros2_ws/install/pubsub/lib/python3.12/site-packages:${PYTHONPATH} /usr/bin/python3 -W ignore:setup.py install is deprecated -W ignore:easy_install command is deprecated setup.py egg_info --egg-base ../../build/pubsub build --build-base /home/jack/ros2_ws/build/pubsub/build install --record /home/jack/ros2_ws/build/pubsub/install.log --single-version-externally-managed install_data
[2.734s] running egg_info
[2.768s] writing ../../build/pubsub/pubsub.egg-info/PKG-INFO
[2.769s] writing dependency_links to ../../build/pubsub/pubsub.egg-info/dependency_links.txt
[2.769s] writing entry points to ../../build/pubsub/pubsub.egg-info/entry_points.txt
[2.769s] writing requirements to ../../build/pubsub/pubsub.egg-info/requires.txt
[2.770s] writing top-level names to ../../build/pubsub/pubsub.egg-info/top_level.txt
[2.838s] reading manifest file '../../build/pubsub/pubsub.egg-info/SOURCES.txt'
[2.839s] writing manifest file '../../build/pubsub/pubsub.egg-info/SOURCES.txt'
[2.839s] running build
[2.840s] running build_py
[2.840s] running install
[2.849s] running install_lib
[2.886s] running install_data
[2.886s] running install_egg_info
[2.927s] removing '/home/jack/ros2_ws/install/pubsub/lib/python3.12/site-packages/pubsub-0.0.0-py3.12.egg-info' (and everything under it)
[2.927s] Copying ../../build/pubsub/pubsub.egg-info to /home/jack/ros2_ws/install/pubsub/lib/python3.12/site-packages/pubsub-0.0.0-py3.12.egg-info
[2.927s] running install_scripts
[3.214s] Installing Pubsub_node script to /home/jack/ros2_ws/install/pubsub/lib/pubsub
[3.214s] writing list of installed files to '/home/jack/ros2_ws/build/pubsub/install.log'
[3.292s] Invoked command in '/home/jack/ros2_ws/src/pubsub' returned '0': DEBUGINFOD_URLS=https://debuginfod.ubuntu.com PYTHONPATH=/home/jack/ros2_ws/build/pubsub/prefix_override:/usr/lib/python3/dist-packages/colcon_core/task/python/colcon_distutils_commands:/home/jack/ros2_ws/install/pubsub/lib/python3.12/site-packages:${PYTHONPATH} /usr/bin/python3 -W ignore:setup.py install is deprecated -W ignore:easy_install command is deprecated setup.py egg_info --egg-base ../../build/pubsub build --build-base /home/jack/ros2_ws/build/pubsub/build install --record /home/jack/ros2_ws/build/pubsub/install.log --single-version-externally-managed install_data
