[0.025s] Invoking command in '/home/jack/ros2_ws/build/turtle_interfaces': CMAKE_PREFIX_PATH=${CMAKE_PREFIX_PATH}:/home/jack/ros2_ws/install/turtle_control:/home/jack/ros2_ws/install/turtle_controller:/home/jack/ros2_ws/install/py_srvcli:/home/jack/ros2_ws/install/pubsub:/home/jack/ros2_ws/install/my_py_pkg:/home/jack/ros2_ws/install/my_robot_controller:/home/jack/ros2_ws/install/my_python_pkg:/home/jack/ros2_ws/install/crazy_turtle:/opt/ros/jazzy DEBUGINFOD_URLS=https://debuginfod.ubuntu.com /usr/bin/cmake --build /home/jack/ros2_ws/build/turtle_interfaces -- -j8 -l8
[0.919s] -- Found ament_cmake: 2.5.3 (/opt/ros/jazzy/share/ament_cmake/cmake)
[0.919s] -- Found Python3: /usr/bin/python3 (found version "3.12.3") found components: Interpreter 
[0.919s] -- Found geometry_msgs: 5.3.5 (/opt/ros/jazzy/share/geometry_msgs/cmake)
[0.919s] -- Found rosidl_generator_c: 4.6.5 (/opt/ros/jazzy/share/rosidl_generator_c/cmake)
[0.919s] -- Found rosidl_generator_cpp: 4.6.5 (/opt/ros/jazzy/share/rosidl_generator_cpp/cmake)
[0.919s] -- Using all available rosidl_typesupport_c: rosidl_typesupport_fastrtps_c;rosidl_typesupport_introspection_c
[0.919s] -- Using all available rosidl_typesupport_cpp: rosidl_typesupport_fastrtps_cpp;rosidl_typesupport_introspection_cpp
[0.919s] -- Found std_srvs: 5.3.5 (/opt/ros/jazzy/share/std_srvs/cmake)
[0.919s] -- Found rosidl_default_generators: 1.6.0 (/opt/ros/jazzy/share/rosidl_default_generators/cmake)
[0.919s] -- Found rosidl_adapter: 4.6.5 (/opt/ros/jazzy/share/rosidl_adapter/cmake)
[0.919s] -- Found ament_cmake_ros: 0.12.0 (/opt/ros/jazzy/share/ament_cmake_ros/cmake)
[0.919s] -- Using all available rosidl_typesupport_c: rosidl_typesupport_fastrtps_c;rosidl_typesupport_introspection_c
[0.919s] -- Using all available rosidl_typesupport_cpp: rosidl_typesupport_fastrtps_cpp;rosidl_typesupport_introspection_cpp
[0.919s] -- Found python_cmake_module: 0.11.1 (/opt/ros/jazzy/share/python_cmake_module/cmake)
[1.052s] -- Found Python3: /usr/bin/python3 (found version "3.12.3") found components: Interpreter Development NumPy Development.Module Development.Embed 
[1.079s] -- Found ament_lint_auto: 0.17.1 (/opt/ros/jazzy/share/ament_lint_auto/cmake)
[1.085s] -- Added test 'lint_cmake' to check CMake code style
[1.085s] -- Added test 'xmllint' to check XML markup files
[1.086s] -- Configuring done (1.0s)
[1.114s] -- Generating done (0.0s)
[1.145s] -- Build files have been written to: /home/jack/ros2_ws/build/turtle_interfaces
[1.189s] [  2%] Built target turtle_interfaces__rosidl_generator_type_description
[1.206s] [  2%] Built target ament_cmake_python_copy_turtle_interfaces
[1.206s] [  5%] Built target turtle_interfaces__cpp
[1.217s] [  8%] [32mBuilding C object CMakeFiles/turtle_interfaces__rosidl_generator_c.dir/rosidl_generator_c/turtle_interfaces/srv/detail/waypoints__description.c.o[0m
[1.221s] [ 11%] [32mBuilding C object CMakeFiles/turtle_interfaces__rosidl_generator_c.dir/rosidl_generator_c/turtle_interfaces/srv/detail/waypoints__type_support.c.o[0m
[1.224s] [ 14%] [32mBuilding C object CMakeFiles/turtle_interfaces__rosidl_generator_c.dir/rosidl_generator_c/turtle_interfaces/srv/detail/waypoints__functions.c.o[0m
[1.335s] [ 17%] [32m[1mLinking C shared library libturtle_interfaces__rosidl_generator_c.so[0m
[1.427s] [ 20%] Built target turtle_interfaces__rosidl_generator_c
[1.474s] [ 23%] [32mBuilding C object CMakeFiles/turtle_interfaces__rosidl_typesupport_introspection_c.dir/rosidl_typesupport_introspection_c/turtle_interfaces/srv/detail/waypoints__type_support.c.o[0m
[1.480s] [ 29%] [32mBuilding CXX object CMakeFiles/turtle_interfaces__rosidl_typesupport_c.dir/rosidl_typesupport_c/turtle_interfaces/srv/waypoints__type_support.cpp.o[0m
[1.480s] [ 29%] [32mBuilding CXX object CMakeFiles/turtle_interfaces__rosidl_typesupport_introspection_cpp.dir/rosidl_typesupport_introspection_cpp/turtle_interfaces/srv/detail/waypoints__type_support.cpp.o[0m
[1.489s] [ 35%] [32mBuilding CXX object CMakeFiles/turtle_interfaces__rosidl_typesupport_fastrtps_cpp.dir/rosidl_typesupport_fastrtps_cpp/turtle_interfaces/srv/detail/dds_fastrtps/waypoints__type_support.cpp.o[0m
[1.494s] [ 35%] [32mBuilding CXX object CMakeFiles/turtle_interfaces__rosidl_typesupport_cpp.dir/rosidl_typesupport_cpp/turtle_interfaces/srv/waypoints__type_support.cpp.o[0m
[1.500s] [ 38%] [32mBuilding CXX object CMakeFiles/turtle_interfaces__rosidl_typesupport_fastrtps_c.dir/rosidl_typesupport_fastrtps_c/turtle_interfaces/srv/detail/waypoints__type_support_c.cpp.o[0m
[1.574s] [ 41%] [32m[1mLinking C shared library libturtle_interfaces__rosidl_typesupport_introspection_c.so[0m
[1.610s] [ 44%] [32m[1mLinking CXX shared library libturtle_interfaces__rosidl_typesupport_c.so[0m
[1.650s] [ 47%] Built target turtle_interfaces__rosidl_typesupport_introspection_c
[1.674s] [ 50%] Built target turtle_interfaces__rosidl_typesupport_c
[1.683s] running egg_info
[1.721s] writing turtle_interfaces.egg-info/PKG-INFO
[1.721s] writing dependency_links to turtle_interfaces.egg-info/dependency_links.txt
[1.721s] writing top-level names to turtle_interfaces.egg-info/top_level.txt
[1.826s] reading manifest file 'turtle_interfaces.egg-info/SOURCES.txt'
[1.827s] writing manifest file 'turtle_interfaces.egg-info/SOURCES.txt'
[1.876s] [ 50%] Built target ament_cmake_python_build_turtle_interfaces_egg
[2.267s] [ 52%] [32m[1mLinking CXX shared library libturtle_interfaces__rosidl_typesupport_introspection_cpp.so[0m
[2.418s] [ 55%] [32m[1mLinking CXX shared library libturtle_interfaces__rosidl_typesupport_cpp.so[0m
[2.445s] [ 58%] Built target turtle_interfaces__rosidl_typesupport_introspection_cpp
[2.529s] [ 61%] Built target turtle_interfaces__rosidl_typesupport_cpp
[2.571s] [ 64%] [32m[1mLinking CXX shared library libturtle_interfaces__rosidl_typesupport_fastrtps_c.so[0m
[2.584s] [ 67%] [32m[1mLinking CXX shared library libturtle_interfaces__rosidl_typesupport_fastrtps_cpp.so[0m
[2.638s] [ 70%] Built target turtle_interfaces__rosidl_typesupport_fastrtps_c
[2.696s] [ 73%] Built target turtle_interfaces__rosidl_typesupport_fastrtps_cpp
[2.717s] [ 73%] Built target turtle_interfaces
[2.743s] [ 76%] Built target turtle_interfaces__py
[2.768s] [ 79%] [32mBuilding C object CMakeFiles/turtle_interfaces__rosidl_generator_py.dir/rosidl_generator_py/turtle_interfaces/srv/_waypoints_s.c.o[0m
[2.947s] [ 82%] [32m[1mLinking C shared library libturtle_interfaces__rosidl_generator_py.so[0m
[2.999s] [ 82%] Built target turtle_interfaces__rosidl_generator_py
[3.037s] [ 85%] [32mBuilding C object CMakeFiles/turtle_interfaces_s__rosidl_typesupport_introspection_c.dir/rosidl_generator_py/turtle_interfaces/_turtle_interfaces_s.ep.rosidl_typesupport_introspection_c.c.o[0m
[3.038s] [ 88%] [32mBuilding C object CMakeFiles/turtle_interfaces_s__rosidl_typesupport_fastrtps_c.dir/rosidl_generator_py/turtle_interfaces/_turtle_interfaces_s.ep.rosidl_typesupport_fastrtps_c.c.o[0m
[3.043s] [ 91%] [32mBuilding C object CMakeFiles/turtle_interfaces_s__rosidl_typesupport_c.dir/rosidl_generator_py/turtle_interfaces/_turtle_interfaces_s.ep.rosidl_typesupport_c.c.o[0m
[3.234s] [ 94%] [32m[1mLinking C shared module rosidl_generator_py/turtle_interfaces/turtle_interfaces_s__rosidl_typesupport_fastrtps_c.so[0m
[3.259s] [ 97%] [32m[1mLinking C shared module rosidl_generator_py/turtle_interfaces/turtle_interfaces_s__rosidl_typesupport_introspection_c.so[0m
[3.309s] [ 97%] Built target turtle_interfaces_s__rosidl_typesupport_fastrtps_c
[3.322s] [100%] [32m[1mLinking C shared module rosidl_generator_py/turtle_interfaces/turtle_interfaces_s__rosidl_typesupport_c.so[0m
[3.322s] [100%] Built target turtle_interfaces_s__rosidl_typesupport_introspection_c
[3.344s] [100%] Built target turtle_interfaces_s__rosidl_typesupport_c
[3.353s] Invoked command in '/home/jack/ros2_ws/build/turtle_interfaces' returned '0': CMAKE_PREFIX_PATH=${CMAKE_PREFIX_PATH}:/home/jack/ros2_ws/install/turtle_control:/home/jack/ros2_ws/install/turtle_controller:/home/jack/ros2_ws/install/py_srvcli:/home/jack/ros2_ws/install/pubsub:/home/jack/ros2_ws/install/my_py_pkg:/home/jack/ros2_ws/install/my_robot_controller:/home/jack/ros2_ws/install/my_python_pkg:/home/jack/ros2_ws/install/crazy_turtle:/opt/ros/jazzy DEBUGINFOD_URLS=https://debuginfod.ubuntu.com /usr/bin/cmake --build /home/jack/ros2_ws/build/turtle_interfaces -- -j8 -l8
[3.354s] Invoking command in '/home/jack/ros2_ws/build/turtle_interfaces': CMAKE_PREFIX_PATH=${CMAKE_PREFIX_PATH}:/home/jack/ros2_ws/install/turtle_control:/home/jack/ros2_ws/install/turtle_controller:/home/jack/ros2_ws/install/py_srvcli:/home/jack/ros2_ws/install/pubsub:/home/jack/ros2_ws/install/my_py_pkg:/home/jack/ros2_ws/install/my_robot_controller:/home/jack/ros2_ws/install/my_python_pkg:/home/jack/ros2_ws/install/crazy_turtle:/opt/ros/jazzy DEBUGINFOD_URLS=https://debuginfod.ubuntu.com /usr/bin/cmake --install /home/jack/ros2_ws/build/turtle_interfaces
[3.360s] -- Install configuration: ""
[3.360s] -- Up-to-date: /home/jack/ros2_ws/install/turtle_interfaces/share/ament_index/resource_index/rosidl_interfaces/turtle_interfaces
[3.360s] -- Up-to-date: /home/jack/ros2_ws/install/turtle_interfaces/share/turtle_interfaces/srv/Waypoints.json
[3.360s] -- Up-to-date: /home/jack/ros2_ws/install/turtle_interfaces/include/turtle_interfaces/turtle_interfaces
[3.360s] -- Up-to-date: /home/jack/ros2_ws/install/turtle_interfaces/include/turtle_interfaces/turtle_interfaces/srv
[3.360s] -- Up-to-date: /home/jack/ros2_ws/install/turtle_interfaces/include/turtle_interfaces/turtle_interfaces/srv/detail
[3.360s] -- Up-to-date: /home/jack/ros2_ws/install/turtle_interfaces/include/turtle_interfaces/turtle_interfaces/srv/detail/waypoints__type_support.c
[3.361s] -- Up-to-date: /home/jack/ros2_ws/install/turtle_interfaces/include/turtle_interfaces/turtle_interfaces/srv/detail/waypoints__type_support.h
[3.361s] -- Up-to-date: /home/jack/ros2_ws/install/turtle_interfaces/include/turtle_interfaces/turtle_interfaces/srv/detail/waypoints__struct.h
[3.361s] -- Up-to-date: /home/jack/ros2_ws/install/turtle_interfaces/include/turtle_interfaces/turtle_interfaces/srv/detail/waypoints__description.c
[3.361s] -- Up-to-date: /home/jack/ros2_ws/install/turtle_interfaces/include/turtle_interfaces/turtle_interfaces/srv/detail/waypoints__functions.h
[3.361s] -- Up-to-date: /home/jack/ros2_ws/install/turtle_interfaces/include/turtle_interfaces/turtle_interfaces/srv/detail/waypoints__functions.c
[3.361s] -- Up-to-date: /home/jack/ros2_ws/install/turtle_interfaces/include/turtle_interfaces/turtle_interfaces/srv/waypoints.h
[3.361s] -- Up-to-date: /home/jack/ros2_ws/install/turtle_interfaces/include/turtle_interfaces/turtle_interfaces/msg
[3.361s] -- Up-to-date: /home/jack/ros2_ws/install/turtle_interfaces/include/turtle_interfaces/turtle_interfaces/msg/rosidl_generator_c__visibility_control.h
[3.361s] -- Up-to-date: /home/jack/ros2_ws/install/turtle_interfaces/share/turtle_interfaces/environment/library_path.sh
[3.362s] -- Up-to-date: /home/jack/ros2_ws/install/turtle_interfaces/share/turtle_interfaces/environment/library_path.dsv
[3.362s] -- Installing: /home/jack/ros2_ws/install/turtle_interfaces/lib/libturtle_interfaces__rosidl_generator_c.so
[3.362s] -- Set non-toolchain portion of runtime path of "/home/jack/ros2_ws/install/turtle_interfaces/lib/libturtle_interfaces__rosidl_generator_c.so" to ""
[3.362s] -- Up-to-date: /home/jack/ros2_ws/install/turtle_interfaces/include/turtle_interfaces/turtle_interfaces
[3.362s] -- Up-to-date: /home/jack/ros2_ws/install/turtle_interfaces/include/turtle_interfaces/turtle_interfaces/srv
[3.362s] -- Up-to-date: /home/jack/ros2_ws/install/turtle_interfaces/include/turtle_interfaces/turtle_interfaces/srv/detail
[3.362s] -- Up-to-date: /home/jack/ros2_ws/install/turtle_interfaces/include/turtle_interfaces/turtle_interfaces/srv/detail/waypoints__rosidl_typesupport_fastrtps_c.h
[3.362s] -- Up-to-date: /home/jack/ros2_ws/install/turtle_interfaces/include/turtle_interfaces/turtle_interfaces/msg
[3.362s] -- Up-to-date: /home/jack/ros2_ws/install/turtle_interfaces/include/turtle_interfaces/turtle_interfaces/msg/rosidl_typesupport_fastrtps_c__visibility_control.h
[3.362s] -- Installing: /home/jack/ros2_ws/install/turtle_interfaces/lib/libturtle_interfaces__rosidl_typesupport_fastrtps_c.so
[3.362s] -- Set non-toolchain portion of runtime path of "/home/jack/ros2_ws/install/turtle_interfaces/lib/libturtle_interfaces__rosidl_typesupport_fastrtps_c.so" to ""
[3.362s] -- Up-to-date: /home/jack/ros2_ws/install/turtle_interfaces/include/turtle_interfaces/turtle_interfaces
[3.363s] -- Up-to-date: /home/jack/ros2_ws/install/turtle_interfaces/include/turtle_interfaces/turtle_interfaces/srv
[3.363s] -- Up-to-date: /home/jack/ros2_ws/install/turtle_interfaces/include/turtle_interfaces/turtle_interfaces/srv/detail
[3.363s] -- Up-to-date: /home/jack/ros2_ws/install/turtle_interfaces/include/turtle_interfaces/turtle_interfaces/srv/detail/waypoints__traits.hpp
[3.363s] -- Up-to-date: /home/jack/ros2_ws/install/turtle_interfaces/include/turtle_interfaces/turtle_interfaces/srv/detail/waypoints__builder.hpp
[3.363s] -- Up-to-date: /home/jack/ros2_ws/install/turtle_interfaces/include/turtle_interfaces/turtle_interfaces/srv/detail/waypoints__struct.hpp
[3.363s] -- Up-to-date: /home/jack/ros2_ws/install/turtle_interfaces/include/turtle_interfaces/turtle_interfaces/srv/detail/waypoints__type_support.hpp
[3.363s] -- Up-to-date: /home/jack/ros2_ws/install/turtle_interfaces/include/turtle_interfaces/turtle_interfaces/srv/waypoints.hpp
[3.363s] -- Up-to-date: /home/jack/ros2_ws/install/turtle_interfaces/include/turtle_interfaces/turtle_interfaces/msg
[3.363s] -- Up-to-date: /home/jack/ros2_ws/install/turtle_interfaces/include/turtle_interfaces/turtle_interfaces/msg/rosidl_generator_cpp__visibility_control.hpp
[3.363s] -- Up-to-date: /home/jack/ros2_ws/install/turtle_interfaces/include/turtle_interfaces/turtle_interfaces
[3.363s] -- Up-to-date: /home/jack/ros2_ws/install/turtle_interfaces/include/turtle_interfaces/turtle_interfaces/srv
[3.363s] -- Up-to-date: /home/jack/ros2_ws/install/turtle_interfaces/include/turtle_interfaces/turtle_interfaces/srv/detail
[3.363s] -- Up-to-date: /home/jack/ros2_ws/install/turtle_interfaces/include/turtle_interfaces/turtle_interfaces/srv/detail/dds_fastrtps
[3.364s] -- Up-to-date: /home/jack/ros2_ws/install/turtle_interfaces/include/turtle_interfaces/turtle_interfaces/srv/detail/waypoints__rosidl_typesupport_fastrtps_cpp.hpp
[3.364s] -- Up-to-date: /home/jack/ros2_ws/install/turtle_interfaces/include/turtle_interfaces/turtle_interfaces/msg
[3.364s] -- Up-to-date: /home/jack/ros2_ws/install/turtle_interfaces/include/turtle_interfaces/turtle_interfaces/msg/rosidl_typesupport_fastrtps_cpp__visibility_control.h
[3.364s] -- Installing: /home/jack/ros2_ws/install/turtle_interfaces/lib/libturtle_interfaces__rosidl_typesupport_fastrtps_cpp.so
[3.364s] -- Set non-toolchain portion of runtime path of "/home/jack/ros2_ws/install/turtle_interfaces/lib/libturtle_interfaces__rosidl_typesupport_fastrtps_cpp.so" to ""
[3.364s] -- Up-to-date: /home/jack/ros2_ws/install/turtle_interfaces/include/turtle_interfaces/turtle_interfaces
[3.364s] -- Up-to-date: /home/jack/ros2_ws/install/turtle_interfaces/include/turtle_interfaces/turtle_interfaces/srv
[3.364s] -- Up-to-date: /home/jack/ros2_ws/install/turtle_interfaces/include/turtle_interfaces/turtle_interfaces/srv/detail
[3.364s] -- Up-to-date: /home/jack/ros2_ws/install/turtle_interfaces/include/turtle_interfaces/turtle_interfaces/srv/detail/waypoints__type_support.c
[3.364s] -- Up-to-date: /home/jack/ros2_ws/install/turtle_interfaces/include/turtle_interfaces/turtle_interfaces/srv/detail/waypoints__rosidl_typesupport_introspection_c.h
[3.365s] -- Up-to-date: /home/jack/ros2_ws/install/turtle_interfaces/include/turtle_interfaces/turtle_interfaces/msg
[3.365s] -- Up-to-date: /home/jack/ros2_ws/install/turtle_interfaces/include/turtle_interfaces/turtle_interfaces/msg/rosidl_typesupport_introspection_c__visibility_control.h
[3.365s] -- Installing: /home/jack/ros2_ws/install/turtle_interfaces/lib/libturtle_interfaces__rosidl_typesupport_introspection_c.so
[3.365s] -- Set non-toolchain portion of runtime path of "/home/jack/ros2_ws/install/turtle_interfaces/lib/libturtle_interfaces__rosidl_typesupport_introspection_c.so" to ""
[3.365s] -- Installing: /home/jack/ros2_ws/install/turtle_interfaces/lib/libturtle_interfaces__rosidl_typesupport_c.so
[3.365s] -- Set non-toolchain portion of runtime path of "/home/jack/ros2_ws/install/turtle_interfaces/lib/libturtle_interfaces__rosidl_typesupport_c.so" to ""
[3.365s] -- Up-to-date: /home/jack/ros2_ws/install/turtle_interfaces/include/turtle_interfaces/turtle_interfaces
[3.365s] -- Up-to-date: /home/jack/ros2_ws/install/turtle_interfaces/include/turtle_interfaces/turtle_interfaces/srv
[3.365s] -- Up-to-date: /home/jack/ros2_ws/install/turtle_interfaces/include/turtle_interfaces/turtle_interfaces/srv/detail
[3.365s] -- Up-to-date: /home/jack/ros2_ws/install/turtle_interfaces/include/turtle_interfaces/turtle_interfaces/srv/detail/waypoints__type_support.cpp
[3.365s] -- Up-to-date: /home/jack/ros2_ws/install/turtle_interfaces/include/turtle_interfaces/turtle_interfaces/srv/detail/waypoints__rosidl_typesupport_introspection_cpp.hpp
[3.366s] -- Installing: /home/jack/ros2_ws/install/turtle_interfaces/lib/libturtle_interfaces__rosidl_typesupport_introspection_cpp.so
[3.366s] -- Set non-toolchain portion of runtime path of "/home/jack/ros2_ws/install/turtle_interfaces/lib/libturtle_interfaces__rosidl_typesupport_introspection_cpp.so" to ""
[3.366s] -- Installing: /home/jack/ros2_ws/install/turtle_interfaces/lib/libturtle_interfaces__rosidl_typesupport_cpp.so
[3.366s] -- Set non-toolchain portion of runtime path of "/home/jack/ros2_ws/install/turtle_interfaces/lib/libturtle_interfaces__rosidl_typesupport_cpp.so" to ""
[3.366s] -- Up-to-date: /home/jack/ros2_ws/install/turtle_interfaces/share/turtle_interfaces/environment/pythonpath.sh
[3.366s] -- Up-to-date: /home/jack/ros2_ws/install/turtle_interfaces/share/turtle_interfaces/environment/pythonpath.dsv
[3.366s] -- Up-to-date: /home/jack/ros2_ws/install/turtle_interfaces/lib/python3.12/site-packages/turtle_interfaces-0.0.0-py3.12.egg-info
[3.366s] -- Installing: /home/jack/ros2_ws/install/turtle_interfaces/lib/python3.12/site-packages/turtle_interfaces-0.0.0-py3.12.egg-info/top_level.txt
[3.366s] -- Installing: /home/jack/ros2_ws/install/turtle_interfaces/lib/python3.12/site-packages/turtle_interfaces-0.0.0-py3.12.egg-info/dependency_links.txt
[3.366s] -- Installing: /home/jack/ros2_ws/install/turtle_interfaces/lib/python3.12/site-packages/turtle_interfaces-0.0.0-py3.12.egg-info/SOURCES.txt
[3.366s] -- Installing: /home/jack/ros2_ws/install/turtle_interfaces/lib/python3.12/site-packages/turtle_interfaces-0.0.0-py3.12.egg-info/PKG-INFO
[3.366s] -- Up-to-date: /home/jack/ros2_ws/install/turtle_interfaces/lib/python3.12/site-packages/turtle_interfaces
[3.366s] -- Up-to-date: /home/jack/ros2_ws/install/turtle_interfaces/lib/python3.12/site-packages/turtle_interfaces/_turtle_interfaces_s.ep.rosidl_typesupport_c.c
[3.367s] -- Up-to-date: /home/jack/ros2_ws/install/turtle_interfaces/lib/python3.12/site-packages/turtle_interfaces/srv
[3.367s] -- Up-to-date: /home/jack/ros2_ws/install/turtle_interfaces/lib/python3.12/site-packages/turtle_interfaces/srv/_waypoints_s.c
[3.367s] -- Up-to-date: /home/jack/ros2_ws/install/turtle_interfaces/lib/python3.12/site-packages/turtle_interfaces/srv/_waypoints.py
[3.367s] -- Up-to-date: /home/jack/ros2_ws/install/turtle_interfaces/lib/python3.12/site-packages/turtle_interfaces/srv/__init__.py
[3.367s] -- Installing: /home/jack/ros2_ws/install/turtle_interfaces/lib/python3.12/site-packages/turtle_interfaces/turtle_interfaces_s__rosidl_typesupport_introspection_c.so
[3.367s] -- Installing: /home/jack/ros2_ws/install/turtle_interfaces/lib/python3.12/site-packages/turtle_interfaces/turtle_interfaces_s__rosidl_typesupport_c.so
[3.367s] -- Up-to-date: /home/jack/ros2_ws/install/turtle_interfaces/lib/python3.12/site-packages/turtle_interfaces/_turtle_interfaces_s.ep.rosidl_typesupport_introspection_c.c
[3.367s] -- Installing: /home/jack/ros2_ws/install/turtle_interfaces/lib/python3.12/site-packages/turtle_interfaces/__init__.py
[3.367s] -- Up-to-date: /home/jack/ros2_ws/install/turtle_interfaces/lib/python3.12/site-packages/turtle_interfaces/_turtle_interfaces_s.ep.rosidl_typesupport_fastrtps_c.c
[3.367s] -- Installing: /home/jack/ros2_ws/install/turtle_interfaces/lib/python3.12/site-packages/turtle_interfaces/turtle_interfaces_s__rosidl_typesupport_fastrtps_c.so
[3.394s] Listing '/home/jack/ros2_ws/install/turtle_interfaces/lib/python3.12/site-packages/turtle_interfaces'...
[3.394s] Compiling '/home/jack/ros2_ws/install/turtle_interfaces/lib/python3.12/site-packages/turtle_interfaces/__init__.py'...
[3.394s] Listing '/home/jack/ros2_ws/install/turtle_interfaces/lib/python3.12/site-packages/turtle_interfaces/srv'...
[3.398s] -- Installing: /home/jack/ros2_ws/install/turtle_interfaces/lib/python3.12/site-packages/turtle_interfaces/turtle_interfaces_s__rosidl_typesupport_fastrtps_c.so
[3.398s] -- Set non-toolchain portion of runtime path of "/home/jack/ros2_ws/install/turtle_interfaces/lib/python3.12/site-packages/turtle_interfaces/turtle_interfaces_s__rosidl_typesupport_fastrtps_c.so" to ""
[3.399s] -- Installing: /home/jack/ros2_ws/install/turtle_interfaces/lib/python3.12/site-packages/turtle_interfaces/turtle_interfaces_s__rosidl_typesupport_introspection_c.so
[3.399s] -- Set non-toolchain portion of runtime path of "/home/jack/ros2_ws/install/turtle_interfaces/lib/python3.12/site-packages/turtle_interfaces/turtle_interfaces_s__rosidl_typesupport_introspection_c.so" to ""
[3.399s] -- Installing: /home/jack/ros2_ws/install/turtle_interfaces/lib/python3.12/site-packages/turtle_interfaces/turtle_interfaces_s__rosidl_typesupport_c.so
[3.399s] -- Set non-toolchain portion of runtime path of "/home/jack/ros2_ws/install/turtle_interfaces/lib/python3.12/site-packages/turtle_interfaces/turtle_interfaces_s__rosidl_typesupport_c.so" to ""
[3.399s] -- Installing: /home/jack/ros2_ws/install/turtle_interfaces/lib/libturtle_interfaces__rosidl_generator_py.so
[3.399s] -- Set non-toolchain portion of runtime path of "/home/jack/ros2_ws/install/turtle_interfaces/lib/libturtle_interfaces__rosidl_generator_py.so" to ""
[3.399s] -- Up-to-date: /home/jack/ros2_ws/install/turtle_interfaces/share/turtle_interfaces/srv/Waypoints.idl
[3.400s] -- Up-to-date: /home/jack/ros2_ws/install/turtle_interfaces/share/turtle_interfaces/srv/Waypoints.srv
[3.400s] -- Up-to-date: /home/jack/ros2_ws/install/turtle_interfaces/share/ament_index/resource_index/package_run_dependencies/turtle_interfaces
[3.400s] -- Up-to-date: /home/jack/ros2_ws/install/turtle_interfaces/share/ament_index/resource_index/parent_prefix_path/turtle_interfaces
[3.400s] -- Up-to-date: /home/jack/ros2_ws/install/turtle_interfaces/share/turtle_interfaces/environment/ament_prefix_path.sh
[3.400s] -- Up-to-date: /home/jack/ros2_ws/install/turtle_interfaces/share/turtle_interfaces/environment/ament_prefix_path.dsv
[3.400s] -- Up-to-date: /home/jack/ros2_ws/install/turtle_interfaces/share/turtle_interfaces/environment/path.sh
[3.400s] -- Up-to-date: /home/jack/ros2_ws/install/turtle_interfaces/share/turtle_interfaces/environment/path.dsv
[3.400s] -- Up-to-date: /home/jack/ros2_ws/install/turtle_interfaces/share/turtle_interfaces/local_setup.bash
[3.400s] -- Up-to-date: /home/jack/ros2_ws/install/turtle_interfaces/share/turtle_interfaces/local_setup.sh
[3.400s] -- Up-to-date: /home/jack/ros2_ws/install/turtle_interfaces/share/turtle_interfaces/local_setup.zsh
[3.400s] -- Up-to-date: /home/jack/ros2_ws/install/turtle_interfaces/share/turtle_interfaces/local_setup.dsv
[3.401s] -- Installing: /home/jack/ros2_ws/install/turtle_interfaces/share/turtle_interfaces/package.dsv
[3.401s] -- Up-to-date: /home/jack/ros2_ws/install/turtle_interfaces/share/ament_index/resource_index/packages/turtle_interfaces
[3.401s] -- Old export file "/home/jack/ros2_ws/install/turtle_interfaces/share/turtle_interfaces/cmake/export_turtle_interfaces__rosidl_generator_cExport.cmake" will be replaced.  Removing files [/home/jack/ros2_ws/install/turtle_interfaces/share/turtle_interfaces/cmake/export_turtle_interfaces__rosidl_generator_cExport-noconfig.cmake].
[3.401s] -- Installing: /home/jack/ros2_ws/install/turtle_interfaces/share/turtle_interfaces/cmake/export_turtle_interfaces__rosidl_generator_cExport.cmake
[3.401s] -- Installing: /home/jack/ros2_ws/install/turtle_interfaces/share/turtle_interfaces/cmake/export_turtle_interfaces__rosidl_generator_cExport-noconfig.cmake
[3.401s] -- Old export file "/home/jack/ros2_ws/install/turtle_interfaces/share/turtle_interfaces/cmake/export_turtle_interfaces__rosidl_typesupport_fastrtps_cExport.cmake" will be replaced.  Removing files [/home/jack/ros2_ws/install/turtle_interfaces/share/turtle_interfaces/cmake/export_turtle_interfaces__rosidl_typesupport_fastrtps_cExport-noconfig.cmake].
[3.401s] -- Installing: /home/jack/ros2_ws/install/turtle_interfaces/share/turtle_interfaces/cmake/export_turtle_interfaces__rosidl_typesupport_fastrtps_cExport.cmake
[3.401s] -- Installing: /home/jack/ros2_ws/install/turtle_interfaces/share/turtle_interfaces/cmake/export_turtle_interfaces__rosidl_typesupport_fastrtps_cExport-noconfig.cmake
[3.401s] -- Installing: /home/jack/ros2_ws/install/turtle_interfaces/share/turtle_interfaces/cmake/export_turtle_interfaces__rosidl_generator_cppExport.cmake
[3.401s] -- Old export file "/home/jack/ros2_ws/install/turtle_interfaces/share/turtle_interfaces/cmake/export_turtle_interfaces__rosidl_typesupport_fastrtps_cppExport.cmake" will be replaced.  Removing files [/home/jack/ros2_ws/install/turtle_interfaces/share/turtle_interfaces/cmake/export_turtle_interfaces__rosidl_typesupport_fastrtps_cppExport-noconfig.cmake].
[3.401s] -- Installing: /home/jack/ros2_ws/install/turtle_interfaces/share/turtle_interfaces/cmake/export_turtle_interfaces__rosidl_typesupport_fastrtps_cppExport.cmake
[3.402s] -- Installing: /home/jack/ros2_ws/install/turtle_interfaces/share/turtle_interfaces/cmake/export_turtle_interfaces__rosidl_typesupport_fastrtps_cppExport-noconfig.cmake
[3.402s] -- Old export file "/home/jack/ros2_ws/install/turtle_interfaces/share/turtle_interfaces/cmake/turtle_interfaces__rosidl_typesupport_introspection_cExport.cmake" will be replaced.  Removing files [/home/jack/ros2_ws/install/turtle_interfaces/share/turtle_interfaces/cmake/turtle_interfaces__rosidl_typesupport_introspection_cExport-noconfig.cmake].
[3.402s] -- Installing: /home/jack/ros2_ws/install/turtle_interfaces/share/turtle_interfaces/cmake/turtle_interfaces__rosidl_typesupport_introspection_cExport.cmake
[3.402s] -- Installing: /home/jack/ros2_ws/install/turtle_interfaces/share/turtle_interfaces/cmake/turtle_interfaces__rosidl_typesupport_introspection_cExport-noconfig.cmake
[3.402s] -- Old export file "/home/jack/ros2_ws/install/turtle_interfaces/share/turtle_interfaces/cmake/turtle_interfaces__rosidl_typesupport_cExport.cmake" will be replaced.  Removing files [/home/jack/ros2_ws/install/turtle_interfaces/share/turtle_interfaces/cmake/turtle_interfaces__rosidl_typesupport_cExport-noconfig.cmake].
[3.402s] -- Installing: /home/jack/ros2_ws/install/turtle_interfaces/share/turtle_interfaces/cmake/turtle_interfaces__rosidl_typesupport_cExport.cmake
[3.402s] -- Installing: /home/jack/ros2_ws/install/turtle_interfaces/share/turtle_interfaces/cmake/turtle_interfaces__rosidl_typesupport_cExport-noconfig.cmake
[3.402s] -- Old export file "/home/jack/ros2_ws/install/turtle_interfaces/share/turtle_interfaces/cmake/turtle_interfaces__rosidl_typesupport_introspection_cppExport.cmake" will be replaced.  Removing files [/home/jack/ros2_ws/install/turtle_interfaces/share/turtle_interfaces/cmake/turtle_interfaces__rosidl_typesupport_introspection_cppExport-noconfig.cmake].
[3.402s] -- Installing: /home/jack/ros2_ws/install/turtle_interfaces/share/turtle_interfaces/cmake/turtle_interfaces__rosidl_typesupport_introspection_cppExport.cmake
[3.402s] -- Installing: /home/jack/ros2_ws/install/turtle_interfaces/share/turtle_interfaces/cmake/turtle_interfaces__rosidl_typesupport_introspection_cppExport-noconfig.cmake
[3.402s] -- Old export file "/home/jack/ros2_ws/install/turtle_interfaces/share/turtle_interfaces/cmake/turtle_interfaces__rosidl_typesupport_cppExport.cmake" will be replaced.  Removing files [/home/jack/ros2_ws/install/turtle_interfaces/share/turtle_interfaces/cmake/turtle_interfaces__rosidl_typesupport_cppExport-noconfig.cmake].
[3.403s] -- Installing: /home/jack/ros2_ws/install/turtle_interfaces/share/turtle_interfaces/cmake/turtle_interfaces__rosidl_typesupport_cppExport.cmake
[3.403s] -- Installing: /home/jack/ros2_ws/install/turtle_interfaces/share/turtle_interfaces/cmake/turtle_interfaces__rosidl_typesupport_cppExport-noconfig.cmake
[3.403s] -- Up-to-date: /home/jack/ros2_ws/install/turtle_interfaces/share/turtle_interfaces/cmake/export_turtle_interfaces__rosidl_generator_pyExport.cmake
[3.403s] -- Installing: /home/jack/ros2_ws/install/turtle_interfaces/share/turtle_interfaces/cmake/export_turtle_interfaces__rosidl_generator_pyExport-noconfig.cmake
[3.403s] -- Up-to-date: /home/jack/ros2_ws/install/turtle_interfaces/share/turtle_interfaces/cmake/rosidl_cmake-extras.cmake
[3.403s] -- Installing: /home/jack/ros2_ws/install/turtle_interfaces/share/turtle_interfaces/cmake/ament_cmake_export_dependencies-extras.cmake
[3.403s] -- Up-to-date: /home/jack/ros2_ws/install/turtle_interfaces/share/turtle_interfaces/cmake/ament_cmake_export_include_directories-extras.cmake
[3.403s] -- Up-to-date: /home/jack/ros2_ws/install/turtle_interfaces/share/turtle_interfaces/cmake/ament_cmake_export_libraries-extras.cmake
[3.403s] -- Up-to-date: /home/jack/ros2_ws/install/turtle_interfaces/share/turtle_interfaces/cmake/ament_cmake_export_targets-extras.cmake
[3.403s] -- Up-to-date: /home/jack/ros2_ws/install/turtle_interfaces/share/turtle_interfaces/cmake/rosidl_cmake_export_typesupport_targets-extras.cmake
[3.403s] -- Up-to-date: /home/jack/ros2_ws/install/turtle_interfaces/share/turtle_interfaces/cmake/rosidl_cmake_export_typesupport_libraries-extras.cmake
[3.404s] -- Up-to-date: /home/jack/ros2_ws/install/turtle_interfaces/share/turtle_interfaces/cmake/turtle_interfacesConfig.cmake
[3.404s] -- Up-to-date: /home/jack/ros2_ws/install/turtle_interfaces/share/turtle_interfaces/cmake/turtle_interfacesConfig-version.cmake
[3.404s] -- Up-to-date: /home/jack/ros2_ws/install/turtle_interfaces/share/turtle_interfaces/package.xml
[3.405s] Invoked command in '/home/jack/ros2_ws/build/turtle_interfaces' returned '0': CMAKE_PREFIX_PATH=${CMAKE_PREFIX_PATH}:/home/jack/ros2_ws/install/turtle_control:/home/jack/ros2_ws/install/turtle_controller:/home/jack/ros2_ws/install/py_srvcli:/home/jack/ros2_ws/install/pubsub:/home/jack/ros2_ws/install/my_py_pkg:/home/jack/ros2_ws/install/my_robot_controller:/home/jack/ros2_ws/install/my_python_pkg:/home/jack/ros2_ws/install/crazy_turtle:/opt/ros/jazzy DEBUGINFOD_URLS=https://debuginfod.ubuntu.com /usr/bin/cmake --install /home/jack/ros2_ws/build/turtle_interfaces
