[0.024s] Invoking command in '/home/jack/ros2_ws/build/turtle_interfaces': CMAKE_PREFIX_PATH=${CMAKE_PREFIX_PATH}:/home/jack/ros2_ws/install/turtle_control:/home/jack/ros2_ws/install/turtle_controller:/home/jack/ros2_ws/install/py_srvcli:/home/jack/ros2_ws/install/pubsub:/home/jack/ros2_ws/install/my_py_pkg:/home/jack/ros2_ws/install/my_robot_controller:/home/jack/ros2_ws/install/my_python_pkg:/home/jack/ros2_ws/install/crazy_turtle:/opt/ros/jazzy DEBUGINFOD_URLS=https://debuginfod.ubuntu.com /usr/bin/cmake --build /home/jack/ros2_ws/build/turtle_interfaces -- -j8 -l8
[0.866s] [  2%] Built target turtle_interfaces__rosidl_generator_type_description
[0.866s] [  2%] Built target ament_cmake_python_copy_turtle_interfaces
[0.866s] [ 17%] Built target turtle_interfaces__rosidl_generator_c
[0.866s] [ 20%] Built target turtle_interfaces__cpp
[0.866s] [ 29%] Built target turtle_interfaces__rosidl_typesupport_fastrtps_cpp
[0.866s] [ 38%] Built target turtle_interfaces__rosidl_typesupport_introspection_cpp
[0.866s] [ 47%] Built target turtle_interfaces__rosidl_typesupport_c
[0.867s] [ 55%] Built target turtle_interfaces__rosidl_typesupport_introspection_c
[0.867s] [ 64%] Built target turtle_interfaces__rosidl_typesupport_cpp
[0.867s] [ 73%] Built target turtle_interfaces__rosidl_typesupport_fastrtps_c
[0.867s] [ 73%] Built target turtle_interfaces
[0.867s] [ 76%] Built target turtle_interfaces__py
[0.867s] [ 82%] Built target turtle_interfaces__rosidl_generator_py
[0.867s] [ 88%] Built target turtle_interfaces_s__rosidl_typesupport_fastrtps_c
[0.867s] [ 94%] Built target turtle_interfaces_s__rosidl_typesupport_introspection_c
[0.867s] [100%] Built target turtle_interfaces_s__rosidl_typesupport_c
[0.867s] running egg_info
[0.867s] writing turtle_interfaces.egg-info/PKG-INFO
[0.867s] writing dependency_links to turtle_interfaces.egg-info/dependency_links.txt
[0.867s] writing top-level names to turtle_interfaces.egg-info/top_level.txt
[0.867s] reading manifest file 'turtle_interfaces.egg-info/SOURCES.txt'
[0.867s] writing manifest file 'turtle_interfaces.egg-info/SOURCES.txt'
[0.867s] [100%] Built target ament_cmake_python_build_turtle_interfaces_egg
[1.048s] Invoked command in '/home/jack/ros2_ws/build/turtle_interfaces' returned '0': CMAKE_PREFIX_PATH=${CMAKE_PREFIX_PATH}:/home/jack/ros2_ws/install/turtle_control:/home/jack/ros2_ws/install/turtle_controller:/home/jack/ros2_ws/install/py_srvcli:/home/jack/ros2_ws/install/pubsub:/home/jack/ros2_ws/install/my_py_pkg:/home/jack/ros2_ws/install/my_robot_controller:/home/jack/ros2_ws/install/my_python_pkg:/home/jack/ros2_ws/install/crazy_turtle:/opt/ros/jazzy DEBUGINFOD_URLS=https://debuginfod.ubuntu.com /usr/bin/cmake --build /home/jack/ros2_ws/build/turtle_interfaces -- -j8 -l8
[1.049s] Invoking command in '/home/jack/ros2_ws/build/turtle_interfaces': CMAKE_PREFIX_PATH=${CMAKE_PREFIX_PATH}:/home/jack/ros2_ws/install/turtle_control:/home/jack/ros2_ws/install/turtle_controller:/home/jack/ros2_ws/install/py_srvcli:/home/jack/ros2_ws/install/pubsub:/home/jack/ros2_ws/install/my_py_pkg:/home/jack/ros2_ws/install/my_robot_controller:/home/jack/ros2_ws/install/my_python_pkg:/home/jack/ros2_ws/install/crazy_turtle:/opt/ros/jazzy DEBUGINFOD_URLS=https://debuginfod.ubuntu.com /usr/bin/cmake --install /home/jack/ros2_ws/build/turtle_interfaces
[1.056s] -- Install configuration: ""
[1.056s] -- Up-to-date: /home/jack/ros2_ws/install/turtle_interfaces/share/ament_index/resource_index/rosidl_interfaces/turtle_interfaces
[1.056s] -- Up-to-date: /home/jack/ros2_ws/install/turtle_interfaces/share/turtle_interfaces/srv/Waypoints.json
[1.072s] -- Up-to-date: /home/jack/ros2_ws/install/turtle_interfaces/include/turtle_interfaces/turtle_interfaces
[1.072s] -- Up-to-date: /home/jack/ros2_ws/install/turtle_interfaces/include/turtle_interfaces/turtle_interfaces/srv
[1.072s] -- Up-to-date: /home/jack/ros2_ws/install/turtle_interfaces/include/turtle_interfaces/turtle_interfaces/srv/detail
[1.072s] -- Up-to-date: /home/jack/ros2_ws/install/turtle_interfaces/include/turtle_interfaces/turtle_interfaces/srv/detail/waypoints__type_support.c
[1.072s] -- Up-to-date: /home/jack/ros2_ws/install/turtle_interfaces/include/turtle_interfaces/turtle_interfaces/srv/detail/waypoints__type_support.h
[1.072s] -- Up-to-date: /home/jack/ros2_ws/install/turtle_interfaces/include/turtle_interfaces/turtle_interfaces/srv/detail/waypoints__struct.h
[1.072s] -- Up-to-date: /home/jack/ros2_ws/install/turtle_interfaces/include/turtle_interfaces/turtle_interfaces/srv/detail/waypoints__description.c
[1.072s] -- Up-to-date: /home/jack/ros2_ws/install/turtle_interfaces/include/turtle_interfaces/turtle_interfaces/srv/detail/waypoints__functions.h
[1.072s] -- Up-to-date: /home/jack/ros2_ws/install/turtle_interfaces/include/turtle_interfaces/turtle_interfaces/srv/detail/waypoints__functions.c
[1.072s] -- Up-to-date: /home/jack/ros2_ws/install/turtle_interfaces/include/turtle_interfaces/turtle_interfaces/srv/waypoints.h
[1.072s] -- Up-to-date: /home/jack/ros2_ws/install/turtle_interfaces/include/turtle_interfaces/turtle_interfaces/msg
[1.073s] -- Up-to-date: /home/jack/ros2_ws/install/turtle_interfaces/include/turtle_interfaces/turtle_interfaces/msg/rosidl_generator_c__visibility_control.h
[1.073s] -- Up-to-date: /home/jack/ros2_ws/install/turtle_interfaces/share/turtle_interfaces/environment/library_path.sh
[1.073s] -- Up-to-date: /home/jack/ros2_ws/install/turtle_interfaces/share/turtle_interfaces/environment/library_path.dsv
[1.073s] -- Up-to-date: /home/jack/ros2_ws/install/turtle_interfaces/lib/libturtle_interfaces__rosidl_generator_c.so
[1.074s] -- Up-to-date: /home/jack/ros2_ws/install/turtle_interfaces/include/turtle_interfaces/turtle_interfaces
[1.074s] -- Up-to-date: /home/jack/ros2_ws/install/turtle_interfaces/include/turtle_interfaces/turtle_interfaces/srv
[1.076s] -- Up-to-date: /home/jack/ros2_ws/install/turtle_interfaces/include/turtle_interfaces/turtle_interfaces/srv/detail
[1.076s] -- Up-to-date: /home/jack/ros2_ws/install/turtle_interfaces/include/turtle_interfaces/turtle_interfaces/srv/detail/waypoints__rosidl_typesupport_fastrtps_c.h
[1.077s] -- Up-to-date: /home/jack/ros2_ws/install/turtle_interfaces/include/turtle_interfaces/turtle_interfaces/msg
[1.077s] -- Up-to-date: /home/jack/ros2_ws/install/turtle_interfaces/include/turtle_interfaces/turtle_interfaces/msg/rosidl_typesupport_fastrtps_c__visibility_control.h
[1.077s] -- Up-to-date: /home/jack/ros2_ws/install/turtle_interfaces/lib/libturtle_interfaces__rosidl_typesupport_fastrtps_c.so
[1.077s] -- Up-to-date: /home/jack/ros2_ws/install/turtle_interfaces/include/turtle_interfaces/turtle_interfaces
[1.077s] -- Up-to-date: /home/jack/ros2_ws/install/turtle_interfaces/include/turtle_interfaces/turtle_interfaces/srv
[1.077s] -- Up-to-date: /home/jack/ros2_ws/install/turtle_interfaces/include/turtle_interfaces/turtle_interfaces/srv/detail
[1.077s] -- Up-to-date: /home/jack/ros2_ws/install/turtle_interfaces/include/turtle_interfaces/turtle_interfaces/srv/detail/waypoints__traits.hpp
[1.077s] -- Up-to-date: /home/jack/ros2_ws/install/turtle_interfaces/include/turtle_interfaces/turtle_interfaces/srv/detail/waypoints__builder.hpp
[1.077s] -- Up-to-date: /home/jack/ros2_ws/install/turtle_interfaces/include/turtle_interfaces/turtle_interfaces/srv/detail/waypoints__struct.hpp
[1.077s] -- Up-to-date: /home/jack/ros2_ws/install/turtle_interfaces/include/turtle_interfaces/turtle_interfaces/srv/detail/waypoints__type_support.hpp
[1.077s] -- Up-to-date: /home/jack/ros2_ws/install/turtle_interfaces/include/turtle_interfaces/turtle_interfaces/srv/waypoints.hpp
[1.077s] -- Up-to-date: /home/jack/ros2_ws/install/turtle_interfaces/include/turtle_interfaces/turtle_interfaces/msg
[1.077s] -- Up-to-date: /home/jack/ros2_ws/install/turtle_interfaces/include/turtle_interfaces/turtle_interfaces/msg/rosidl_generator_cpp__visibility_control.hpp
[1.078s] -- Up-to-date: /home/jack/ros2_ws/install/turtle_interfaces/include/turtle_interfaces/turtle_interfaces
[1.078s] -- Up-to-date: /home/jack/ros2_ws/install/turtle_interfaces/include/turtle_interfaces/turtle_interfaces/srv
[1.078s] -- Up-to-date: /home/jack/ros2_ws/install/turtle_interfaces/include/turtle_interfaces/turtle_interfaces/srv/detail
[1.078s] -- Up-to-date: /home/jack/ros2_ws/install/turtle_interfaces/include/turtle_interfaces/turtle_interfaces/srv/detail/dds_fastrtps
[1.078s] -- Up-to-date: /home/jack/ros2_ws/install/turtle_interfaces/include/turtle_interfaces/turtle_interfaces/srv/detail/waypoints__rosidl_typesupport_fastrtps_cpp.hpp
[1.078s] -- Up-to-date: /home/jack/ros2_ws/install/turtle_interfaces/include/turtle_interfaces/turtle_interfaces/msg
[1.079s] -- Up-to-date: /home/jack/ros2_ws/install/turtle_interfaces/include/turtle_interfaces/turtle_interfaces/msg/rosidl_typesupport_fastrtps_cpp__visibility_control.h
[1.084s] -- Up-to-date: /home/jack/ros2_ws/install/turtle_interfaces/lib/libturtle_interfaces__rosidl_typesupport_fastrtps_cpp.so
[1.084s] -- Up-to-date: /home/jack/ros2_ws/install/turtle_interfaces/include/turtle_interfaces/turtle_interfaces
[1.084s] -- Up-to-date: /home/jack/ros2_ws/install/turtle_interfaces/include/turtle_interfaces/turtle_interfaces/srv
[1.084s] -- Up-to-date: /home/jack/ros2_ws/install/turtle_interfaces/include/turtle_interfaces/turtle_interfaces/srv/detail
[1.084s] -- Up-to-date: /home/jack/ros2_ws/install/turtle_interfaces/include/turtle_interfaces/turtle_interfaces/srv/detail/waypoints__type_support.c
[1.084s] -- Up-to-date: /home/jack/ros2_ws/install/turtle_interfaces/include/turtle_interfaces/turtle_interfaces/srv/detail/waypoints__rosidl_typesupport_introspection_c.h
[1.084s] -- Up-to-date: /home/jack/ros2_ws/install/turtle_interfaces/include/turtle_interfaces/turtle_interfaces/msg
[1.084s] -- Up-to-date: /home/jack/ros2_ws/install/turtle_interfaces/include/turtle_interfaces/turtle_interfaces/msg/rosidl_typesupport_introspection_c__visibility_control.h
[1.084s] -- Up-to-date: /home/jack/ros2_ws/install/turtle_interfaces/lib/libturtle_interfaces__rosidl_typesupport_introspection_c.so
[1.084s] -- Up-to-date: /home/jack/ros2_ws/install/turtle_interfaces/lib/libturtle_interfaces__rosidl_typesupport_c.so
[1.084s] -- Up-to-date: /home/jack/ros2_ws/install/turtle_interfaces/include/turtle_interfaces/turtle_interfaces
[1.085s] -- Up-to-date: /home/jack/ros2_ws/install/turtle_interfaces/include/turtle_interfaces/turtle_interfaces/srv
[1.085s] -- Up-to-date: /home/jack/ros2_ws/install/turtle_interfaces/include/turtle_interfaces/turtle_interfaces/srv/detail
[1.085s] -- Up-to-date: /home/jack/ros2_ws/install/turtle_interfaces/include/turtle_interfaces/turtle_interfaces/srv/detail/waypoints__type_support.cpp
[1.085s] -- Up-to-date: /home/jack/ros2_ws/install/turtle_interfaces/include/turtle_interfaces/turtle_interfaces/srv/detail/waypoints__rosidl_typesupport_introspection_cpp.hpp
[1.085s] -- Up-to-date: /home/jack/ros2_ws/install/turtle_interfaces/lib/libturtle_interfaces__rosidl_typesupport_introspection_cpp.so
[1.085s] -- Up-to-date: /home/jack/ros2_ws/install/turtle_interfaces/lib/libturtle_interfaces__rosidl_typesupport_cpp.so
[1.085s] -- Up-to-date: /home/jack/ros2_ws/install/turtle_interfaces/share/turtle_interfaces/environment/pythonpath.sh
[1.085s] -- Up-to-date: /home/jack/ros2_ws/install/turtle_interfaces/share/turtle_interfaces/environment/pythonpath.dsv
[1.085s] -- Up-to-date: /home/jack/ros2_ws/install/turtle_interfaces/lib/python3.12/site-packages/turtle_interfaces-0.0.0-py3.12.egg-info
[1.085s] -- Installing: /home/jack/ros2_ws/install/turtle_interfaces/lib/python3.12/site-packages/turtle_interfaces-0.0.0-py3.12.egg-info/top_level.txt
[1.085s] -- Installing: /home/jack/ros2_ws/install/turtle_interfaces/lib/python3.12/site-packages/turtle_interfaces-0.0.0-py3.12.egg-info/dependency_links.txt
[1.085s] -- Installing: /home/jack/ros2_ws/install/turtle_interfaces/lib/python3.12/site-packages/turtle_interfaces-0.0.0-py3.12.egg-info/SOURCES.txt
[1.085s] -- Installing: /home/jack/ros2_ws/install/turtle_interfaces/lib/python3.12/site-packages/turtle_interfaces-0.0.0-py3.12.egg-info/PKG-INFO
[1.086s] -- Up-to-date: /home/jack/ros2_ws/install/turtle_interfaces/lib/python3.12/site-packages/turtle_interfaces
[1.086s] -- Up-to-date: /home/jack/ros2_ws/install/turtle_interfaces/lib/python3.12/site-packages/turtle_interfaces/_turtle_interfaces_s.ep.rosidl_typesupport_c.c
[1.086s] -- Up-to-date: /home/jack/ros2_ws/install/turtle_interfaces/lib/python3.12/site-packages/turtle_interfaces/srv
[1.086s] -- Up-to-date: /home/jack/ros2_ws/install/turtle_interfaces/lib/python3.12/site-packages/turtle_interfaces/srv/_waypoints_s.c
[1.086s] -- Up-to-date: /home/jack/ros2_ws/install/turtle_interfaces/lib/python3.12/site-packages/turtle_interfaces/srv/_waypoints.py
[1.086s] -- Up-to-date: /home/jack/ros2_ws/install/turtle_interfaces/lib/python3.12/site-packages/turtle_interfaces/srv/__init__.py
[1.086s] -- Up-to-date: /home/jack/ros2_ws/install/turtle_interfaces/lib/python3.12/site-packages/turtle_interfaces/turtle_interfaces_s__rosidl_typesupport_introspection_c.so
[1.086s] -- Up-to-date: /home/jack/ros2_ws/install/turtle_interfaces/lib/python3.12/site-packages/turtle_interfaces/turtle_interfaces_s__rosidl_typesupport_c.so
[1.092s] -- Up-to-date: /home/jack/ros2_ws/install/turtle_interfaces/lib/python3.12/site-packages/turtle_interfaces/_turtle_interfaces_s.ep.rosidl_typesupport_introspection_c.c
[1.092s] -- Up-to-date: /home/jack/ros2_ws/install/turtle_interfaces/lib/python3.12/site-packages/turtle_interfaces/__init__.py
[1.092s] -- Up-to-date: /home/jack/ros2_ws/install/turtle_interfaces/lib/python3.12/site-packages/turtle_interfaces/_turtle_interfaces_s.ep.rosidl_typesupport_fastrtps_c.c
[1.092s] -- Up-to-date: /home/jack/ros2_ws/install/turtle_interfaces/lib/python3.12/site-packages/turtle_interfaces/turtle_interfaces_s__rosidl_typesupport_fastrtps_c.so
[1.107s] Listing '/home/jack/ros2_ws/install/turtle_interfaces/lib/python3.12/site-packages/turtle_interfaces'...
[1.107s] Listing '/home/jack/ros2_ws/install/turtle_interfaces/lib/python3.12/site-packages/turtle_interfaces/srv'...
[1.115s] -- Up-to-date: /home/jack/ros2_ws/install/turtle_interfaces/lib/python3.12/site-packages/turtle_interfaces/turtle_interfaces_s__rosidl_typesupport_fastrtps_c.so
[1.115s] -- Up-to-date: /home/jack/ros2_ws/install/turtle_interfaces/lib/python3.12/site-packages/turtle_interfaces/turtle_interfaces_s__rosidl_typesupport_introspection_c.so
[1.115s] -- Up-to-date: /home/jack/ros2_ws/install/turtle_interfaces/lib/python3.12/site-packages/turtle_interfaces/turtle_interfaces_s__rosidl_typesupport_c.so
[1.117s] -- Up-to-date: /home/jack/ros2_ws/install/turtle_interfaces/lib/libturtle_interfaces__rosidl_generator_py.so
[1.118s] -- Up-to-date: /home/jack/ros2_ws/install/turtle_interfaces/share/turtle_interfaces/srv/Waypoints.idl
[1.118s] -- Up-to-date: /home/jack/ros2_ws/install/turtle_interfaces/share/turtle_interfaces/srv/Waypoints.srv
[1.118s] -- Up-to-date: /home/jack/ros2_ws/install/turtle_interfaces/share/ament_index/resource_index/package_run_dependencies/turtle_interfaces
[1.118s] -- Up-to-date: /home/jack/ros2_ws/install/turtle_interfaces/share/ament_index/resource_index/parent_prefix_path/turtle_interfaces
[1.118s] -- Up-to-date: /home/jack/ros2_ws/install/turtle_interfaces/share/turtle_interfaces/environment/ament_prefix_path.sh
[1.118s] -- Up-to-date: /home/jack/ros2_ws/install/turtle_interfaces/share/turtle_interfaces/environment/ament_prefix_path.dsv
[1.118s] -- Up-to-date: /home/jack/ros2_ws/install/turtle_interfaces/share/turtle_interfaces/environment/path.sh
[1.118s] -- Up-to-date: /home/jack/ros2_ws/install/turtle_interfaces/share/turtle_interfaces/environment/path.dsv
[1.118s] -- Up-to-date: /home/jack/ros2_ws/install/turtle_interfaces/share/turtle_interfaces/local_setup.bash
[1.118s] -- Up-to-date: /home/jack/ros2_ws/install/turtle_interfaces/share/turtle_interfaces/local_setup.sh
[1.118s] -- Up-to-date: /home/jack/ros2_ws/install/turtle_interfaces/share/turtle_interfaces/local_setup.zsh
[1.118s] -- Up-to-date: /home/jack/ros2_ws/install/turtle_interfaces/share/turtle_interfaces/local_setup.dsv
[1.118s] -- Installing: /home/jack/ros2_ws/install/turtle_interfaces/share/turtle_interfaces/package.dsv
[1.118s] -- Up-to-date: /home/jack/ros2_ws/install/turtle_interfaces/share/ament_index/resource_index/packages/turtle_interfaces
[1.119s] -- Up-to-date: /home/jack/ros2_ws/install/turtle_interfaces/share/turtle_interfaces/cmake/export_turtle_interfaces__rosidl_generator_cExport.cmake
[1.119s] -- Up-to-date: /home/jack/ros2_ws/install/turtle_interfaces/share/turtle_interfaces/cmake/export_turtle_interfaces__rosidl_generator_cExport-noconfig.cmake
[1.119s] -- Up-to-date: /home/jack/ros2_ws/install/turtle_interfaces/share/turtle_interfaces/cmake/export_turtle_interfaces__rosidl_typesupport_fastrtps_cExport.cmake
[1.119s] -- Up-to-date: /home/jack/ros2_ws/install/turtle_interfaces/share/turtle_interfaces/cmake/export_turtle_interfaces__rosidl_typesupport_fastrtps_cExport-noconfig.cmake
[1.119s] -- Up-to-date: /home/jack/ros2_ws/install/turtle_interfaces/share/turtle_interfaces/cmake/export_turtle_interfaces__rosidl_generator_cppExport.cmake
[1.119s] -- Up-to-date: /home/jack/ros2_ws/install/turtle_interfaces/share/turtle_interfaces/cmake/export_turtle_interfaces__rosidl_typesupport_fastrtps_cppExport.cmake
[1.119s] -- Up-to-date: /home/jack/ros2_ws/install/turtle_interfaces/share/turtle_interfaces/cmake/export_turtle_interfaces__rosidl_typesupport_fastrtps_cppExport-noconfig.cmake
[1.119s] -- Up-to-date: /home/jack/ros2_ws/install/turtle_interfaces/share/turtle_interfaces/cmake/turtle_interfaces__rosidl_typesupport_introspection_cExport.cmake
[1.119s] -- Up-to-date: /home/jack/ros2_ws/install/turtle_interfaces/share/turtle_interfaces/cmake/turtle_interfaces__rosidl_typesupport_introspection_cExport-noconfig.cmake
[1.119s] -- Up-to-date: /home/jack/ros2_ws/install/turtle_interfaces/share/turtle_interfaces/cmake/turtle_interfaces__rosidl_typesupport_cExport.cmake
[1.119s] -- Up-to-date: /home/jack/ros2_ws/install/turtle_interfaces/share/turtle_interfaces/cmake/turtle_interfaces__rosidl_typesupport_cExport-noconfig.cmake
[1.119s] -- Up-to-date: /home/jack/ros2_ws/install/turtle_interfaces/share/turtle_interfaces/cmake/turtle_interfaces__rosidl_typesupport_introspection_cppExport.cmake
[1.119s] -- Up-to-date: /home/jack/ros2_ws/install/turtle_interfaces/share/turtle_interfaces/cmake/turtle_interfaces__rosidl_typesupport_introspection_cppExport-noconfig.cmake
[1.119s] -- Up-to-date: /home/jack/ros2_ws/install/turtle_interfaces/share/turtle_interfaces/cmake/turtle_interfaces__rosidl_typesupport_cppExport.cmake
[1.119s] -- Up-to-date: /home/jack/ros2_ws/install/turtle_interfaces/share/turtle_interfaces/cmake/turtle_interfaces__rosidl_typesupport_cppExport-noconfig.cmake
[1.119s] -- Up-to-date: /home/jack/ros2_ws/install/turtle_interfaces/share/turtle_interfaces/cmake/export_turtle_interfaces__rosidl_generator_pyExport.cmake
[1.119s] -- Up-to-date: /home/jack/ros2_ws/install/turtle_interfaces/share/turtle_interfaces/cmake/export_turtle_interfaces__rosidl_generator_pyExport-noconfig.cmake
[1.119s] -- Up-to-date: /home/jack/ros2_ws/install/turtle_interfaces/share/turtle_interfaces/cmake/rosidl_cmake-extras.cmake
[1.119s] -- Up-to-date: /home/jack/ros2_ws/install/turtle_interfaces/share/turtle_interfaces/cmake/ament_cmake_export_dependencies-extras.cmake
[1.119s] -- Up-to-date: /home/jack/ros2_ws/install/turtle_interfaces/share/turtle_interfaces/cmake/ament_cmake_export_include_directories-extras.cmake
[1.120s] -- Up-to-date: /home/jack/ros2_ws/install/turtle_interfaces/share/turtle_interfaces/cmake/ament_cmake_export_libraries-extras.cmake
[1.120s] -- Up-to-date: /home/jack/ros2_ws/install/turtle_interfaces/share/turtle_interfaces/cmake/ament_cmake_export_targets-extras.cmake
[1.120s] -- Up-to-date: /home/jack/ros2_ws/install/turtle_interfaces/share/turtle_interfaces/cmake/rosidl_cmake_export_typesupport_targets-extras.cmake
[1.120s] -- Up-to-date: /home/jack/ros2_ws/install/turtle_interfaces/share/turtle_interfaces/cmake/rosidl_cmake_export_typesupport_libraries-extras.cmake
[1.120s] -- Up-to-date: /home/jack/ros2_ws/install/turtle_interfaces/share/turtle_interfaces/cmake/turtle_interfacesConfig.cmake
[1.120s] -- Up-to-date: /home/jack/ros2_ws/install/turtle_interfaces/share/turtle_interfaces/cmake/turtle_interfacesConfig-version.cmake
[1.120s] -- Up-to-date: /home/jack/ros2_ws/install/turtle_interfaces/share/turtle_interfaces/package.xml
[1.149s] Invoked command in '/home/jack/ros2_ws/build/turtle_interfaces' returned '0': CMAKE_PREFIX_PATH=${CMAKE_PREFIX_PATH}:/home/jack/ros2_ws/install/turtle_control:/home/jack/ros2_ws/install/turtle_controller:/home/jack/ros2_ws/install/py_srvcli:/home/jack/ros2_ws/install/pubsub:/home/jack/ros2_ws/install/my_py_pkg:/home/jack/ros2_ws/install/my_robot_controller:/home/jack/ros2_ws/install/my_python_pkg:/home/jack/ros2_ws/install/crazy_turtle:/opt/ros/jazzy DEBUGINFOD_URLS=https://debuginfod.ubuntu.com /usr/bin/cmake --install /home/jack/ros2_ws/build/turtle_interfaces
