[0.072s] Invoking command in '/home/jack/ros2_ws/build/turtle_interfaces': CMAKE_PREFIX_PATH=${CMAKE_PREFIX_PATH}:/home/jack/ros2_ws/install/turtle_control:/home/jack/ros2_ws/install/turtle_controller:/home/jack/ros2_ws/install/py_srvcli:/home/jack/ros2_ws/install/pubsub:/home/jack/ros2_ws/install/my_py_pkg:/home/jack/ros2_ws/install/my_robot_controller:/home/jack/ros2_ws/install/my_python_pkg:/home/jack/ros2_ws/install/crazy_turtle:/opt/ros/jazzy DEBUGINFOD_URLS=https://debuginfod.ubuntu.com /usr/bin/cmake --build /home/jack/ros2_ws/build/turtle_interfaces -- -j8 -l8
[2.216s] [  2%] Built target turtle_interfaces__rosidl_generator_type_description
[2.216s] [  2%] Built target ament_cmake_python_copy_turtle_interfaces
[2.217s] [  5%] Built target turtle_interfaces__cpp
[2.217s] [ 20%] Built target turtle_interfaces__rosidl_generator_c
[2.217s] [ 29%] Built target turtle_interfaces__rosidl_typesupport_fastrtps_cpp
[2.217s] [ 38%] Built target turtle_interfaces__rosidl_typesupport_introspection_c
[2.217s] [ 55%] Built target turtle_interfaces__rosidl_typesupport_c
[2.217s] [ 55%] Built target turtle_interfaces__rosidl_typesupport_cpp
[2.218s] [ 64%] Built target turtle_interfaces__rosidl_typesupport_fastrtps_c
[2.218s] [ 73%] Built target turtle_interfaces__rosidl_typesupport_introspection_cpp
[2.218s] [ 73%] Built target turtle_interfaces
[2.218s] [ 76%] Built target turtle_interfaces__py
[2.218s] [ 82%] Built target turtle_interfaces__rosidl_generator_py
[2.218s] [ 88%] Built target turtle_interfaces_s__rosidl_typesupport_c
[2.218s] [100%] Built target turtle_interfaces_s__rosidl_typesupport_fastrtps_c
[2.219s] [ 94%] Built target turtle_interfaces_s__rosidl_typesupport_introspection_c
[2.219s] running egg_info
[2.219s] writing turtle_interfaces.egg-info/PKG-INFO
[2.219s] writing dependency_links to turtle_interfaces.egg-info/dependency_links.txt
[2.219s] writing top-level names to turtle_interfaces.egg-info/top_level.txt
[2.219s] reading manifest file 'turtle_interfaces.egg-info/SOURCES.txt'
[2.220s] writing manifest file 'turtle_interfaces.egg-info/SOURCES.txt'
[2.220s] [100%] Built target ament_cmake_python_build_turtle_interfaces_egg
[2.717s] Invoked command in '/home/jack/ros2_ws/build/turtle_interfaces' returned '0': CMAKE_PREFIX_PATH=${CMAKE_PREFIX_PATH}:/home/jack/ros2_ws/install/turtle_control:/home/jack/ros2_ws/install/turtle_controller:/home/jack/ros2_ws/install/py_srvcli:/home/jack/ros2_ws/install/pubsub:/home/jack/ros2_ws/install/my_py_pkg:/home/jack/ros2_ws/install/my_robot_controller:/home/jack/ros2_ws/install/my_python_pkg:/home/jack/ros2_ws/install/crazy_turtle:/opt/ros/jazzy DEBUGINFOD_URLS=https://debuginfod.ubuntu.com /usr/bin/cmake --build /home/jack/ros2_ws/build/turtle_interfaces -- -j8 -l8
[2.719s] Invoking command in '/home/jack/ros2_ws/build/turtle_interfaces': CMAKE_PREFIX_PATH=${CMAKE_PREFIX_PATH}:/home/jack/ros2_ws/install/turtle_control:/home/jack/ros2_ws/install/turtle_controller:/home/jack/ros2_ws/install/py_srvcli:/home/jack/ros2_ws/install/pubsub:/home/jack/ros2_ws/install/my_py_pkg:/home/jack/ros2_ws/install/my_robot_controller:/home/jack/ros2_ws/install/my_python_pkg:/home/jack/ros2_ws/install/crazy_turtle:/opt/ros/jazzy DEBUGINFOD_URLS=https://debuginfod.ubuntu.com /usr/bin/cmake --install /home/jack/ros2_ws/build/turtle_interfaces
[2.772s] -- Install configuration: ""
[2.772s] -- Up-to-date: /home/jack/ros2_ws/install/turtle_interfaces/share/ament_index/resource_index/rosidl_interfaces/turtle_interfaces
[2.772s] -- Up-to-date: /home/jack/ros2_ws/install/turtle_interfaces/share/turtle_interfaces/srv/Waypoints.json
[2.773s] -- Up-to-date: /home/jack/ros2_ws/install/turtle_interfaces/include/turtle_interfaces/turtle_interfaces
[2.773s] -- Up-to-date: /home/jack/ros2_ws/install/turtle_interfaces/include/turtle_interfaces/turtle_interfaces/srv
[2.773s] -- Up-to-date: /home/jack/ros2_ws/install/turtle_interfaces/include/turtle_interfaces/turtle_interfaces/srv/detail
[2.773s] -- Up-to-date: /home/jack/ros2_ws/install/turtle_interfaces/include/turtle_interfaces/turtle_interfaces/srv/detail/waypoints__type_support.c
[2.785s] -- Up-to-date: /home/jack/ros2_ws/install/turtle_interfaces/include/turtle_interfaces/turtle_interfaces/srv/detail/waypoints__type_support.h
[2.785s] -- Up-to-date: /home/jack/ros2_ws/install/turtle_interfaces/include/turtle_interfaces/turtle_interfaces/srv/detail/waypoints__struct.h
[2.785s] -- Up-to-date: /home/jack/ros2_ws/install/turtle_interfaces/include/turtle_interfaces/turtle_interfaces/srv/detail/waypoints__description.c
[2.785s] -- Up-to-date: /home/jack/ros2_ws/install/turtle_interfaces/include/turtle_interfaces/turtle_interfaces/srv/detail/waypoints__functions.h
[2.785s] -- Up-to-date: /home/jack/ros2_ws/install/turtle_interfaces/include/turtle_interfaces/turtle_interfaces/srv/detail/waypoints__functions.c
[2.786s] -- Up-to-date: /home/jack/ros2_ws/install/turtle_interfaces/include/turtle_interfaces/turtle_interfaces/srv/waypoints.h
[2.786s] -- Up-to-date: /home/jack/ros2_ws/install/turtle_interfaces/include/turtle_interfaces/turtle_interfaces/msg
[2.786s] -- Up-to-date: /home/jack/ros2_ws/install/turtle_interfaces/include/turtle_interfaces/turtle_interfaces/msg/rosidl_generator_c__visibility_control.h
[2.786s] -- Up-to-date: /home/jack/ros2_ws/install/turtle_interfaces/share/turtle_interfaces/environment/library_path.sh
[2.786s] -- Up-to-date: /home/jack/ros2_ws/install/turtle_interfaces/share/turtle_interfaces/environment/library_path.dsv
[2.787s] -- Up-to-date: /home/jack/ros2_ws/install/turtle_interfaces/lib/libturtle_interfaces__rosidl_generator_c.so
[2.787s] -- Up-to-date: /home/jack/ros2_ws/install/turtle_interfaces/include/turtle_interfaces/turtle_interfaces
[2.787s] -- Up-to-date: /home/jack/ros2_ws/install/turtle_interfaces/include/turtle_interfaces/turtle_interfaces/srv
[2.787s] -- Up-to-date: /home/jack/ros2_ws/install/turtle_interfaces/include/turtle_interfaces/turtle_interfaces/srv/detail
[2.787s] -- Up-to-date: /home/jack/ros2_ws/install/turtle_interfaces/include/turtle_interfaces/turtle_interfaces/srv/detail/waypoints__rosidl_typesupport_fastrtps_c.h
[2.788s] -- Up-to-date: /home/jack/ros2_ws/install/turtle_interfaces/include/turtle_interfaces/turtle_interfaces/msg
[2.788s] -- Up-to-date: /home/jack/ros2_ws/install/turtle_interfaces/include/turtle_interfaces/turtle_interfaces/msg/rosidl_typesupport_fastrtps_c__visibility_control.h
[2.788s] -- Up-to-date: /home/jack/ros2_ws/install/turtle_interfaces/lib/libturtle_interfaces__rosidl_typesupport_fastrtps_c.so
[2.788s] -- Up-to-date: /home/jack/ros2_ws/install/turtle_interfaces/include/turtle_interfaces/turtle_interfaces
[2.789s] -- Up-to-date: /home/jack/ros2_ws/install/turtle_interfaces/include/turtle_interfaces/turtle_interfaces/srv
[2.789s] -- Up-to-date: /home/jack/ros2_ws/install/turtle_interfaces/include/turtle_interfaces/turtle_interfaces/srv/detail
[2.790s] -- Up-to-date: /home/jack/ros2_ws/install/turtle_interfaces/include/turtle_interfaces/turtle_interfaces/srv/detail/waypoints__traits.hpp
[2.804s] -- Up-to-date: /home/jack/ros2_ws/install/turtle_interfaces/include/turtle_interfaces/turtle_interfaces/srv/detail/waypoints__builder.hpp
[2.804s] -- Up-to-date: /home/jack/ros2_ws/install/turtle_interfaces/include/turtle_interfaces/turtle_interfaces/srv/detail/waypoints__struct.hpp
[2.805s] -- Up-to-date: /home/jack/ros2_ws/install/turtle_interfaces/include/turtle_interfaces/turtle_interfaces/srv/detail/waypoints__type_support.hpp
[2.805s] -- Up-to-date: /home/jack/ros2_ws/install/turtle_interfaces/include/turtle_interfaces/turtle_interfaces/srv/waypoints.hpp
[2.806s] -- Up-to-date: /home/jack/ros2_ws/install/turtle_interfaces/include/turtle_interfaces/turtle_interfaces/msg
[2.806s] -- Up-to-date: /home/jack/ros2_ws/install/turtle_interfaces/include/turtle_interfaces/turtle_interfaces/msg/rosidl_generator_cpp__visibility_control.hpp
[2.807s] -- Up-to-date: /home/jack/ros2_ws/install/turtle_interfaces/include/turtle_interfaces/turtle_interfaces
[2.807s] -- Up-to-date: /home/jack/ros2_ws/install/turtle_interfaces/include/turtle_interfaces/turtle_interfaces/srv
[2.807s] -- Up-to-date: /home/jack/ros2_ws/install/turtle_interfaces/include/turtle_interfaces/turtle_interfaces/srv/detail
[2.807s] -- Up-to-date: /home/jack/ros2_ws/install/turtle_interfaces/include/turtle_interfaces/turtle_interfaces/srv/detail/dds_fastrtps
[2.807s] -- Up-to-date: /home/jack/ros2_ws/install/turtle_interfaces/include/turtle_interfaces/turtle_interfaces/srv/detail/waypoints__rosidl_typesupport_fastrtps_cpp.hpp
[2.808s] -- Up-to-date: /home/jack/ros2_ws/install/turtle_interfaces/include/turtle_interfaces/turtle_interfaces/msg
[2.808s] -- Up-to-date: /home/jack/ros2_ws/install/turtle_interfaces/include/turtle_interfaces/turtle_interfaces/msg/rosidl_typesupport_fastrtps_cpp__visibility_control.h
[2.831s] -- Up-to-date: /home/jack/ros2_ws/install/turtle_interfaces/lib/libturtle_interfaces__rosidl_typesupport_fastrtps_cpp.so
[2.831s] -- Up-to-date: /home/jack/ros2_ws/install/turtle_interfaces/include/turtle_interfaces/turtle_interfaces
[2.831s] -- Up-to-date: /home/jack/ros2_ws/install/turtle_interfaces/include/turtle_interfaces/turtle_interfaces/srv
[2.831s] -- Up-to-date: /home/jack/ros2_ws/install/turtle_interfaces/include/turtle_interfaces/turtle_interfaces/srv/detail
[2.831s] -- Up-to-date: /home/jack/ros2_ws/install/turtle_interfaces/include/turtle_interfaces/turtle_interfaces/srv/detail/waypoints__type_support.c
[2.832s] -- Up-to-date: /home/jack/ros2_ws/install/turtle_interfaces/include/turtle_interfaces/turtle_interfaces/srv/detail/waypoints__rosidl_typesupport_introspection_c.h
[2.832s] -- Up-to-date: /home/jack/ros2_ws/install/turtle_interfaces/include/turtle_interfaces/turtle_interfaces/msg
[2.832s] -- Up-to-date: /home/jack/ros2_ws/install/turtle_interfaces/include/turtle_interfaces/turtle_interfaces/msg/rosidl_typesupport_introspection_c__visibility_control.h
[2.832s] -- Up-to-date: /home/jack/ros2_ws/install/turtle_interfaces/lib/libturtle_interfaces__rosidl_typesupport_introspection_c.so
[2.832s] -- Up-to-date: /home/jack/ros2_ws/install/turtle_interfaces/lib/libturtle_interfaces__rosidl_typesupport_c.so
[2.833s] -- Up-to-date: /home/jack/ros2_ws/install/turtle_interfaces/include/turtle_interfaces/turtle_interfaces
[2.833s] -- Up-to-date: /home/jack/ros2_ws/install/turtle_interfaces/include/turtle_interfaces/turtle_interfaces/srv
[2.833s] -- Up-to-date: /home/jack/ros2_ws/install/turtle_interfaces/include/turtle_interfaces/turtle_interfaces/srv/detail
[2.833s] -- Up-to-date: /home/jack/ros2_ws/install/turtle_interfaces/include/turtle_interfaces/turtle_interfaces/srv/detail/waypoints__type_support.cpp
[2.833s] -- Up-to-date: /home/jack/ros2_ws/install/turtle_interfaces/include/turtle_interfaces/turtle_interfaces/srv/detail/waypoints__rosidl_typesupport_introspection_cpp.hpp
[2.834s] -- Up-to-date: /home/jack/ros2_ws/install/turtle_interfaces/lib/libturtle_interfaces__rosidl_typesupport_introspection_cpp.so
[2.838s] -- Up-to-date: /home/jack/ros2_ws/install/turtle_interfaces/lib/libturtle_interfaces__rosidl_typesupport_cpp.so
[2.838s] -- Up-to-date: /home/jack/ros2_ws/install/turtle_interfaces/share/turtle_interfaces/environment/pythonpath.sh
[2.839s] -- Up-to-date: /home/jack/ros2_ws/install/turtle_interfaces/share/turtle_interfaces/environment/pythonpath.dsv
[2.839s] -- Up-to-date: /home/jack/ros2_ws/install/turtle_interfaces/lib/python3.12/site-packages/turtle_interfaces-0.0.0-py3.12.egg-info
[2.839s] -- Installing: /home/jack/ros2_ws/install/turtle_interfaces/lib/python3.12/site-packages/turtle_interfaces-0.0.0-py3.12.egg-info/top_level.txt
[2.839s] -- Installing: /home/jack/ros2_ws/install/turtle_interfaces/lib/python3.12/site-packages/turtle_interfaces-0.0.0-py3.12.egg-info/dependency_links.txt
[2.839s] -- Installing: /home/jack/ros2_ws/install/turtle_interfaces/lib/python3.12/site-packages/turtle_interfaces-0.0.0-py3.12.egg-info/SOURCES.txt
[2.840s] -- Installing: /home/jack/ros2_ws/install/turtle_interfaces/lib/python3.12/site-packages/turtle_interfaces-0.0.0-py3.12.egg-info/PKG-INFO
[2.840s] -- Up-to-date: /home/jack/ros2_ws/install/turtle_interfaces/lib/python3.12/site-packages/turtle_interfaces
[2.840s] -- Up-to-date: /home/jack/ros2_ws/install/turtle_interfaces/lib/python3.12/site-packages/turtle_interfaces/_turtle_interfaces_s.ep.rosidl_typesupport_c.c
[2.840s] -- Up-to-date: /home/jack/ros2_ws/install/turtle_interfaces/lib/python3.12/site-packages/turtle_interfaces/srv
[2.841s] -- Up-to-date: /home/jack/ros2_ws/install/turtle_interfaces/lib/python3.12/site-packages/turtle_interfaces/srv/_waypoints_s.c
[2.841s] -- Up-to-date: /home/jack/ros2_ws/install/turtle_interfaces/lib/python3.12/site-packages/turtle_interfaces/srv/_waypoints.py
[2.845s] -- Up-to-date: /home/jack/ros2_ws/install/turtle_interfaces/lib/python3.12/site-packages/turtle_interfaces/srv/__init__.py
[2.845s] -- Up-to-date: /home/jack/ros2_ws/install/turtle_interfaces/lib/python3.12/site-packages/turtle_interfaces/turtle_interfaces_s__rosidl_typesupport_introspection_c.so
[2.846s] -- Up-to-date: /home/jack/ros2_ws/install/turtle_interfaces/lib/python3.12/site-packages/turtle_interfaces/turtle_interfaces_s__rosidl_typesupport_c.so
[2.846s] -- Up-to-date: /home/jack/ros2_ws/install/turtle_interfaces/lib/python3.12/site-packages/turtle_interfaces/_turtle_interfaces_s.ep.rosidl_typesupport_introspection_c.c
[2.846s] -- Up-to-date: /home/jack/ros2_ws/install/turtle_interfaces/lib/python3.12/site-packages/turtle_interfaces/__init__.py
[2.846s] -- Up-to-date: /home/jack/ros2_ws/install/turtle_interfaces/lib/python3.12/site-packages/turtle_interfaces/_turtle_interfaces_s.ep.rosidl_typesupport_fastrtps_c.c
[2.846s] -- Up-to-date: /home/jack/ros2_ws/install/turtle_interfaces/lib/python3.12/site-packages/turtle_interfaces/turtle_interfaces_s__rosidl_typesupport_fastrtps_c.so
[2.865s] Listing '/home/jack/ros2_ws/install/turtle_interfaces/lib/python3.12/site-packages/turtle_interfaces'...
[2.865s] Listing '/home/jack/ros2_ws/install/turtle_interfaces/lib/python3.12/site-packages/turtle_interfaces/srv'...
[2.877s] -- Up-to-date: /home/jack/ros2_ws/install/turtle_interfaces/lib/python3.12/site-packages/turtle_interfaces/turtle_interfaces_s__rosidl_typesupport_fastrtps_c.so
[2.878s] -- Up-to-date: /home/jack/ros2_ws/install/turtle_interfaces/lib/python3.12/site-packages/turtle_interfaces/turtle_interfaces_s__rosidl_typesupport_introspection_c.so
[2.880s] -- Up-to-date: /home/jack/ros2_ws/install/turtle_interfaces/lib/python3.12/site-packages/turtle_interfaces/turtle_interfaces_s__rosidl_typesupport_c.so
[2.883s] -- Up-to-date: /home/jack/ros2_ws/install/turtle_interfaces/lib/libturtle_interfaces__rosidl_generator_py.so
[2.884s] -- Up-to-date: /home/jack/ros2_ws/install/turtle_interfaces/share/turtle_interfaces/srv/Waypoints.idl
[2.884s] -- Up-to-date: /home/jack/ros2_ws/install/turtle_interfaces/share/turtle_interfaces/srv/Waypoints.srv
[2.885s] -- Up-to-date: /home/jack/ros2_ws/install/turtle_interfaces/share/ament_index/resource_index/package_run_dependencies/turtle_interfaces
[2.886s] -- Up-to-date: /home/jack/ros2_ws/install/turtle_interfaces/share/ament_index/resource_index/parent_prefix_path/turtle_interfaces
[2.887s] -- Up-to-date: /home/jack/ros2_ws/install/turtle_interfaces/share/turtle_interfaces/environment/ament_prefix_path.sh
[2.888s] -- Up-to-date: /home/jack/ros2_ws/install/turtle_interfaces/share/turtle_interfaces/environment/ament_prefix_path.dsv
[2.888s] -- Up-to-date: /home/jack/ros2_ws/install/turtle_interfaces/share/turtle_interfaces/environment/path.sh
[2.891s] -- Up-to-date: /home/jack/ros2_ws/install/turtle_interfaces/share/turtle_interfaces/environment/path.dsv
[2.892s] -- Up-to-date: /home/jack/ros2_ws/install/turtle_interfaces/share/turtle_interfaces/local_setup.bash
[2.894s] -- Up-to-date: /home/jack/ros2_ws/install/turtle_interfaces/share/turtle_interfaces/local_setup.sh
[2.894s] -- Up-to-date: /home/jack/ros2_ws/install/turtle_interfaces/share/turtle_interfaces/local_setup.zsh
[2.895s] -- Up-to-date: /home/jack/ros2_ws/install/turtle_interfaces/share/turtle_interfaces/local_setup.dsv
[2.895s] -- Installing: /home/jack/ros2_ws/install/turtle_interfaces/share/turtle_interfaces/package.dsv
[2.895s] -- Up-to-date: /home/jack/ros2_ws/install/turtle_interfaces/share/ament_index/resource_index/packages/turtle_interfaces
[2.895s] -- Up-to-date: /home/jack/ros2_ws/install/turtle_interfaces/share/turtle_interfaces/cmake/export_turtle_interfaces__rosidl_generator_cExport.cmake
[2.899s] -- Up-to-date: /home/jack/ros2_ws/install/turtle_interfaces/share/turtle_interfaces/cmake/export_turtle_interfaces__rosidl_generator_cExport-noconfig.cmake
[2.900s] -- Up-to-date: /home/jack/ros2_ws/install/turtle_interfaces/share/turtle_interfaces/cmake/export_turtle_interfaces__rosidl_typesupport_fastrtps_cExport.cmake
[2.900s] -- Up-to-date: /home/jack/ros2_ws/install/turtle_interfaces/share/turtle_interfaces/cmake/export_turtle_interfaces__rosidl_typesupport_fastrtps_cExport-noconfig.cmake
[2.903s] -- Up-to-date: /home/jack/ros2_ws/install/turtle_interfaces/share/turtle_interfaces/cmake/export_turtle_interfaces__rosidl_generator_cppExport.cmake
[2.906s] -- Up-to-date: /home/jack/ros2_ws/install/turtle_interfaces/share/turtle_interfaces/cmake/export_turtle_interfaces__rosidl_typesupport_fastrtps_cppExport.cmake
[2.906s] -- Up-to-date: /home/jack/ros2_ws/install/turtle_interfaces/share/turtle_interfaces/cmake/export_turtle_interfaces__rosidl_typesupport_fastrtps_cppExport-noconfig.cmake
[2.908s] -- Up-to-date: /home/jack/ros2_ws/install/turtle_interfaces/share/turtle_interfaces/cmake/turtle_interfaces__rosidl_typesupport_introspection_cExport.cmake
[2.908s] -- Up-to-date: /home/jack/ros2_ws/install/turtle_interfaces/share/turtle_interfaces/cmake/turtle_interfaces__rosidl_typesupport_introspection_cExport-noconfig.cmake
[2.908s] -- Up-to-date: /home/jack/ros2_ws/install/turtle_interfaces/share/turtle_interfaces/cmake/turtle_interfaces__rosidl_typesupport_cExport.cmake
[2.914s] -- Up-to-date: /home/jack/ros2_ws/install/turtle_interfaces/share/turtle_interfaces/cmake/turtle_interfaces__rosidl_typesupport_cExport-noconfig.cmake
[2.914s] -- Up-to-date: /home/jack/ros2_ws/install/turtle_interfaces/share/turtle_interfaces/cmake/turtle_interfaces__rosidl_typesupport_introspection_cppExport.cmake
[2.915s] -- Up-to-date: /home/jack/ros2_ws/install/turtle_interfaces/share/turtle_interfaces/cmake/turtle_interfaces__rosidl_typesupport_introspection_cppExport-noconfig.cmake
[2.915s] -- Up-to-date: /home/jack/ros2_ws/install/turtle_interfaces/share/turtle_interfaces/cmake/turtle_interfaces__rosidl_typesupport_cppExport.cmake
[2.915s] -- Up-to-date: /home/jack/ros2_ws/install/turtle_interfaces/share/turtle_interfaces/cmake/turtle_interfaces__rosidl_typesupport_cppExport-noconfig.cmake
[2.915s] -- Up-to-date: /home/jack/ros2_ws/install/turtle_interfaces/share/turtle_interfaces/cmake/export_turtle_interfaces__rosidl_generator_pyExport.cmake
[2.915s] -- Up-to-date: /home/jack/ros2_ws/install/turtle_interfaces/share/turtle_interfaces/cmake/export_turtle_interfaces__rosidl_generator_pyExport-noconfig.cmake
[2.916s] -- Up-to-date: /home/jack/ros2_ws/install/turtle_interfaces/share/turtle_interfaces/cmake/rosidl_cmake-extras.cmake
[2.917s] -- Up-to-date: /home/jack/ros2_ws/install/turtle_interfaces/share/turtle_interfaces/cmake/ament_cmake_export_dependencies-extras.cmake
[2.918s] -- Up-to-date: /home/jack/ros2_ws/install/turtle_interfaces/share/turtle_interfaces/cmake/ament_cmake_export_include_directories-extras.cmake
[2.918s] -- Up-to-date: /home/jack/ros2_ws/install/turtle_interfaces/share/turtle_interfaces/cmake/ament_cmake_export_libraries-extras.cmake
[2.918s] -- Up-to-date: /home/jack/ros2_ws/install/turtle_interfaces/share/turtle_interfaces/cmake/ament_cmake_export_targets-extras.cmake
[2.919s] -- Up-to-date: /home/jack/ros2_ws/install/turtle_interfaces/share/turtle_interfaces/cmake/rosidl_cmake_export_typesupport_targets-extras.cmake
[2.919s] -- Up-to-date: /home/jack/ros2_ws/install/turtle_interfaces/share/turtle_interfaces/cmake/rosidl_cmake_export_typesupport_libraries-extras.cmake
[2.919s] -- Up-to-date: /home/jack/ros2_ws/install/turtle_interfaces/share/turtle_interfaces/cmake/turtle_interfacesConfig.cmake
[2.920s] -- Up-to-date: /home/jack/ros2_ws/install/turtle_interfaces/share/turtle_interfaces/cmake/turtle_interfacesConfig-version.cmake
[2.920s] -- Up-to-date: /home/jack/ros2_ws/install/turtle_interfaces/share/turtle_interfaces/package.xml
[2.921s] Invoked command in '/home/jack/ros2_ws/build/turtle_interfaces' returned '0': CMAKE_PREFIX_PATH=${CMAKE_PREFIX_PATH}:/home/jack/ros2_ws/install/turtle_control:/home/jack/ros2_ws/install/turtle_controller:/home/jack/ros2_ws/install/py_srvcli:/home/jack/ros2_ws/install/pubsub:/home/jack/ros2_ws/install/my_py_pkg:/home/jack/ros2_ws/install/my_robot_controller:/home/jack/ros2_ws/install/my_python_pkg:/home/jack/ros2_ws/install/crazy_turtle:/opt/ros/jazzy DEBUGINFOD_URLS=https://debuginfod.ubuntu.com /usr/bin/cmake --install /home/jack/ros2_ws/build/turtle_interfaces
