[1.319s] Invoking command in '/home/jack/ros2_ws/src/crazy_turtle/crazy_turtle': CMAKE_PREFIX_PATH=/home/jack/ros2_ws/install/crazy_turtle_interfaces:/home/jack/ros2_ws/install/turtle_interfaces:/home/jack/ros2_ws/install/my_robot_bringup:/home/jack/ros2_ws/install/my_cpp_pkg:/home/jack/ros2_ws/install/my_robot_interfaces:/opt/ros/jazzy/opt/sdformat_vendor:/opt/ros/jazzy/opt/gz_math_vendor:/opt/ros/jazzy/opt/gz_utils_vendor:/opt/ros/jazzy/opt/gz_tools_vendor:/opt/ros/jazzy/opt/gz_cmake_vendor DEBUGINFOD_URLS=https://debuginfod.ubuntu.com LD_LIBRARY_PATH=/home/jack/ros2_ws/install/crazy_turtle_interfaces/lib:/home/jack/ros2_ws/install/turtle_interfaces/lib:/home/jack/ros2_ws/install/my_robot_interfaces/lib:/opt/ros/jazzy/opt/sdformat_vendor/lib:/opt/ros/jazzy/opt/rviz_ogre_vendor/lib:/opt/ros/jazzy/lib/x86_64-linux-gnu:/opt/ros/jazzy/opt/gz_math_vendor/lib:/opt/ros/jazzy/opt/gz_utils_vendor/lib:/opt/ros/jazzy/opt/gz_tools_vendor/lib:/opt/ros/jazzy/opt/gz_cmake_vendor/lib:/opt/ros/jazzy/lib PYTHONPATH=/home/jack/ros2_ws/build/crazy_turtle/prefix_override:/usr/lib/python3/dist-packages/colcon_core/task/python/colcon_distutils_commands:/home/jack/ros2_ws/install/crazy_turtle/lib/python3.12/site-packages:/home/jack/ros2_ws/install/crazy_turtle_interfaces/lib/python3.12/site-packages:/home/jack/ros2_ws/install/turtle_control/lib/python3.12/site-packages:/home/jack/ros2_ws/install/turtle_interfaces/lib/python3.12/site-packages:/home/jack/ros2_ws/install/turtle_controller/lib/python3.12/site-packages:/home/jack/ros2_ws/install/py_srvcli/lib/python3.12/site-packages:/home/jack/ros2_ws/install/pubsub/lib/python3.12/site-packages:/home/jack/ros2_ws/install/my_py_pkg/lib/python3.12/site-packages:/home/jack/ros2_ws/install/my_robot_interfaces/lib/python3.12/site-packages:/home/jack/ros2_ws/install/my_robot_controller/lib/python3.12/site-packages:/home/jack/ros2_ws/install/my_python_pkg1/lib/python3.12/site-packages:/home/jack/ros2_ws/install/my_python_pkg/lib/python3.12/site-packages:/home/jack/ros2_ws/install/crazy_turtle/lib/python3.12/site-packages:/opt/ros/jazzy/lib/python3.12/site-packages /usr/bin/python3 -W ignore:setup.py install is deprecated -W ignore:easy_install command is deprecated setup.py egg_info --egg-base ../../../build/crazy_turtle build --build-base /home/jack/ros2_ws/build/crazy_turtle/build install --record /home/jack/ros2_ws/build/crazy_turtle/install.log --single-version-externally-managed install_data
[1.578s] running egg_info
[1.597s] writing ../../../build/crazy_turtle/crazy_turtle.egg-info/PKG-INFO
[1.598s] writing dependency_links to ../../../build/crazy_turtle/crazy_turtle.egg-info/dependency_links.txt
[1.598s] writing entry points to ../../../build/crazy_turtle/crazy_turtle.egg-info/entry_points.txt
[1.598s] writing requirements to ../../../build/crazy_turtle/crazy_turtle.egg-info/requires.txt
[1.598s] writing top-level names to ../../../build/crazy_turtle/crazy_turtle.egg-info/top_level.txt
[1.636s] reading manifest file '../../../build/crazy_turtle/crazy_turtle.egg-info/SOURCES.txt'
[1.636s] adding license file 'LICENSE'
[1.637s] writing manifest file '../../../build/crazy_turtle/crazy_turtle.egg-info/SOURCES.txt'
[1.637s] running build
[1.637s] running build_py
[1.637s] running install
[1.642s] running install_lib
[1.661s] running install_data
[1.661s] running install_egg_info
[1.682s] removing '/home/jack/ros2_ws/install/crazy_turtle/lib/python3.12/site-packages/crazy_turtle-0.0.0-py3.12.egg-info' (and everything under it)
[1.682s] Copying ../../../build/crazy_turtle/crazy_turtle.egg-info to /home/jack/ros2_ws/install/crazy_turtle/lib/python3.12/site-packages/crazy_turtle-0.0.0-py3.12.egg-info
[1.683s] running install_scripts
[1.801s] Installing mover script to /home/jack/ros2_ws/install/crazy_turtle/lib/crazy_turtle
[1.801s] writing list of installed files to '/home/jack/ros2_ws/build/crazy_turtle/install.log'
[1.825s] Invoked command in '/home/jack/ros2_ws/src/crazy_turtle/crazy_turtle' returned '0': CMAKE_PREFIX_PATH=/home/jack/ros2_ws/install/crazy_turtle_interfaces:/home/jack/ros2_ws/install/turtle_interfaces:/home/jack/ros2_ws/install/my_robot_bringup:/home/jack/ros2_ws/install/my_cpp_pkg:/home/jack/ros2_ws/install/my_robot_interfaces:/opt/ros/jazzy/opt/sdformat_vendor:/opt/ros/jazzy/opt/gz_math_vendor:/opt/ros/jazzy/opt/gz_utils_vendor:/opt/ros/jazzy/opt/gz_tools_vendor:/opt/ros/jazzy/opt/gz_cmake_vendor DEBUGINFOD_URLS=https://debuginfod.ubuntu.com LD_LIBRARY_PATH=/home/jack/ros2_ws/install/crazy_turtle_interfaces/lib:/home/jack/ros2_ws/install/turtle_interfaces/lib:/home/jack/ros2_ws/install/my_robot_interfaces/lib:/opt/ros/jazzy/opt/sdformat_vendor/lib:/opt/ros/jazzy/opt/rviz_ogre_vendor/lib:/opt/ros/jazzy/lib/x86_64-linux-gnu:/opt/ros/jazzy/opt/gz_math_vendor/lib:/opt/ros/jazzy/opt/gz_utils_vendor/lib:/opt/ros/jazzy/opt/gz_tools_vendor/lib:/opt/ros/jazzy/opt/gz_cmake_vendor/lib:/opt/ros/jazzy/lib PYTHONPATH=/home/jack/ros2_ws/build/crazy_turtle/prefix_override:/usr/lib/python3/dist-packages/colcon_core/task/python/colcon_distutils_commands:/home/jack/ros2_ws/install/crazy_turtle/lib/python3.12/site-packages:/home/jack/ros2_ws/install/crazy_turtle_interfaces/lib/python3.12/site-packages:/home/jack/ros2_ws/install/turtle_control/lib/python3.12/site-packages:/home/jack/ros2_ws/install/turtle_interfaces/lib/python3.12/site-packages:/home/jack/ros2_ws/install/turtle_controller/lib/python3.12/site-packages:/home/jack/ros2_ws/install/py_srvcli/lib/python3.12/site-packages:/home/jack/ros2_ws/install/pubsub/lib/python3.12/site-packages:/home/jack/ros2_ws/install/my_py_pkg/lib/python3.12/site-packages:/home/jack/ros2_ws/install/my_robot_interfaces/lib/python3.12/site-packages:/home/jack/ros2_ws/install/my_robot_controller/lib/python3.12/site-packages:/home/jack/ros2_ws/install/my_python_pkg1/lib/python3.12/site-packages:/home/jack/ros2_ws/install/my_python_pkg/lib/python3.12/site-packages:/home/jack/ros2_ws/install/crazy_turtle/lib/python3.12/site-packages:/opt/ros/jazzy/lib/python3.12/site-packages /usr/bin/python3 -W ignore:setup.py install is deprecated -W ignore:easy_install command is deprecated setup.py egg_info --egg-base ../../../build/crazy_turtle build --build-base /home/jack/ros2_ws/build/crazy_turtle/build install --record /home/jack/ros2_ws/build/crazy_turtle/install.log --single-version-externally-managed install_data
