[0.623s] Invoking command in '/home/jack/ros2_ws/build/my_robot_controller': DEBUGINFOD_URLS=https://debuginfod.ubuntu.com PYTHONPATH=/home/jack/ros2_ws/build/my_robot_controller/prefix_override:/usr/lib/python3/dist-packages/colcon_core/task/python/colcon_distutils_commands:/home/jack/ros2_ws/install/my_robot_controller/lib/python3.12/site-packages:${PYTHONPATH} /usr/bin/python3 -W ignore:setup.py install is deprecated -W ignore:easy_install command is deprecated setup.py develop --editable --build-directory /home/jack/ros2_ws/build/my_robot_controller/build --no-deps symlink_data --force
[0.877s] running develop
[1.048s] running egg_info
[1.064s] writing my_robot_controller.egg-info/PKG-INFO
[1.064s] writing dependency_links to my_robot_controller.egg-info/dependency_links.txt
[1.064s] writing entry points to my_robot_controller.egg-info/entry_points.txt
[1.064s] writing requirements to my_robot_controller.egg-info/requires.txt
[1.065s] writing top-level names to my_robot_controller.egg-info/top_level.txt
[1.098s] reading manifest file 'my_robot_controller.egg-info/SOURCES.txt'
[1.098s] writing manifest file 'my_robot_controller.egg-info/SOURCES.txt'
[1.116s] running build_ext
[1.116s] Creating /home/jack/ros2_ws/install/my_robot_controller/lib/python3.12/site-packages/my-robot-controller.egg-link (link to .)
[1.117s] Installing draw_circle script to /home/jack/ros2_ws/install/my_robot_controller/lib/my_robot_controller
[1.117s] Installing test_node script to /home/jack/ros2_ws/install/my_robot_controller/lib/my_robot_controller
[1.117s] 
[1.117s] Installed /home/jack/ros2_ws/build/my_robot_controller
[1.117s] running symlink_data
[1.117s] symbolically linking /home/jack/ros2_ws/build/my_robot_controller/resource/my_robot_controller -> /home/jack/ros2_ws/install/my_robot_controller/share/ament_index/resource_index/packages
[1.117s] symbolically linking /home/jack/ros2_ws/build/my_robot_controller/package.xml -> /home/jack/ros2_ws/install/my_robot_controller/share/my_robot_controller
[1.141s] Invoked command in '/home/jack/ros2_ws/build/my_robot_controller' returned '0': DEBUGINFOD_URLS=https://debuginfod.ubuntu.com PYTHONPATH=/home/jack/ros2_ws/build/my_robot_controller/prefix_override:/usr/lib/python3/dist-packages/colcon_core/task/python/colcon_distutils_commands:/home/jack/ros2_ws/install/my_robot_controller/lib/python3.12/site-packages:${PYTHONPATH} /usr/bin/python3 -W ignore:setup.py install is deprecated -W ignore:easy_install command is deprecated setup.py develop --editable --build-directory /home/jack/ros2_ws/build/my_robot_controller/build --no-deps symlink_data --force
