[2.201s] Invoking command in '/home/jack/ros2_ws/build/turtle_move': DEBUGINFOD_URLS=https://debuginfod.ubuntu.com PYTHONPATH=/home/jack/ros2_ws/build/turtle_move/prefix_override:/usr/lib/python3/dist-packages/colcon_core/task/python/colcon_distutils_commands:/home/jack/ros2_ws/install/turtle_move/lib/python3.12/site-packages:${PYTHONPATH} /usr/bin/python3 -W ignore:setup.py install is deprecated -W ignore:easy_install command is deprecated setup.py develop --uninstall --editable --build-directory /home/jack/ros2_ws/build/turtle_move/build
[2.837s] running develop
[3.304s] Removing /home/jack/ros2_ws/install/turtle_move/lib/python3.12/site-packages/turtle-move.egg-link (link to .)
[3.368s] Invoked command in '/home/jack/ros2_ws/build/turtle_move' returned '0': DEBUGINFOD_URLS=https://debuginfod.ubuntu.com PYTHONPATH=/home/jack/ros2_ws/build/turtle_move/prefix_override:/usr/lib/python3/dist-packages/colcon_core/task/python/colcon_distutils_commands:/home/jack/ros2_ws/install/turtle_move/lib/python3.12/site-packages:${PYTHONPATH} /usr/bin/python3 -W ignore:setup.py install is deprecated -W ignore:easy_install command is deprecated setup.py develop --uninstall --editable --build-directory /home/jack/ros2_ws/build/turtle_move/build
[3.370s] Invoking command in '/home/jack/ros2_ws/src/turtle_move': DEBUGINFOD_URLS=https://debuginfod.ubuntu.com PYTHONPATH=/home/jack/ros2_ws/build/turtle_move/prefix_override:/usr/lib/python3/dist-packages/colcon_core/task/python/colcon_distutils_commands:/home/jack/ros2_ws/install/turtle_move/lib/python3.12/site-packages:${PYTHONPATH} /usr/bin/python3 -W ignore:setup.py install is deprecated -W ignore:easy_install command is deprecated setup.py egg_info --egg-base ../../build/turtle_move build --build-base /home/jack/ros2_ws/build/turtle_move/build install --record /home/jack/ros2_ws/build/turtle_move/install.log --single-version-externally-managed install_data --force
[3.960s] running egg_info
[4.007s] writing ../../build/turtle_move/turtle_move.egg-info/PKG-INFO
[4.007s] writing dependency_links to ../../build/turtle_move/turtle_move.egg-info/dependency_links.txt
[4.008s] writing entry points to ../../build/turtle_move/turtle_move.egg-info/entry_points.txt
[4.008s] writing requirements to ../../build/turtle_move/turtle_move.egg-info/requires.txt
[4.008s] writing top-level names to ../../build/turtle_move/turtle_move.egg-info/top_level.txt
[4.104s] reading manifest file '../../build/turtle_move/turtle_move.egg-info/SOURCES.txt'
[4.105s] writing manifest file '../../build/turtle_move/turtle_move.egg-info/SOURCES.txt'
[4.106s] running build
[4.106s] running build_py
[4.106s] copying turtle_move/turtle_node.py -> /home/jack/ros2_ws/build/turtle_move/build/lib/turtle_move
[4.106s] running install
[4.119s] running install_lib
[4.168s] creating /home/jack/ros2_ws/install/turtle_move/lib/python3.12/site-packages/turtle_move
[4.168s] copying /home/jack/ros2_ws/build/turtle_move/build/lib/turtle_move/turtle_node.py -> /home/jack/ros2_ws/install/turtle_move/lib/python3.12/site-packages/turtle_move
[4.168s] copying /home/jack/ros2_ws/build/turtle_move/build/lib/turtle_move/__init__.py -> /home/jack/ros2_ws/install/turtle_move/lib/python3.12/site-packages/turtle_move
[4.169s] byte-compiling /home/jack/ros2_ws/install/turtle_move/lib/python3.12/site-packages/turtle_move/turtle_node.py to turtle_node.cpython-312.pyc
[4.171s] byte-compiling /home/jack/ros2_ws/install/turtle_move/lib/python3.12/site-packages/turtle_move/__init__.py to __init__.cpython-312.pyc
[4.171s] running install_data
[4.171s] copying resource/turtle_move -> /home/jack/ros2_ws/install/turtle_move/share/ament_index/resource_index/packages
[4.172s] copying package.xml -> /home/jack/ros2_ws/install/turtle_move/share/turtle_move
[4.172s] copying launch/pubsub.launch.xml -> /home/jack/ros2_ws/install/turtle_move/share/turtle_move/launch
[4.172s] running install_egg_info
[4.225s] Copying ../../build/turtle_move/turtle_move.egg-info to /home/jack/ros2_ws/install/turtle_move/lib/python3.12/site-packages/turtle_move-0.0.0-py3.12.egg-info
[4.227s] running install_scripts
[4.525s] Installing turtle_node script to /home/jack/ros2_ws/install/turtle_move/lib/turtle_move
[4.526s] writing list of installed files to '/home/jack/ros2_ws/build/turtle_move/install.log'
[4.593s] Invoked command in '/home/jack/ros2_ws/src/turtle_move' returned '0': DEBUGINFOD_URLS=https://debuginfod.ubuntu.com PYTHONPATH=/home/jack/ros2_ws/build/turtle_move/prefix_override:/usr/lib/python3/dist-packages/colcon_core/task/python/colcon_distutils_commands:/home/jack/ros2_ws/install/turtle_move/lib/python3.12/site-packages:${PYTHONPATH} /usr/bin/python3 -W ignore:setup.py install is deprecated -W ignore:easy_install command is deprecated setup.py egg_info --egg-base ../../build/turtle_move build --build-base /home/jack/ros2_ws/build/turtle_move/build install --record /home/jack/ros2_ws/build/turtle_move/install.log --single-version-externally-managed install_data --force
