[2.189s] Invoking command in '/home/jack/ros2_ws/src/py_srvcli': DEBUGINFOD_URLS=https://debuginfod.ubuntu.com PYTHONPATH=/home/jack/ros2_ws/build/py_srvcli/prefix_override:/usr/lib/python3/dist-packages/colcon_core/task/python/colcon_distutils_commands:/home/jack/ros2_ws/install/py_srvcli/lib/python3.12/site-packages:${PYTHONPATH} /usr/bin/python3 -W ignore:setup.py install is deprecated -W ignore:easy_install command is deprecated setup.py egg_info --egg-base ../../build/py_srvcli build --build-base /home/jack/ros2_ws/build/py_srvcli/build install --record /home/jack/ros2_ws/build/py_srvcli/install.log --single-version-externally-managed install_data
[2.552s] running egg_info
[2.552s] creating ../../build/py_srvcli/py_srvcli.egg-info
[2.587s] writing ../../build/py_srvcli/py_srvcli.egg-info/PKG-INFO
[2.587s] writing dependency_links to ../../build/py_srvcli/py_srvcli.egg-info/dependency_links.txt
[2.587s] writing entry points to ../../build/py_srvcli/py_srvcli.egg-info/entry_points.txt
[2.587s] writing requirements to ../../build/py_srvcli/py_srvcli.egg-info/requires.txt
[2.588s] writing top-level names to ../../build/py_srvcli/py_srvcli.egg-info/top_level.txt
[2.588s] writing manifest file '../../build/py_srvcli/py_srvcli.egg-info/SOURCES.txt'
[2.654s] reading manifest file '../../build/py_srvcli/py_srvcli.egg-info/SOURCES.txt'
[2.671s] adding license file 'LICENSE'
[2.671s] writing manifest file '../../build/py_srvcli/py_srvcli.egg-info/SOURCES.txt'
[2.671s] running build
[2.672s] running build_py
[2.672s] creating /home/jack/ros2_ws/build/py_srvcli/build
[2.672s] creating /home/jack/ros2_ws/build/py_srvcli/build/lib
[2.672s] creating /home/jack/ros2_ws/build/py_srvcli/build/lib/py_srvcli
[2.672s] copying py_srvcli/service_member_function.py -> /home/jack/ros2_ws/build/py_srvcli/build/lib/py_srvcli
[2.672s] copying py_srvcli/client_member_function.py -> /home/jack/ros2_ws/build/py_srvcli/build/lib/py_srvcli
[2.672s] copying py_srvcli/__init__.py -> /home/jack/ros2_ws/build/py_srvcli/build/lib/py_srvcli
[2.672s] running install
[2.672s] running install_lib
[2.698s] creating /home/jack/ros2_ws/install/py_srvcli/lib/python3.12/site-packages/py_srvcli
[2.698s] copying /home/jack/ros2_ws/build/py_srvcli/build/lib/py_srvcli/service_member_function.py -> /home/jack/ros2_ws/install/py_srvcli/lib/python3.12/site-packages/py_srvcli
[2.698s] copying /home/jack/ros2_ws/build/py_srvcli/build/lib/py_srvcli/client_member_function.py -> /home/jack/ros2_ws/install/py_srvcli/lib/python3.12/site-packages/py_srvcli
[2.699s] copying /home/jack/ros2_ws/build/py_srvcli/build/lib/py_srvcli/__init__.py -> /home/jack/ros2_ws/install/py_srvcli/lib/python3.12/site-packages/py_srvcli
[2.699s] byte-compiling /home/jack/ros2_ws/install/py_srvcli/lib/python3.12/site-packages/py_srvcli/service_member_function.py to service_member_function.cpython-312.pyc
[2.700s] byte-compiling /home/jack/ros2_ws/install/py_srvcli/lib/python3.12/site-packages/py_srvcli/client_member_function.py to client_member_function.cpython-312.pyc
[2.700s] byte-compiling /home/jack/ros2_ws/install/py_srvcli/lib/python3.12/site-packages/py_srvcli/__init__.py to __init__.cpython-312.pyc
[2.700s] running install_data
[2.701s] creating /home/jack/ros2_ws/install/py_srvcli/share/ament_index
[2.701s] creating /home/jack/ros2_ws/install/py_srvcli/share/ament_index/resource_index
[2.701s] creating /home/jack/ros2_ws/install/py_srvcli/share/ament_index/resource_index/packages
[2.701s] copying resource/py_srvcli -> /home/jack/ros2_ws/install/py_srvcli/share/ament_index/resource_index/packages
[2.701s] copying package.xml -> /home/jack/ros2_ws/install/py_srvcli/share/py_srvcli
[2.701s] running install_egg_info
[2.732s] Copying ../../build/py_srvcli/py_srvcli.egg-info to /home/jack/ros2_ws/install/py_srvcli/lib/python3.12/site-packages/py_srvcli-0.0.0-py3.12.egg-info
[2.732s] running install_scripts
[2.937s] Installing client script to /home/jack/ros2_ws/install/py_srvcli/lib/py_srvcli
[2.937s] Installing service script to /home/jack/ros2_ws/install/py_srvcli/lib/py_srvcli
[2.937s] writing list of installed files to '/home/jack/ros2_ws/build/py_srvcli/install.log'
[2.984s] Invoked command in '/home/jack/ros2_ws/src/py_srvcli' returned '0': DEBUGINFOD_URLS=https://debuginfod.ubuntu.com PYTHONPATH=/home/jack/ros2_ws/build/py_srvcli/prefix_override:/usr/lib/python3/dist-packages/colcon_core/task/python/colcon_distutils_commands:/home/jack/ros2_ws/install/py_srvcli/lib/python3.12/site-packages:${PYTHONPATH} /usr/bin/python3 -W ignore:setup.py install is deprecated -W ignore:easy_install command is deprecated setup.py egg_info --egg-base ../../build/py_srvcli build --build-base /home/jack/ros2_ws/build/py_srvcli/build install --record /home/jack/ros2_ws/build/py_srvcli/install.log --single-version-externally-managed install_data
