[1.067s] Invoking command in '/home/jack/ros2_ws/src/homework1/turtle_control': DEBUGINFOD_URLS=https://debuginfod.ubuntu.com PYTHONPATH=/home/jack/ros2_ws/build/turtle_control/prefix_override:/usr/lib/python3/dist-packages/colcon_core/task/python/colcon_distutils_commands:/home/jack/ros2_ws/install/turtle_control/lib/python3.12/site-packages:${PYTHONPATH} /usr/bin/python3 -W ignore:setup.py install is deprecated -W ignore:easy_install command is deprecated setup.py egg_info --egg-base ../../../build/turtle_control build --build-base /home/jack/ros2_ws/build/turtle_control/build install --record /home/jack/ros2_ws/build/turtle_control/install.log --single-version-externally-managed install_data
[1.438s] running egg_info
[1.466s] writing ../../../build/turtle_control/turtle_control.egg-info/PKG-INFO
[1.466s] writing dependency_links to ../../../build/turtle_control/turtle_control.egg-info/dependency_links.txt
[1.466s] writing entry points to ../../../build/turtle_control/turtle_control.egg-info/entry_points.txt
[1.466s] writing requirements to ../../../build/turtle_control/turtle_control.egg-info/requires.txt
[1.466s] writing top-level names to ../../../build/turtle_control/turtle_control.egg-info/top_level.txt
[1.522s] reading manifest file '../../../build/turtle_control/turtle_control.egg-info/SOURCES.txt'
[1.523s] writing manifest file '../../../build/turtle_control/turtle_control.egg-info/SOURCES.txt'
[1.523s] running build
[1.523s] running build_py
[1.524s] running install
[1.530s] running install_lib
[1.559s] running install_data
[1.559s] copying package.xml -> /home/jack/ros2_ws/install/turtle_control/share/turtle_control
[1.559s] running install_egg_info
[1.588s] removing '/home/jack/ros2_ws/install/turtle_control/lib/python3.12/site-packages/turtle_control-0.0.0-py3.12.egg-info' (and everything under it)
[1.588s] Copying ../../../build/turtle_control/turtle_control.egg-info to /home/jack/ros2_ws/install/turtle_control/lib/python3.12/site-packages/turtle_control-0.0.0-py3.12.egg-info
[1.589s] running install_scripts
[1.770s] Installing waypoint script to /home/jack/ros2_ws/install/turtle_control/lib/turtle_control
[1.770s] writing list of installed files to '/home/jack/ros2_ws/build/turtle_control/install.log'
[1.800s] Invoked command in '/home/jack/ros2_ws/src/homework1/turtle_control' returned '0': DEBUGINFOD_URLS=https://debuginfod.ubuntu.com PYTHONPATH=/home/jack/ros2_ws/build/turtle_control/prefix_override:/usr/lib/python3/dist-packages/colcon_core/task/python/colcon_distutils_commands:/home/jack/ros2_ws/install/turtle_control/lib/python3.12/site-packages:${PYTHONPATH} /usr/bin/python3 -W ignore:setup.py install is deprecated -W ignore:easy_install command is deprecated setup.py egg_info --egg-base ../../../build/turtle_control build --build-base /home/jack/ros2_ws/build/turtle_control/build install --record /home/jack/ros2_ws/build/turtle_control/install.log --single-version-externally-managed install_data
