[0.252s] DEBUG:colcon:Command line arguments: ['/usr/bin/colcon', 'build', '--packages-select', 'learning_tf2_py']
[0.252s] DEBUG:colcon:Parsed command line arguments: Namespace(log_base=None, log_level=None, verb_name='build', build_base='build', install_base='install', merge_install=False, symlink_install=False, test_result_base=None, continue_on_error=False, executor='parallel', parallel_workers=8, event_handlers=None, ignore_user_meta=False, metas=['./colcon.meta'], base_paths=['.'], packages_ignore=None, packages_ignore_regex=None, paths=None, packages_up_to=None, packages_up_to_regex=None, packages_above=None, packages_above_and_dependencies=None, packages_above_depth=None, packages_select_by_dep=None, packages_skip_by_dep=None, packages_skip_up_to=None, packages_select_build_failed=False, packages_skip_build_finished=False, packages_select_test_failures=False, packages_skip_test_passed=False, packages_select=['learning_tf2_py'], packages_skip=None, packages_select_regex=None, packages_skip_regex=None, packages_start=None, packages_end=None, allow_overriding=[], cmake_args=None, cmake_target=None, cmake_target_skip_unavailable=False, cmake_clean_cache=False, cmake_clean_first=False, cmake_force_configure=False, ament_cmake_args=None, catkin_cmake_args=None, catkin_skip_building_tests=False, mixin_files=None, mixin=None, verb_parser=<colcon_mixin.mixin.mixin_argument.MixinArgumentDecorator object at 0x7288a7f1fc50>, verb_extension=<colcon_core.verb.build.BuildVerb object at 0x7288a7f1f890>, main=<bound method BuildVerb.main of <colcon_core.verb.build.BuildVerb object at 0x7288a7f1f890>>, mixin_verb=('build',))
[0.315s] Level 1:colcon.colcon_core.package_discovery:discover_packages(colcon_meta) check parameters
[0.315s] Level 1:colcon.colcon_core.package_discovery:discover_packages(recursive) check parameters
[0.315s] Level 1:colcon.colcon_core.package_discovery:discover_packages(ignore) check parameters
[0.315s] Level 1:colcon.colcon_core.package_discovery:discover_packages(path) check parameters
[0.315s] Level 1:colcon.colcon_core.package_discovery:discover_packages(colcon_meta) discover
[0.315s] Level 1:colcon.colcon_core.package_discovery:discover_packages(recursive) discover
[0.315s] INFO:colcon.colcon_core.package_discovery:Crawling recursively for packages in '/home/jack/ros2_ws'
[0.315s] Level 1:colcon.colcon_core.package_identification:_identify(.) by extensions ['ignore', 'ignore_ament_install']
[0.315s] Level 1:colcon.colcon_core.package_identification:_identify(.) by extension 'ignore'
[0.315s] Level 1:colcon.colcon_core.package_identification:_identify(.) by extension 'ignore_ament_install'
[0.316s] Level 1:colcon.colcon_core.package_identification:_identify(.) by extensions ['colcon_pkg']
[0.316s] Level 1:colcon.colcon_core.package_identification:_identify(.) by extension 'colcon_pkg'
[0.316s] Level 1:colcon.colcon_core.package_identification:_identify(.) by extensions ['colcon_meta']
[0.316s] Level 1:colcon.colcon_core.package_identification:_identify(.) by extension 'colcon_meta'
[0.316s] Level 1:colcon.colcon_core.package_identification:_identify(.) by extensions ['ros']
[0.316s] Level 1:colcon.colcon_core.package_identification:_identify(.) by extension 'ros'
[0.360s] Level 1:colcon.colcon_core.package_identification:_identify(.) by extensions ['cmake', 'python']
[0.360s] Level 1:colcon.colcon_core.package_identification:_identify(.) by extension 'cmake'
[0.360s] Level 1:colcon.colcon_core.package_identification:_identify(.) by extension 'python'
[0.360s] Level 1:colcon.colcon_core.package_identification:_identify(.) by extensions ['python_setup_py']
[0.360s] Level 1:colcon.colcon_core.package_identification:_identify(.) by extension 'python_setup_py'
[0.360s] Level 1:colcon.colcon_core.package_identification:_identify(build) by extensions ['ignore', 'ignore_ament_install']
[0.361s] Level 1:colcon.colcon_core.package_identification:_identify(build) by extension 'ignore'
[0.361s] Level 1:colcon.colcon_core.package_identification:_identify(build) ignored
[0.361s] Level 1:colcon.colcon_core.package_identification:_identify(install) by extensions ['ignore', 'ignore_ament_install']
[0.361s] Level 1:colcon.colcon_core.package_identification:_identify(install) by extension 'ignore'
[0.361s] Level 1:colcon.colcon_core.package_identification:_identify(install) ignored
[0.361s] Level 1:colcon.colcon_core.package_identification:_identify(log) by extensions ['ignore', 'ignore_ament_install']
[0.362s] Level 1:colcon.colcon_core.package_identification:_identify(log) by extension 'ignore'
[0.362s] Level 1:colcon.colcon_core.package_identification:_identify(log) ignored
[0.362s] Level 1:colcon.colcon_core.package_identification:_identify(src) by extensions ['ignore', 'ignore_ament_install']
[0.362s] Level 1:colcon.colcon_core.package_identification:_identify(src) by extension 'ignore'
[0.362s] Level 1:colcon.colcon_core.package_identification:_identify(src) by extension 'ignore_ament_install'
[0.362s] Level 1:colcon.colcon_core.package_identification:_identify(src) by extensions ['colcon_pkg']
[0.362s] Level 1:colcon.colcon_core.package_identification:_identify(src) by extension 'colcon_pkg'
[0.362s] Level 1:colcon.colcon_core.package_identification:_identify(src) by extensions ['colcon_meta']
[0.362s] Level 1:colcon.colcon_core.package_identification:_identify(src) by extension 'colcon_meta'
[0.362s] Level 1:colcon.colcon_core.package_identification:_identify(src) by extensions ['ros']
[0.362s] Level 1:colcon.colcon_core.package_identification:_identify(src) by extension 'ros'
[0.362s] Level 1:colcon.colcon_core.package_identification:_identify(src) by extensions ['cmake', 'python']
[0.362s] Level 1:colcon.colcon_core.package_identification:_identify(src) by extension 'cmake'
[0.363s] Level 1:colcon.colcon_core.package_identification:_identify(src) by extension 'python'
[0.363s] Level 1:colcon.colcon_core.package_identification:_identify(src) by extensions ['python_setup_py']
[0.363s] Level 1:colcon.colcon_core.package_identification:_identify(src) by extension 'python_setup_py'
[0.363s] Level 1:colcon.colcon_core.package_identification:_identify(src/crazy_turtle) by extensions ['ignore', 'ignore_ament_install']
[0.363s] Level 1:colcon.colcon_core.package_identification:_identify(src/crazy_turtle) by extension 'ignore'
[0.363s] Level 1:colcon.colcon_core.package_identification:_identify(src/crazy_turtle) by extension 'ignore_ament_install'
[0.363s] Level 1:colcon.colcon_core.package_identification:_identify(src/crazy_turtle) by extensions ['colcon_pkg']
[0.363s] Level 1:colcon.colcon_core.package_identification:_identify(src/crazy_turtle) by extension 'colcon_pkg'
[0.363s] Level 1:colcon.colcon_core.package_identification:_identify(src/crazy_turtle) by extensions ['colcon_meta']
[0.363s] Level 1:colcon.colcon_core.package_identification:_identify(src/crazy_turtle) by extension 'colcon_meta'
[0.363s] Level 1:colcon.colcon_core.package_identification:_identify(src/crazy_turtle) by extensions ['ros']
[0.363s] Level 1:colcon.colcon_core.package_identification:_identify(src/crazy_turtle) by extension 'ros'
[0.364s] Level 1:colcon.colcon_core.package_identification:_identify(src/crazy_turtle) by extensions ['cmake', 'python']
[0.364s] Level 1:colcon.colcon_core.package_identification:_identify(src/crazy_turtle) by extension 'cmake'
[0.364s] Level 1:colcon.colcon_core.package_identification:_identify(src/crazy_turtle) by extension 'python'
[0.364s] Level 1:colcon.colcon_core.package_identification:_identify(src/crazy_turtle) by extensions ['python_setup_py']
[0.364s] Level 1:colcon.colcon_core.package_identification:_identify(src/crazy_turtle) by extension 'python_setup_py'
[0.364s] Level 1:colcon.colcon_core.package_identification:_identify(src/crazy_turtle/crazy_turtle) by extensions ['ignore', 'ignore_ament_install']
[0.364s] Level 1:colcon.colcon_core.package_identification:_identify(src/crazy_turtle/crazy_turtle) by extension 'ignore'
[0.364s] Level 1:colcon.colcon_core.package_identification:_identify(src/crazy_turtle/crazy_turtle) by extension 'ignore_ament_install'
[0.364s] Level 1:colcon.colcon_core.package_identification:_identify(src/crazy_turtle/crazy_turtle) by extensions ['colcon_pkg']
[0.364s] Level 1:colcon.colcon_core.package_identification:_identify(src/crazy_turtle/crazy_turtle) by extension 'colcon_pkg'
[0.364s] Level 1:colcon.colcon_core.package_identification:_identify(src/crazy_turtle/crazy_turtle) by extensions ['colcon_meta']
[0.364s] Level 1:colcon.colcon_core.package_identification:_identify(src/crazy_turtle/crazy_turtle) by extension 'colcon_meta'
[0.364s] Level 1:colcon.colcon_core.package_identification:_identify(src/crazy_turtle/crazy_turtle) by extensions ['ros']
[0.365s] Level 1:colcon.colcon_core.package_identification:_identify(src/crazy_turtle/crazy_turtle) by extension 'ros'
[0.369s] DEBUG:colcon.colcon_core.package_identification:Package 'src/crazy_turtle/crazy_turtle' with type 'ros.ament_python' and name 'crazy_turtle'
[0.370s] Level 1:colcon.colcon_core.package_identification:_identify(src/crazy_turtle/crazy_turtle_interfaces) by extensions ['ignore', 'ignore_ament_install']
[0.370s] Level 1:colcon.colcon_core.package_identification:_identify(src/crazy_turtle/crazy_turtle_interfaces) by extension 'ignore'
[0.370s] Level 1:colcon.colcon_core.package_identification:_identify(src/crazy_turtle/crazy_turtle_interfaces) by extension 'ignore_ament_install'
[0.370s] Level 1:colcon.colcon_core.package_identification:_identify(src/crazy_turtle/crazy_turtle_interfaces) by extensions ['colcon_pkg']
[0.370s] Level 1:colcon.colcon_core.package_identification:_identify(src/crazy_turtle/crazy_turtle_interfaces) by extension 'colcon_pkg'
[0.370s] Level 1:colcon.colcon_core.package_identification:_identify(src/crazy_turtle/crazy_turtle_interfaces) by extensions ['colcon_meta']
[0.370s] Level 1:colcon.colcon_core.package_identification:_identify(src/crazy_turtle/crazy_turtle_interfaces) by extension 'colcon_meta'
[0.370s] Level 1:colcon.colcon_core.package_identification:_identify(src/crazy_turtle/crazy_turtle_interfaces) by extensions ['ros']
[0.370s] Level 1:colcon.colcon_core.package_identification:_identify(src/crazy_turtle/crazy_turtle_interfaces) by extension 'ros'
[0.371s] DEBUG:colcon.colcon_core.package_identification:Package 'src/crazy_turtle/crazy_turtle_interfaces' with type 'ros.ament_cmake' and name 'crazy_turtle_interfaces'
[0.371s] Level 1:colcon.colcon_core.package_identification:_identify(src/homework1) by extensions ['ignore', 'ignore_ament_install']
[0.372s] Level 1:colcon.colcon_core.package_identification:_identify(src/homework1) by extension 'ignore'
[0.372s] Level 1:colcon.colcon_core.package_identification:_identify(src/homework1) by extension 'ignore_ament_install'
[0.372s] Level 1:colcon.colcon_core.package_identification:_identify(src/homework1) by extensions ['colcon_pkg']
[0.372s] Level 1:colcon.colcon_core.package_identification:_identify(src/homework1) by extension 'colcon_pkg'
[0.372s] Level 1:colcon.colcon_core.package_identification:_identify(src/homework1) by extensions ['colcon_meta']
[0.372s] Level 1:colcon.colcon_core.package_identification:_identify(src/homework1) by extension 'colcon_meta'
[0.372s] Level 1:colcon.colcon_core.package_identification:_identify(src/homework1) by extensions ['ros']
[0.372s] Level 1:colcon.colcon_core.package_identification:_identify(src/homework1) by extension 'ros'
[0.372s] Level 1:colcon.colcon_core.package_identification:_identify(src/homework1) by extensions ['cmake', 'python']
[0.372s] Level 1:colcon.colcon_core.package_identification:_identify(src/homework1) by extension 'cmake'
[0.372s] Level 1:colcon.colcon_core.package_identification:_identify(src/homework1) by extension 'python'
[0.372s] Level 1:colcon.colcon_core.package_identification:_identify(src/homework1) by extensions ['python_setup_py']
[0.372s] Level 1:colcon.colcon_core.package_identification:_identify(src/homework1) by extension 'python_setup_py'
[0.373s] Level 1:colcon.colcon_core.package_identification:_identify(src/homework1/turtle_control) by extensions ['ignore', 'ignore_ament_install']
[0.373s] Level 1:colcon.colcon_core.package_identification:_identify(src/homework1/turtle_control) by extension 'ignore'
[0.373s] Level 1:colcon.colcon_core.package_identification:_identify(src/homework1/turtle_control) by extension 'ignore_ament_install'
[0.373s] Level 1:colcon.colcon_core.package_identification:_identify(src/homework1/turtle_control) by extensions ['colcon_pkg']
[0.373s] Level 1:colcon.colcon_core.package_identification:_identify(src/homework1/turtle_control) by extension 'colcon_pkg'
[0.373s] Level 1:colcon.colcon_core.package_identification:_identify(src/homework1/turtle_control) by extensions ['colcon_meta']
[0.373s] Level 1:colcon.colcon_core.package_identification:_identify(src/homework1/turtle_control) by extension 'colcon_meta'
[0.373s] Level 1:colcon.colcon_core.package_identification:_identify(src/homework1/turtle_control) by extensions ['ros']
[0.373s] Level 1:colcon.colcon_core.package_identification:_identify(src/homework1/turtle_control) by extension 'ros'
[0.374s] DEBUG:colcon.colcon_core.package_identification:Package 'src/homework1/turtle_control' with type 'ros.ament_python' and name 'turtle_control'
[0.374s] Level 1:colcon.colcon_core.package_identification:_identify(src/homework1/turtle_interfaces) by extensions ['ignore', 'ignore_ament_install']
[0.375s] Level 1:colcon.colcon_core.package_identification:_identify(src/homework1/turtle_interfaces) by extension 'ignore'
[0.375s] Level 1:colcon.colcon_core.package_identification:_identify(src/homework1/turtle_interfaces) by extension 'ignore_ament_install'
[0.375s] Level 1:colcon.colcon_core.package_identification:_identify(src/homework1/turtle_interfaces) by extensions ['colcon_pkg']
[0.375s] Level 1:colcon.colcon_core.package_identification:_identify(src/homework1/turtle_interfaces) by extension 'colcon_pkg'
[0.375s] Level 1:colcon.colcon_core.package_identification:_identify(src/homework1/turtle_interfaces) by extensions ['colcon_meta']
[0.375s] Level 1:colcon.colcon_core.package_identification:_identify(src/homework1/turtle_interfaces) by extension 'colcon_meta'
[0.375s] Level 1:colcon.colcon_core.package_identification:_identify(src/homework1/turtle_interfaces) by extensions ['ros']
[0.375s] Level 1:colcon.colcon_core.package_identification:_identify(src/homework1/turtle_interfaces) by extension 'ros'
[0.376s] DEBUG:colcon.colcon_core.package_identification:Package 'src/homework1/turtle_interfaces' with type 'ros.ament_cmake' and name 'turtle_interfaces'
[0.376s] Level 1:colcon.colcon_core.package_identification:_identify(src/learning_tf2_py) by extensions ['ignore', 'ignore_ament_install']
[0.377s] Level 1:colcon.colcon_core.package_identification:_identify(src/learning_tf2_py) by extension 'ignore'
[0.377s] Level 1:colcon.colcon_core.package_identification:_identify(src/learning_tf2_py) by extension 'ignore_ament_install'
[0.377s] Level 1:colcon.colcon_core.package_identification:_identify(src/learning_tf2_py) by extensions ['colcon_pkg']
[0.377s] Level 1:colcon.colcon_core.package_identification:_identify(src/learning_tf2_py) by extension 'colcon_pkg'
[0.377s] Level 1:colcon.colcon_core.package_identification:_identify(src/learning_tf2_py) by extensions ['colcon_meta']
[0.377s] Level 1:colcon.colcon_core.package_identification:_identify(src/learning_tf2_py) by extension 'colcon_meta'
[0.377s] Level 1:colcon.colcon_core.package_identification:_identify(src/learning_tf2_py) by extensions ['ros']
[0.377s] Level 1:colcon.colcon_core.package_identification:_identify(src/learning_tf2_py) by extension 'ros'
[0.378s] DEBUG:colcon.colcon_core.package_identification:Package 'src/learning_tf2_py' with type 'ros.ament_python' and name 'learning_tf2_py'
[0.378s] Level 1:colcon.colcon_core.package_identification:_identify(src/my_cpp_pkg) by extensions ['ignore', 'ignore_ament_install']
[0.378s] Level 1:colcon.colcon_core.package_identification:_identify(src/my_cpp_pkg) by extension 'ignore'
[0.378s] Level 1:colcon.colcon_core.package_identification:_identify(src/my_cpp_pkg) by extension 'ignore_ament_install'
[0.378s] Level 1:colcon.colcon_core.package_identification:_identify(src/my_cpp_pkg) by extensions ['colcon_pkg']
[0.378s] Level 1:colcon.colcon_core.package_identification:_identify(src/my_cpp_pkg) by extension 'colcon_pkg'
[0.379s] Level 1:colcon.colcon_core.package_identification:_identify(src/my_cpp_pkg) by extensions ['colcon_meta']
[0.379s] Level 1:colcon.colcon_core.package_identification:_identify(src/my_cpp_pkg) by extension 'colcon_meta'
[0.379s] Level 1:colcon.colcon_core.package_identification:_identify(src/my_cpp_pkg) by extensions ['ros']
[0.379s] Level 1:colcon.colcon_core.package_identification:_identify(src/my_cpp_pkg) by extension 'ros'
[0.380s] DEBUG:colcon.colcon_core.package_identification:Package 'src/my_cpp_pkg' with type 'ros.ament_cmake' and name 'my_cpp_pkg'
[0.380s] Level 1:colcon.colcon_core.package_identification:_identify(src/my_py_pkg) by extensions ['ignore', 'ignore_ament_install']
[0.380s] Level 1:colcon.colcon_core.package_identification:_identify(src/my_py_pkg) by extension 'ignore'
[0.380s] Level 1:colcon.colcon_core.package_identification:_identify(src/my_py_pkg) by extension 'ignore_ament_install'
[0.380s] Level 1:colcon.colcon_core.package_identification:_identify(src/my_py_pkg) by extensions ['colcon_pkg']
[0.380s] Level 1:colcon.colcon_core.package_identification:_identify(src/my_py_pkg) by extension 'colcon_pkg'
[0.380s] Level 1:colcon.colcon_core.package_identification:_identify(src/my_py_pkg) by extensions ['colcon_meta']
[0.380s] Level 1:colcon.colcon_core.package_identification:_identify(src/my_py_pkg) by extension 'colcon_meta'
[0.380s] Level 1:colcon.colcon_core.package_identification:_identify(src/my_py_pkg) by extensions ['ros']
[0.380s] Level 1:colcon.colcon_core.package_identification:_identify(src/my_py_pkg) by extension 'ros'
[0.381s] DEBUG:colcon.colcon_core.package_identification:Package 'src/my_py_pkg' with type 'ros.ament_python' and name 'my_py_pkg'
[0.381s] Level 1:colcon.colcon_core.package_identification:_identify(src/my_python_pkg) by extensions ['ignore', 'ignore_ament_install']
[0.382s] Level 1:colcon.colcon_core.package_identification:_identify(src/my_python_pkg) by extension 'ignore'
[0.382s] Level 1:colcon.colcon_core.package_identification:_identify(src/my_python_pkg) by extension 'ignore_ament_install'
[0.382s] Level 1:colcon.colcon_core.package_identification:_identify(src/my_python_pkg) by extensions ['colcon_pkg']
[0.382s] Level 1:colcon.colcon_core.package_identification:_identify(src/my_python_pkg) by extension 'colcon_pkg'
[0.382s] Level 1:colcon.colcon_core.package_identification:_identify(src/my_python_pkg) by extensions ['colcon_meta']
[0.382s] Level 1:colcon.colcon_core.package_identification:_identify(src/my_python_pkg) by extension 'colcon_meta'
[0.382s] Level 1:colcon.colcon_core.package_identification:_identify(src/my_python_pkg) by extensions ['ros']
[0.382s] Level 1:colcon.colcon_core.package_identification:_identify(src/my_python_pkg) by extension 'ros'
[0.383s] DEBUG:colcon.colcon_core.package_identification:Package 'src/my_python_pkg' with type 'ros.ament_python' and name 'my_python_pkg'
[0.383s] Level 1:colcon.colcon_core.package_identification:_identify(src/my_python_pkg1) by extensions ['ignore', 'ignore_ament_install']
[0.383s] Level 1:colcon.colcon_core.package_identification:_identify(src/my_python_pkg1) by extension 'ignore'
[0.383s] Level 1:colcon.colcon_core.package_identification:_identify(src/my_python_pkg1) by extension 'ignore_ament_install'
[0.383s] Level 1:colcon.colcon_core.package_identification:_identify(src/my_python_pkg1) by extensions ['colcon_pkg']
[0.383s] Level 1:colcon.colcon_core.package_identification:_identify(src/my_python_pkg1) by extension 'colcon_pkg'
[0.383s] Level 1:colcon.colcon_core.package_identification:_identify(src/my_python_pkg1) by extensions ['colcon_meta']
[0.383s] Level 1:colcon.colcon_core.package_identification:_identify(src/my_python_pkg1) by extension 'colcon_meta'
[0.383s] Level 1:colcon.colcon_core.package_identification:_identify(src/my_python_pkg1) by extensions ['ros']
[0.383s] Level 1:colcon.colcon_core.package_identification:_identify(src/my_python_pkg1) by extension 'ros'
[0.384s] DEBUG:colcon.colcon_core.package_identification:Failed to parse potential ROS package manifest in'src/my_python_pkg1': Error(s) in package 'src/my_python_pkg1/package.xml':
The manifest contains invalid XML:
not well-formed (invalid token): line 7, column 21
[0.384s] Level 1:colcon.colcon_core.package_identification:_identify(src/my_python_pkg1) by extensions ['cmake', 'python']
[0.384s] Level 1:colcon.colcon_core.package_identification:_identify(src/my_python_pkg1) by extension 'cmake'
[0.384s] Level 1:colcon.colcon_core.package_identification:_identify(src/my_python_pkg1) by extension 'python'
[0.384s] DEBUG:colcon.colcon_core.package_identification:Python package in 'src/my_python_pkg1' passes arguments to the setup() function which requires a different identification extension than 'python'
[0.384s] Level 1:colcon.colcon_core.package_identification:_identify(src/my_python_pkg1) by extensions ['python_setup_py']
[0.384s] Level 1:colcon.colcon_core.package_identification:_identify(src/my_python_pkg1) by extension 'python_setup_py'
[0.837s] DEBUG:colcon.colcon_core.package_identification:Package 'src/my_python_pkg1' with type 'python' and name 'my_python_pkg1'
[0.837s] Level 1:colcon.colcon_core.package_identification:_identify(src/my_robot_bringup) by extensions ['ignore', 'ignore_ament_install']
[0.838s] Level 1:colcon.colcon_core.package_identification:_identify(src/my_robot_bringup) by extension 'ignore'
[0.838s] Level 1:colcon.colcon_core.package_identification:_identify(src/my_robot_bringup) by extension 'ignore_ament_install'
[0.838s] Level 1:colcon.colcon_core.package_identification:_identify(src/my_robot_bringup) by extensions ['colcon_pkg']
[0.838s] Level 1:colcon.colcon_core.package_identification:_identify(src/my_robot_bringup) by extension 'colcon_pkg'
[0.838s] Level 1:colcon.colcon_core.package_identification:_identify(src/my_robot_bringup) by extensions ['colcon_meta']
[0.838s] Level 1:colcon.colcon_core.package_identification:_identify(src/my_robot_bringup) by extension 'colcon_meta'
[0.838s] Level 1:colcon.colcon_core.package_identification:_identify(src/my_robot_bringup) by extensions ['ros']
[0.838s] Level 1:colcon.colcon_core.package_identification:_identify(src/my_robot_bringup) by extension 'ros'
[0.839s] DEBUG:colcon.colcon_core.package_identification:Package 'src/my_robot_bringup' with type 'ros.ament_cmake' and name 'my_robot_bringup'
[0.839s] Level 1:colcon.colcon_core.package_identification:_identify(src/my_robot_controller) by extensions ['ignore', 'ignore_ament_install']
[0.840s] Level 1:colcon.colcon_core.package_identification:_identify(src/my_robot_controller) by extension 'ignore'
[0.840s] Level 1:colcon.colcon_core.package_identification:_identify(src/my_robot_controller) by extension 'ignore_ament_install'
[0.840s] Level 1:colcon.colcon_core.package_identification:_identify(src/my_robot_controller) by extensions ['colcon_pkg']
[0.840s] Level 1:colcon.colcon_core.package_identification:_identify(src/my_robot_controller) by extension 'colcon_pkg'
[0.840s] Level 1:colcon.colcon_core.package_identification:_identify(src/my_robot_controller) by extensions ['colcon_meta']
[0.840s] Level 1:colcon.colcon_core.package_identification:_identify(src/my_robot_controller) by extension 'colcon_meta'
[0.840s] Level 1:colcon.colcon_core.package_identification:_identify(src/my_robot_controller) by extensions ['ros']
[0.840s] Level 1:colcon.colcon_core.package_identification:_identify(src/my_robot_controller) by extension 'ros'
[0.841s] DEBUG:colcon.colcon_core.package_identification:Package 'src/my_robot_controller' with type 'ros.ament_python' and name 'my_robot_controller'
[0.841s] Level 1:colcon.colcon_core.package_identification:_identify(src/my_robot_interfaces) by extensions ['ignore', 'ignore_ament_install']
[0.841s] Level 1:colcon.colcon_core.package_identification:_identify(src/my_robot_interfaces) by extension 'ignore'
[0.841s] Level 1:colcon.colcon_core.package_identification:_identify(src/my_robot_interfaces) by extension 'ignore_ament_install'
[0.842s] Level 1:colcon.colcon_core.package_identification:_identify(src/my_robot_interfaces) by extensions ['colcon_pkg']
[0.842s] Level 1:colcon.colcon_core.package_identification:_identify(src/my_robot_interfaces) by extension 'colcon_pkg'
[0.842s] Level 1:colcon.colcon_core.package_identification:_identify(src/my_robot_interfaces) by extensions ['colcon_meta']
[0.842s] Level 1:colcon.colcon_core.package_identification:_identify(src/my_robot_interfaces) by extension 'colcon_meta'
[0.842s] Level 1:colcon.colcon_core.package_identification:_identify(src/my_robot_interfaces) by extensions ['ros']
[0.842s] Level 1:colcon.colcon_core.package_identification:_identify(src/my_robot_interfaces) by extension 'ros'
[0.843s] DEBUG:colcon.colcon_core.package_identification:Package 'src/my_robot_interfaces' with type 'ros.ament_cmake' and name 'my_robot_interfaces'
[0.843s] Level 1:colcon.colcon_core.package_identification:_identify(src/pubsub) by extensions ['ignore', 'ignore_ament_install']
[0.843s] Level 1:colcon.colcon_core.package_identification:_identify(src/pubsub) by extension 'ignore'
[0.843s] Level 1:colcon.colcon_core.package_identification:_identify(src/pubsub) by extension 'ignore_ament_install'
[0.843s] Level 1:colcon.colcon_core.package_identification:_identify(src/pubsub) by extensions ['colcon_pkg']
[0.843s] Level 1:colcon.colcon_core.package_identification:_identify(src/pubsub) by extension 'colcon_pkg'
[0.843s] Level 1:colcon.colcon_core.package_identification:_identify(src/pubsub) by extensions ['colcon_meta']
[0.843s] Level 1:colcon.colcon_core.package_identification:_identify(src/pubsub) by extension 'colcon_meta'
[0.843s] Level 1:colcon.colcon_core.package_identification:_identify(src/pubsub) by extensions ['ros']
[0.843s] Level 1:colcon.colcon_core.package_identification:_identify(src/pubsub) by extension 'ros'
[0.844s] DEBUG:colcon.colcon_core.package_identification:Package 'src/pubsub' with type 'ros.ament_python' and name 'pubsub'
[0.844s] Level 1:colcon.colcon_core.package_identification:_identify(src/py_srvcli) by extensions ['ignore', 'ignore_ament_install']
[0.845s] Level 1:colcon.colcon_core.package_identification:_identify(src/py_srvcli) by extension 'ignore'
[0.845s] Level 1:colcon.colcon_core.package_identification:_identify(src/py_srvcli) by extension 'ignore_ament_install'
[0.845s] Level 1:colcon.colcon_core.package_identification:_identify(src/py_srvcli) by extensions ['colcon_pkg']
[0.845s] Level 1:colcon.colcon_core.package_identification:_identify(src/py_srvcli) by extension 'colcon_pkg'
[0.845s] Level 1:colcon.colcon_core.package_identification:_identify(src/py_srvcli) by extensions ['colcon_meta']
[0.845s] Level 1:colcon.colcon_core.package_identification:_identify(src/py_srvcli) by extension 'colcon_meta'
[0.845s] Level 1:colcon.colcon_core.package_identification:_identify(src/py_srvcli) by extensions ['ros']
[0.845s] Level 1:colcon.colcon_core.package_identification:_identify(src/py_srvcli) by extension 'ros'
[0.846s] DEBUG:colcon.colcon_core.package_identification:Package 'src/py_srvcli' with type 'ros.ament_python' and name 'py_srvcli'
[0.846s] Level 1:colcon.colcon_core.package_identification:_identify(src/turtle_controller) by extensions ['ignore', 'ignore_ament_install']
[0.846s] Level 1:colcon.colcon_core.package_identification:_identify(src/turtle_controller) by extension 'ignore'
[0.846s] Level 1:colcon.colcon_core.package_identification:_identify(src/turtle_controller) by extension 'ignore_ament_install'
[0.846s] Level 1:colcon.colcon_core.package_identification:_identify(src/turtle_controller) by extensions ['colcon_pkg']
[0.846s] Level 1:colcon.colcon_core.package_identification:_identify(src/turtle_controller) by extension 'colcon_pkg'
[0.846s] Level 1:colcon.colcon_core.package_identification:_identify(src/turtle_controller) by extensions ['colcon_meta']
[0.846s] Level 1:colcon.colcon_core.package_identification:_identify(src/turtle_controller) by extension 'colcon_meta'
[0.847s] Level 1:colcon.colcon_core.package_identification:_identify(src/turtle_controller) by extensions ['ros']
[0.847s] Level 1:colcon.colcon_core.package_identification:_identify(src/turtle_controller) by extension 'ros'
[0.848s] DEBUG:colcon.colcon_core.package_identification:Package 'src/turtle_controller' with type 'ros.ament_python' and name 'turtle_controller'
[0.848s] Level 1:colcon.colcon_core.package_discovery:discover_packages(recursive) using defaults
[0.848s] Level 1:colcon.colcon_core.package_discovery:discover_packages(ignore) discover
[0.848s] Level 1:colcon.colcon_core.package_discovery:discover_packages(ignore) using defaults
[0.848s] Level 1:colcon.colcon_core.package_discovery:discover_packages(path) discover
[0.848s] Level 1:colcon.colcon_core.package_discovery:discover_packages(path) using defaults
[0.884s] INFO:colcon.colcon_core.package_selection:Skipping not selected package 'crazy_turtle_interfaces' in 'src/crazy_turtle/crazy_turtle_interfaces'
[0.884s] INFO:colcon.colcon_core.package_selection:Skipping not selected package 'my_python_pkg' in 'src/my_python_pkg'
[0.885s] INFO:colcon.colcon_core.package_selection:Skipping not selected package 'my_python_pkg1' in 'src/my_python_pkg1'
[0.885s] INFO:colcon.colcon_core.package_selection:Skipping not selected package 'my_robot_controller' in 'src/my_robot_controller'
[0.885s] INFO:colcon.colcon_core.package_selection:Skipping not selected package 'my_robot_interfaces' in 'src/my_robot_interfaces'
[0.885s] INFO:colcon.colcon_core.package_selection:Skipping not selected package 'pubsub' in 'src/pubsub'
[0.885s] INFO:colcon.colcon_core.package_selection:Skipping not selected package 'py_srvcli' in 'src/py_srvcli'
[0.885s] INFO:colcon.colcon_core.package_selection:Skipping not selected package 'turtle_interfaces' in 'src/homework1/turtle_interfaces'
[0.885s] INFO:colcon.colcon_core.package_selection:Skipping not selected package 'crazy_turtle' in 'src/crazy_turtle/crazy_turtle'
[0.885s] INFO:colcon.colcon_core.package_selection:Skipping not selected package 'my_cpp_pkg' in 'src/my_cpp_pkg'
[0.885s] INFO:colcon.colcon_core.package_selection:Skipping not selected package 'my_py_pkg' in 'src/my_py_pkg'
[0.885s] INFO:colcon.colcon_core.package_selection:Skipping not selected package 'turtle_control' in 'src/homework1/turtle_control'
[0.885s] INFO:colcon.colcon_core.package_selection:Skipping not selected package 'turtle_controller' in 'src/turtle_controller'
[0.885s] INFO:colcon.colcon_core.package_selection:Skipping not selected package 'my_robot_bringup' in 'src/my_robot_bringup'
[0.886s] Level 1:colcon.colcon_core.package_discovery:discover_packages(prefix_path) check parameters
[0.886s] Level 1:colcon.colcon_core.package_discovery:discover_packages(prefix_path) discover
[0.889s] DEBUG:colcon.colcon_installed_package_information.package_discovery:Found 15 installed packages in /home/jack/ros2_ws/install
[0.893s] DEBUG:colcon.colcon_installed_package_information.package_discovery:Found 394 installed packages in /opt/ros/jazzy
[0.896s] Level 1:colcon.colcon_core.package_discovery:discover_packages(prefix_path) using defaults
[1.015s] Level 5:colcon.colcon_core.verb:set package 'learning_tf2_py' build argument 'cmake_args' from command line to 'None'
[1.015s] Level 5:colcon.colcon_core.verb:set package 'learning_tf2_py' build argument 'cmake_target' from command line to 'None'
[1.015s] Level 5:colcon.colcon_core.verb:set package 'learning_tf2_py' build argument 'cmake_target_skip_unavailable' from command line to 'False'
[1.015s] Level 5:colcon.colcon_core.verb:set package 'learning_tf2_py' build argument 'cmake_clean_cache' from command line to 'False'
[1.015s] Level 5:colcon.colcon_core.verb:set package 'learning_tf2_py' build argument 'cmake_clean_first' from command line to 'False'
[1.015s] Level 5:colcon.colcon_core.verb:set package 'learning_tf2_py' build argument 'cmake_force_configure' from command line to 'False'
[1.015s] Level 5:colcon.colcon_core.verb:set package 'learning_tf2_py' build argument 'ament_cmake_args' from command line to 'None'
[1.015s] Level 5:colcon.colcon_core.verb:set package 'learning_tf2_py' build argument 'catkin_cmake_args' from command line to 'None'
[1.015s] Level 5:colcon.colcon_core.verb:set package 'learning_tf2_py' build argument 'catkin_skip_building_tests' from command line to 'False'
[1.016s] DEBUG:colcon.colcon_core.verb:Building package 'learning_tf2_py' with the following arguments: {'ament_cmake_args': None, 'build_base': '/home/jack/ros2_ws/build/learning_tf2_py', 'catkin_cmake_args': None, 'catkin_skip_building_tests': False, 'cmake_args': None, 'cmake_clean_cache': False, 'cmake_clean_first': False, 'cmake_force_configure': False, 'cmake_target': None, 'cmake_target_skip_unavailable': False, 'install_base': '/home/jack/ros2_ws/install/learning_tf2_py', 'merge_install': False, 'path': '/home/jack/ros2_ws/src/learning_tf2_py', 'symlink_install': False, 'test_result_base': None}
[1.016s] INFO:colcon.colcon_core.executor:Executing jobs using 'parallel' executor
[1.018s] DEBUG:colcon.colcon_parallel_executor.executor.parallel:run_until_complete
[1.018s] INFO:colcon.colcon_ros.task.ament_python.build:Building ROS package in '/home/jack/ros2_ws/src/learning_tf2_py' with build type 'ament_python'
[1.018s] Level 1:colcon.colcon_core.shell:create_environment_hook('learning_tf2_py', 'ament_prefix_path')
[1.022s] INFO:colcon.colcon_core.plugin_system:Skipping extension 'colcon_core.shell.bat': Not used on non-Windows systems
[1.022s] INFO:colcon.colcon_core.shell:Creating environment hook '/home/jack/ros2_ws/install/learning_tf2_py/share/learning_tf2_py/hook/ament_prefix_path.ps1'
[1.024s] INFO:colcon.colcon_core.shell:Creating environment descriptor '/home/jack/ros2_ws/install/learning_tf2_py/share/learning_tf2_py/hook/ament_prefix_path.dsv'
[1.024s] INFO:colcon.colcon_core.shell:Creating environment hook '/home/jack/ros2_ws/install/learning_tf2_py/share/learning_tf2_py/hook/ament_prefix_path.sh'
[1.025s] INFO:colcon.colcon_core.shell:Skip shell extension 'powershell' for command environment: Not usable outside of PowerShell
[1.026s] DEBUG:colcon.colcon_core.shell:Skip shell extension 'dsv' for command environment
[1.532s] INFO:colcon.colcon_core.task.python.build:Building Python package in '/home/jack/ros2_ws/src/learning_tf2_py'
[1.533s] INFO:colcon.colcon_core.shell:Skip shell extension 'powershell' for command environment: Not usable outside of PowerShell
[1.533s] DEBUG:colcon.colcon_core.shell:Skip shell extension 'dsv' for command environment
[3.007s] DEBUG:colcon.colcon_core.event_handler.log_command:Invoking command in '/home/jack/ros2_ws/src/learning_tf2_py': DEBUGINFOD_URLS=https://debuginfod.ubuntu.com PYTHONPATH=/home/jack/ros2_ws/build/learning_tf2_py/prefix_override:/usr/lib/python3/dist-packages/colcon_core/task/python/colcon_distutils_commands:/home/jack/ros2_ws/install/learning_tf2_py/lib/python3.12/site-packages:${PYTHONPATH} /usr/bin/python3 -W ignore:setup.py install is deprecated -W ignore:easy_install command is deprecated setup.py egg_info --egg-base ../../build/learning_tf2_py build --build-base /home/jack/ros2_ws/build/learning_tf2_py/build install --record /home/jack/ros2_ws/build/learning_tf2_py/install.log --single-version-externally-managed install_data
[4.478s] DEBUG:colcon.colcon_core.event_handler.log_command:Invoked command in '/home/jack/ros2_ws/src/learning_tf2_py' returned '0': DEBUGINFOD_URLS=https://debuginfod.ubuntu.com PYTHONPATH=/home/jack/ros2_ws/build/learning_tf2_py/prefix_override:/usr/lib/python3/dist-packages/colcon_core/task/python/colcon_distutils_commands:/home/jack/ros2_ws/install/learning_tf2_py/lib/python3.12/site-packages:${PYTHONPATH} /usr/bin/python3 -W ignore:setup.py install is deprecated -W ignore:easy_install command is deprecated setup.py egg_info --egg-base ../../build/learning_tf2_py build --build-base /home/jack/ros2_ws/build/learning_tf2_py/build install --record /home/jack/ros2_ws/build/learning_tf2_py/install.log --single-version-externally-managed install_data
[4.482s] Level 1:colcon.colcon_core.environment:checking '/home/jack/ros2_ws/install/learning_tf2_py' for CMake module files
[4.483s] Level 1:colcon.colcon_core.environment:checking '/home/jack/ros2_ws/install/learning_tf2_py' for CMake config files
[4.485s] Level 1:colcon.colcon_core.environment:checking '/home/jack/ros2_ws/install/learning_tf2_py/lib'
[4.485s] Level 1:colcon.colcon_core.environment:checking '/home/jack/ros2_ws/install/learning_tf2_py/bin'
[4.485s] Level 1:colcon.colcon_core.environment:checking '/home/jack/ros2_ws/install/learning_tf2_py/lib/pkgconfig/learning_tf2_py.pc'
[4.486s] Level 1:colcon.colcon_core.environment:checking '/home/jack/ros2_ws/install/learning_tf2_py/lib/python3.12/site-packages'
[4.486s] Level 1:colcon.colcon_core.shell:create_environment_hook('learning_tf2_py', 'pythonpath')
[4.486s] INFO:colcon.colcon_core.shell:Creating environment hook '/home/jack/ros2_ws/install/learning_tf2_py/share/learning_tf2_py/hook/pythonpath.ps1'
[4.487s] INFO:colcon.colcon_core.shell:Creating environment descriptor '/home/jack/ros2_ws/install/learning_tf2_py/share/learning_tf2_py/hook/pythonpath.dsv'
[4.488s] INFO:colcon.colcon_core.shell:Creating environment hook '/home/jack/ros2_ws/install/learning_tf2_py/share/learning_tf2_py/hook/pythonpath.sh'
[4.489s] Level 1:colcon.colcon_core.environment:checking '/home/jack/ros2_ws/install/learning_tf2_py/bin'
[4.489s] Level 1:colcon.colcon_core.environment:create_environment_scripts_only(learning_tf2_py)
[4.490s] INFO:colcon.colcon_core.shell:Creating package script '/home/jack/ros2_ws/install/learning_tf2_py/share/learning_tf2_py/package.ps1'
[4.491s] INFO:colcon.colcon_core.shell:Creating package descriptor '/home/jack/ros2_ws/install/learning_tf2_py/share/learning_tf2_py/package.dsv'
[4.492s] INFO:colcon.colcon_core.shell:Creating package script '/home/jack/ros2_ws/install/learning_tf2_py/share/learning_tf2_py/package.sh'
[4.494s] INFO:colcon.colcon_core.shell:Creating package script '/home/jack/ros2_ws/install/learning_tf2_py/share/learning_tf2_py/package.bash'
[4.495s] INFO:colcon.colcon_core.shell:Creating package script '/home/jack/ros2_ws/install/learning_tf2_py/share/learning_tf2_py/package.zsh'
[4.496s] Level 1:colcon.colcon_core.environment:create_file_with_runtime_dependencies(/home/jack/ros2_ws/install/learning_tf2_py/share/colcon-core/packages/learning_tf2_py)
[4.496s] DEBUG:colcon.colcon_parallel_executor.executor.parallel:closing loop
[4.497s] DEBUG:colcon.colcon_parallel_executor.executor.parallel:loop closed
[4.497s] DEBUG:colcon.colcon_parallel_executor.executor.parallel:run_until_complete finished with '0'
[4.497s] DEBUG:colcon.colcon_core.event_reactor:joining thread
[4.507s] INFO:colcon.colcon_core.plugin_system:Skipping extension 'colcon_notification.desktop_notification.terminal_notifier': Not used on non-Darwin systems
[4.507s] INFO:colcon.colcon_core.plugin_system:Skipping extension 'colcon_notification.desktop_notification.win32': Not used on non-Windows systems
[4.507s] INFO:colcon.colcon_notification.desktop_notification:Sending desktop notification using 'notify2'
[4.532s] DEBUG:colcon.colcon_core.event_reactor:joined thread
[4.532s] INFO:colcon.colcon_core.shell:Creating prefix script '/home/jack/ros2_ws/install/local_setup.ps1'
[4.534s] INFO:colcon.colcon_core.shell:Creating prefix util module '/home/jack/ros2_ws/install/_local_setup_util_ps1.py'
[4.537s] INFO:colcon.colcon_core.shell:Creating prefix chain script '/home/jack/ros2_ws/install/setup.ps1'
[4.539s] INFO:colcon.colcon_core.shell:Creating prefix script '/home/jack/ros2_ws/install/local_setup.sh'
[4.540s] INFO:colcon.colcon_core.shell:Creating prefix util module '/home/jack/ros2_ws/install/_local_setup_util_sh.py'
[4.541s] INFO:colcon.colcon_core.shell:Creating prefix chain script '/home/jack/ros2_ws/install/setup.sh'
[4.544s] INFO:colcon.colcon_core.shell:Creating prefix script '/home/jack/ros2_ws/install/local_setup.bash'
[4.544s] INFO:colcon.colcon_core.shell:Creating prefix chain script '/home/jack/ros2_ws/install/setup.bash'
[4.547s] INFO:colcon.colcon_core.shell:Creating prefix script '/home/jack/ros2_ws/install/local_setup.zsh'
[4.548s] INFO:colcon.colcon_core.shell:Creating prefix chain script '/home/jack/ros2_ws/install/setup.zsh'
