running egg_info
creating ../../../build/crazy_turtle/crazy_turtle.egg-info
writing ../../../build/crazy_turtle/crazy_turtle.egg-info/PKG-INFO
writing dependency_links to ../../../build/crazy_turtle/crazy_turtle.egg-info/dependency_links.txt
writing entry points to ../../../build/crazy_turtle/crazy_turtle.egg-info/entry_points.txt
writing requirements to ../../../build/crazy_turtle/crazy_turtle.egg-info/requires.txt
writing top-level names to ../../../build/crazy_turtle/crazy_turtle.egg-info/top_level.txt
writing manifest file '../../../build/crazy_turtle/crazy_turtle.egg-info/SOURCES.txt'
reading manifest file '../../../build/crazy_turtle/crazy_turtle.egg-info/SOURCES.txt'
adding license file 'LICENSE'
writing manifest file '../../../build/crazy_turtle/crazy_turtle.egg-info/SOURCES.txt'
running build
running build_py
creating /home/jack/ros2_ws/build/crazy_turtle/build
creating /home/jack/ros2_ws/build/crazy_turtle/build/lib
creating /home/jack/ros2_ws/build/crazy_turtle/build/lib/crazy_turtle
copying crazy_turtle/__init__.py -> /home/jack/ros2_ws/build/crazy_turtle/build/lib/crazy_turtle
copying crazy_turtle/mover.py -> /home/jack/ros2_ws/build/crazy_turtle/build/lib/crazy_turtle
running install
running install_lib
creating /home/jack/ros2_ws/install/crazy_turtle/lib/python3.12/site-packages/crazy_turtle
copying /home/jack/ros2_ws/build/crazy_turtle/build/lib/crazy_turtle/__init__.py -> /home/jack/ros2_ws/install/crazy_turtle/lib/python3.12/site-packages/crazy_turtle
copying /home/jack/ros2_ws/build/crazy_turtle/build/lib/crazy_turtle/mover.py -> /home/jack/ros2_ws/install/crazy_turtle/lib/python3.12/site-packages/crazy_turtle
byte-compiling /home/jack/ros2_ws/install/crazy_turtle/lib/python3.12/site-packages/crazy_turtle/__init__.py to __init__.cpython-312.pyc
byte-compiling /home/jack/ros2_ws/install/crazy_turtle/lib/python3.12/site-packages/crazy_turtle/mover.py to mover.cpython-312.pyc
running install_data
creating /home/jack/ros2_ws/install/crazy_turtle/share/ament_index
creating /home/jack/ros2_ws/install/crazy_turtle/share/ament_index/resource_index
creating /home/jack/ros2_ws/install/crazy_turtle/share/ament_index/resource_index/packages
copying resource/crazy_turtle -> /home/jack/ros2_ws/install/crazy_turtle/share/ament_index/resource_index/packages
copying package.xml -> /home/jack/ros2_ws/install/crazy_turtle/share/crazy_turtle
copying launch/go_crazy_turtle.launch.xml -> /home/jack/ros2_ws/install/crazy_turtle/share/crazy_turtle
running install_egg_info
Copying ../../../build/crazy_turtle/crazy_turtle.egg-info to /home/jack/ros2_ws/install/crazy_turtle/lib/python3.12/site-packages/crazy_turtle-0.0.0-py3.12.egg-info
running install_scripts
Installing mover script to /home/jack/ros2_ws/install/crazy_turtle/lib/crazy_turtle
writing list of installed files to '/home/jack/ros2_ws/build/crazy_turtle/install.log'
