[1.254s] Invoking command in '/home/jack/ros2_ws/src/my_python_pkg1': DEBUGINFOD_URLS=https://debuginfod.ubuntu.com PYTHONPATH=/home/jack/ros2_ws/build/my_python_pkg1/prefix_override:/usr/lib/python3/dist-packages/colcon_core/task/python/colcon_distutils_commands:/home/jack/ros2_ws/install/my_python_pkg1/lib/python3.12/site-packages:${PYTHONPATH} /usr/bin/python3 -W ignore:setup.py install is deprecated -W ignore:easy_install command is deprecated setup.py egg_info --egg-base ../../build/my_python_pkg1 build --build-base /home/jack/ros2_ws/build/my_python_pkg1/build install --record /home/jack/ros2_ws/build/my_python_pkg1/install.log --single-version-externally-managed install_data
[1.664s] running egg_info
[1.664s] creating ../../build/my_python_pkg1/my_python_pkg1.egg-info
[1.691s] writing ../../build/my_python_pkg1/my_python_pkg1.egg-info/PKG-INFO
[1.692s] writing dependency_links to ../../build/my_python_pkg1/my_python_pkg1.egg-info/dependency_links.txt
[1.692s] writing requirements to ../../build/my_python_pkg1/my_python_pkg1.egg-info/requires.txt
[1.692s] writing top-level names to ../../build/my_python_pkg1/my_python_pkg1.egg-info/top_level.txt
[1.692s] writing manifest file '../../build/my_python_pkg1/my_python_pkg1.egg-info/SOURCES.txt'
[1.760s] reading manifest file '../../build/my_python_pkg1/my_python_pkg1.egg-info/SOURCES.txt'
[1.761s] writing manifest file '../../build/my_python_pkg1/my_python_pkg1.egg-info/SOURCES.txt'
[1.761s] running build
[1.761s] running build_py
[1.761s] creating /home/jack/ros2_ws/build/my_python_pkg1/build
[1.761s] creating /home/jack/ros2_ws/build/my_python_pkg1/build/lib
[1.762s] creating /home/jack/ros2_ws/build/my_python_pkg1/build/lib/my_python_pkg1
[1.762s] copying my_python_pkg1/__init__.py -> /home/jack/ros2_ws/build/my_python_pkg1/build/lib/my_python_pkg1
[1.762s] running install
[1.771s] running install_lib
[1.805s] creating /home/jack/ros2_ws/install/my_python_pkg1/lib/python3.12/site-packages/my_python_pkg1
[1.805s] copying /home/jack/ros2_ws/build/my_python_pkg1/build/lib/my_python_pkg1/__init__.py -> /home/jack/ros2_ws/install/my_python_pkg1/lib/python3.12/site-packages/my_python_pkg1
[1.806s] byte-compiling /home/jack/ros2_ws/install/my_python_pkg1/lib/python3.12/site-packages/my_python_pkg1/__init__.py to __init__.cpython-312.pyc
[1.807s] running install_data
[1.807s] creating /home/jack/ros2_ws/install/my_python_pkg1/share
[1.808s] creating /home/jack/ros2_ws/install/my_python_pkg1/share/ament_index
[1.808s] creating /home/jack/ros2_ws/install/my_python_pkg1/share/ament_index/resource_index
[1.808s] creating /home/jack/ros2_ws/install/my_python_pkg1/share/ament_index/resource_index/packages
[1.808s] copying resource/my_python_pkg1 -> /home/jack/ros2_ws/install/my_python_pkg1/share/ament_index/resource_index/packages
[1.808s] creating /home/jack/ros2_ws/install/my_python_pkg1/share/my_python_pkg1
[1.809s] copying package.xml -> /home/jack/ros2_ws/install/my_python_pkg1/share/my_python_pkg1
[1.809s] running install_egg_info
[1.850s] Copying ../../build/my_python_pkg1/my_python_pkg1.egg-info to /home/jack/ros2_ws/install/my_python_pkg1/lib/python3.12/site-packages/my_python_pkg1-0.0.0-py3.12.egg-info
[1.852s] running install_scripts
[2.064s] writing list of installed files to '/home/jack/ros2_ws/build/my_python_pkg1/install.log'
[2.151s] Invoked command in '/home/jack/ros2_ws/src/my_python_pkg1' returned '0': DEBUGINFOD_URLS=https://debuginfod.ubuntu.com PYTHONPATH=/home/jack/ros2_ws/build/my_python_pkg1/prefix_override:/usr/lib/python3/dist-packages/colcon_core/task/python/colcon_distutils_commands:/home/jack/ros2_ws/install/my_python_pkg1/lib/python3.12/site-packages:${PYTHONPATH} /usr/bin/python3 -W ignore:setup.py install is deprecated -W ignore:easy_install command is deprecated setup.py egg_info --egg-base ../../build/my_python_pkg1 build --build-base /home/jack/ros2_ws/build/my_python_pkg1/build install --record /home/jack/ros2_ws/build/my_python_pkg1/install.log --single-version-externally-managed install_data
