[4.764s] Invoking command in '/home/jack/ros2_ws/src/pubsub': DEBUGINFOD_URLS=https://debuginfod.ubuntu.com PYTHONPATH=/home/jack/ros2_ws/build/pubsub/prefix_override:/usr/lib/python3/dist-packages/colcon_core/task/python/colcon_distutils_commands:/home/jack/ros2_ws/install/pubsub/lib/python3.12/site-packages:${PYTHONPATH} /usr/bin/python3 -W ignore:setup.py install is deprecated -W ignore:easy_install command is deprecated setup.py egg_info --egg-base ../../build/pubsub build --build-base /home/jack/ros2_ws/build/pubsub/build install --record /home/jack/ros2_ws/build/pubsub/install.log --single-version-externally-managed install_data
[5.852s] running egg_info
[5.941s] writing ../../build/pubsub/pubsub.egg-info/PKG-INFO
[5.945s] writing dependency_links to ../../build/pubsub/pubsub.egg-info/dependency_links.txt
[5.945s] writing entry points to ../../build/pubsub/pubsub.egg-info/entry_points.txt
[5.945s] writing requirements to ../../build/pubsub/pubsub.egg-info/requires.txt
[5.945s] writing top-level names to ../../build/pubsub/pubsub.egg-info/top_level.txt
[6.117s] reading manifest file '../../build/pubsub/pubsub.egg-info/SOURCES.txt'
[6.128s] writing manifest file '../../build/pubsub/pubsub.egg-info/SOURCES.txt'
[6.130s] running build
[6.130s] running build_py
[6.131s] running install
[6.156s] running install_lib
[6.246s] running install_data
[6.247s] running install_egg_info
[6.360s] removing '/home/jack/ros2_ws/install/pubsub/lib/python3.12/site-packages/pubsub-0.0.0-py3.12.egg-info' (and everything under it)
[6.364s] Copying ../../build/pubsub/pubsub.egg-info to /home/jack/ros2_ws/install/pubsub/lib/python3.12/site-packages/pubsub-0.0.0-py3.12.egg-info
[6.369s] running install_scripts
[6.875s] Installing Pubsub_node script to /home/jack/ros2_ws/install/pubsub/lib/pubsub
[6.878s] writing list of installed files to '/home/jack/ros2_ws/build/pubsub/install.log'
[6.971s] Invoked command in '/home/jack/ros2_ws/src/pubsub' returned '0': DEBUGINFOD_URLS=https://debuginfod.ubuntu.com PYTHONPATH=/home/jack/ros2_ws/build/pubsub/prefix_override:/usr/lib/python3/dist-packages/colcon_core/task/python/colcon_distutils_commands:/home/jack/ros2_ws/install/pubsub/lib/python3.12/site-packages:${PYTHONPATH} /usr/bin/python3 -W ignore:setup.py install is deprecated -W ignore:easy_install command is deprecated setup.py egg_info --egg-base ../../build/pubsub build --build-base /home/jack/ros2_ws/build/pubsub/build install --record /home/jack/ros2_ws/build/pubsub/install.log --single-version-externally-managed install_data
