[2.176s] Invoking command in '/home/jack/ros2_ws/src/my_robot_controller': DEBUGINFOD_URLS=https://debuginfod.ubuntu.com PYTHONPATH=/home/jack/ros2_ws/build/my_robot_controller/prefix_override:/usr/lib/python3/dist-packages/colcon_core/task/python/colcon_distutils_commands:/home/jack/ros2_ws/install/my_robot_controller/lib/python3.12/site-packages:${PYTHONPATH} /usr/bin/python3 -W ignore:setup.py install is deprecated -W ignore:easy_install command is deprecated setup.py egg_info --egg-base ../../build/my_robot_controller build --build-base /home/jack/ros2_ws/build/my_robot_controller/build install --record /home/jack/ros2_ws/build/my_robot_controller/install.log --single-version-externally-managed install_data
[2.596s] running egg_info
[2.596s] creating ../../build/my_robot_controller/my_robot_controller.egg-info
[2.630s] writing ../../build/my_robot_controller/my_robot_controller.egg-info/PKG-INFO
[2.630s] writing dependency_links to ../../build/my_robot_controller/my_robot_controller.egg-info/dependency_links.txt
[2.630s] writing entry points to ../../build/my_robot_controller/my_robot_controller.egg-info/entry_points.txt
[2.630s] writing requirements to ../../build/my_robot_controller/my_robot_controller.egg-info/requires.txt
[2.630s] writing top-level names to ../../build/my_robot_controller/my_robot_controller.egg-info/top_level.txt
[2.630s] writing manifest file '../../build/my_robot_controller/my_robot_controller.egg-info/SOURCES.txt'
[2.697s] reading manifest file '../../build/my_robot_controller/my_robot_controller.egg-info/SOURCES.txt'
[2.698s] writing manifest file '../../build/my_robot_controller/my_robot_controller.egg-info/SOURCES.txt'
[2.699s] running build
[2.699s] running build_py
[2.699s] creating /home/jack/ros2_ws/build/my_robot_controller/build
[2.701s] creating /home/jack/ros2_ws/build/my_robot_controller/build/lib
[2.701s] creating /home/jack/ros2_ws/build/my_robot_controller/build/lib/my_robot_controller
[2.701s] copying my_robot_controller/draw_circle.py -> /home/jack/ros2_ws/build/my_robot_controller/build/lib/my_robot_controller
[2.701s] copying my_robot_controller/__init__.py -> /home/jack/ros2_ws/build/my_robot_controller/build/lib/my_robot_controller
[2.701s] copying my_robot_controller/turtle_controller.py -> /home/jack/ros2_ws/build/my_robot_controller/build/lib/my_robot_controller
[2.702s] copying my_robot_controller/pose_subscriber.py -> /home/jack/ros2_ws/build/my_robot_controller/build/lib/my_robot_controller
[2.702s] copying my_robot_controller/my_first_node.py -> /home/jack/ros2_ws/build/my_robot_controller/build/lib/my_robot_controller
[2.702s] running install
[2.710s] running install_lib
[2.742s] creating /home/jack/ros2_ws/install/my_robot_controller/lib/python3.12/site-packages/my_robot_controller
[2.742s] copying /home/jack/ros2_ws/build/my_robot_controller/build/lib/my_robot_controller/draw_circle.py -> /home/jack/ros2_ws/install/my_robot_controller/lib/python3.12/site-packages/my_robot_controller
[2.742s] copying /home/jack/ros2_ws/build/my_robot_controller/build/lib/my_robot_controller/__init__.py -> /home/jack/ros2_ws/install/my_robot_controller/lib/python3.12/site-packages/my_robot_controller
[2.742s] copying /home/jack/ros2_ws/build/my_robot_controller/build/lib/my_robot_controller/turtle_controller.py -> /home/jack/ros2_ws/install/my_robot_controller/lib/python3.12/site-packages/my_robot_controller
[2.742s] copying /home/jack/ros2_ws/build/my_robot_controller/build/lib/my_robot_controller/pose_subscriber.py -> /home/jack/ros2_ws/install/my_robot_controller/lib/python3.12/site-packages/my_robot_controller
[2.742s] copying /home/jack/ros2_ws/build/my_robot_controller/build/lib/my_robot_controller/my_first_node.py -> /home/jack/ros2_ws/install/my_robot_controller/lib/python3.12/site-packages/my_robot_controller
[2.746s] byte-compiling /home/jack/ros2_ws/install/my_robot_controller/lib/python3.12/site-packages/my_robot_controller/draw_circle.py to draw_circle.cpython-312.pyc
[2.746s] byte-compiling /home/jack/ros2_ws/install/my_robot_controller/lib/python3.12/site-packages/my_robot_controller/__init__.py to __init__.cpython-312.pyc
[2.746s] byte-compiling /home/jack/ros2_ws/install/my_robot_controller/lib/python3.12/site-packages/my_robot_controller/turtle_controller.py to turtle_controller.cpython-312.pyc
[2.746s] byte-compiling /home/jack/ros2_ws/install/my_robot_controller/lib/python3.12/site-packages/my_robot_controller/pose_subscriber.py to pose_subscriber.cpython-312.pyc
[2.746s] byte-compiling /home/jack/ros2_ws/install/my_robot_controller/lib/python3.12/site-packages/my_robot_controller/my_first_node.py to my_first_node.cpython-312.pyc
[2.746s] running install_data
[2.746s] creating /home/jack/ros2_ws/install/my_robot_controller/share/ament_index
[2.747s] creating /home/jack/ros2_ws/install/my_robot_controller/share/ament_index/resource_index
[2.747s] creating /home/jack/ros2_ws/install/my_robot_controller/share/ament_index/resource_index/packages
[2.747s] copying resource/my_robot_controller -> /home/jack/ros2_ws/install/my_robot_controller/share/ament_index/resource_index/packages
[2.747s] copying package.xml -> /home/jack/ros2_ws/install/my_robot_controller/share/my_robot_controller
[2.747s] running install_egg_info
[2.784s] Copying ../../build/my_robot_controller/my_robot_controller.egg-info to /home/jack/ros2_ws/install/my_robot_controller/lib/python3.12/site-packages/my_robot_controller-0.0.0-py3.12.egg-info
[2.784s] running install_scripts
[2.994s] Installing draw_circle script to /home/jack/ros2_ws/install/my_robot_controller/lib/my_robot_controller
[2.994s] Installing pose_subscriber script to /home/jack/ros2_ws/install/my_robot_controller/lib/my_robot_controller
[2.994s] Installing test_node script to /home/jack/ros2_ws/install/my_robot_controller/lib/my_robot_controller
[2.994s] Installing turtle_controller script to /home/jack/ros2_ws/install/my_robot_controller/lib/my_robot_controller
[2.995s] writing list of installed files to '/home/jack/ros2_ws/build/my_robot_controller/install.log'
[3.057s] Invoked command in '/home/jack/ros2_ws/src/my_robot_controller' returned '0': DEBUGINFOD_URLS=https://debuginfod.ubuntu.com PYTHONPATH=/home/jack/ros2_ws/build/my_robot_controller/prefix_override:/usr/lib/python3/dist-packages/colcon_core/task/python/colcon_distutils_commands:/home/jack/ros2_ws/install/my_robot_controller/lib/python3.12/site-packages:${PYTHONPATH} /usr/bin/python3 -W ignore:setup.py install is deprecated -W ignore:easy_install command is deprecated setup.py egg_info --egg-base ../../build/my_robot_controller build --build-base /home/jack/ros2_ws/build/my_robot_controller/build install --record /home/jack/ros2_ws/build/my_robot_controller/install.log --single-version-externally-managed install_data
