[1.979s] Invoking command in '/home/jack/ros2_ws/src/my_robot_controller': DEBUGINFOD_URLS=https://debuginfod.ubuntu.com PYTHONPATH=/home/jack/ros2_ws/build/my_robot_controller/prefix_override:/usr/lib/python3/dist-packages/colcon_core/task/python/colcon_distutils_commands:/home/jack/ros2_ws/install/my_robot_controller/lib/python3.12/site-packages:${PYTHONPATH} /usr/bin/python3 -W ignore:setup.py install is deprecated -W ignore:easy_install command is deprecated setup.py egg_info --egg-base ../../build/my_robot_controller build --build-base /home/jack/ros2_ws/build/my_robot_controller/build install --record /home/jack/ros2_ws/build/my_robot_controller/install.log --single-version-externally-managed install_data
[2.398s] running egg_info
[2.435s] writing ../../build/my_robot_controller/my_robot_controller.egg-info/PKG-INFO
[2.436s] writing dependency_links to ../../build/my_robot_controller/my_robot_controller.egg-info/dependency_links.txt
[2.436s] writing entry points to ../../build/my_robot_controller/my_robot_controller.egg-info/entry_points.txt
[2.436s] writing requirements to ../../build/my_robot_controller/my_robot_controller.egg-info/requires.txt
[2.437s] writing top-level names to ../../build/my_robot_controller/my_robot_controller.egg-info/top_level.txt
[2.503s] reading manifest file '../../build/my_robot_controller/my_robot_controller.egg-info/SOURCES.txt'
[2.507s] writing manifest file '../../build/my_robot_controller/my_robot_controller.egg-info/SOURCES.txt'
[2.507s] running build
[2.507s] running build_py
[2.507s] running install
[2.515s] running install_lib
[2.549s] running install_data
[2.549s] running install_egg_info
[2.584s] removing '/home/jack/ros2_ws/install/my_robot_controller/lib/python3.12/site-packages/my_robot_controller-0.0.0-py3.12.egg-info' (and everything under it)
[2.587s] Copying ../../build/my_robot_controller/my_robot_controller.egg-info to /home/jack/ros2_ws/install/my_robot_controller/lib/python3.12/site-packages/my_robot_controller-0.0.0-py3.12.egg-info
[2.588s] running install_scripts
[2.804s] Installing draw_circle script to /home/jack/ros2_ws/install/my_robot_controller/lib/my_robot_controller
[2.806s] Installing pose_subscriber script to /home/jack/ros2_ws/install/my_robot_controller/lib/my_robot_controller
[2.807s] Installing test_node script to /home/jack/ros2_ws/install/my_robot_controller/lib/my_robot_controller
[2.807s] Installing turtle_controller script to /home/jack/ros2_ws/install/my_robot_controller/lib/my_robot_controller
[2.807s] writing list of installed files to '/home/jack/ros2_ws/build/my_robot_controller/install.log'
[2.862s] Invoked command in '/home/jack/ros2_ws/src/my_robot_controller' returned '0': DEBUGINFOD_URLS=https://debuginfod.ubuntu.com PYTHONPATH=/home/jack/ros2_ws/build/my_robot_controller/prefix_override:/usr/lib/python3/dist-packages/colcon_core/task/python/colcon_distutils_commands:/home/jack/ros2_ws/install/my_robot_controller/lib/python3.12/site-packages:${PYTHONPATH} /usr/bin/python3 -W ignore:setup.py install is deprecated -W ignore:easy_install command is deprecated setup.py egg_info --egg-base ../../build/my_robot_controller build --build-base /home/jack/ros2_ws/build/my_robot_controller/build install --record /home/jack/ros2_ws/build/my_robot_controller/install.log --single-version-externally-managed install_data
