[0.059s] Invoking command in '/home/jack/ros2_ws/build/my_robot_bringup': CMAKE_PREFIX_PATH=${CMAKE_PREFIX_PATH}:/home/jack/ros2_ws/install/turtle_move:/home/jack/ros2_ws/install/my_robot_controller:/opt/ros/jazzy DEBUGINFOD_URLS=https://debuginfod.ubuntu.com /usr/bin/cmake --build /home/jack/ros2_ws/build/my_robot_bringup -- -j8 -l8
[0.984s] Invoked command in '/home/jack/ros2_ws/build/my_robot_bringup' returned '0': CMAKE_PREFIX_PATH=${CMAKE_PREFIX_PATH}:/home/jack/ros2_ws/install/turtle_move:/home/jack/ros2_ws/install/my_robot_controller:/opt/ros/jazzy DEBUGINFOD_URLS=https://debuginfod.ubuntu.com /usr/bin/cmake --build /home/jack/ros2_ws/build/my_robot_bringup -- -j8 -l8
[1.003s] Invoking command in '/home/jack/ros2_ws/build/my_robot_bringup': CMAKE_PREFIX_PATH=${CMAKE_PREFIX_PATH}:/home/jack/ros2_ws/install/turtle_move:/home/jack/ros2_ws/install/my_robot_controller:/opt/ros/jazzy DEBUGINFOD_URLS=https://debuginfod.ubuntu.com /usr/bin/cmake --install /home/jack/ros2_ws/build/my_robot_bringup
[1.017s] -- Install configuration: ""
[1.017s] -- Up-to-date: /home/jack/ros2_ws/install/my_robot_bringup/share/my_robot_bringup/launch/launch
[1.018s] -- Up-to-date: /home/jack/ros2_ws/install/my_robot_bringup/share/my_robot_bringup/launch/launch/demo.launch.py
[1.018s] -- Up-to-date: /home/jack/ros2_ws/install/my_robot_bringup/share/ament_index/resource_index/package_run_dependencies/my_robot_bringup
[1.018s] -- Up-to-date: /home/jack/ros2_ws/install/my_robot_bringup/share/ament_index/resource_index/parent_prefix_path/my_robot_bringup
[1.018s] -- Up-to-date: /home/jack/ros2_ws/install/my_robot_bringup/share/my_robot_bringup/environment/ament_prefix_path.sh
[1.019s] -- Up-to-date: /home/jack/ros2_ws/install/my_robot_bringup/share/my_robot_bringup/environment/ament_prefix_path.dsv
[1.019s] -- Up-to-date: /home/jack/ros2_ws/install/my_robot_bringup/share/my_robot_bringup/environment/path.sh
[1.019s] -- Up-to-date: /home/jack/ros2_ws/install/my_robot_bringup/share/my_robot_bringup/environment/path.dsv
[1.020s] -- Up-to-date: /home/jack/ros2_ws/install/my_robot_bringup/share/my_robot_bringup/local_setup.bash
[1.020s] -- Up-to-date: /home/jack/ros2_ws/install/my_robot_bringup/share/my_robot_bringup/local_setup.sh
[1.020s] -- Up-to-date: /home/jack/ros2_ws/install/my_robot_bringup/share/my_robot_bringup/local_setup.zsh
[1.020s] -- Up-to-date: /home/jack/ros2_ws/install/my_robot_bringup/share/my_robot_bringup/local_setup.dsv
[1.020s] -- Installing: /home/jack/ros2_ws/install/my_robot_bringup/share/my_robot_bringup/package.dsv
[1.021s] -- Up-to-date: /home/jack/ros2_ws/install/my_robot_bringup/share/ament_index/resource_index/packages/my_robot_bringup
[1.021s] -- Up-to-date: /home/jack/ros2_ws/install/my_robot_bringup/share/my_robot_bringup/cmake/my_robot_bringupConfig.cmake
[1.021s] -- Up-to-date: /home/jack/ros2_ws/install/my_robot_bringup/share/my_robot_bringup/cmake/my_robot_bringupConfig-version.cmake
[1.021s] -- Up-to-date: /home/jack/ros2_ws/install/my_robot_bringup/share/my_robot_bringup/package.xml
[1.023s] Invoked command in '/home/jack/ros2_ws/build/my_robot_bringup' returned '0': CMAKE_PREFIX_PATH=${CMAKE_PREFIX_PATH}:/home/jack/ros2_ws/install/turtle_move:/home/jack/ros2_ws/install/my_robot_controller:/opt/ros/jazzy DEBUGINFOD_URLS=https://debuginfod.ubuntu.com /usr/bin/cmake --install /home/jack/ros2_ws/build/my_robot_bringup
