[1.843s] Invoking command in '/home/jack/ros2_ws/src/homework1/turtle_control': DEBUGINFOD_URLS=https://debuginfod.ubuntu.com PYTHONPATH=/home/jack/ros2_ws/build/turtle_control/prefix_override:/usr/lib/python3/dist-packages/colcon_core/task/python/colcon_distutils_commands:/home/jack/ros2_ws/install/turtle_control/lib/python3.12/site-packages:/home/jack/ros2_ws/install/turtle_interfaces/lib/python3.12/site-packages:/home/jack/ros2_ws/install/turtle_control/lib/python3.12/site-packages:/home/jack/ros2_ws/install/turtle_controller/lib/python3.12/site-packages:/home/jack/ros2_ws/install/py_srvcli/lib/python3.12/site-packages:/home/jack/ros2_ws/install/pubsub/lib/python3.12/site-packages:/home/jack/ros2_ws/install/my_py_pkg/lib/python3.12/site-packages:/home/jack/ros2_ws/install/my_robot_interfaces/lib/python3.12/site-packages:/home/jack/ros2_ws/install/my_robot_controller/lib/python3.12/site-packages:/home/jack/ros2_ws/install/my_python_pkg1/lib/python3.12/site-packages:/home/jack/ros2_ws/install/my_python_pkg/lib/python3.12/site-packages:/home/jack/ros2_ws/install/crazy_turtle/lib/python3.12/site-packages:/home/jack/ros2_ws/install/crazy_turtle_interfaces/lib/python3.12/site-packages:/opt/ros/jazzy/lib/python3.12/site-packages /usr/bin/python3 -W ignore:setup.py install is deprecated -W ignore:easy_install command is deprecated setup.py egg_info --egg-base ../../../build/turtle_control build --build-base /home/jack/ros2_ws/build/turtle_control/build install --record /home/jack/ros2_ws/build/turtle_control/install.log --single-version-externally-managed install_data
[2.471s] running egg_info
[2.521s] writing ../../../build/turtle_control/turtle_control.egg-info/PKG-INFO
[2.521s] writing dependency_links to ../../../build/turtle_control/turtle_control.egg-info/dependency_links.txt
[2.522s] writing entry points to ../../../build/turtle_control/turtle_control.egg-info/entry_points.txt
[2.522s] writing requirements to ../../../build/turtle_control/turtle_control.egg-info/requires.txt
[2.522s] writing top-level names to ../../../build/turtle_control/turtle_control.egg-info/top_level.txt
[2.623s] reading manifest file '../../../build/turtle_control/turtle_control.egg-info/SOURCES.txt'
[2.624s] writing manifest file '../../../build/turtle_control/turtle_control.egg-info/SOURCES.txt'
[2.624s] running build
[2.625s] running build_py
[2.625s] copying turtle_control/waypoint.py -> /home/jack/ros2_ws/build/turtle_control/build/lib/turtle_control
[2.625s] running install
[2.638s] running install_lib
[2.688s] copying /home/jack/ros2_ws/build/turtle_control/build/lib/turtle_control/waypoint.py -> /home/jack/ros2_ws/install/turtle_control/lib/python3.12/site-packages/turtle_control
[2.690s] byte-compiling /home/jack/ros2_ws/install/turtle_control/lib/python3.12/site-packages/turtle_control/waypoint.py to waypoint.cpython-312.pyc
[2.693s] running install_data
[2.693s] running install_egg_info
[2.746s] removing '/home/jack/ros2_ws/install/turtle_control/lib/python3.12/site-packages/turtle_control-0.0.0-py3.12.egg-info' (and everything under it)
[2.747s] Copying ../../../build/turtle_control/turtle_control.egg-info to /home/jack/ros2_ws/install/turtle_control/lib/python3.12/site-packages/turtle_control-0.0.0-py3.12.egg-info
[2.748s] running install_scripts
[3.072s] Installing waypoint script to /home/jack/ros2_ws/install/turtle_control/lib/turtle_control
[3.072s] writing list of installed files to '/home/jack/ros2_ws/build/turtle_control/install.log'
[3.123s] Invoked command in '/home/jack/ros2_ws/src/homework1/turtle_control' returned '0': DEBUGINFOD_URLS=https://debuginfod.ubuntu.com PYTHONPATH=/home/jack/ros2_ws/build/turtle_control/prefix_override:/usr/lib/python3/dist-packages/colcon_core/task/python/colcon_distutils_commands:/home/jack/ros2_ws/install/turtle_control/lib/python3.12/site-packages:/home/jack/ros2_ws/install/turtle_interfaces/lib/python3.12/site-packages:/home/jack/ros2_ws/install/turtle_control/lib/python3.12/site-packages:/home/jack/ros2_ws/install/turtle_controller/lib/python3.12/site-packages:/home/jack/ros2_ws/install/py_srvcli/lib/python3.12/site-packages:/home/jack/ros2_ws/install/pubsub/lib/python3.12/site-packages:/home/jack/ros2_ws/install/my_py_pkg/lib/python3.12/site-packages:/home/jack/ros2_ws/install/my_robot_interfaces/lib/python3.12/site-packages:/home/jack/ros2_ws/install/my_robot_controller/lib/python3.12/site-packages:/home/jack/ros2_ws/install/my_python_pkg1/lib/python3.12/site-packages:/home/jack/ros2_ws/install/my_python_pkg/lib/python3.12/site-packages:/home/jack/ros2_ws/install/crazy_turtle/lib/python3.12/site-packages:/home/jack/ros2_ws/install/crazy_turtle_interfaces/lib/python3.12/site-packages:/opt/ros/jazzy/lib/python3.12/site-packages /usr/bin/python3 -W ignore:setup.py install is deprecated -W ignore:easy_install command is deprecated setup.py egg_info --egg-base ../../../build/turtle_control build --build-base /home/jack/ros2_ws/build/turtle_control/build install --record /home/jack/ros2_ws/build/turtle_control/install.log --single-version-externally-managed install_data
