[1.321s] Invoking command in '/home/jack/ros2_ws/src/my_py_pkg': CMAKE_PREFIX_PATH=/home/jack/ros2_ws/install/my_robot_interfaces:/home/jack/ros2_ws/install/turtle_interfaces:/home/jack/ros2_ws/install/my_robot_bringup:/home/jack/ros2_ws/install/my_cpp_pkg:/home/jack/ros2_ws/install/crazy_turtle_interfaces:/opt/ros/jazzy/opt/sdformat_vendor:/opt/ros/jazzy/opt/gz_math_vendor:/opt/ros/jazzy/opt/gz_utils_vendor:/opt/ros/jazzy/opt/gz_tools_vendor:/opt/ros/jazzy/opt/gz_cmake_vendor DEBUGINFOD_URLS=https://debuginfod.ubuntu.com LD_LIBRARY_PATH=/home/jack/ros2_ws/install/my_robot_interfaces/lib:/home/jack/ros2_ws/install/turtle_interfaces/lib:/home/jack/ros2_ws/install/crazy_turtle_interfaces/lib:/opt/ros/jazzy/opt/sdformat_vendor/lib:/opt/ros/jazzy/opt/rviz_ogre_vendor/lib:/opt/ros/jazzy/lib/x86_64-linux-gnu:/opt/ros/jazzy/opt/gz_math_vendor/lib:/opt/ros/jazzy/opt/gz_utils_vendor/lib:/opt/ros/jazzy/opt/gz_tools_vendor/lib:/opt/ros/jazzy/opt/gz_cmake_vendor/lib:/opt/ros/jazzy/lib PYTHONPATH=/home/jack/ros2_ws/build/my_py_pkg/prefix_override:/usr/lib/python3/dist-packages/colcon_core/task/python/colcon_distutils_commands:/home/jack/ros2_ws/install/my_py_pkg/lib/python3.12/site-packages:/home/jack/ros2_ws/install/my_robot_interfaces/lib/python3.12/site-packages:/home/jack/ros2_ws/install/turtle_control/lib/python3.12/site-packages:/home/jack/ros2_ws/install/turtle_interfaces/lib/python3.12/site-packages:/home/jack/ros2_ws/install/turtle_controller/lib/python3.12/site-packages:/home/jack/ros2_ws/install/py_srvcli/lib/python3.12/site-packages:/home/jack/ros2_ws/install/pubsub/lib/python3.12/site-packages:/home/jack/ros2_ws/install/my_py_pkg/lib/python3.12/site-packages:/home/jack/ros2_ws/install/my_robot_controller/lib/python3.12/site-packages:/home/jack/ros2_ws/install/my_python_pkg1/lib/python3.12/site-packages:/home/jack/ros2_ws/install/my_python_pkg/lib/python3.12/site-packages:/home/jack/ros2_ws/install/crazy_turtle/lib/python3.12/site-packages:/home/jack/ros2_ws/install/crazy_turtle_interfaces/lib/python3.12/site-packages:/opt/ros/jazzy/lib/python3.12/site-packages /usr/bin/python3 -W ignore:setup.py install is deprecated -W ignore:easy_install command is deprecated setup.py egg_info --egg-base ../../build/my_py_pkg build --build-base /home/jack/ros2_ws/build/my_py_pkg/build install --record /home/jack/ros2_ws/build/my_py_pkg/install.log --single-version-externally-managed install_data
[1.766s] running egg_info
[1.800s] writing ../../build/my_py_pkg/my_py_pkg.egg-info/PKG-INFO
[1.800s] writing dependency_links to ../../build/my_py_pkg/my_py_pkg.egg-info/dependency_links.txt
[1.800s] writing entry points to ../../build/my_py_pkg/my_py_pkg.egg-info/entry_points.txt
[1.800s] writing requirements to ../../build/my_py_pkg/my_py_pkg.egg-info/requires.txt
[1.800s] writing top-level names to ../../build/my_py_pkg/my_py_pkg.egg-info/top_level.txt
[1.869s] reading manifest file '../../build/my_py_pkg/my_py_pkg.egg-info/SOURCES.txt'
[1.870s] writing manifest file '../../build/my_py_pkg/my_py_pkg.egg-info/SOURCES.txt'
[1.870s] running build
[1.870s] running build_py
[1.871s] running install
[1.880s] running install_lib
[1.902s] running install_data
[1.902s] running install_egg_info
[1.923s] removing '/home/jack/ros2_ws/install/my_py_pkg/lib/python3.12/site-packages/my_py_pkg-0.0.0-py3.12.egg-info' (and everything under it)
[1.923s] Copying ../../build/my_py_pkg/my_py_pkg.egg-info to /home/jack/ros2_ws/install/my_py_pkg/lib/python3.12/site-packages/my_py_pkg-0.0.0-py3.12.egg-info
[1.923s] running install_scripts
[2.046s] Installing number_counter script to /home/jack/ros2_ws/install/my_py_pkg/lib/my_py_pkg
[2.046s] Installing number_publisher script to /home/jack/ros2_ws/install/my_py_pkg/lib/my_py_pkg
[2.046s] Installing reset_counter_client script to /home/jack/ros2_ws/install/my_py_pkg/lib/my_py_pkg
[2.046s] Installing test_node script to /home/jack/ros2_ws/install/my_py_pkg/lib/my_py_pkg
[2.046s] writing list of installed files to '/home/jack/ros2_ws/build/my_py_pkg/install.log'
[2.075s] Invoked command in '/home/jack/ros2_ws/src/my_py_pkg' returned '0': CMAKE_PREFIX_PATH=/home/jack/ros2_ws/install/my_robot_interfaces:/home/jack/ros2_ws/install/turtle_interfaces:/home/jack/ros2_ws/install/my_robot_bringup:/home/jack/ros2_ws/install/my_cpp_pkg:/home/jack/ros2_ws/install/crazy_turtle_interfaces:/opt/ros/jazzy/opt/sdformat_vendor:/opt/ros/jazzy/opt/gz_math_vendor:/opt/ros/jazzy/opt/gz_utils_vendor:/opt/ros/jazzy/opt/gz_tools_vendor:/opt/ros/jazzy/opt/gz_cmake_vendor DEBUGINFOD_URLS=https://debuginfod.ubuntu.com LD_LIBRARY_PATH=/home/jack/ros2_ws/install/my_robot_interfaces/lib:/home/jack/ros2_ws/install/turtle_interfaces/lib:/home/jack/ros2_ws/install/crazy_turtle_interfaces/lib:/opt/ros/jazzy/opt/sdformat_vendor/lib:/opt/ros/jazzy/opt/rviz_ogre_vendor/lib:/opt/ros/jazzy/lib/x86_64-linux-gnu:/opt/ros/jazzy/opt/gz_math_vendor/lib:/opt/ros/jazzy/opt/gz_utils_vendor/lib:/opt/ros/jazzy/opt/gz_tools_vendor/lib:/opt/ros/jazzy/opt/gz_cmake_vendor/lib:/opt/ros/jazzy/lib PYTHONPATH=/home/jack/ros2_ws/build/my_py_pkg/prefix_override:/usr/lib/python3/dist-packages/colcon_core/task/python/colcon_distutils_commands:/home/jack/ros2_ws/install/my_py_pkg/lib/python3.12/site-packages:/home/jack/ros2_ws/install/my_robot_interfaces/lib/python3.12/site-packages:/home/jack/ros2_ws/install/turtle_control/lib/python3.12/site-packages:/home/jack/ros2_ws/install/turtle_interfaces/lib/python3.12/site-packages:/home/jack/ros2_ws/install/turtle_controller/lib/python3.12/site-packages:/home/jack/ros2_ws/install/py_srvcli/lib/python3.12/site-packages:/home/jack/ros2_ws/install/pubsub/lib/python3.12/site-packages:/home/jack/ros2_ws/install/my_py_pkg/lib/python3.12/site-packages:/home/jack/ros2_ws/install/my_robot_controller/lib/python3.12/site-packages:/home/jack/ros2_ws/install/my_python_pkg1/lib/python3.12/site-packages:/home/jack/ros2_ws/install/my_python_pkg/lib/python3.12/site-packages:/home/jack/ros2_ws/install/crazy_turtle/lib/python3.12/site-packages:/home/jack/ros2_ws/install/crazy_turtle_interfaces/lib/python3.12/site-packages:/opt/ros/jazzy/lib/python3.12/site-packages /usr/bin/python3 -W ignore:setup.py install is deprecated -W ignore:easy_install command is deprecated setup.py egg_info --egg-base ../../build/my_py_pkg build --build-base /home/jack/ros2_ws/build/my_py_pkg/build install --record /home/jack/ros2_ws/build/my_py_pkg/install.log --single-version-externally-managed install_data
